2026-04-22 14:49:33 INFO Start crate=7 dst=131.154.99.225:6666
2026-04-22 14:49:33 INFO Streams=91  board=7  analog/board=12  digital_streams/board=1
2026-04-22 14:49:33 INFO Sample rate=5000 Hz  samples/pkt=180  pps/stream=27.777778  total_pps=2527.778
2026-04-22 14:49:33 INFO Packet len=737 B  expected throughput=14.904 Mbps
2026-04-22 14:49:33 INFO Analog FS=+/-10.000 V  noise_rms=0.010000 V  digital_flip_prob=0.002000
2026-04-22 14:50:33 INFO STAT  crate=7  sent=151667 pkt  106.600 MB  win=14.904 Mbps 2527.8 pkt/s  tot=14.904 Mbps 2527.8 pkt/s  late(win/tot)=151667/151667  worst_late(win/tot)=26.906/26.906 ms  drop_timing(win/tot)=0/0 pkt  drop_io(win/tot)=0/0 pkt  lost_samples(win/tot)=0/0  send_errors(win/tot)=0/0
2026-04-22 14:51:33 INFO STAT  crate=7  sent=297271 pkt  208.939 MB  win=14.308 Mbps 2426.7 pkt/s  tot=14.606 Mbps 2477.2 pkt/s  late(win/tot)=145604/297271  worst_late(win/tot)=86.994/86.994 ms  drop_timing(win/tot)=6020/6020 pkt  drop_io(win/tot)=0/0 pkt  lost_samples(win/tot)=1083600/1083600  send_errors(win/tot)=0/0
2026-04-22 14:52:33 INFO STAT  crate=7  sent=392313 pkt  275.740 MB  win=9.340 Mbps 1584.1 pkt/s  tot=12.850 Mbps 2179.5 pkt/s  late(win/tot)=95042/392313  worst_late(win/tot)=119.855/119.855 ms  drop_timing(win/tot)=56522/62542 pkt  drop_io(win/tot)=0/0 pkt  lost_samples(win/tot)=10173960/11257560  send_errors(win/tot)=0/0
2026-04-22 14:53:33 INFO STAT  crate=7  sent=481300 pkt  338.286 MB  win=8.744 Mbps 1483.1 pkt/s  tot=11.824 Mbps 2005.4 pkt/s  late(win/tot)=88987/481300  worst_late(win/tot)=120.033/120.033 ms  drop_timing(win/tot)=62750/125292 pkt  drop_io(win/tot)=0/0 pkt  lost_samples(win/tot)=11295000/22552560  send_errors(win/tot)=0/0
2026-04-22 14:54:33 INFO STAT  crate=7  sent=571048 pkt  401.366 MB  win=8.819 Mbps 1495.8 pkt/s  tot=11.223 Mbps 1903.5 pkt/s  late(win/tot)=89748/571048  worst_late(win/tot)=130.725/130.725 ms  drop_timing(win/tot)=61918/187210 pkt  drop_io(win/tot)=0/0 pkt  lost_samples(win/tot)=11145240/33697800  send_errors(win/tot)=0/0
2026-04-22 14:55:33 INFO STAT  crate=7  sent=661774 pkt  465.133 MB  win=8.914 Mbps 1511.8 pkt/s  tot=10.838 Mbps 1838.2 pkt/s  late(win/tot)=90726/661774  worst_late(win/tot)=127.630/130.725 ms  drop_timing(win/tot)=60935/248145 pkt  drop_io(win/tot)=0/0 pkt  lost_samples(win/tot)=10968300/44666100  send_errors(win/tot)=0/0
2026-04-22 14:56:33 INFO STAT  crate=7  sent=752598 pkt  528.970 MB  win=8.927 Mbps 1514.0 pkt/s  tot=10.565 Mbps 1791.9 pkt/s  late(win/tot)=90824/752598  worst_late(win/tot)=111.711/130.725 ms  drop_timing(win/tot)=60837/308982 pkt  drop_io(win/tot)=0/0 pkt  lost_samples(win/tot)=10950660/55616760  send_errors(win/tot)=0/0
2026-04-22 14:57:33 INFO STAT  crate=7  sent=841761 pkt  591.638 MB  win=8.761 Mbps 1486.0 pkt/s  tot=10.340 Mbps 1753.7 pkt/s  late(win/tot)=89163/841761  worst_late(win/tot)=129.546/130.725 ms  drop_timing(win/tot)=62500/371482 pkt  drop_io(win/tot)=0/0 pkt  lost_samples(win/tot)=11250000/66866760  send_errors(win/tot)=0/0
2026-04-22 14:58:33 INFO STAT  crate=7  sent=930331 pkt  653.891 MB  win=8.704 Mbps 1476.2 pkt/s  tot=10.158 Mbps 1722.8 pkt/s  late(win/tot)=88570/930331  worst_late(win/tot)=120.393/130.725 ms  drop_timing(win/tot)=63096/434578 pkt  drop_io(win/tot)=0/0 pkt  lost_samples(win/tot)=11357280/78224040  send_errors(win/tot)=0/0
2026-04-22 14:59:33 INFO STAT  crate=7  sent=1019992 pkt  716.910 MB  win=8.811 Mbps 1494.4 pkt/s  tot=10.023 Mbps 1700.0 pkt/s  late(win/tot)=89661/1019992  worst_late(win/tot)=132.821/132.821 ms  drop_timing(win/tot)=62024/496602 pkt  drop_io(win/tot)=0/0 pkt  lost_samples(win/tot)=11164320/89388360  send_errors(win/tot)=0/0
2026-04-22 15:00:33 INFO STAT  crate=7  sent=1108008 pkt  778.772 MB  win=8.649 Mbps 1466.9 pkt/s  tot=9.898 Mbps 1678.8 pkt/s  late(win/tot)=88016/1108008  worst_late(win/tot)=122.723/132.821 ms  drop_timing(win/tot)=63639/560241 pkt  drop_io(win/tot)=0/0 pkt  lost_samples(win/tot)=11455020/100843380  send_errors(win/tot)=0/0
2026-04-22 15:01:33 INFO STAT  crate=7  sent=1196549 pkt  841.004 MB  win=8.701 Mbps 1475.7 pkt/s  tot=9.798 Mbps 1661.9 pkt/s  late(win/tot)=88541/1196549  worst_late(win/tot)=123.403/132.821 ms  drop_timing(win/tot)=63143/623384 pkt  drop_io(win/tot)=0/0 pkt  lost_samples(win/tot)=11365740/112209120  send_errors(win/tot)=0/0
2026-04-22 15:02:33 INFO STAT  crate=7  sent=1284882 pkt  903.090 MB  win=8.680 Mbps 1472.2 pkt/s  tot=9.712 Mbps 1647.3 pkt/s  late(win/tot)=88333/1284882  worst_late(win/tot)=128.961/132.821 ms  drop_timing(win/tot)=63312/686696 pkt  drop_io(win/tot)=0/0 pkt  lost_samples(win/tot)=11396160/123605280  send_errors(win/tot)=0/0
2026-04-22 15:03:33 INFO STAT  crate=7  sent=1374536 pkt  966.104 MB  win=8.810 Mbps 1494.3 pkt/s  tot=9.648 Mbps 1636.4 pkt/s  late(win/tot)=89654/1374536  worst_late(win/tot)=142.136/142.136 ms  drop_timing(win/tot)=62039/748735 pkt  drop_io(win/tot)=0/0 pkt  lost_samples(win/tot)=11167020/134772300  send_errors(win/tot)=0/0
2026-04-22 15:04:33 INFO STAT  crate=7  sent=1463207 pkt  1028.427 MB  win=8.713 Mbps 1477.8 pkt/s  tot=9.586 Mbps 1625.8 pkt/s  late(win/tot)=88671/1463207  worst_late(win/tot)=110.575/142.136 ms  drop_timing(win/tot)=62988/811723 pkt  drop_io(win/tot)=0/0 pkt  lost_samples(win/tot)=11337840/146110140  send_errors(win/tot)=0/0
2026-04-22 15:05:33 INFO STAT  crate=7  sent=1552881 pkt  1091.455 MB  win=8.812 Mbps 1494.6 pkt/s  tot=9.537 Mbps 1617.6 pkt/s  late(win/tot)=89674/1552881  worst_late(win/tot)=119.782/142.136 ms  drop_timing(win/tot)=62002/873725 pkt  drop_io(win/tot)=0/0 pkt  lost_samples(win/tot)=11160360/157270500  send_errors(win/tot)=0/0
2026-04-22 15:06:33 INFO STAT  crate=7  sent=1641934 pkt  1154.046 MB  win=8.751 Mbps 1484.3 pkt/s  tot=9.491 Mbps 1609.7 pkt/s  late(win/tot)=89053/1641934  worst_late(win/tot)=118.609/142.136 ms  drop_timing(win/tot)=62587/936312 pkt  drop_io(win/tot)=0/0 pkt  lost_samples(win/tot)=11265660/168536160  send_errors(win/tot)=0/0
2026-04-22 15:07:33 INFO STAT  crate=7  sent=1730287 pkt  1216.146 MB  win=8.682 Mbps 1472.5 pkt/s  tot=9.446 Mbps 1602.1 pkt/s  late(win/tot)=88353/1730287  worst_late(win/tot)=139.643/142.136 ms  drop_timing(win/tot)=63315/999627 pkt  drop_io(win/tot)=0/0 pkt  lost_samples(win/tot)=11396700/179932860  send_errors(win/tot)=0/0
2026-04-22 15:08:33 INFO STAT  crate=7  sent=1819870 pkt  1279.110 MB  win=8.803 Mbps 1493.0 pkt/s  tot=9.412 Mbps 1596.4 pkt/s  late(win/tot)=89583/1819870  worst_late(win/tot)=114.673/142.136 ms  drop_timing(win/tot)=62072/1061699 pkt  drop_io(win/tot)=0/0 pkt  lost_samples(win/tot)=11172960/191105820  send_errors(win/tot)=0/0
2026-04-22 15:09:33 INFO STAT  crate=7  sent=1908414 pkt  1341.344 MB  win=8.701 Mbps 1475.8 pkt/s  tot=9.377 Mbps 1590.3 pkt/s  late(win/tot)=88544/1908414  worst_late(win/tot)=135.101/142.136 ms  drop_timing(win/tot)=63142/1124841 pkt  drop_io(win/tot)=0/0 pkt  lost_samples(win/tot)=11365560/202471380  send_errors(win/tot)=0/0
2026-04-22 15:10:33 INFO STAT  crate=7  sent=1996647 pkt  1403.359 MB  win=8.670 Mbps 1470.5 pkt/s  tot=9.343 Mbps 1584.6 pkt/s  late(win/tot)=88233/1996647  worst_late(win/tot)=134.931/142.136 ms  drop_timing(win/tot)=63429/1188270 pkt  drop_io(win/tot)=0/0 pkt  lost_samples(win/tot)=11417220/213888600  send_errors(win/tot)=0/0
2026-04-22 15:11:33 INFO STAT  crate=7  sent=2086666 pkt  1466.630 MB  win=8.846 Mbps 1500.3 pkt/s  tot=9.320 Mbps 1580.8 pkt/s  late(win/tot)=90019/2086666  worst_late(win/tot)=106.261/142.136 ms  drop_timing(win/tot)=61666/1249936 pkt  drop_io(win/tot)=0/0 pkt  lost_samples(win/tot)=11099880/224988480  send_errors(win/tot)=0/0
2026-04-22 15:12:33 INFO STAT  crate=7  sent=2176125 pkt  1529.507 MB  win=8.791 Mbps 1491.1 pkt/s  tot=9.297 Mbps 1576.9 pkt/s  late(win/tot)=89459/2176125  worst_late(win/tot)=112.288/142.136 ms  drop_timing(win/tot)=62212/1312148 pkt  drop_io(win/tot)=0/0 pkt  lost_samples(win/tot)=11198160/236186640  send_errors(win/tot)=0/0
2026-04-22 15:13:33 INFO STAT  crate=7  sent=2265170 pkt  1592.093 MB  win=8.750 Mbps 1484.0 pkt/s  tot=9.275 Mbps 1573.0 pkt/s  late(win/tot)=89045/2265170  worst_late(win/tot)=125.055/142.136 ms  drop_timing(win/tot)=62619/1374767 pkt  drop_io(win/tot)=0/0 pkt  lost_samples(win/tot)=11271420/247458060  send_errors(win/tot)=0/0
2026-04-22 15:14:33 INFO STAT  crate=7  sent=2353667 pkt  1654.294 MB  win=8.696 Mbps 1474.9 pkt/s  tot=9.251 Mbps 1569.1 pkt/s  late(win/tot)=88497/2353667  worst_late(win/tot)=138.695/142.136 ms  drop_timing(win/tot)=63140/1437907 pkt  drop_io(win/tot)=0/0 pkt  lost_samples(win/tot)=11365200/258823260  send_errors(win/tot)=0/0
2026-04-22 15:15:33 INFO STAT  crate=7  sent=2442006 pkt  1716.383 MB  win=8.681 Mbps 1472.3 pkt/s  tot=9.230 Mbps 1565.4 pkt/s  late(win/tot)=88339/2442006  worst_late(win/tot)=125.941/142.136 ms  drop_timing(win/tot)=63333/1501240 pkt  drop_io(win/tot)=0/0 pkt  lost_samples(win/tot)=11399940/270223200  send_errors(win/tot)=0/0
2026-04-22 15:16:33 INFO STAT  crate=7  sent=2531111 pkt  1779.012 MB  win=8.756 Mbps 1485.1 pkt/s  tot=9.212 Mbps 1562.4 pkt/s  late(win/tot)=89105/2531111  worst_late(win/tot)=126.502/142.136 ms  drop_timing(win/tot)=62585/1563825 pkt  drop_io(win/tot)=0/0 pkt  lost_samples(win/tot)=11265300/281488500  send_errors(win/tot)=0/0
2026-04-22 15:17:33 INFO STAT  crate=7  sent=2620541 pkt  1841.868 MB  win=8.788 Mbps 1490.6 pkt/s  tot=9.197 Mbps 1559.8 pkt/s  late(win/tot)=89430/2620541  worst_late(win/tot)=120.628/142.136 ms  drop_timing(win/tot)=62236/1626061 pkt  drop_io(win/tot)=0/0 pkt  lost_samples(win/tot)=11202480/292690980  send_errors(win/tot)=0/0
2026-04-22 15:18:33 INFO STAT  crate=7  sent=2711665 pkt  1905.915 MB  win=8.954 Mbps 1518.7 pkt/s  tot=9.188 Mbps 1558.4 pkt/s  late(win/tot)=91124/2711665  worst_late(win/tot)=115.303/142.136 ms  drop_timing(win/tot)=60528/1686589 pkt  drop_io(win/tot)=0/0 pkt  lost_samples(win/tot)=10895040/303586020  send_errors(win/tot)=0/0
2026-04-22 15:18:45 INFO STAT  crate=7  sent=2730000 pkt  1918.802 MB  win=8.979 Mbps 1523.0 pkt/s  tot=9.187 Mbps 1558.2 pkt/s  late(win/tot)=18335/2730000  worst_late(win/tot)=102.543/142.136 ms  drop_timing(win/tot)=11342/1697931 pkt  drop_io(win/tot)=0/0 pkt  lost_samples(win/tot)=2041560/305627580  send_errors(win/tot)=0/0
2026-04-22 15:18:45 INFO Terminato
