2026-04-22 14:55:52 INFO Start crate=20 dst=131.154.99.225:6666
2026-04-22 14:55:52 INFO Streams=91  board=7  analog/board=12  digital_streams/board=1
2026-04-22 14:55:52 INFO Sample rate=5000 Hz  samples/pkt=180  pps/stream=27.777778  total_pps=2527.778
2026-04-22 14:55:52 INFO Packet len=737 B  expected throughput=14.904 Mbps
2026-04-22 14:55:52 INFO Analog FS=+/-10.000 V  noise_rms=0.010000 V  digital_flip_prob=0.002000
2026-04-22 14:56:52 INFO STAT  crate=20  sent=91060 pkt  64.002 MB  win=8.948 Mbps 1517.7 pkt/s  tot=8.948 Mbps 1517.7 pkt/s  late(win/tot)=91060/91060  worst_late(win/tot)=149.420/149.420 ms  drop_timing(win/tot)=60526/60526 pkt  drop_io(win/tot)=0/0 pkt  lost_samples(win/tot)=10894680/10894680  send_errors(win/tot)=0/0
2026-04-22 14:57:52 INFO STAT  crate=20  sent=174155 pkt  122.406 MB  win=8.165 Mbps 1384.8 pkt/s  tot=8.557 Mbps 1451.2 pkt/s  late(win/tot)=83095/174155  worst_late(win/tot)=129.654/149.420 ms  drop_timing(win/tot)=68541/129067 pkt  drop_io(win/tot)=0/0 pkt  lost_samples(win/tot)=12337380/23232060  send_errors(win/tot)=0/0
2026-04-22 14:58:52 INFO STAT  crate=20  sent=246689 pkt  173.387 MB  win=7.128 Mbps 1208.9 pkt/s  tot=8.080 Mbps 1370.5 pkt/s  late(win/tot)=72534/246689  worst_late(win/tot)=161.480/161.480 ms  drop_timing(win/tot)=79124/208191 pkt  drop_io(win/tot)=0/0 pkt  lost_samples(win/tot)=14242320/37474380  send_errors(win/tot)=0/0
2026-04-22 14:59:52 INFO STAT  crate=20  sent=319267 pkt  224.399 MB  win=7.132 Mbps 1209.6 pkt/s  tot=7.843 Mbps 1330.3 pkt/s  late(win/tot)=72578/319267  worst_late(win/tot)=151.854/161.480 ms  drop_timing(win/tot)=79119/287310 pkt  drop_io(win/tot)=0/0 pkt  lost_samples(win/tot)=14241420/51715800  send_errors(win/tot)=0/0
2026-04-22 15:00:52 INFO STAT  crate=20  sent=395184 pkt  277.758 MB  win=7.461 Mbps 1265.4 pkt/s  tot=7.767 Mbps 1317.3 pkt/s  late(win/tot)=75917/395184  worst_late(win/tot)=135.752/161.480 ms  drop_timing(win/tot)=75727/363037 pkt  drop_io(win/tot)=0/0 pkt  lost_samples(win/tot)=13630860/65346660  send_errors(win/tot)=0/0
2026-04-22 15:01:52 INFO STAT  crate=20  sent=470978 pkt  331.031 MB  win=7.448 Mbps 1263.2 pkt/s  tot=7.714 Mbps 1308.3 pkt/s  late(win/tot)=75794/470978  worst_late(win/tot)=166.626/166.626 ms  drop_timing(win/tot)=75872/438909 pkt  drop_io(win/tot)=0/0 pkt  lost_samples(win/tot)=13656960/79003620  send_errors(win/tot)=0/0
2026-04-22 15:02:52 INFO STAT  crate=20  sent=541575 pkt  380.650 MB  win=6.937 Mbps 1176.6 pkt/s  tot=7.603 Mbps 1289.5 pkt/s  late(win/tot)=70597/541575  worst_late(win/tot)=166.136/166.626 ms  drop_timing(win/tot)=81060/519969 pkt  drop_io(win/tot)=0/0 pkt  lost_samples(win/tot)=14590800/93594420  send_errors(win/tot)=0/0
2026-04-22 15:03:52 INFO STAT  crate=20  sent=615501 pkt  432.610 MB  win=7.265 Mbps 1232.2 pkt/s  tot=7.560 Mbps 1282.3 pkt/s  late(win/tot)=73926/615501  worst_late(win/tot)=145.357/166.626 ms  drop_timing(win/tot)=77761/597730 pkt  drop_io(win/tot)=0/0 pkt  lost_samples(win/tot)=13996980/107591400  send_errors(win/tot)=0/0
2026-04-22 15:04:52 INFO STAT  crate=20  sent=687237 pkt  483.030 MB  win=7.049 Mbps 1195.5 pkt/s  tot=7.504 Mbps 1272.7 pkt/s  late(win/tot)=71736/687237  worst_late(win/tot)=148.114/166.626 ms  drop_timing(win/tot)=79926/677656 pkt  drop_io(win/tot)=0/0 pkt  lost_samples(win/tot)=14386680/121978080  send_errors(win/tot)=0/0
2026-04-22 15:05:52 INFO STAT  crate=20  sent=759509 pkt  533.827 MB  win=7.102 Mbps 1204.5 pkt/s  tot=7.463 Mbps 1265.8 pkt/s  late(win/tot)=72272/759509  worst_late(win/tot)=139.946/166.626 ms  drop_timing(win/tot)=79396/757052 pkt  drop_io(win/tot)=0/0 pkt  lost_samples(win/tot)=14291280/136269360  send_errors(win/tot)=0/0
2026-04-22 15:06:52 INFO STAT  crate=20  sent=831108 pkt  584.151 MB  win=7.036 Mbps 1193.3 pkt/s  tot=7.425 Mbps 1259.2 pkt/s  late(win/tot)=71599/831108  worst_late(win/tot)=147.164/166.626 ms  drop_timing(win/tot)=80087/837139 pkt  drop_io(win/tot)=0/0 pkt  lost_samples(win/tot)=14415660/150685020  send_errors(win/tot)=0/0
2026-04-22 15:07:52 INFO STAT  crate=20  sent=902057 pkt  634.018 MB  win=6.972 Mbps 1182.5 pkt/s  tot=7.387 Mbps 1252.9 pkt/s  late(win/tot)=70949/902057  worst_late(win/tot)=146.752/166.626 ms  drop_timing(win/tot)=80719/917858 pkt  drop_io(win/tot)=0/0 pkt  lost_samples(win/tot)=14529420/165214440  send_errors(win/tot)=0/0
2026-04-22 15:08:52 INFO STAT  crate=20  sent=972850 pkt  683.775 MB  win=6.957 Mbps 1180.0 pkt/s  tot=7.354 Mbps 1247.2 pkt/s  late(win/tot)=70793/972850  worst_late(win/tot)=136.871/166.626 ms  drop_timing(win/tot)=80861/998719 pkt  drop_io(win/tot)=0/0 pkt  lost_samples(win/tot)=14554980/179769420  send_errors(win/tot)=0/0
2026-04-22 15:09:52 INFO STAT  crate=20  sent=1047355 pkt  736.142 MB  win=7.321 Mbps 1241.6 pkt/s  tot=7.351 Mbps 1246.8 pkt/s  late(win/tot)=74505/1047355  worst_late(win/tot)=165.640/166.626 ms  drop_timing(win/tot)=77161/1075880 pkt  drop_io(win/tot)=0/0 pkt  lost_samples(win/tot)=13888980/193658400  send_errors(win/tot)=0/0
2026-04-22 15:10:52 INFO STAT  crate=20  sent=1120107 pkt  787.276 MB  win=7.149 Mbps 1212.6 pkt/s  tot=7.338 Mbps 1244.6 pkt/s  late(win/tot)=72752/1120107  worst_late(win/tot)=146.745/166.626 ms  drop_timing(win/tot)=78928/1154808 pkt  drop_io(win/tot)=0/0 pkt  lost_samples(win/tot)=14207040/207865440  send_errors(win/tot)=0/0
2026-04-22 15:11:52 INFO STAT  crate=20  sent=1194056 pkt  839.252 MB  win=7.267 Mbps 1232.5 pkt/s  tot=7.333 Mbps 1243.8 pkt/s  late(win/tot)=73949/1194056  worst_late(win/tot)=138.585/166.626 ms  drop_timing(win/tot)=77675/1232483 pkt  drop_io(win/tot)=0/0 pkt  lost_samples(win/tot)=13981500/221846940  send_errors(win/tot)=0/0
2026-04-22 15:12:52 INFO STAT  crate=20  sent=1267292 pkt  890.726 MB  win=7.196 Mbps 1220.5 pkt/s  tot=7.325 Mbps 1242.4 pkt/s  late(win/tot)=73236/1267292  worst_late(win/tot)=145.050/166.626 ms  drop_timing(win/tot)=78478/1310961 pkt  drop_io(win/tot)=0/0 pkt  lost_samples(win/tot)=14126040/235972980  send_errors(win/tot)=0/0
2026-04-22 15:13:52 INFO STAT  crate=20  sent=1340642 pkt  942.281 MB  win=7.208 Mbps 1222.5 pkt/s  tot=7.319 Mbps 1241.3 pkt/s  late(win/tot)=73350/1340642  worst_late(win/tot)=136.275/166.626 ms  drop_timing(win/tot)=78346/1389307 pkt  drop_io(win/tot)=0/0 pkt  lost_samples(win/tot)=14102280/250075260  send_errors(win/tot)=0/0
2026-04-22 15:14:52 INFO STAT  crate=20  sent=1413962 pkt  993.814 MB  win=7.205 Mbps 1222.1 pkt/s  tot=7.313 Mbps 1240.3 pkt/s  late(win/tot)=73320/1413962  worst_late(win/tot)=151.643/166.626 ms  drop_timing(win/tot)=78314/1467621 pkt  drop_io(win/tot)=0/0 pkt  lost_samples(win/tot)=14096520/264171780  send_errors(win/tot)=0/0
2026-04-22 15:15:52 INFO STAT  crate=20  sent=1483757 pkt  1042.870 MB  win=6.858 Mbps 1163.1 pkt/s  tot=7.290 Mbps 1236.5 pkt/s  late(win/tot)=69795/1483757  worst_late(win/tot)=153.766/166.626 ms  drop_timing(win/tot)=81864/1549485 pkt  drop_io(win/tot)=0/0 pkt  lost_samples(win/tot)=14735520/278907300  send_errors(win/tot)=0/0
2026-04-22 15:16:52 INFO STAT  crate=20  sent=1555361 pkt  1093.198 MB  win=7.037 Mbps 1193.5 pkt/s  tot=7.278 Mbps 1234.4 pkt/s  late(win/tot)=71604/1555361  worst_late(win/tot)=136.384/166.626 ms  drop_timing(win/tot)=80073/1629558 pkt  drop_io(win/tot)=0/0 pkt  lost_samples(win/tot)=14413140/293320440  send_errors(win/tot)=0/0
2026-04-22 15:17:52 INFO STAT  crate=20  sent=1629272 pkt  1145.147 MB  win=7.262 Mbps 1231.8 pkt/s  tot=7.277 Mbps 1234.3 pkt/s  late(win/tot)=73911/1629272  worst_late(win/tot)=145.573/166.626 ms  drop_timing(win/tot)=77762/1707320 pkt  drop_io(win/tot)=0/0 pkt  lost_samples(win/tot)=13997160/307317600  send_errors(win/tot)=0/0
2026-04-22 15:18:52 INFO STAT  crate=20  sent=1702747 pkt  1196.789 MB  win=7.221 Mbps 1224.7 pkt/s  tot=7.275 Mbps 1233.9 pkt/s  late(win/tot)=73475/1702747  worst_late(win/tot)=146.181/166.626 ms  drop_timing(win/tot)=78192/1785512 pkt  drop_io(win/tot)=0/0 pkt  lost_samples(win/tot)=14074560/321392160  send_errors(win/tot)=0/0
2026-04-22 15:19:52 INFO STAT  crate=20  sent=1773901 pkt  1246.800 MB  win=6.992 Mbps 1185.9 pkt/s  tot=7.263 Mbps 1231.9 pkt/s  late(win/tot)=71154/1773901  worst_late(win/tot)=145.258/166.626 ms  drop_timing(win/tot)=80464/1865976 pkt  drop_io(win/tot)=0/0 pkt  lost_samples(win/tot)=14483520/335875680  send_errors(win/tot)=0/0
2026-04-22 15:20:52 INFO STAT  crate=20  sent=1845523 pkt  1297.141 MB  win=7.037 Mbps 1193.6 pkt/s  tot=7.254 Mbps 1230.3 pkt/s  late(win/tot)=71622/1845523  worst_late(win/tot)=148.216/166.626 ms  drop_timing(win/tot)=80075/1946051 pkt  drop_io(win/tot)=0/0 pkt  lost_samples(win/tot)=14413500/350289180  send_errors(win/tot)=0/0
2026-04-22 15:21:52 INFO STAT  crate=20  sent=1915862 pkt  1346.579 MB  win=6.912 Mbps 1172.4 pkt/s  tot=7.241 Mbps 1228.1 pkt/s  late(win/tot)=70339/1915862  worst_late(win/tot)=142.452/166.626 ms  drop_timing(win/tot)=81340/2027391 pkt  drop_io(win/tot)=0/0 pkt  lost_samples(win/tot)=14641200/364930380  send_errors(win/tot)=0/0
2026-04-22 15:22:52 INFO STAT  crate=20  sent=1988708 pkt  1397.779 MB  win=7.158 Mbps 1214.1 pkt/s  tot=7.238 Mbps 1227.6 pkt/s  late(win/tot)=72846/1988708  worst_late(win/tot)=149.427/166.626 ms  drop_timing(win/tot)=78826/2106217 pkt  drop_io(win/tot)=0/0 pkt  lost_samples(win/tot)=14188680/379119060  send_errors(win/tot)=0/0
2026-04-22 15:23:52 INFO STAT  crate=20  sent=2056532 pkt  1445.450 MB  win=6.664 Mbps 1130.3 pkt/s  tot=7.217 Mbps 1224.1 pkt/s  late(win/tot)=67824/2056532  worst_late(win/tot)=146.359/166.626 ms  drop_timing(win/tot)=83826/2190043 pkt  drop_io(win/tot)=0/0 pkt  lost_samples(win/tot)=15088680/394207740  send_errors(win/tot)=0/0
2026-04-22 15:24:52 INFO STAT  crate=20  sent=2131579 pkt  1498.197 MB  win=7.375 Mbps 1250.9 pkt/s  tot=7.223 Mbps 1225.0 pkt/s  late(win/tot)=75047/2131579  worst_late(win/tot)=143.872/166.626 ms  drop_timing(win/tot)=76610/2266653 pkt  drop_io(win/tot)=0/0 pkt  lost_samples(win/tot)=13789800/407997540  send_errors(win/tot)=0/0
2026-04-22 15:25:52 INFO STAT  crate=20  sent=2206502 pkt  1550.858 MB  win=7.362 Mbps 1248.7 pkt/s  tot=7.228 Mbps 1225.8 pkt/s  late(win/tot)=74923/2206502  worst_late(win/tot)=141.668/166.626 ms  drop_timing(win/tot)=76779/2343432 pkt  drop_io(win/tot)=0/0 pkt  lost_samples(win/tot)=13820220/421817760  send_errors(win/tot)=0/0
2026-04-22 15:26:52 INFO STAT  crate=20  sent=2276580 pkt  1600.112 MB  win=6.887 Mbps 1168.0 pkt/s  tot=7.217 Mbps 1224.0 pkt/s  late(win/tot)=70078/2276580  worst_late(win/tot)=144.693/166.626 ms  drop_timing(win/tot)=81554/2424986 pkt  drop_io(win/tot)=0/0 pkt  lost_samples(win/tot)=14679720/436497480  send_errors(win/tot)=0/0
2026-04-22 15:27:52 INFO STAT  crate=20  sent=2346224 pkt  1649.062 MB  win=6.843 Mbps 1160.7 pkt/s  tot=7.205 Mbps 1222.0 pkt/s  late(win/tot)=69644/2346224  worst_late(win/tot)=156.942/166.626 ms  drop_timing(win/tot)=82018/2507004 pkt  drop_io(win/tot)=0/0 pkt  lost_samples(win/tot)=14763240/451260720  send_errors(win/tot)=0/0
2026-04-22 15:28:52 INFO STAT  crate=20  sent=2416163 pkt  1698.219 MB  win=6.873 Mbps 1165.7 pkt/s  tot=7.195 Mbps 1220.3 pkt/s  late(win/tot)=69939/2416163  worst_late(win/tot)=146.907/166.626 ms  drop_timing(win/tot)=81725/2588729 pkt  drop_io(win/tot)=0/0 pkt  lost_samples(win/tot)=14710500/465971220  send_errors(win/tot)=0/0
2026-04-22 15:29:52 INFO STAT  crate=20  sent=2498650 pkt  1756.196 MB  win=8.106 Mbps 1374.8 pkt/s  tot=7.222 Mbps 1224.8 pkt/s  late(win/tot)=82487/2498650  worst_late(win/tot)=133.381/166.626 ms  drop_timing(win/tot)=69192/2657921 pkt  drop_io(win/tot)=0/0 pkt  lost_samples(win/tot)=12454560/478425780  send_errors(win/tot)=0/0
2026-04-22 15:30:52 INFO STAT  crate=20  sent=2604148 pkt  1830.346 MB  win=10.367 Mbps 1758.3 pkt/s  tot=7.311 Mbps 1240.1 pkt/s  late(win/tot)=105498/2604148  worst_late(win/tot)=120.613/166.626 ms  drop_timing(win/tot)=46265/2704186 pkt  drop_io(win/tot)=0/0 pkt  lost_samples(win/tot)=8327700/486753480  send_errors(win/tot)=0/0
2026-04-22 15:31:42 INFO STAT  crate=20  sent=2730000 pkt  1918.802 MB  win=14.780 Mbps 2506.8 pkt/s  tot=7.486 Mbps 1269.6 pkt/s  late(win/tot)=125852/2730000  worst_late(win/tot)=74.271/166.626 ms  drop_timing(win/tot)=446/2704632 pkt  drop_io(win/tot)=0/0 pkt  lost_samples(win/tot)=80280/486833760  send_errors(win/tot)=0/0
2026-04-22 15:31:42 INFO Terminato
