2026-04-22 17:38:43 INFO Start crate=4 dst=131.154.99.225:6666
2026-04-22 17:38:43 INFO Streams=91  board=7  analog/board=12  digital_streams/board=1
2026-04-22 17:38:43 INFO Sample rate=5000 Hz  samples/pkt=180  pps/stream=27.777778  total_pps=2527.778
2026-04-22 17:38:43 INFO Packet len=737 B  expected throughput=14.904 Mbps
2026-04-22 17:38:43 INFO Analog FS=+/-10.000 V  noise_rms=0.010000 V  digital_flip_prob=0.002000
2026-04-22 17:39:43 INFO STAT  crate=4  sent=128435 pkt  90.272 MB  win=12.621 Mbps 2140.6 pkt/s  tot=12.621 Mbps 2140.6 pkt/s  late(win/tot)=128435/128435  worst_late(win/tot)=57.544/57.544 ms  drop_timing(win/tot)=23205/23205 pkt  drop_io(win/tot)=0/0 pkt  lost_samples(win/tot)=4176900/4176900  send_errors(win/tot)=0/0
2026-04-22 17:40:43 INFO STAT  crate=4  sent=254424 pkt  178.824 MB  win=12.381 Mbps 2099.8 pkt/s  tot=12.501 Mbps 2120.2 pkt/s  late(win/tot)=125989/254424  worst_late(win/tot)=78.133/78.133 ms  drop_timing(win/tot)=25662/48867 pkt  drop_io(win/tot)=0/0 pkt  lost_samples(win/tot)=4619160/8796060  send_errors(win/tot)=0/0
2026-04-22 17:41:43 INFO STAT  crate=4  sent=363645 pkt  255.591 MB  win=10.733 Mbps 1820.3 pkt/s  tot=11.911 Mbps 2020.2 pkt/s  late(win/tot)=109221/363645  worst_late(win/tot)=101.043/101.043 ms  drop_timing(win/tot)=42406/91273 pkt  drop_io(win/tot)=0/0 pkt  lost_samples(win/tot)=7633080/16429140  send_errors(win/tot)=0/0
2026-04-22 17:42:43 INFO STAT  crate=4  sent=445619 pkt  313.207 MB  win=8.055 Mbps 1366.2 pkt/s  tot=10.947 Mbps 1856.7 pkt/s  late(win/tot)=81974/445619  worst_late(win/tot)=116.517/116.517 ms  drop_timing(win/tot)=69706/160979 pkt  drop_io(win/tot)=0/0 pkt  lost_samples(win/tot)=12547080/28976220  send_errors(win/tot)=0/0
2026-04-22 17:43:43 INFO STAT  crate=4  sent=529340 pkt  372.051 MB  win=8.227 Mbps 1395.4 pkt/s  tot=10.403 Mbps 1764.5 pkt/s  late(win/tot)=83721/529340  worst_late(win/tot)=106.635/116.517 ms  drop_timing(win/tot)=67918/228897 pkt  drop_io(win/tot)=0/0 pkt  lost_samples(win/tot)=12225240/41201460  send_errors(win/tot)=0/0
2026-04-22 17:44:43 INFO STAT  crate=4  sent=615875 pkt  432.873 MB  win=8.504 Mbps 1442.3 pkt/s  tot=10.087 Mbps 1710.8 pkt/s  late(win/tot)=86535/615875  worst_late(win/tot)=115.666/116.517 ms  drop_timing(win/tot)=65109/294006 pkt  drop_io(win/tot)=0/0 pkt  lost_samples(win/tot)=11719620/52921080  send_errors(win/tot)=0/0
2026-04-22 17:45:43 INFO STAT  crate=4  sent=692090 pkt  486.441 MB  win=7.489 Mbps 1270.3 pkt/s  tot=9.716 Mbps 1647.8 pkt/s  late(win/tot)=76215/692090  worst_late(win/tot)=112.253/116.517 ms  drop_timing(win/tot)=75476/369482 pkt  drop_io(win/tot)=0/0 pkt  lost_samples(win/tot)=13585680/66506760  send_errors(win/tot)=0/0
2026-04-22 17:46:43 INFO STAT  crate=4  sent=775182 pkt  544.843 MB  win=8.164 Mbps 1384.7 pkt/s  tot=9.522 Mbps 1614.9 pkt/s  late(win/tot)=83092/775182  worst_late(win/tot)=112.817/116.517 ms  drop_timing(win/tot)=68563/438045 pkt  drop_io(win/tot)=0/0 pkt  lost_samples(win/tot)=12341340/78848100  send_errors(win/tot)=0/0
2026-04-22 17:47:43 INFO STAT  crate=4  sent=858910 pkt  603.692 MB  win=8.228 Mbps 1395.6 pkt/s  tot=9.378 Mbps 1590.6 pkt/s  late(win/tot)=83728/858910  worst_late(win/tot)=111.491/116.517 ms  drop_timing(win/tot)=67935/505980 pkt  drop_io(win/tot)=0/0 pkt  lost_samples(win/tot)=12228300/91076400  send_errors(win/tot)=0/0
2026-04-22 17:48:43 INFO STAT  crate=4  sent=941841 pkt  661.980 MB  win=8.150 Mbps 1382.2 pkt/s  tot=9.255 Mbps 1569.7 pkt/s  late(win/tot)=82931/941841  worst_late(win/tot)=121.863/121.863 ms  drop_timing(win/tot)=68776/574756 pkt  drop_io(win/tot)=0/0 pkt  lost_samples(win/tot)=12379680/103456080  send_errors(win/tot)=0/0
2026-04-22 17:49:43 INFO STAT  crate=4  sent=1026957 pkt  721.805 MB  win=8.364 Mbps 1418.6 pkt/s  tot=9.174 Mbps 1556.0 pkt/s  late(win/tot)=85116/1026957  worst_late(win/tot)=107.321/121.863 ms  drop_timing(win/tot)=66568/641324 pkt  drop_io(win/tot)=0/0 pkt  lost_samples(win/tot)=11982240/115438320  send_errors(win/tot)=0/0
2026-04-22 17:50:43 INFO STAT  crate=4  sent=1108886 pkt  779.389 MB  win=8.051 Mbps 1365.5 pkt/s  tot=9.081 Mbps 1540.1 pkt/s  late(win/tot)=81929/1108886  worst_late(win/tot)=118.740/121.863 ms  drop_timing(win/tot)=69670/710994 pkt  drop_io(win/tot)=0/0 pkt  lost_samples(win/tot)=12540600/127978920  send_errors(win/tot)=0/0
2026-04-22 17:51:43 INFO STAT  crate=4  sent=1193205 pkt  838.654 MB  win=8.286 Mbps 1405.4 pkt/s  tot=9.019 Mbps 1529.7 pkt/s  late(win/tot)=84319/1193205  worst_late(win/tot)=107.967/121.863 ms  drop_timing(win/tot)=67420/778414 pkt  drop_io(win/tot)=0/0 pkt  lost_samples(win/tot)=12135600/140114520  send_errors(win/tot)=0/0
2026-04-22 17:52:43 INFO STAT  crate=4  sent=1272161 pkt  894.148 MB  win=7.759 Mbps 1315.9 pkt/s  tot=8.929 Mbps 1514.5 pkt/s  late(win/tot)=78956/1272161  worst_late(win/tot)=123.710/123.710 ms  drop_timing(win/tot)=72660/851074 pkt  drop_io(win/tot)=0/0 pkt  lost_samples(win/tot)=13078800/153193320  send_errors(win/tot)=0/0
2026-04-22 17:53:43 INFO STAT  crate=4  sent=1356513 pkt  953.436 MB  win=8.289 Mbps 1405.9 pkt/s  tot=8.887 Mbps 1507.2 pkt/s  late(win/tot)=84352/1356513  worst_late(win/tot)=115.650/123.710 ms  drop_timing(win/tot)=67369/918443 pkt  drop_io(win/tot)=0/0 pkt  lost_samples(win/tot)=12126420/165319740  send_errors(win/tot)=0/0
2026-04-22 17:54:43 INFO STAT  crate=4  sent=1439995 pkt  1012.112 MB  win=8.203 Mbps 1391.4 pkt/s  tot=8.844 Mbps 1500.0 pkt/s  late(win/tot)=83482/1439995  worst_late(win/tot)=125.599/125.599 ms  drop_timing(win/tot)=68127/986570 pkt  drop_io(win/tot)=0/0 pkt  lost_samples(win/tot)=12262860/177582600  send_errors(win/tot)=0/0
2026-04-22 17:55:43 INFO STAT  crate=4  sent=1526059 pkt  1072.603 MB  win=8.457 Mbps 1434.4 pkt/s  tot=8.821 Mbps 1496.1 pkt/s  late(win/tot)=86064/1526059  worst_late(win/tot)=111.452/125.599 ms  drop_timing(win/tot)=65663/1052233 pkt  drop_io(win/tot)=0/0 pkt  lost_samples(win/tot)=11819340/189401940  send_errors(win/tot)=0/0
2026-04-22 17:56:43 INFO STAT  crate=4  sent=1611632 pkt  1132.748 MB  win=8.409 Mbps 1426.3 pkt/s  tot=8.798 Mbps 1492.3 pkt/s  late(win/tot)=85573/1611632  worst_late(win/tot)=115.656/125.599 ms  drop_timing(win/tot)=66053/1118286 pkt  drop_io(win/tot)=0/0 pkt  lost_samples(win/tot)=11889540/201291480  send_errors(win/tot)=0/0
2026-04-22 17:57:43 INFO STAT  crate=4  sent=1692040 pkt  1189.264 MB  win=7.901 Mbps 1340.1 pkt/s  tot=8.751 Mbps 1484.2 pkt/s  late(win/tot)=80408/1692040  worst_late(win/tot)=118.945/125.599 ms  drop_timing(win/tot)=71217/1189503 pkt  drop_io(win/tot)=0/0 pkt  lost_samples(win/tot)=12819060/214110540  send_errors(win/tot)=0/0
2026-04-22 17:58:43 INFO STAT  crate=4  sent=1767452 pkt  1242.268 MB  win=7.410 Mbps 1256.9 pkt/s  tot=8.684 Mbps 1472.9 pkt/s  late(win/tot)=75412/1767452  worst_late(win/tot)=113.501/125.599 ms  drop_timing(win/tot)=76270/1265773 pkt  drop_io(win/tot)=0/0 pkt  lost_samples(win/tot)=13728600/227839140  send_errors(win/tot)=0/0
2026-04-22 17:59:43 INFO STAT  crate=4  sent=1858012 pkt  1305.919 MB  win=8.899 Mbps 1509.4 pkt/s  tot=8.694 Mbps 1474.6 pkt/s  late(win/tot)=90560/1858012  worst_late(win/tot)=113.239/125.599 ms  drop_timing(win/tot)=61189/1326962 pkt  drop_io(win/tot)=0/0 pkt  lost_samples(win/tot)=11014020/238853160  send_errors(win/tot)=0/0
2026-04-22 18:00:43 INFO STAT  crate=4  sent=1938256 pkt  1362.319 MB  win=7.885 Mbps 1337.3 pkt/s  tot=8.658 Mbps 1468.4 pkt/s  late(win/tot)=80244/1938256  worst_late(win/tot)=118.155/125.599 ms  drop_timing(win/tot)=71319/1398281 pkt  drop_io(win/tot)=0/0 pkt  lost_samples(win/tot)=12837420/251690580  send_errors(win/tot)=0/0
2026-04-22 18:01:43 INFO STAT  crate=4  sent=2026870 pkt  1424.602 MB  win=8.708 Mbps 1477.0 pkt/s  tot=8.660 Mbps 1468.7 pkt/s  late(win/tot)=88614/2026870  worst_late(win/tot)=117.227/125.599 ms  drop_timing(win/tot)=63088/1461369 pkt  drop_io(win/tot)=0/0 pkt  lost_samples(win/tot)=11355840/263046420  send_errors(win/tot)=0/0
2026-04-22 18:02:43 INFO STAT  crate=4  sent=2115600 pkt  1486.966 MB  win=8.719 Mbps 1478.9 pkt/s  tot=8.662 Mbps 1469.2 pkt/s  late(win/tot)=88730/2115600  worst_late(win/tot)=119.259/125.599 ms  drop_timing(win/tot)=62924/1524293 pkt  drop_io(win/tot)=0/0 pkt  lost_samples(win/tot)=11326320/274372740  send_errors(win/tot)=0/0
2026-04-22 18:03:43 INFO STAT  crate=4  sent=2199888 pkt  1546.209 MB  win=8.283 Mbps 1404.8 pkt/s  tot=8.647 Mbps 1466.6 pkt/s  late(win/tot)=84288/2199888  worst_late(win/tot)=122.521/125.599 ms  drop_timing(win/tot)=67418/1591711 pkt  drop_io(win/tot)=0/0 pkt  lost_samples(win/tot)=12135240/286507980  send_errors(win/tot)=0/0
2026-04-22 18:04:43 INFO STAT  crate=4  sent=2279487 pkt  1602.156 MB  win=7.822 Mbps 1326.6 pkt/s  tot=8.615 Mbps 1461.2 pkt/s  late(win/tot)=79599/2279487  worst_late(win/tot)=136.354/136.354 ms  drop_timing(win/tot)=72018/1663729 pkt  drop_io(win/tot)=0/0 pkt  lost_samples(win/tot)=12963240/299471220  send_errors(win/tot)=0/0
2026-04-22 18:05:43 INFO STAT  crate=4  sent=2362437 pkt  1660.458 MB  win=8.151 Mbps 1382.5 pkt/s  tot=8.598 Mbps 1458.3 pkt/s  late(win/tot)=82950/2362437  worst_late(win/tot)=122.745/136.354 ms  drop_timing(win/tot)=68807/1732536 pkt  drop_io(win/tot)=0/0 pkt  lost_samples(win/tot)=12385260/311856480  send_errors(win/tot)=0/0
2026-04-22 18:06:43 INFO STAT  crate=4  sent=2439264 pkt  1714.456 MB  win=7.550 Mbps 1280.5 pkt/s  tot=8.561 Mbps 1451.9 pkt/s  late(win/tot)=76827/2439264  worst_late(win/tot)=128.989/136.354 ms  drop_timing(win/tot)=74789/1807325 pkt  drop_io(win/tot)=0/0 pkt  lost_samples(win/tot)=13462020/325318500  send_errors(win/tot)=0/0
2026-04-22 18:07:43 INFO STAT  crate=4  sent=2523800 pkt  1773.873 MB  win=8.307 Mbps 1408.9 pkt/s  tot=8.552 Mbps 1450.5 pkt/s  late(win/tot)=84536/2523800  worst_late(win/tot)=122.467/136.354 ms  drop_timing(win/tot)=67112/1874437 pkt  drop_io(win/tot)=0/0 pkt  lost_samples(win/tot)=12080160/337398660  send_errors(win/tot)=0/0
2026-04-22 18:08:43 INFO STAT  crate=4  sent=2602523 pkt  1829.204 MB  win=7.736 Mbps 1312.1 pkt/s  tot=8.525 Mbps 1445.8 pkt/s  late(win/tot)=78723/2602523  worst_late(win/tot)=121.264/136.354 ms  drop_timing(win/tot)=72963/1947400 pkt  drop_io(win/tot)=0/0 pkt  lost_samples(win/tot)=13133340/350532000  send_errors(win/tot)=0/0
2026-04-22 18:09:43 INFO STAT  crate=4  sent=2685914 pkt  1887.816 MB  win=8.194 Mbps 1389.8 pkt/s  tot=8.514 Mbps 1444.0 pkt/s  late(win/tot)=83391/2685914  worst_late(win/tot)=123.777/136.354 ms  drop_timing(win/tot)=68246/2015646 pkt  drop_io(win/tot)=0/0 pkt  lost_samples(win/tot)=12284280/362816280  send_errors(win/tot)=0/0
2026-04-22 18:10:14 INFO STAT  crate=4  sent=2730000 pkt  1918.802 MB  win=8.411 Mbps 1426.6 pkt/s  tot=8.512 Mbps 1443.8 pkt/s  late(win/tot)=44086/2730000  worst_late(win/tot)=122.965/136.354 ms  drop_timing(win/tot)=34110/2049756 pkt  drop_io(win/tot)=0/0 pkt  lost_samples(win/tot)=6139800/368956080  send_errors(win/tot)=0/0
2026-04-22 18:10:14 INFO Terminato
