2026-04-22 15:18:55 INFO Start crate=6 dst=131.154.99.225:6666
2026-04-22 15:18:55 INFO Streams=91  board=7  analog/board=12  digital_streams/board=1
2026-04-22 15:18:55 INFO Sample rate=5000 Hz  samples/pkt=180  pps/stream=27.777778  total_pps=2527.778
2026-04-22 15:18:55 INFO Packet len=737 B  expected throughput=14.904 Mbps
2026-04-22 15:18:55 INFO Analog FS=+/-10.000 V  noise_rms=0.010000 V  digital_flip_prob=0.002000
2026-04-22 15:19:55 INFO STAT  crate=6  sent=89625 pkt  62.994 MB  win=8.807 Mbps 1493.7 pkt/s  tot=8.807 Mbps 1493.7 pkt/s  late(win/tot)=89625/89625  worst_late(win/tot)=132.958/132.958 ms  drop_timing(win/tot)=61959/61959 pkt  drop_io(win/tot)=0/0 pkt  lost_samples(win/tot)=11152620/11152620  send_errors(win/tot)=0/0
2026-04-22 15:20:55 INFO STAT  crate=6  sent=180394 pkt  126.791 MB  win=8.920 Mbps 1512.8 pkt/s  tot=8.863 Mbps 1503.3 pkt/s  late(win/tot)=90769/180394  worst_late(win/tot)=129.667/132.958 ms  drop_timing(win/tot)=60898/122857 pkt  drop_io(win/tot)=0/0 pkt  lost_samples(win/tot)=10961640/22114260  send_errors(win/tot)=0/0
2026-04-22 15:21:55 INFO STAT  crate=6  sent=313028 pkt  220.014 MB  win=13.034 Mbps 2210.6 pkt/s  tot=10.253 Mbps 1739.0 pkt/s  late(win/tot)=132634/313028  worst_late(win/tot)=123.616/132.958 ms  drop_timing(win/tot)=19115/141972 pkt  drop_io(win/tot)=0/0 pkt  lost_samples(win/tot)=3440700/25554960  send_errors(win/tot)=0/0
2026-04-22 15:22:55 INFO STAT  crate=6  sent=464695 pkt  326.615 MB  win=14.904 Mbps 2527.8 pkt/s  tot=11.416 Mbps 1936.2 pkt/s  late(win/tot)=151667/464695  worst_late(win/tot)=25.881/132.958 ms  drop_timing(win/tot)=0/141972 pkt  drop_io(win/tot)=0/0 pkt  lost_samples(win/tot)=0/25554960  send_errors(win/tot)=0/0
2026-04-22 15:23:55 INFO STAT  crate=6  sent=616362 pkt  433.215 MB  win=14.904 Mbps 2527.8 pkt/s  tot=12.114 Mbps 2054.5 pkt/s  late(win/tot)=151667/616362  worst_late(win/tot)=20.079/132.958 ms  drop_timing(win/tot)=0/141972 pkt  drop_io(win/tot)=0/0 pkt  lost_samples(win/tot)=0/25554960  send_errors(win/tot)=0/0
2026-04-22 15:24:55 INFO STAT  crate=6  sent=768028 pkt  539.815 MB  win=14.904 Mbps 2527.8 pkt/s  tot=12.579 Mbps 2133.4 pkt/s  late(win/tot)=151666/768028  worst_late(win/tot)=20.749/132.958 ms  drop_timing(win/tot)=0/141972 pkt  drop_io(win/tot)=0/0 pkt  lost_samples(win/tot)=0/25554960  send_errors(win/tot)=0/0
2026-04-22 15:25:55 INFO STAT  crate=6  sent=919695 pkt  646.415 MB  win=14.904 Mbps 2527.8 pkt/s  tot=12.911 Mbps 2189.7 pkt/s  late(win/tot)=151667/919695  worst_late(win/tot)=12.767/132.958 ms  drop_timing(win/tot)=0/141972 pkt  drop_io(win/tot)=0/0 pkt  lost_samples(win/tot)=0/25554960  send_errors(win/tot)=0/0
2026-04-22 15:26:55 INFO STAT  crate=6  sent=1071362 pkt  753.015 MB  win=14.904 Mbps 2527.8 pkt/s  tot=13.160 Mbps 2232.0 pkt/s  late(win/tot)=151667/1071362  worst_late(win/tot)=27.816/132.958 ms  drop_timing(win/tot)=0/141972 pkt  drop_io(win/tot)=0/0 pkt  lost_samples(win/tot)=0/25554960  send_errors(win/tot)=0/0
2026-04-22 15:27:55 INFO STAT  crate=6  sent=1223028 pkt  859.615 MB  win=14.904 Mbps 2527.8 pkt/s  tot=13.354 Mbps 2264.9 pkt/s  late(win/tot)=151666/1223028  worst_late(win/tot)=23.170/132.958 ms  drop_timing(win/tot)=0/141972 pkt  drop_io(win/tot)=0/0 pkt  lost_samples(win/tot)=0/25554960  send_errors(win/tot)=0/0
2026-04-22 15:28:55 INFO STAT  crate=6  sent=1374695 pkt  966.215 MB  win=14.904 Mbps 2527.8 pkt/s  tot=13.509 Mbps 2291.2 pkt/s  late(win/tot)=151667/1374695  worst_late(win/tot)=25.303/132.958 ms  drop_timing(win/tot)=0/141972 pkt  drop_io(win/tot)=0/0 pkt  lost_samples(win/tot)=0/25554960  send_errors(win/tot)=0/0
2026-04-22 15:29:55 INFO STAT  crate=6  sent=1526362 pkt  1072.816 MB  win=14.904 Mbps 2527.8 pkt/s  tot=13.635 Mbps 2312.7 pkt/s  late(win/tot)=151667/1526362  worst_late(win/tot)=29.061/132.958 ms  drop_timing(win/tot)=0/141972 pkt  drop_io(win/tot)=0/0 pkt  lost_samples(win/tot)=0/25554960  send_errors(win/tot)=0/0
2026-04-22 15:30:55 INFO STAT  crate=6  sent=1678027 pkt  1179.415 MB  win=14.903 Mbps 2527.7 pkt/s  tot=13.741 Mbps 2330.6 pkt/s  late(win/tot)=151665/1678027  worst_late(win/tot)=27.857/132.958 ms  drop_timing(win/tot)=0/141972 pkt  drop_io(win/tot)=0/0 pkt  lost_samples(win/tot)=0/25554960  send_errors(win/tot)=0/0
2026-04-22 15:31:55 INFO STAT  crate=6  sent=1829695 pkt  1286.016 MB  win=14.904 Mbps 2527.8 pkt/s  tot=13.831 Mbps 2345.8 pkt/s  late(win/tot)=151668/1829695  worst_late(win/tot)=35.167/132.958 ms  drop_timing(win/tot)=0/141972 pkt  drop_io(win/tot)=0/0 pkt  lost_samples(win/tot)=0/25554960  send_errors(win/tot)=0/0
2026-04-22 15:32:55 INFO STAT  crate=6  sent=1981271 pkt  1392.552 MB  win=14.895 Mbps 2526.3 pkt/s  tot=13.907 Mbps 2358.7 pkt/s  late(win/tot)=151576/1981271  worst_late(win/tot)=54.527/132.958 ms  drop_timing(win/tot)=91/142063 pkt  drop_io(win/tot)=0/0 pkt  lost_samples(win/tot)=16380/25571340  send_errors(win/tot)=0/0
2026-04-22 15:33:55 INFO STAT  crate=6  sent=2132937 pkt  1499.152 MB  win=14.904 Mbps 2527.8 pkt/s  tot=13.973 Mbps 2369.9 pkt/s  late(win/tot)=151666/2132937  worst_late(win/tot)=23.664/132.958 ms  drop_timing(win/tot)=0/142063 pkt  drop_io(win/tot)=0/0 pkt  lost_samples(win/tot)=0/25571340  send_errors(win/tot)=0/0
2026-04-22 15:34:55 INFO STAT  crate=6  sent=2284604 pkt  1605.752 MB  win=14.904 Mbps 2527.8 pkt/s  tot=14.031 Mbps 2379.8 pkt/s  late(win/tot)=151667/2284604  worst_late(win/tot)=29.402/132.958 ms  drop_timing(win/tot)=0/142063 pkt  drop_io(win/tot)=0/0 pkt  lost_samples(win/tot)=0/25571340  send_errors(win/tot)=0/0
2026-04-22 15:35:55 INFO STAT  crate=6  sent=2436271 pkt  1712.352 MB  win=14.904 Mbps 2527.8 pkt/s  tot=14.083 Mbps 2388.5 pkt/s  late(win/tot)=151667/2436271  worst_late(win/tot)=21.587/132.958 ms  drop_timing(win/tot)=0/142063 pkt  drop_io(win/tot)=0/0 pkt  lost_samples(win/tot)=0/25571340  send_errors(win/tot)=0/0
2026-04-22 15:36:55 INFO STAT  crate=6  sent=2587937 pkt  1818.952 MB  win=14.904 Mbps 2527.8 pkt/s  tot=14.128 Mbps 2396.2 pkt/s  late(win/tot)=151666/2587937  worst_late(win/tot)=29.081/132.958 ms  drop_timing(win/tot)=0/142063 pkt  drop_io(win/tot)=0/0 pkt  lost_samples(win/tot)=0/25571340  send_errors(win/tot)=0/0
2026-04-22 15:37:51 INFO STAT  crate=6  sent=2730000 pkt  1918.802 MB  win=14.867 Mbps 2521.6 pkt/s  tot=14.165 Mbps 2402.5 pkt/s  late(win/tot)=142063/2730000  worst_late(win/tot)=38.734/132.958 ms  drop_timing(win/tot)=44/142107 pkt  drop_io(win/tot)=0/0 pkt  lost_samples(win/tot)=7920/25579260  send_errors(win/tot)=0/0
2026-04-22 15:37:51 INFO Terminato
