2026-04-22 17:49:08 INFO Start crate=25 dst=131.154.99.225:6666
2026-04-22 17:49:08 INFO Streams=91  board=7  analog/board=12  digital_streams/board=1
2026-04-22 17:49:08 INFO Sample rate=5000 Hz  samples/pkt=180  pps/stream=27.777778  total_pps=2527.778
2026-04-22 17:49:08 INFO Packet len=737 B  expected throughput=14.904 Mbps
2026-04-22 17:49:08 INFO Analog FS=+/-10.000 V  noise_rms=0.010000 V  digital_flip_prob=0.002000
2026-04-22 17:50:08 INFO STAT  crate=25  sent=108123 pkt  75.995 MB  win=10.624 Mbps 1801.9 pkt/s  tot=10.624 Mbps 1801.9 pkt/s  late(win/tot)=108123/108123  worst_late(win/tot)=100.664/100.664 ms  drop_timing(win/tot)=43527/43527 pkt  drop_io(win/tot)=0/0 pkt  lost_samples(win/tot)=7834860/7834860  send_errors(win/tot)=0/0
2026-04-22 17:51:08 INFO STAT  crate=25  sent=210773 pkt  148.143 MB  win=10.087 Mbps 1710.8 pkt/s  tot=10.356 Mbps 1756.4 pkt/s  late(win/tot)=102650/210773  worst_late(win/tot)=140.138/140.138 ms  drop_timing(win/tot)=48952/92479 pkt  drop_io(win/tot)=0/0 pkt  lost_samples(win/tot)=8811360/16646220  send_errors(win/tot)=0/0
2026-04-22 17:52:08 INFO STAT  crate=25  sent=288833 pkt  203.009 MB  win=7.671 Mbps 1301.0 pkt/s  tot=9.461 Mbps 1604.6 pkt/s  late(win/tot)=78060/288833  worst_late(win/tot)=151.083/151.083 ms  drop_timing(win/tot)=73599/166078 pkt  drop_io(win/tot)=0/0 pkt  lost_samples(win/tot)=13247820/29894040  send_errors(win/tot)=0/0
2026-04-22 17:53:08 INFO STAT  crate=25  sent=367804 pkt  258.514 MB  win=7.760 Mbps 1316.2 pkt/s  tot=9.036 Mbps 1532.5 pkt/s  late(win/tot)=78971/367804  worst_late(win/tot)=135.241/151.083 ms  drop_timing(win/tot)=72702/238780 pkt  drop_io(win/tot)=0/0 pkt  lost_samples(win/tot)=13086360/42980400  send_errors(win/tot)=0/0
2026-04-22 17:54:08 INFO STAT  crate=25  sent=446473 pkt  313.807 MB  win=7.731 Mbps 1311.2 pkt/s  tot=8.775 Mbps 1488.2 pkt/s  late(win/tot)=78669/446473  worst_late(win/tot)=143.444/151.083 ms  drop_timing(win/tot)=73008/311788 pkt  drop_io(win/tot)=0/0 pkt  lost_samples(win/tot)=13141440/56121840  send_errors(win/tot)=0/0
2026-04-22 17:55:08 INFO STAT  crate=25  sent=529477 pkt  372.147 MB  win=8.157 Mbps 1383.4 pkt/s  tot=8.672 Mbps 1470.8 pkt/s  late(win/tot)=83004/529477  worst_late(win/tot)=137.590/151.083 ms  drop_timing(win/tot)=68662/380450 pkt  drop_io(win/tot)=0/0 pkt  lost_samples(win/tot)=12359160/68481000  send_errors(win/tot)=0/0
2026-04-22 17:56:08 INFO STAT  crate=25  sent=612963 pkt  430.826 MB  win=8.204 Mbps 1391.4 pkt/s  tot=8.605 Mbps 1459.4 pkt/s  late(win/tot)=83486/612963  worst_late(win/tot)=120.257/151.083 ms  drop_timing(win/tot)=68170/448620 pkt  drop_io(win/tot)=0/0 pkt  lost_samples(win/tot)=12270600/80751600  send_errors(win/tot)=0/0
2026-04-22 17:57:08 INFO STAT  crate=25  sent=697282 pkt  490.090 MB  win=8.285 Mbps 1405.2 pkt/s  tot=8.565 Mbps 1452.7 pkt/s  late(win/tot)=84319/697282  worst_late(win/tot)=130.414/151.083 ms  drop_timing(win/tot)=67342/515962 pkt  drop_io(win/tot)=0/0 pkt  lost_samples(win/tot)=12121560/92873160  send_errors(win/tot)=0/0
2026-04-22 17:58:08 INFO STAT  crate=25  sent=779673 pkt  547.999 MB  win=8.096 Mbps 1373.2 pkt/s  tot=8.513 Mbps 1443.8 pkt/s  late(win/tot)=82391/779673  worst_late(win/tot)=124.207/151.083 ms  drop_timing(win/tot)=69286/585248 pkt  drop_io(win/tot)=0/0 pkt  lost_samples(win/tot)=12471480/105344640  send_errors(win/tot)=0/0
2026-04-22 17:59:08 INFO STAT  crate=25  sent=861589 pkt  605.575 MB  win=8.050 Mbps 1365.3 pkt/s  tot=8.467 Mbps 1436.0 pkt/s  late(win/tot)=81916/861589  worst_late(win/tot)=120.596/151.083 ms  drop_timing(win/tot)=69745/654993 pkt  drop_io(win/tot)=0/0 pkt  lost_samples(win/tot)=12554100/117898740  send_errors(win/tot)=0/0
2026-04-22 18:00:08 INFO STAT  crate=25  sent=942731 pkt  662.606 MB  win=7.974 Mbps 1352.4 pkt/s  tot=8.422 Mbps 1428.4 pkt/s  late(win/tot)=81142/942731  worst_late(win/tot)=154.615/154.615 ms  drop_timing(win/tot)=70517/725510 pkt  drop_io(win/tot)=0/0 pkt  lost_samples(win/tot)=12693060/130591800  send_errors(win/tot)=0/0
2026-04-22 18:01:08 INFO STAT  crate=25  sent=1024577 pkt  720.132 MB  win=8.043 Mbps 1364.1 pkt/s  tot=8.390 Mbps 1423.0 pkt/s  late(win/tot)=81846/1024577  worst_late(win/tot)=117.168/154.615 ms  drop_timing(win/tot)=69816/795326 pkt  drop_io(win/tot)=0/0 pkt  lost_samples(win/tot)=12566880/143158680  send_errors(win/tot)=0/0
2026-04-22 18:02:08 INFO STAT  crate=25  sent=1107313 pkt  778.284 MB  win=8.130 Mbps 1378.9 pkt/s  tot=8.370 Mbps 1419.6 pkt/s  late(win/tot)=82736/1107313  worst_late(win/tot)=121.735/154.615 ms  drop_timing(win/tot)=68961/864287 pkt  drop_io(win/tot)=0/0 pkt  lost_samples(win/tot)=12412980/155571660  send_errors(win/tot)=0/0
2026-04-22 18:03:08 INFO STAT  crate=25  sent=1190286 pkt  836.602 MB  win=8.154 Mbps 1382.9 pkt/s  tot=8.355 Mbps 1417.0 pkt/s  late(win/tot)=82973/1190286  worst_late(win/tot)=129.278/154.615 ms  drop_timing(win/tot)=68684/932971 pkt  drop_io(win/tot)=0/0 pkt  lost_samples(win/tot)=12363120/167934780  send_errors(win/tot)=0/0
2026-04-22 18:04:08 INFO STAT  crate=25  sent=1270314 pkt  892.850 MB  win=7.864 Mbps 1333.8 pkt/s  tot=8.322 Mbps 1411.5 pkt/s  late(win/tot)=80028/1270314  worst_late(win/tot)=147.238/154.615 ms  drop_timing(win/tot)=71619/1004590 pkt  drop_io(win/tot)=0/0 pkt  lost_samples(win/tot)=12891420/180826200  send_errors(win/tot)=0/0
2026-04-22 18:05:08 INFO STAT  crate=25  sent=1346742 pkt  946.568 MB  win=7.510 Mbps 1273.8 pkt/s  tot=8.271 Mbps 1402.9 pkt/s  late(win/tot)=76428/1346742  worst_late(win/tot)=131.010/154.615 ms  drop_timing(win/tot)=75247/1079837 pkt  drop_io(win/tot)=0/0 pkt  lost_samples(win/tot)=13544460/194370660  send_errors(win/tot)=0/0
2026-04-22 18:06:08 INFO STAT  crate=25  sent=1422591 pkt  999.879 MB  win=7.454 Mbps 1264.2 pkt/s  tot=8.223 Mbps 1394.7 pkt/s  late(win/tot)=75849/1422591  worst_late(win/tot)=122.950/154.615 ms  drop_timing(win/tot)=75822/1155659 pkt  drop_io(win/tot)=0/0 pkt  lost_samples(win/tot)=13647960/208018620  send_errors(win/tot)=0/0
2026-04-22 18:07:08 INFO STAT  crate=25  sent=1505015 pkt  1057.812 MB  win=8.099 Mbps 1373.7 pkt/s  tot=8.216 Mbps 1393.5 pkt/s  late(win/tot)=82424/1505015  worst_late(win/tot)=120.966/154.615 ms  drop_timing(win/tot)=69246/1224905 pkt  drop_io(win/tot)=0/0 pkt  lost_samples(win/tot)=12464280/220482900  send_errors(win/tot)=0/0
2026-04-22 18:08:08 INFO STAT  crate=25  sent=1585646 pkt  1114.484 MB  win=7.924 Mbps 1343.9 pkt/s  tot=8.201 Mbps 1390.9 pkt/s  late(win/tot)=80631/1585646  worst_late(win/tot)=149.222/154.615 ms  drop_timing(win/tot)=71039/1295944 pkt  drop_io(win/tot)=0/0 pkt  lost_samples(win/tot)=12787020/233269920  send_errors(win/tot)=0/0
2026-04-22 18:09:08 INFO STAT  crate=25  sent=1666555 pkt  1171.351 MB  win=7.950 Mbps 1348.4 pkt/s  tot=8.188 Mbps 1388.8 pkt/s  late(win/tot)=80909/1666555  worst_late(win/tot)=132.317/154.615 ms  drop_timing(win/tot)=70695/1366639 pkt  drop_io(win/tot)=0/0 pkt  lost_samples(win/tot)=12725100/245995020  send_errors(win/tot)=0/0
2026-04-22 18:10:08 INFO STAT  crate=25  sent=1745968 pkt  1227.168 MB  win=7.804 Mbps 1323.6 pkt/s  tot=8.170 Mbps 1385.7 pkt/s  late(win/tot)=79413/1745968  worst_late(win/tot)=166.286/166.286 ms  drop_timing(win/tot)=72309/1438948 pkt  drop_io(win/tot)=0/0 pkt  lost_samples(win/tot)=13015620/259010640  send_errors(win/tot)=0/0
2026-04-22 18:11:08 INFO STAT  crate=25  sent=1826115 pkt  1283.499 MB  win=7.875 Mbps 1335.7 pkt/s  tot=8.157 Mbps 1383.4 pkt/s  late(win/tot)=80147/1826115  worst_late(win/tot)=134.031/166.286 ms  drop_timing(win/tot)=71521/1510469 pkt  drop_io(win/tot)=0/0 pkt  lost_samples(win/tot)=12873780/271884420  send_errors(win/tot)=0/0
2026-04-22 18:12:08 INFO STAT  crate=25  sent=1908380 pkt  1341.320 MB  win=8.084 Mbps 1371.1 pkt/s  tot=8.153 Mbps 1382.9 pkt/s  late(win/tot)=82265/1908380  worst_late(win/tot)=126.666/166.286 ms  drop_timing(win/tot)=69395/1579864 pkt  drop_io(win/tot)=0/0 pkt  lost_samples(win/tot)=12491100/284375520  send_errors(win/tot)=0/0
2026-04-22 18:13:08 INFO STAT  crate=25  sent=1990494 pkt  1399.035 MB  win=8.070 Mbps 1368.6 pkt/s  tot=8.150 Mbps 1382.3 pkt/s  late(win/tot)=82114/1990494  worst_late(win/tot)=132.628/166.286 ms  drop_timing(win/tot)=69558/1649422 pkt  drop_io(win/tot)=0/0 pkt  lost_samples(win/tot)=12520440/296895960  send_errors(win/tot)=0/0
2026-04-22 18:14:08 INFO STAT  crate=25  sent=2073460 pkt  1457.348 MB  win=8.153 Mbps 1382.8 pkt/s  tot=8.150 Mbps 1382.3 pkt/s  late(win/tot)=82966/2073460  worst_late(win/tot)=119.019/166.286 ms  drop_timing(win/tot)=68679/1718101 pkt  drop_io(win/tot)=0/0 pkt  lost_samples(win/tot)=12362220/309258180  send_errors(win/tot)=0/0
2026-04-22 18:15:08 INFO STAT  crate=25  sent=2156932 pkt  1516.017 MB  win=8.203 Mbps 1391.2 pkt/s  tot=8.152 Mbps 1382.6 pkt/s  late(win/tot)=83472/2156932  worst_late(win/tot)=124.218/166.286 ms  drop_timing(win/tot)=68211/1786312 pkt  drop_io(win/tot)=0/0 pkt  lost_samples(win/tot)=12277980/321536160  send_errors(win/tot)=0/0
2026-04-22 18:16:08 INFO STAT  crate=25  sent=2241016 pkt  1575.116 MB  win=8.263 Mbps 1401.4 pkt/s  tot=8.156 Mbps 1383.3 pkt/s  late(win/tot)=84084/2241016  worst_late(win/tot)=122.676/166.286 ms  drop_timing(win/tot)=67586/1853898 pkt  drop_io(win/tot)=0/0 pkt  lost_samples(win/tot)=12165480/333701640  send_errors(win/tot)=0/0
2026-04-22 18:17:08 INFO STAT  crate=25  sent=2324828 pkt  1634.024 MB  win=8.236 Mbps 1396.9 pkt/s  tot=8.159 Mbps 1383.8 pkt/s  late(win/tot)=83812/2324828  worst_late(win/tot)=125.560/166.286 ms  drop_timing(win/tot)=67860/1921758 pkt  drop_io(win/tot)=0/0 pkt  lost_samples(win/tot)=12214800/345916440  send_errors(win/tot)=0/0
2026-04-22 18:18:08 INFO STAT  crate=25  sent=2409576 pkt  1693.590 MB  win=8.327 Mbps 1412.4 pkt/s  tot=8.165 Mbps 1384.8 pkt/s  late(win/tot)=84748/2409576  worst_late(win/tot)=142.662/166.286 ms  drop_timing(win/tot)=66925/1988683 pkt  drop_io(win/tot)=0/0 pkt  lost_samples(win/tot)=12046500/357962940  send_errors(win/tot)=0/0
2026-04-22 18:19:08 INFO STAT  crate=25  sent=2492841 pkt  1752.113 MB  win=8.182 Mbps 1387.7 pkt/s  tot=8.165 Mbps 1384.9 pkt/s  late(win/tot)=83265/2492841  worst_late(win/tot)=130.324/166.286 ms  drop_timing(win/tot)=68390/2057073 pkt  drop_io(win/tot)=0/0 pkt  lost_samples(win/tot)=12310200/370273140  send_errors(win/tot)=0/0
2026-04-22 18:20:08 INFO STAT  crate=25  sent=2589764 pkt  1820.236 MB  win=9.525 Mbps 1615.5 pkt/s  tot=8.209 Mbps 1392.3 pkt/s  late(win/tot)=96923/2589764  worst_late(win/tot)=136.998/166.286 ms  drop_timing(win/tot)=54743/2111816 pkt  drop_io(win/tot)=0/0 pkt  lost_samples(win/tot)=9853740/380126880  send_errors(win/tot)=0/0
2026-04-22 18:21:08 INFO STAT  crate=25  sent=2719272 pkt  1911.262 MB  win=12.726 Mbps 2158.5 pkt/s  tot=8.350 Mbps 1416.3 pkt/s  late(win/tot)=129508/2719272  worst_late(win/tot)=104.008/166.286 ms  drop_timing(win/tot)=22240/2134056 pkt  drop_io(win/tot)=0/0 pkt  lost_samples(win/tot)=4003200/384130080  send_errors(win/tot)=0/0
2026-04-22 18:21:13 INFO STAT  crate=25  sent=2730000 pkt  1918.802 MB  win=13.252 Mbps 2247.7 pkt/s  tot=8.363 Mbps 1418.3 pkt/s  late(win/tot)=10728/2730000  worst_late(win/tot)=43.616/166.286 ms  drop_timing(win/tot)=91/2134147 pkt  drop_io(win/tot)=0/0 pkt  lost_samples(win/tot)=16380/384146460  send_errors(win/tot)=0/0
2026-04-22 18:21:13 INFO Terminato
