2026-04-22 16:40:32 INFO Start crate=8 dst=131.154.99.225:6666
2026-04-22 16:40:32 INFO Streams=91  board=7  analog/board=12  digital_streams/board=1
2026-04-22 16:40:32 INFO Sample rate=5000 Hz  samples/pkt=180  pps/stream=27.777778  total_pps=2527.778
2026-04-22 16:40:32 INFO Packet len=737 B  expected throughput=14.904 Mbps
2026-04-22 16:40:32 INFO Analog FS=+/-10.000 V  noise_rms=0.010000 V  digital_flip_prob=0.002000
2026-04-22 16:41:32 INFO STAT  crate=8  sent=74070 pkt  52.061 MB  win=7.278 Mbps 1234.5 pkt/s  tot=7.278 Mbps 1234.5 pkt/s  late(win/tot)=74070/74070  worst_late(win/tot)=123.492/123.492 ms  drop_timing(win/tot)=77484/77484 pkt  drop_io(win/tot)=0/0 pkt  lost_samples(win/tot)=13947120/13947120  send_errors(win/tot)=0/0
2026-04-22 16:42:32 INFO STAT  crate=8  sent=156429 pkt  109.947 MB  win=8.093 Mbps 1372.6 pkt/s  tot=7.686 Mbps 1303.6 pkt/s  late(win/tot)=82359/156429  worst_late(win/tot)=122.296/123.492 ms  drop_timing(win/tot)=69293/146777 pkt  drop_io(win/tot)=0/0 pkt  lost_samples(win/tot)=12472740/26419860  send_errors(win/tot)=0/0
2026-04-22 16:43:32 INFO STAT  crate=8  sent=240313 pkt  168.906 MB  win=8.243 Mbps 1398.1 pkt/s  tot=7.872 Mbps 1335.1 pkt/s  late(win/tot)=83884/240313  worst_late(win/tot)=163.148/163.148 ms  drop_timing(win/tot)=67807/214584 pkt  drop_io(win/tot)=0/0 pkt  lost_samples(win/tot)=12205260/38625120  send_errors(win/tot)=0/0
2026-04-22 16:44:32 INFO STAT  crate=8  sent=330444 pkt  232.255 MB  win=8.857 Mbps 1502.2 pkt/s  tot=8.118 Mbps 1376.8 pkt/s  late(win/tot)=90131/330444  worst_late(win/tot)=117.329/163.148 ms  drop_timing(win/tot)=61535/276119 pkt  drop_io(win/tot)=0/0 pkt  lost_samples(win/tot)=11076300/49701420  send_errors(win/tot)=0/0
2026-04-22 16:45:32 INFO STAT  crate=8  sent=420538 pkt  295.578 MB  win=8.853 Mbps 1501.6 pkt/s  tot=8.265 Mbps 1401.8 pkt/s  late(win/tot)=90094/420538  worst_late(win/tot)=113.184/163.148 ms  drop_timing(win/tot)=61565/337684 pkt  drop_io(win/tot)=0/0 pkt  lost_samples(win/tot)=11081700/60783120  send_errors(win/tot)=0/0
2026-04-22 16:46:32 INFO STAT  crate=8  sent=506925 pkt  356.296 MB  win=8.489 Mbps 1439.8 pkt/s  tot=8.302 Mbps 1408.1 pkt/s  late(win/tot)=86387/506925  worst_late(win/tot)=121.798/163.148 ms  drop_timing(win/tot)=65355/403039 pkt  drop_io(win/tot)=0/0 pkt  lost_samples(win/tot)=11763900/72547020  send_errors(win/tot)=0/0
2026-04-22 16:47:32 INFO STAT  crate=8  sent=595312 pkt  418.420 MB  win=8.686 Mbps 1473.1 pkt/s  tot=8.357 Mbps 1417.4 pkt/s  late(win/tot)=88387/595312  worst_late(win/tot)=118.039/163.148 ms  drop_timing(win/tot)=63201/466240 pkt  drop_io(win/tot)=0/0 pkt  lost_samples(win/tot)=11376180/83923200  send_errors(win/tot)=0/0
2026-04-22 16:48:32 INFO STAT  crate=8  sent=677269 pkt  476.024 MB  win=8.054 Mbps 1365.9 pkt/s  tot=8.319 Mbps 1411.0 pkt/s  late(win/tot)=81957/677269  worst_late(win/tot)=122.922/163.148 ms  drop_timing(win/tot)=69750/535990 pkt  drop_io(win/tot)=0/0 pkt  lost_samples(win/tot)=12555000/96478200  send_errors(win/tot)=0/0
2026-04-22 16:49:32 INFO STAT  crate=8  sent=758093 pkt  532.832 MB  win=7.942 Mbps 1347.1 pkt/s  tot=8.277 Mbps 1403.9 pkt/s  late(win/tot)=80824/758093  worst_late(win/tot)=127.937/163.148 ms  drop_timing(win/tot)=70821/606811 pkt  drop_io(win/tot)=0/0 pkt  lost_samples(win/tot)=12747780/109225980  send_errors(win/tot)=0/0
2026-04-22 16:50:32 INFO STAT  crate=8  sent=837313 pkt  588.512 MB  win=7.785 Mbps 1320.3 pkt/s  tot=8.228 Mbps 1395.5 pkt/s  late(win/tot)=79220/837313  worst_late(win/tot)=132.279/163.148 ms  drop_timing(win/tot)=72446/679257 pkt  drop_io(win/tot)=0/0 pkt  lost_samples(win/tot)=13040280/122266260  send_errors(win/tot)=0/0
2026-04-22 16:51:32 INFO STAT  crate=8  sent=916549 pkt  644.204 MB  win=7.786 Mbps 1320.6 pkt/s  tot=8.188 Mbps 1388.7 pkt/s  late(win/tot)=79236/916549  worst_late(win/tot)=119.579/163.148 ms  drop_timing(win/tot)=72407/751664 pkt  drop_io(win/tot)=0/0 pkt  lost_samples(win/tot)=13033260/135299520  send_errors(win/tot)=0/0
2026-04-22 16:52:32 INFO STAT  crate=8  sent=998663 pkt  701.918 MB  win=8.069 Mbps 1368.5 pkt/s  tot=8.178 Mbps 1387.0 pkt/s  late(win/tot)=82114/998663  worst_late(win/tot)=123.256/163.148 ms  drop_timing(win/tot)=69569/821233 pkt  drop_io(win/tot)=0/0 pkt  lost_samples(win/tot)=12522420/147821940  send_errors(win/tot)=0/0
2026-04-22 16:53:32 INFO STAT  crate=8  sent=1088019 pkt  764.723 MB  win=8.781 Mbps 1489.3 pkt/s  tot=8.224 Mbps 1394.9 pkt/s  late(win/tot)=89356/1088019  worst_late(win/tot)=125.268/163.148 ms  drop_timing(win/tot)=62315/883548 pkt  drop_io(win/tot)=0/0 pkt  lost_samples(win/tot)=11216700/159038640  send_errors(win/tot)=0/0
2026-04-22 16:54:32 INFO STAT  crate=8  sent=1169407 pkt  821.927 MB  win=7.998 Mbps 1356.5 pkt/s  tot=8.208 Mbps 1392.2 pkt/s  late(win/tot)=81388/1169407  worst_late(win/tot)=130.540/163.148 ms  drop_timing(win/tot)=70314/953862 pkt  drop_io(win/tot)=0/0 pkt  lost_samples(win/tot)=12656520/171695160  send_errors(win/tot)=0/0
2026-04-22 16:55:32 INFO STAT  crate=8  sent=1254081 pkt  881.441 MB  win=8.320 Mbps 1411.2 pkt/s  tot=8.216 Mbps 1393.4 pkt/s  late(win/tot)=84674/1254081  worst_late(win/tot)=126.495/163.148 ms  drop_timing(win/tot)=66942/1020804 pkt  drop_io(win/tot)=0/0 pkt  lost_samples(win/tot)=12049560/183744720  send_errors(win/tot)=0/0
2026-04-22 16:56:32 INFO STAT  crate=8  sent=1336376 pkt  939.283 MB  win=8.087 Mbps 1371.6 pkt/s  tot=8.208 Mbps 1392.1 pkt/s  late(win/tot)=82295/1336376  worst_late(win/tot)=139.122/163.148 ms  drop_timing(win/tot)=69376/1090180 pkt  drop_io(win/tot)=0/0 pkt  lost_samples(win/tot)=12487680/196232400  send_errors(win/tot)=0/0
2026-04-22 16:57:32 INFO STAT  crate=8  sent=1417239 pkt  996.118 MB  win=7.946 Mbps 1347.7 pkt/s  tot=8.192 Mbps 1389.4 pkt/s  late(win/tot)=80863/1417239  worst_late(win/tot)=136.623/163.148 ms  drop_timing(win/tot)=70819/1160999 pkt  drop_io(win/tot)=0/0 pkt  lost_samples(win/tot)=12747420/208979820  send_errors(win/tot)=0/0
2026-04-22 16:58:32 INFO STAT  crate=8  sent=1499605 pkt  1054.009 MB  win=8.094 Mbps 1372.8 pkt/s  tot=8.187 Mbps 1388.5 pkt/s  late(win/tot)=82366/1499605  worst_late(win/tot)=118.824/163.148 ms  drop_timing(win/tot)=69321/1230320 pkt  drop_io(win/tot)=0/0 pkt  lost_samples(win/tot)=12477780/221457600  send_errors(win/tot)=0/0
2026-04-22 16:59:32 INFO STAT  crate=8  sent=1585189 pkt  1114.163 MB  win=8.410 Mbps 1426.4 pkt/s  tot=8.198 Mbps 1390.5 pkt/s  late(win/tot)=85584/1585189  worst_late(win/tot)=129.996/163.148 ms  drop_timing(win/tot)=66045/1296365 pkt  drop_io(win/tot)=0/0 pkt  lost_samples(win/tot)=11888100/233345700  send_errors(win/tot)=0/0
2026-04-22 17:00:32 INFO STAT  crate=8  sent=1662638 pkt  1168.598 MB  win=7.611 Mbps 1290.8 pkt/s  tot=8.169 Mbps 1385.5 pkt/s  late(win/tot)=77449/1662638  worst_late(win/tot)=116.745/163.148 ms  drop_timing(win/tot)=74277/1370642 pkt  drop_io(win/tot)=0/0 pkt  lost_samples(win/tot)=13369860/246715560  send_errors(win/tot)=0/0
2026-04-22 17:01:32 INFO STAT  crate=8  sent=1749635 pkt  1229.745 MB  win=8.549 Mbps 1449.9 pkt/s  tot=8.187 Mbps 1388.6 pkt/s  late(win/tot)=86997/1749635  worst_late(win/tot)=116.692/163.148 ms  drop_timing(win/tot)=64622/1435264 pkt  drop_io(win/tot)=0/0 pkt  lost_samples(win/tot)=11631960/258347520  send_errors(win/tot)=0/0
2026-04-22 17:02:32 INFO STAT  crate=8  sent=1836431 pkt  1290.750 MB  win=8.529 Mbps 1446.6 pkt/s  tot=8.203 Mbps 1391.2 pkt/s  late(win/tot)=86796/1836431  worst_late(win/tot)=114.161/163.148 ms  drop_timing(win/tot)=64861/1500125 pkt  drop_io(win/tot)=0/0 pkt  lost_samples(win/tot)=11674980/270022500  send_errors(win/tot)=0/0
2026-04-22 17:03:32 INFO STAT  crate=8  sent=1932138 pkt  1358.019 MB  win=9.405 Mbps 1595.1 pkt/s  tot=8.255 Mbps 1400.1 pkt/s  late(win/tot)=95707/1932138  worst_late(win/tot)=121.621/163.148 ms  drop_timing(win/tot)=55996/1556121 pkt  drop_io(win/tot)=0/0 pkt  lost_samples(win/tot)=10079280/280101780  send_errors(win/tot)=0/0
2026-04-22 17:04:32 INFO STAT  crate=8  sent=2018511 pkt  1418.727 MB  win=8.488 Mbps 1439.6 pkt/s  tot=8.265 Mbps 1401.7 pkt/s  late(win/tot)=86373/2018511  worst_late(win/tot)=124.168/163.148 ms  drop_timing(win/tot)=65317/1621438 pkt  drop_io(win/tot)=0/0 pkt  lost_samples(win/tot)=11757060/291858840  send_errors(win/tot)=0/0
2026-04-22 17:05:32 INFO STAT  crate=8  sent=2093009 pkt  1471.088 MB  win=7.321 Mbps 1241.6 pkt/s  tot=8.227 Mbps 1395.3 pkt/s  late(win/tot)=74498/2093009  worst_late(win/tot)=116.626/163.148 ms  drop_timing(win/tot)=77112/1698550 pkt  drop_io(win/tot)=0/0 pkt  lost_samples(win/tot)=13880160/305739000  send_errors(win/tot)=0/0
2026-04-22 17:06:32 INFO STAT  crate=8  sent=2177192 pkt  1530.257 MB  win=8.272 Mbps 1403.0 pkt/s  tot=8.229 Mbps 1395.6 pkt/s  late(win/tot)=84183/2177192  worst_late(win/tot)=122.356/163.148 ms  drop_timing(win/tot)=67488/1766038 pkt  drop_io(win/tot)=0/0 pkt  lost_samples(win/tot)=12147840/317886840  send_errors(win/tot)=0/0
2026-04-22 17:07:32 INFO STAT  crate=8  sent=2253832 pkt  1584.124 MB  win=7.531 Mbps 1277.3 pkt/s  tot=8.203 Mbps 1391.3 pkt/s  late(win/tot)=76640/2253832  worst_late(win/tot)=109.868/163.148 ms  drop_timing(win/tot)=75031/1841069 pkt  drop_io(win/tot)=0/0 pkt  lost_samples(win/tot)=13505580/331392420  send_errors(win/tot)=0/0
2026-04-22 17:08:32 INFO STAT  crate=8  sent=2331971 pkt  1639.044 MB  win=7.678 Mbps 1302.3 pkt/s  tot=8.184 Mbps 1388.1 pkt/s  late(win/tot)=78139/2331971  worst_late(win/tot)=114.046/163.148 ms  drop_timing(win/tot)=73515/1914584 pkt  drop_io(win/tot)=0/0 pkt  lost_samples(win/tot)=13232700/344625120  send_errors(win/tot)=0/0
2026-04-22 17:09:32 INFO STAT  crate=8  sent=2419544 pkt  1700.596 MB  win=8.606 Mbps 1459.6 pkt/s  tot=8.199 Mbps 1390.5 pkt/s  late(win/tot)=87573/2419544  worst_late(win/tot)=112.986/163.148 ms  drop_timing(win/tot)=64096/1978680 pkt  drop_io(win/tot)=0/0 pkt  lost_samples(win/tot)=11537280/356162400  send_errors(win/tot)=0/0
2026-04-22 17:10:32 INFO STAT  crate=8  sent=2534260 pkt  1781.225 MB  win=11.273 Mbps 1912.0 pkt/s  tot=8.301 Mbps 1407.9 pkt/s  late(win/tot)=114716/2534260  worst_late(win/tot)=103.796/163.148 ms  drop_timing(win/tot)=36970/2015650 pkt  drop_io(win/tot)=0/0 pkt  lost_samples(win/tot)=6654600/362817000  send_errors(win/tot)=0/0
2026-04-22 17:11:32 INFO STAT  crate=8  sent=2665553 pkt  1873.505 MB  win=12.902 Mbps 2188.2 pkt/s  tot=8.450 Mbps 1433.1 pkt/s  late(win/tot)=131293/2665553  worst_late(win/tot)=53.098/163.148 ms  drop_timing(win/tot)=20384/2036034 pkt  drop_io(win/tot)=0/0 pkt  lost_samples(win/tot)=3669120/366486120  send_errors(win/tot)=0/0
2026-04-22 17:12:01 INFO STAT  crate=8  sent=2730000 pkt  1918.802 MB  win=12.878 Mbps 2184.3 pkt/s  tot=8.519 Mbps 1444.8 pkt/s  late(win/tot)=64447/2730000  worst_late(win/tot)=49.910/163.148 ms  drop_timing(win/tot)=10192/2046226 pkt  drop_io(win/tot)=0/0 pkt  lost_samples(win/tot)=1834560/368320680  send_errors(win/tot)=0/0
2026-04-22 17:12:01 INFO Terminato
