2026-04-22 17:36:23 INFO Start crate=0 dst=131.154.99.225:6666
2026-04-22 17:36:23 INFO Streams=91  board=7  analog/board=12  digital_streams/board=1
2026-04-22 17:36:23 INFO Sample rate=5000 Hz  samples/pkt=180  pps/stream=27.777778  total_pps=2527.778
2026-04-22 17:36:23 INFO Packet len=737 B  expected throughput=14.904 Mbps
2026-04-22 17:36:23 INFO Analog FS=+/-10.000 V  noise_rms=0.010000 V  digital_flip_prob=0.002000
2026-04-22 17:37:23 INFO STAT  crate=0  sent=151667 pkt  106.600 MB  win=14.904 Mbps 2527.8 pkt/s  tot=14.904 Mbps 2527.8 pkt/s  late(win/tot)=151667/151667  worst_late(win/tot)=24.431/24.431 ms  drop_timing(win/tot)=0/0 pkt  drop_io(win/tot)=0/0 pkt  lost_samples(win/tot)=0/0  send_errors(win/tot)=0/0
2026-04-22 17:38:23 INFO STAT  crate=0  sent=303334 pkt  213.201 MB  win=14.904 Mbps 2527.8 pkt/s  tot=14.904 Mbps 2527.8 pkt/s  late(win/tot)=151667/303334  worst_late(win/tot)=33.164/33.164 ms  drop_timing(win/tot)=0/0 pkt  drop_io(win/tot)=0/0 pkt  lost_samples(win/tot)=0/0  send_errors(win/tot)=0/0
2026-04-22 17:39:23 INFO STAT  crate=0  sent=455000 pkt  319.800 MB  win=14.904 Mbps 2527.8 pkt/s  tot=14.904 Mbps 2527.8 pkt/s  late(win/tot)=151666/455000  worst_late(win/tot)=26.348/33.164 ms  drop_timing(win/tot)=0/0 pkt  drop_io(win/tot)=0/0 pkt  lost_samples(win/tot)=0/0  send_errors(win/tot)=0/0
2026-04-22 17:40:23 INFO STAT  crate=0  sent=606576 pkt  426.337 MB  win=14.895 Mbps 2526.3 pkt/s  tot=14.902 Mbps 2527.4 pkt/s  late(win/tot)=151576/606576  worst_late(win/tot)=48.964/48.964 ms  drop_timing(win/tot)=91/91 pkt  drop_io(win/tot)=0/0 pkt  lost_samples(win/tot)=16380/16380  send_errors(win/tot)=0/0
2026-04-22 17:41:23 INFO STAT  crate=0  sent=758166 pkt  532.883 MB  win=14.896 Mbps 2526.5 pkt/s  tot=14.900 Mbps 2527.2 pkt/s  late(win/tot)=151590/758166  worst_late(win/tot)=38.032/48.964 ms  drop_timing(win/tot)=77/168 pkt  drop_io(win/tot)=0/0 pkt  lost_samples(win/tot)=13860/30240  send_errors(win/tot)=0/0
2026-04-22 17:42:23 INFO STAT  crate=0  sent=909744 pkt  639.421 MB  win=14.895 Mbps 2526.3 pkt/s  tot=14.900 Mbps 2527.1 pkt/s  late(win/tot)=151577/909743  worst_late(win/tot)=43.991/48.964 ms  drop_timing(win/tot)=88/256 pkt  drop_io(win/tot)=0/0 pkt  lost_samples(win/tot)=15840/46080  send_errors(win/tot)=0/0
2026-04-22 17:43:23 INFO STAT  crate=0  sent=1061304 pkt  745.946 MB  win=14.893 Mbps 2526.0 pkt/s  tot=14.899 Mbps 2526.9 pkt/s  late(win/tot)=151560/1061303  worst_late(win/tot)=38.085/48.964 ms  drop_timing(win/tot)=107/363 pkt  drop_io(win/tot)=0/0 pkt  lost_samples(win/tot)=19260/65340  send_errors(win/tot)=0/0
2026-04-22 17:44:23 INFO STAT  crate=0  sent=1212971 pkt  852.546 MB  win=14.904 Mbps 2527.8 pkt/s  tot=14.899 Mbps 2527.0 pkt/s  late(win/tot)=151667/1212970  worst_late(win/tot)=35.847/48.964 ms  drop_timing(win/tot)=0/363 pkt  drop_io(win/tot)=0/0 pkt  lost_samples(win/tot)=0/65340  send_errors(win/tot)=0/0
2026-04-22 17:45:23 INFO STAT  crate=0  sent=1364211 pkt  958.847 MB  win=14.862 Mbps 2520.7 pkt/s  tot=14.895 Mbps 2526.3 pkt/s  late(win/tot)=151240/1364210  worst_late(win/tot)=52.412/52.412 ms  drop_timing(win/tot)=426/789 pkt  drop_io(win/tot)=0/0 pkt  lost_samples(win/tot)=76680/142020  send_errors(win/tot)=0/0
2026-04-22 17:46:23 INFO STAT  crate=0  sent=1515279 pkt  1065.026 MB  win=14.845 Mbps 2517.8 pkt/s  tot=14.890 Mbps 2525.5 pkt/s  late(win/tot)=151068/1515278  worst_late(win/tot)=60.387/60.387 ms  drop_timing(win/tot)=599/1388 pkt  drop_io(win/tot)=0/0 pkt  lost_samples(win/tot)=107820/249840  send_errors(win/tot)=0/0
2026-04-22 17:47:23 INFO STAT  crate=0  sent=1660326 pkt  1166.973 MB  win=14.253 Mbps 2417.4 pkt/s  tot=14.832 Mbps 2515.6 pkt/s  late(win/tot)=145046/1660324  worst_late(win/tot)=107.410/107.410 ms  drop_timing(win/tot)=6613/8001 pkt  drop_io(win/tot)=0/0 pkt  lost_samples(win/tot)=1190340/1440180  send_errors(win/tot)=0/0
2026-04-22 17:48:23 INFO STAT  crate=0  sent=1766185 pkt  1241.377 MB  win=10.402 Mbps 1764.3 pkt/s  tot=14.463 Mbps 2453.0 pkt/s  late(win/tot)=105859/1766183  worst_late(win/tot)=99.421/107.410 ms  drop_timing(win/tot)=45731/53732 pkt  drop_io(win/tot)=0/0 pkt  lost_samples(win/tot)=8231580/9671760  send_errors(win/tot)=0/0
2026-04-22 17:49:23 INFO STAT  crate=0  sent=1878006 pkt  1319.971 MB  win=10.988 Mbps 1863.7 pkt/s  tot=14.196 Mbps 2407.7 pkt/s  late(win/tot)=111821/1878004  worst_late(win/tot)=98.322/107.410 ms  drop_timing(win/tot)=39929/93661 pkt  drop_io(win/tot)=0/0 pkt  lost_samples(win/tot)=7187220/16858980  send_errors(win/tot)=0/0
2026-04-22 17:50:23 INFO STAT  crate=0  sent=1981302 pkt  1392.574 MB  win=10.151 Mbps 1721.6 pkt/s  tot=13.907 Mbps 2358.7 pkt/s  late(win/tot)=103296/1981300  worst_late(win/tot)=116.990/116.990 ms  drop_timing(win/tot)=48269/141930 pkt  drop_io(win/tot)=0/0 pkt  lost_samples(win/tot)=8688420/25547400  send_errors(win/tot)=0/0
2026-04-22 17:51:23 INFO STAT  crate=0  sent=2062552 pkt  1449.681 MB  win=7.984 Mbps 1354.2 pkt/s  tot=13.512 Mbps 2291.7 pkt/s  late(win/tot)=81250/2062550  worst_late(win/tot)=126.497/126.497 ms  drop_timing(win/tot)=70436/212366 pkt  drop_io(win/tot)=0/0 pkt  lost_samples(win/tot)=12678480/38225880  send_errors(win/tot)=0/0
2026-04-22 17:52:23 INFO STAT  crate=0  sent=2144271 pkt  1507.118 MB  win=8.030 Mbps 1362.0 pkt/s  tot=13.169 Mbps 2233.6 pkt/s  late(win/tot)=81719/2144269  worst_late(win/tot)=129.646/129.646 ms  drop_timing(win/tot)=69943/282309 pkt  drop_io(win/tot)=0/0 pkt  lost_samples(win/tot)=12589740/50815620  send_errors(win/tot)=0/0
2026-04-22 17:53:23 INFO STAT  crate=0  sent=2226631 pkt  1565.005 MB  win=8.093 Mbps 1372.7 pkt/s  tot=12.871 Mbps 2183.0 pkt/s  late(win/tot)=82360/2226629  worst_late(win/tot)=115.897/129.646 ms  drop_timing(win/tot)=69302/351611 pkt  drop_io(win/tot)=0/0 pkt  lost_samples(win/tot)=12474360/63289980  send_errors(win/tot)=0/0
2026-04-22 17:54:23 INFO STAT  crate=0  sent=2307900 pkt  1622.126 MB  win=7.986 Mbps 1354.5 pkt/s  tot=12.599 Mbps 2136.9 pkt/s  late(win/tot)=81269/2307898  worst_late(win/tot)=117.292/129.646 ms  drop_timing(win/tot)=70411/422022 pkt  drop_io(win/tot)=0/0 pkt  lost_samples(win/tot)=12673980/75963960  send_errors(win/tot)=0/0
2026-04-22 17:55:23 INFO STAT  crate=0  sent=2390411 pkt  1680.119 MB  win=8.108 Mbps 1375.2 pkt/s  tot=12.363 Mbps 2096.9 pkt/s  late(win/tot)=82511/2390409  worst_late(win/tot)=121.751/129.646 ms  drop_timing(win/tot)=69127/491149 pkt  drop_io(win/tot)=0/0 pkt  lost_samples(win/tot)=12442860/88406820  send_errors(win/tot)=0/0
2026-04-22 17:56:23 INFO STAT  crate=0  sent=2472544 pkt  1737.847 MB  win=8.071 Mbps 1368.9 pkt/s  tot=12.148 Mbps 2060.5 pkt/s  late(win/tot)=82133/2472542  worst_late(win/tot)=127.786/129.646 ms  drop_timing(win/tot)=69550/560699 pkt  drop_io(win/tot)=0/0 pkt  lost_samples(win/tot)=12519000/100925820  send_errors(win/tot)=0/0
2026-04-22 17:57:23 INFO STAT  crate=0  sent=2555241 pkt  1795.972 MB  win=8.126 Mbps 1378.3 pkt/s  tot=11.957 Mbps 2028.0 pkt/s  late(win/tot)=82697/2555239  worst_late(win/tot)=132.372/132.372 ms  drop_timing(win/tot)=68992/629691 pkt  drop_io(win/tot)=0/0 pkt  lost_samples(win/tot)=12418560/113344380  send_errors(win/tot)=0/0
2026-04-22 17:58:23 INFO STAT  crate=0  sent=2636004 pkt  1852.736 MB  win=7.936 Mbps 1346.0 pkt/s  tot=11.774 Mbps 1997.0 pkt/s  late(win/tot)=80763/2636002  worst_late(win/tot)=139.586/139.586 ms  drop_timing(win/tot)=70900/700591 pkt  drop_io(win/tot)=0/0 pkt  lost_samples(win/tot)=12762000/126106380  send_errors(win/tot)=0/0
2026-04-22 17:59:23 INFO STAT  crate=0  sent=2717485 pkt  1910.006 MB  win=8.007 Mbps 1358.0 pkt/s  tot=11.610 Mbps 1969.2 pkt/s  late(win/tot)=81481/2717483  worst_late(win/tot)=120.598/139.586 ms  drop_timing(win/tot)=70170/770761 pkt  drop_io(win/tot)=0/0 pkt  lost_samples(win/tot)=12630600/138736980  send_errors(win/tot)=0/0
2026-04-22 17:59:32 INFO STAT  crate=0  sent=2730000 pkt  1918.802 MB  win=8.195 Mbps 1389.9 pkt/s  tot=11.588 Mbps 1965.4 pkt/s  late(win/tot)=12515/2729998  worst_late(win/tot)=128.261/139.586 ms  drop_timing(win/tot)=9696/780457 pkt  drop_io(win/tot)=0/0 pkt  lost_samples(win/tot)=1745280/140482260  send_errors(win/tot)=0/0
2026-04-22 17:59:32 INFO Terminato
