2026-04-22 16:47:01 INFO Start crate=19 dst=131.154.99.225:6666
2026-04-22 16:47:01 INFO Streams=91  board=7  analog/board=12  digital_streams/board=1
2026-04-22 16:47:01 INFO Sample rate=5000 Hz  samples/pkt=180  pps/stream=27.777778  total_pps=2527.778
2026-04-22 16:47:01 INFO Packet len=737 B  expected throughput=14.904 Mbps
2026-04-22 16:47:01 INFO Analog FS=+/-10.000 V  noise_rms=0.010000 V  digital_flip_prob=0.002000
2026-04-22 16:48:01 INFO STAT  crate=19  sent=49941 pkt  35.101 MB  win=4.908 Mbps 832.3 pkt/s  tot=4.908 Mbps 832.3 pkt/s  late(win/tot)=49941/49941  worst_late(win/tot)=188.442/188.442 ms  drop_timing(win/tot)=101621/101621 pkt  drop_io(win/tot)=0/0 pkt  lost_samples(win/tot)=18291780/18291780  send_errors(win/tot)=0/0
2026-04-22 16:49:01 INFO STAT  crate=19  sent=99789 pkt  70.137 MB  win=4.898 Mbps 830.8 pkt/s  tot=4.903 Mbps 831.6 pkt/s  late(win/tot)=49848/99789  worst_late(win/tot)=193.300/193.300 ms  drop_timing(win/tot)=101803/203424 pkt  drop_io(win/tot)=0/0 pkt  lost_samples(win/tot)=18324540/36616320  send_errors(win/tot)=0/0
2026-04-22 16:50:01 INFO STAT  crate=19  sent=149379 pkt  104.992 MB  win=4.873 Mbps 826.5 pkt/s  tot=4.893 Mbps 829.9 pkt/s  late(win/tot)=49590/149379  worst_late(win/tot)=185.374/193.300 ms  drop_timing(win/tot)=102025/305449 pkt  drop_io(win/tot)=0/0 pkt  lost_samples(win/tot)=18364500/54980820  send_errors(win/tot)=0/0
2026-04-22 16:51:01 INFO STAT  crate=19  sent=197822 pkt  139.041 MB  win=4.760 Mbps 807.3 pkt/s  tot=4.860 Mbps 824.2 pkt/s  late(win/tot)=48443/197822  worst_late(win/tot)=168.209/193.300 ms  drop_timing(win/tot)=103232/408681 pkt  drop_io(win/tot)=0/0 pkt  lost_samples(win/tot)=18581760/73562580  send_errors(win/tot)=0/0
2026-04-22 16:52:01 INFO STAT  crate=19  sent=247540 pkt  173.985 MB  win=4.886 Mbps 828.7 pkt/s  tot=4.865 Mbps 825.1 pkt/s  late(win/tot)=49718/247540  worst_late(win/tot)=185.479/193.300 ms  drop_timing(win/tot)=101948/510629 pkt  drop_io(win/tot)=0/0 pkt  lost_samples(win/tot)=18350640/91913220  send_errors(win/tot)=0/0
2026-04-22 16:53:01 INFO STAT  crate=19  sent=298483 pkt  209.791 MB  win=5.006 Mbps 849.0 pkt/s  tot=4.888 Mbps 829.1 pkt/s  late(win/tot)=50943/298483  worst_late(win/tot)=169.030/193.300 ms  drop_timing(win/tot)=100772/611401 pkt  drop_io(win/tot)=0/0 pkt  lost_samples(win/tot)=18138960/110052180  send_errors(win/tot)=0/0
2026-04-22 16:54:01 INFO STAT  crate=19  sent=347170 pkt  244.011 MB  win=4.784 Mbps 811.4 pkt/s  tot=4.874 Mbps 826.6 pkt/s  late(win/tot)=48687/347170  worst_late(win/tot)=191.792/193.300 ms  drop_timing(win/tot)=102960/714361 pkt  drop_io(win/tot)=0/0 pkt  lost_samples(win/tot)=18532800/128584980  send_errors(win/tot)=0/0
2026-04-22 16:55:01 INFO STAT  crate=19  sent=397007 pkt  279.040 MB  win=4.898 Mbps 830.7 pkt/s  tot=4.877 Mbps 827.1 pkt/s  late(win/tot)=49837/397007  worst_late(win/tot)=179.570/193.300 ms  drop_timing(win/tot)=101858/816219 pkt  drop_io(win/tot)=0/0 pkt  lost_samples(win/tot)=18334440/146919420  send_errors(win/tot)=0/0
2026-04-22 16:56:01 INFO STAT  crate=19  sent=447188 pkt  314.310 MB  win=4.931 Mbps 836.4 pkt/s  tot=4.883 Mbps 828.1 pkt/s  late(win/tot)=50181/447188  worst_late(win/tot)=193.772/193.772 ms  drop_timing(win/tot)=101427/917646 pkt  drop_io(win/tot)=0/0 pkt  lost_samples(win/tot)=18256860/165176280  send_errors(win/tot)=0/0
2026-04-22 16:57:01 INFO STAT  crate=19  sent=496413 pkt  348.908 MB  win=4.837 Mbps 820.4 pkt/s  tot=4.878 Mbps 827.3 pkt/s  late(win/tot)=49225/496413  worst_late(win/tot)=188.406/193.772 ms  drop_timing(win/tot)=102460/1020106 pkt  drop_io(win/tot)=0/0 pkt  lost_samples(win/tot)=18442800/183619080  send_errors(win/tot)=0/0
2026-04-22 16:58:01 INFO STAT  crate=19  sent=546569 pkt  384.160 MB  win=4.929 Mbps 835.9 pkt/s  tot=4.883 Mbps 828.1 pkt/s  late(win/tot)=50156/546569  worst_late(win/tot)=182.491/193.772 ms  drop_timing(win/tot)=101481/1121587 pkt  drop_io(win/tot)=0/0 pkt  lost_samples(win/tot)=18266580/201885660  send_errors(win/tot)=0/0
2026-04-22 16:59:01 INFO STAT  crate=19  sent=597082 pkt  419.664 MB  win=4.964 Mbps 841.9 pkt/s  tot=4.889 Mbps 829.3 pkt/s  late(win/tot)=50513/597082  worst_late(win/tot)=200.434/200.434 ms  drop_timing(win/tot)=101165/1222752 pkt  drop_io(win/tot)=0/0 pkt  lost_samples(win/tot)=18209700/220095360  send_errors(win/tot)=0/0
2026-04-22 17:00:01 INFO STAT  crate=19  sent=644871 pkt  453.253 MB  win=4.696 Mbps 796.5 pkt/s  tot=4.875 Mbps 826.8 pkt/s  late(win/tot)=47789/644871  worst_late(win/tot)=174.467/200.434 ms  drop_timing(win/tot)=103871/1326623 pkt  drop_io(win/tot)=0/0 pkt  lost_samples(win/tot)=18696780/238792140  send_errors(win/tot)=0/0
2026-04-22 17:01:01 INFO STAT  crate=19  sent=693772 pkt  487.623 MB  win=4.805 Mbps 815.0 pkt/s  tot=4.870 Mbps 825.9 pkt/s  late(win/tot)=48901/693772  worst_late(win/tot)=168.735/200.434 ms  drop_timing(win/tot)=102835/1429458 pkt  drop_io(win/tot)=0/0 pkt  lost_samples(win/tot)=18510300/257302440  send_errors(win/tot)=0/0
2026-04-22 17:02:01 INFO STAT  crate=19  sent=742660 pkt  521.985 MB  win=4.804 Mbps 814.8 pkt/s  tot=4.865 Mbps 825.2 pkt/s  late(win/tot)=48888/742660  worst_late(win/tot)=183.541/200.434 ms  drop_timing(win/tot)=102651/1532109 pkt  drop_io(win/tot)=0/0 pkt  lost_samples(win/tot)=18477180/275779620  send_errors(win/tot)=0/0
2026-04-22 17:03:01 INFO STAT  crate=19  sent=791340 pkt  556.200 MB  win=4.784 Mbps 811.3 pkt/s  tot=4.860 Mbps 824.3 pkt/s  late(win/tot)=48680/791340  worst_late(win/tot)=177.494/200.434 ms  drop_timing(win/tot)=103004/1635113 pkt  drop_io(win/tot)=0/0 pkt  lost_samples(win/tot)=18540720/294320340  send_errors(win/tot)=0/0
2026-04-22 17:04:01 INFO STAT  crate=19  sent=840239 pkt  590.569 MB  win=4.805 Mbps 815.0 pkt/s  tot=4.857 Mbps 823.8 pkt/s  late(win/tot)=48899/840239  worst_late(win/tot)=184.397/200.434 ms  drop_timing(win/tot)=102802/1737915 pkt  drop_io(win/tot)=0/0 pkt  lost_samples(win/tot)=18504360/312824700  send_errors(win/tot)=0/0
2026-04-22 17:05:01 INFO STAT  crate=19  sent=890012 pkt  625.552 MB  win=4.891 Mbps 829.5 pkt/s  tot=4.859 Mbps 824.1 pkt/s  late(win/tot)=49773/890012  worst_late(win/tot)=178.957/200.434 ms  drop_timing(win/tot)=101964/1839879 pkt  drop_io(win/tot)=0/0 pkt  lost_samples(win/tot)=18353520/331178220  send_errors(win/tot)=0/0
2026-04-22 17:06:01 INFO STAT  crate=19  sent=941039 pkt  661.417 MB  win=5.014 Mbps 850.5 pkt/s  tot=4.867 Mbps 825.5 pkt/s  late(win/tot)=51027/941039  worst_late(win/tot)=174.283/200.434 ms  drop_timing(win/tot)=100640/1940519 pkt  drop_io(win/tot)=0/0 pkt  lost_samples(win/tot)=18115200/349293420  send_errors(win/tot)=0/0
2026-04-22 17:07:01 INFO STAT  crate=19  sent=991009 pkt  696.539 MB  win=4.910 Mbps 832.7 pkt/s  tot=4.869 Mbps 825.8 pkt/s  late(win/tot)=49970/991009  worst_late(win/tot)=187.215/200.434 ms  drop_timing(win/tot)=101664/2042183 pkt  drop_io(win/tot)=0/0 pkt  lost_samples(win/tot)=18299520/367592940  send_errors(win/tot)=0/0
2026-04-22 17:08:01 INFO STAT  crate=19  sent=1042462 pkt  732.703 MB  win=5.056 Mbps 857.6 pkt/s  tot=4.878 Mbps 827.3 pkt/s  late(win/tot)=51453/1042462  worst_late(win/tot)=185.916/200.434 ms  drop_timing(win/tot)=100257/2142440 pkt  drop_io(win/tot)=0/0 pkt  lost_samples(win/tot)=18046260/385639200  send_errors(win/tot)=0/0
2026-04-22 17:09:01 INFO STAT  crate=19  sent=1092174 pkt  767.643 MB  win=4.885 Mbps 828.5 pkt/s  tot=4.878 Mbps 827.4 pkt/s  late(win/tot)=49712/1092174  worst_late(win/tot)=177.271/200.434 ms  drop_timing(win/tot)=101882/2244322 pkt  drop_io(win/tot)=0/0 pkt  lost_samples(win/tot)=18338760/403977960  send_errors(win/tot)=0/0
2026-04-22 17:10:01 INFO STAT  crate=19  sent=1142739 pkt  803.183 MB  win=4.969 Mbps 842.8 pkt/s  tot=4.882 Mbps 828.1 pkt/s  late(win/tot)=50565/1142739  worst_late(win/tot)=180.143/200.434 ms  drop_timing(win/tot)=101164/2345486 pkt  drop_io(win/tot)=0/0 pkt  lost_samples(win/tot)=18209520/422187480  send_errors(win/tot)=0/0
2026-04-22 17:11:01 INFO STAT  crate=19  sent=1194537 pkt  839.590 MB  win=5.090 Mbps 863.3 pkt/s  tot=4.891 Mbps 829.5 pkt/s  late(win/tot)=51798/1194537  worst_late(win/tot)=185.988/200.434 ms  drop_timing(win/tot)=99856/2445342 pkt  drop_io(win/tot)=0/0 pkt  lost_samples(win/tot)=17974080/440161560  send_errors(win/tot)=0/0
2026-04-22 17:12:01 INFO STAT  crate=19  sent=1244076 pkt  874.409 MB  win=4.867 Mbps 825.5 pkt/s  tot=4.890 Mbps 829.4 pkt/s  late(win/tot)=49539/1244076  worst_late(win/tot)=220.805/220.805 ms  drop_timing(win/tot)=102109/2547451 pkt  drop_io(win/tot)=0/0 pkt  lost_samples(win/tot)=18379620/458541180  send_errors(win/tot)=0/0
2026-04-22 17:13:01 INFO STAT  crate=19  sent=1292333 pkt  908.327 MB  win=4.742 Mbps 804.3 pkt/s  tot=4.884 Mbps 828.4 pkt/s  late(win/tot)=48257/1292333  worst_late(win/tot)=189.077/220.805 ms  drop_timing(win/tot)=103390/2650841 pkt  drop_io(win/tot)=0/0 pkt  lost_samples(win/tot)=18610200/477151380  send_errors(win/tot)=0/0
2026-04-22 17:14:01 INFO STAT  crate=19  sent=1341008 pkt  942.538 MB  win=4.783 Mbps 811.2 pkt/s  tot=4.881 Mbps 827.8 pkt/s  late(win/tot)=48675/1341008  worst_late(win/tot)=172.502/220.805 ms  drop_timing(win/tot)=103007/2753848 pkt  drop_io(win/tot)=0/0 pkt  lost_samples(win/tot)=18541260/495692640  send_errors(win/tot)=0/0
2026-04-22 17:15:01 INFO STAT  crate=19  sent=1393081 pkt  979.138 MB  win=5.118 Mbps 868.0 pkt/s  tot=4.889 Mbps 829.2 pkt/s  late(win/tot)=52073/1393081  worst_late(win/tot)=178.642/220.805 ms  drop_timing(win/tot)=99578/2853426 pkt  drop_io(win/tot)=0/0 pkt  lost_samples(win/tot)=17924040/513616680  send_errors(win/tot)=0/0
2026-04-22 17:16:01 INFO STAT  crate=19  sent=1442786 pkt  1014.074 MB  win=4.884 Mbps 828.3 pkt/s  tot=4.889 Mbps 829.2 pkt/s  late(win/tot)=49705/1442786  worst_late(win/tot)=178.960/220.805 ms  drop_timing(win/tot)=101981/2955407 pkt  drop_io(win/tot)=0/0 pkt  lost_samples(win/tot)=18356580/531973260  send_errors(win/tot)=0/0
2026-04-22 17:17:01 INFO STAT  crate=19  sent=1491350 pkt  1048.207 MB  win=4.773 Mbps 809.5 pkt/s  tot=4.885 Mbps 828.5 pkt/s  late(win/tot)=48564/1491350  worst_late(win/tot)=180.878/220.805 ms  drop_timing(win/tot)=103137/3058544 pkt  drop_io(win/tot)=0/0 pkt  lost_samples(win/tot)=18564660/550537920  send_errors(win/tot)=0/0
2026-04-22 17:18:01 INFO STAT  crate=19  sent=1542194 pkt  1083.943 MB  win=4.996 Mbps 847.4 pkt/s  tot=4.889 Mbps 829.1 pkt/s  late(win/tot)=50844/1542194  worst_late(win/tot)=166.851/220.805 ms  drop_timing(win/tot)=100815/3159359 pkt  drop_io(win/tot)=0/0 pkt  lost_samples(win/tot)=18146700/568684620  send_errors(win/tot)=0/0
2026-04-22 17:19:01 INFO STAT  crate=19  sent=1592604 pkt  1119.374 MB  win=4.953 Mbps 840.1 pkt/s  tot=4.891 Mbps 829.5 pkt/s  late(win/tot)=50410/1592604  worst_late(win/tot)=181.575/220.805 ms  drop_timing(win/tot)=101209/3260568 pkt  drop_io(win/tot)=0/0 pkt  lost_samples(win/tot)=18217620/586902240  send_errors(win/tot)=0/0
2026-04-22 17:20:01 INFO STAT  crate=19  sent=1646543 pkt  1157.286 MB  win=5.300 Mbps 899.0 pkt/s  tot=4.903 Mbps 831.6 pkt/s  late(win/tot)=53939/1646543  worst_late(win/tot)=179.655/220.805 ms  drop_timing(win/tot)=97773/3358341 pkt  drop_io(win/tot)=0/0 pkt  lost_samples(win/tot)=17599140/604501380  send_errors(win/tot)=0/0
2026-04-22 17:21:01 INFO STAT  crate=19  sent=1708442 pkt  1200.792 MB  win=6.083 Mbps 1031.7 pkt/s  tot=4.938 Mbps 837.5 pkt/s  late(win/tot)=61899/1708442  worst_late(win/tot)=138.292/220.805 ms  drop_timing(win/tot)=89782/3448123 pkt  drop_io(win/tot)=0/0 pkt  lost_samples(win/tot)=16160760/620662140  send_errors(win/tot)=0/0
2026-04-22 17:22:01 INFO STAT  crate=19  sent=1783004 pkt  1253.199 MB  win=7.327 Mbps 1242.7 pkt/s  tot=5.006 Mbps 849.0 pkt/s  late(win/tot)=74562/1783004  worst_late(win/tot)=173.978/220.805 ms  drop_timing(win/tot)=77066/3525189 pkt  drop_io(win/tot)=0/0 pkt  lost_samples(win/tot)=13871880/634534020  send_errors(win/tot)=0/0
2026-04-22 17:23:01 INFO STAT  crate=19  sent=1859133 pkt  1306.706 MB  win=7.481 Mbps 1268.9 pkt/s  tot=5.075 Mbps 860.7 pkt/s  late(win/tot)=76129/1859133  worst_late(win/tot)=122.290/220.805 ms  drop_timing(win/tot)=75569/3600758 pkt  drop_io(win/tot)=0/0 pkt  lost_samples(win/tot)=13602420/648136440  send_errors(win/tot)=0/0
2026-04-22 17:24:01 INFO STAT  crate=19  sent=1939844 pkt  1363.435 MB  win=7.931 Mbps 1345.2 pkt/s  tot=5.152 Mbps 873.8 pkt/s  late(win/tot)=80711/1939844  worst_late(win/tot)=121.139/220.805 ms  drop_timing(win/tot)=70955/3671713 pkt  drop_io(win/tot)=0/0 pkt  lost_samples(win/tot)=12771900/660908340  send_errors(win/tot)=0/0
2026-04-22 17:25:01 INFO STAT  crate=19  sent=2026400 pkt  1424.271 MB  win=8.505 Mbps 1442.5 pkt/s  tot=5.240 Mbps 888.8 pkt/s  late(win/tot)=86556/2026400  worst_late(win/tot)=124.314/220.805 ms  drop_timing(win/tot)=65188/3736901 pkt  drop_io(win/tot)=0/0 pkt  lost_samples(win/tot)=11733840/672642180  send_errors(win/tot)=0/0
2026-04-22 17:26:01 INFO STAT  crate=19  sent=2109040 pkt  1482.356 MB  win=8.121 Mbps 1377.4 pkt/s  tot=5.314 Mbps 901.3 pkt/s  late(win/tot)=82640/2109040  worst_late(win/tot)=136.098/220.805 ms  drop_timing(win/tot)=68942/3805843 pkt  drop_io(win/tot)=0/0 pkt  lost_samples(win/tot)=12409560/685051740  send_errors(win/tot)=0/0
2026-04-22 17:27:01 INFO STAT  crate=19  sent=2187516 pkt  1537.513 MB  win=7.712 Mbps 1307.9 pkt/s  tot=5.374 Mbps 911.5 pkt/s  late(win/tot)=78476/2187516  worst_late(win/tot)=137.090/220.805 ms  drop_timing(win/tot)=73193/3879036 pkt  drop_io(win/tot)=0/0 pkt  lost_samples(win/tot)=13174740/698226480  send_errors(win/tot)=0/0
2026-04-22 17:28:01 INFO STAT  crate=19  sent=2272267 pkt  1597.081 MB  win=8.328 Mbps 1412.5 pkt/s  tot=5.446 Mbps 923.7 pkt/s  late(win/tot)=84751/2272267  worst_late(win/tot)=114.368/220.805 ms  drop_timing(win/tot)=66997/3946033 pkt  drop_io(win/tot)=0/0 pkt  lost_samples(win/tot)=12059460/710285940  send_errors(win/tot)=0/0
2026-04-22 17:29:01 INFO STAT  crate=19  sent=2354292 pkt  1654.733 MB  win=8.060 Mbps 1367.1 pkt/s  tot=5.508 Mbps 934.2 pkt/s  late(win/tot)=82025/2354292  worst_late(win/tot)=120.108/220.805 ms  drop_timing(win/tot)=69573/4015606 pkt  drop_io(win/tot)=0/0 pkt  lost_samples(win/tot)=12523140/722809080  send_errors(win/tot)=0/0
2026-04-22 17:30:01 INFO STAT  crate=19  sent=2433861 pkt  1710.659 MB  win=7.819 Mbps 1326.2 pkt/s  tot=5.562 Mbps 943.4 pkt/s  late(win/tot)=79569/2433861  worst_late(win/tot)=128.716/220.805 ms  drop_timing(win/tot)=72114/4087720 pkt  drop_io(win/tot)=0/0 pkt  lost_samples(win/tot)=12980520/735789600  send_errors(win/tot)=0/0
2026-04-22 17:31:01 INFO STAT  crate=19  sent=2553591 pkt  1794.812 MB  win=11.765 Mbps 1995.5 pkt/s  tot=5.703 Mbps 967.3 pkt/s  late(win/tot)=119730/2553591  worst_late(win/tot)=97.956/220.805 ms  drop_timing(win/tot)=31941/4119661 pkt  drop_io(win/tot)=0/0 pkt  lost_samples(win/tot)=5749380/741538980  send_errors(win/tot)=0/0
2026-04-22 17:32:01 INFO STAT  crate=19  sent=2680844 pkt  1884.253 MB  win=12.505 Mbps 2120.9 pkt/s  tot=5.854 Mbps 992.9 pkt/s  late(win/tot)=127253/2680844  worst_late(win/tot)=79.045/220.805 ms  drop_timing(win/tot)=24479/4144140 pkt  drop_io(win/tot)=0/0 pkt  lost_samples(win/tot)=4406220/745945200  send_errors(win/tot)=0/0
2026-04-22 17:32:24 INFO STAT  crate=19  sent=2730000 pkt  1918.802 MB  win=12.875 Mbps 2183.7 pkt/s  tot=5.912 Mbps 1002.8 pkt/s  late(win/tot)=49156/2730000  worst_late(win/tot)=54.716/220.805 ms  drop_timing(win/tot)=7735/4151875 pkt  drop_io(win/tot)=0/0 pkt  lost_samples(win/tot)=1392300/747337500  send_errors(win/tot)=0/0
2026-04-22 17:32:24 INFO Terminato
