2026-04-22 15:10:54 INFO Start crate=5 dst=131.154.99.225:6666
2026-04-22 15:10:54 INFO Streams=91  board=7  analog/board=12  digital_streams/board=1
2026-04-22 15:10:54 INFO Sample rate=5000 Hz  samples/pkt=180  pps/stream=27.777778  total_pps=2527.778
2026-04-22 15:10:54 INFO Packet len=737 B  expected throughput=14.904 Mbps
2026-04-22 15:10:54 INFO Analog FS=+/-10.000 V  noise_rms=0.010000 V  digital_flip_prob=0.002000
2026-04-22 15:11:54 INFO STAT  crate=5  sent=62193 pkt  43.713 MB  win=6.111 Mbps 1036.4 pkt/s  tot=6.111 Mbps 1036.4 pkt/s  late(win/tot)=62193/62193  worst_late(win/tot)=146.371/146.371 ms  drop_timing(win/tot)=89397/89397 pkt  drop_io(win/tot)=0/0 pkt  lost_samples(win/tot)=16091460/16091460  send_errors(win/tot)=0/0
2026-04-22 15:12:54 INFO STAT  crate=5  sent=126292 pkt  88.765 MB  win=6.299 Mbps 1068.4 pkt/s  tot=6.205 Mbps 1052.4 pkt/s  late(win/tot)=64099/126292  worst_late(win/tot)=155.449/155.449 ms  drop_timing(win/tot)=87554/176951 pkt  drop_io(win/tot)=0/0 pkt  lost_samples(win/tot)=15759720/31851180  send_errors(win/tot)=0/0
2026-04-22 15:13:54 INFO STAT  crate=5  sent=191693 pkt  134.733 MB  win=6.427 Mbps 1090.0 pkt/s  tot=6.279 Mbps 1065.0 pkt/s  late(win/tot)=65401/191693  worst_late(win/tot)=173.842/173.842 ms  drop_timing(win/tot)=86267/263218 pkt  drop_io(win/tot)=0/0 pkt  lost_samples(win/tot)=15528060/47379240  send_errors(win/tot)=0/0
2026-04-22 15:14:54 INFO STAT  crate=5  sent=257658 pkt  181.097 MB  win=6.482 Mbps 1099.4 pkt/s  tot=6.330 Mbps 1073.6 pkt/s  late(win/tot)=65965/257658  worst_late(win/tot)=162.686/173.842 ms  drop_timing(win/tot)=85695/348913 pkt  drop_io(win/tot)=0/0 pkt  lost_samples(win/tot)=15425100/62804340  send_errors(win/tot)=0/0
2026-04-22 15:15:54 INFO STAT  crate=5  sent=321185 pkt  225.747 MB  win=6.243 Mbps 1058.8 pkt/s  tot=6.312 Mbps 1070.6 pkt/s  late(win/tot)=63527/321185  worst_late(win/tot)=142.930/173.842 ms  drop_timing(win/tot)=88120/437033 pkt  drop_io(win/tot)=0/0 pkt  lost_samples(win/tot)=15861600/78665940  send_errors(win/tot)=0/0
2026-04-22 15:16:54 INFO STAT  crate=5  sent=387497 pkt  272.355 MB  win=6.516 Mbps 1105.2 pkt/s  tot=6.346 Mbps 1076.4 pkt/s  late(win/tot)=66312/387497  worst_late(win/tot)=149.221/173.842 ms  drop_timing(win/tot)=85402/522435 pkt  drop_io(win/tot)=0/0 pkt  lost_samples(win/tot)=15372360/94038300  send_errors(win/tot)=0/0
2026-04-22 15:17:54 INFO STAT  crate=5  sent=457292 pkt  321.411 MB  win=6.858 Mbps 1163.2 pkt/s  tot=6.419 Mbps 1088.8 pkt/s  late(win/tot)=69795/457292  worst_late(win/tot)=154.592/173.842 ms  drop_timing(win/tot)=81821/604256 pkt  drop_io(win/tot)=0/0 pkt  lost_samples(win/tot)=14727780/108766080  send_errors(win/tot)=0/0
2026-04-22 15:18:54 INFO STAT  crate=5  sent=525468 pkt  369.329 MB  win=6.700 Mbps 1136.3 pkt/s  tot=6.454 Mbps 1094.7 pkt/s  late(win/tot)=68176/525468  worst_late(win/tot)=133.860/173.842 ms  drop_timing(win/tot)=83541/687797 pkt  drop_io(win/tot)=0/0 pkt  lost_samples(win/tot)=15037380/123803460  send_errors(win/tot)=0/0
2026-04-22 15:19:54 INFO STAT  crate=5  sent=591949 pkt  416.056 MB  win=6.533 Mbps 1108.1 pkt/s  tot=6.463 Mbps 1096.2 pkt/s  late(win/tot)=66481/591949  worst_late(win/tot)=136.461/173.842 ms  drop_timing(win/tot)=85174/772971 pkt  drop_io(win/tot)=0/0 pkt  lost_samples(win/tot)=15331320/139134780  send_errors(win/tot)=0/0
2026-04-22 15:20:54 INFO STAT  crate=5  sent=661268 pkt  464.777 MB  win=6.812 Mbps 1155.3 pkt/s  tot=6.498 Mbps 1102.1 pkt/s  late(win/tot)=69319/661268  worst_late(win/tot)=190.757/190.757 ms  drop_timing(win/tot)=82297/855268 pkt  drop_io(win/tot)=0/0 pkt  lost_samples(win/tot)=14813460/153948240  send_errors(win/tot)=0/0
2026-04-22 15:21:54 INFO STAT  crate=5  sent=726756 pkt  510.806 MB  win=6.435 Mbps 1091.4 pkt/s  tot=6.492 Mbps 1101.1 pkt/s  late(win/tot)=65488/726756  worst_late(win/tot)=153.761/190.757 ms  drop_timing(win/tot)=86189/941457 pkt  drop_io(win/tot)=0/0 pkt  lost_samples(win/tot)=15514020/169462260  send_errors(win/tot)=0/0
2026-04-22 15:22:54 INFO STAT  crate=5  sent=794255 pkt  558.248 MB  win=6.633 Mbps 1125.0 pkt/s  tot=6.504 Mbps 1103.1 pkt/s  late(win/tot)=67499/794255  worst_late(win/tot)=156.958/190.757 ms  drop_timing(win/tot)=84215/1025672 pkt  drop_io(win/tot)=0/0 pkt  lost_samples(win/tot)=15158700/184620960  send_errors(win/tot)=0/0
2026-04-22 15:23:54 INFO STAT  crate=5  sent=857713 pkt  602.850 MB  win=6.236 Mbps 1057.7 pkt/s  tot=6.483 Mbps 1099.6 pkt/s  late(win/tot)=63458/857713  worst_late(win/tot)=142.329/190.757 ms  drop_timing(win/tot)=88114/1113786 pkt  drop_io(win/tot)=0/0 pkt  lost_samples(win/tot)=15860520/200481480  send_errors(win/tot)=0/0
2026-04-22 15:24:54 INFO STAT  crate=5  sent=923268 pkt  648.926 MB  win=6.442 Mbps 1092.5 pkt/s  tot=6.480 Mbps 1099.1 pkt/s  late(win/tot)=65555/923268  worst_late(win/tot)=141.861/190.757 ms  drop_timing(win/tot)=86185/1199971 pkt  drop_io(win/tot)=0/0 pkt  lost_samples(win/tot)=15513300/215994780  send_errors(win/tot)=0/0
2026-04-22 15:25:54 INFO STAT  crate=5  sent=988791 pkt  694.980 MB  win=6.439 Mbps 1092.1 pkt/s  tot=6.478 Mbps 1098.7 pkt/s  late(win/tot)=65523/988791  worst_late(win/tot)=200.912/200.912 ms  drop_timing(win/tot)=86118/1286089 pkt  drop_io(win/tot)=0/0 pkt  lost_samples(win/tot)=15501240/231496020  send_errors(win/tot)=0/0
2026-04-22 15:26:54 INFO STAT  crate=5  sent=1057875 pkt  743.536 MB  win=6.789 Mbps 1151.4 pkt/s  tot=6.497 Mbps 1102.0 pkt/s  late(win/tot)=69084/1057875  worst_late(win/tot)=134.660/200.912 ms  drop_timing(win/tot)=82624/1368713 pkt  drop_io(win/tot)=0/0 pkt  lost_samples(win/tot)=14872320/246368340  send_errors(win/tot)=0/0
2026-04-22 15:27:54 INFO STAT  crate=5  sent=1139072 pkt  800.606 MB  win=7.979 Mbps 1353.3 pkt/s  tot=6.584 Mbps 1116.7 pkt/s  late(win/tot)=81197/1139072  worst_late(win/tot)=144.551/200.912 ms  drop_timing(win/tot)=70454/1439167 pkt  drop_io(win/tot)=0/0 pkt  lost_samples(win/tot)=12681720/259050060  send_errors(win/tot)=0/0
2026-04-22 15:28:54 INFO STAT  crate=5  sent=1223739 pkt  860.115 MB  win=8.320 Mbps 1411.1 pkt/s  tot=6.681 Mbps 1133.1 pkt/s  late(win/tot)=84667/1223739  worst_late(win/tot)=124.252/200.912 ms  drop_timing(win/tot)=67003/1506170 pkt  drop_io(win/tot)=0/0 pkt  lost_samples(win/tot)=12060540/271110600  send_errors(win/tot)=0/0
2026-04-22 15:29:54 INFO STAT  crate=5  sent=1306594 pkt  918.350 MB  win=8.142 Mbps 1380.9 pkt/s  tot=6.758 Mbps 1146.1 pkt/s  late(win/tot)=82855/1306594  worst_late(win/tot)=127.575/200.912 ms  drop_timing(win/tot)=68805/1574975 pkt  drop_io(win/tot)=0/0 pkt  lost_samples(win/tot)=12384900/283495500  send_errors(win/tot)=0/0
2026-04-22 15:30:54 INFO STAT  crate=5  sent=1388946 pkt  976.232 MB  win=8.093 Mbps 1372.6 pkt/s  tot=6.824 Mbps 1157.5 pkt/s  late(win/tot)=82352/1388946  worst_late(win/tot)=127.399/200.912 ms  drop_timing(win/tot)=69316/1644291 pkt  drop_io(win/tot)=0/0 pkt  lost_samples(win/tot)=12476880/295972380  send_errors(win/tot)=0/0
2026-04-22 15:31:54 INFO STAT  crate=5  sent=1473025 pkt  1035.327 MB  win=8.262 Mbps 1401.3 pkt/s  tot=6.893 Mbps 1169.1 pkt/s  late(win/tot)=84079/1473025  worst_late(win/tot)=132.487/200.912 ms  drop_timing(win/tot)=67614/1711905 pkt  drop_io(win/tot)=0/0 pkt  lost_samples(win/tot)=12170520/308142900  send_errors(win/tot)=0/0
2026-04-22 15:32:54 INFO STAT  crate=5  sent=1555871 pkt  1093.556 MB  win=8.141 Mbps 1380.8 pkt/s  tot=6.950 Mbps 1178.7 pkt/s  late(win/tot)=82846/1555871  worst_late(win/tot)=141.843/200.912 ms  drop_timing(win/tot)=68825/1780730 pkt  drop_io(win/tot)=0/0 pkt  lost_samples(win/tot)=12388500/320531400  send_errors(win/tot)=0/0
2026-04-22 15:33:54 INFO STAT  crate=5  sent=1659562 pkt  1166.436 MB  win=10.189 Mbps 1728.2 pkt/s  tot=7.090 Mbps 1202.6 pkt/s  late(win/tot)=103691/1659562  worst_late(win/tot)=120.103/200.912 ms  drop_timing(win/tot)=48013/1828743 pkt  drop_io(win/tot)=0/0 pkt  lost_samples(win/tot)=8642340/329173740  send_errors(win/tot)=0/0
2026-04-22 15:34:54 INFO STAT  crate=5  sent=1772226 pkt  1245.623 MB  win=11.070 Mbps 1877.6 pkt/s  tot=7.256 Mbps 1230.7 pkt/s  late(win/tot)=112664/1772226  worst_late(win/tot)=87.608/200.912 ms  drop_timing(win/tot)=38968/1867711 pkt  drop_io(win/tot)=0/0 pkt  lost_samples(win/tot)=7014240/336187980  send_errors(win/tot)=0/0
2026-04-22 15:35:54 INFO STAT  crate=5  sent=1883618 pkt  1323.916 MB  win=10.947 Mbps 1856.7 pkt/s  tot=7.404 Mbps 1255.7 pkt/s  late(win/tot)=111392/1883618  worst_late(win/tot)=96.654/200.912 ms  drop_timing(win/tot)=40256/1907967 pkt  drop_io(win/tot)=0/0 pkt  lost_samples(win/tot)=7246080/343434060  send_errors(win/tot)=0/0
2026-04-22 15:36:54 INFO STAT  crate=5  sent=2020024 pkt  1419.790 MB  win=13.405 Mbps 2273.5 pkt/s  tot=7.635 Mbps 1294.9 pkt/s  late(win/tot)=136406/2020024  worst_late(win/tot)=85.263/200.912 ms  drop_timing(win/tot)=15343/1923310 pkt  drop_io(win/tot)=0/0 pkt  lost_samples(win/tot)=2761740/346195800  send_errors(win/tot)=0/0
2026-04-22 15:37:54 INFO STAT  crate=5  sent=2171158 pkt  1526.016 MB  win=14.851 Mbps 2518.9 pkt/s  tot=7.902 Mbps 1340.2 pkt/s  late(win/tot)=151134/2171158  worst_late(win/tot)=49.338/200.912 ms  drop_timing(win/tot)=532/1923842 pkt  drop_io(win/tot)=0/0 pkt  lost_samples(win/tot)=95760/346291560  send_errors(win/tot)=0/0
2026-04-22 15:38:54 INFO STAT  crate=5  sent=2322756 pkt  1632.568 MB  win=14.897 Mbps 2526.6 pkt/s  tot=8.152 Mbps 1382.6 pkt/s  late(win/tot)=151598/2322756  worst_late(win/tot)=38.697/200.912 ms  drop_timing(win/tot)=69/1923911 pkt  drop_io(win/tot)=0/0 pkt  lost_samples(win/tot)=12420/346303980  send_errors(win/tot)=0/0
2026-04-22 15:39:54 INFO STAT  crate=5  sent=2474423 pkt  1739.168 MB  win=14.904 Mbps 2527.8 pkt/s  tot=8.385 Mbps 1422.1 pkt/s  late(win/tot)=151666/2474422  worst_late(win/tot)=25.971/200.912 ms  drop_timing(win/tot)=0/1923911 pkt  drop_io(win/tot)=0/0 pkt  lost_samples(win/tot)=0/346303980  send_errors(win/tot)=0/0
2026-04-22 15:40:54 INFO STAT  crate=5  sent=2626089 pkt  1845.768 MB  win=14.904 Mbps 2527.8 pkt/s  tot=8.602 Mbps 1458.9 pkt/s  late(win/tot)=151666/2626088  worst_late(win/tot)=27.521/200.912 ms  drop_timing(win/tot)=0/1923911 pkt  drop_io(win/tot)=0/0 pkt  lost_samples(win/tot)=0/346303980  send_errors(win/tot)=0/0
2026-04-22 15:41:36 INFO STAT  crate=5  sent=2730000 pkt  1918.802 MB  win=14.773 Mbps 2505.7 pkt/s  tot=8.741 Mbps 1482.5 pkt/s  late(win/tot)=103911/2729999  worst_late(win/tot)=28.660/200.912 ms  drop_timing(win/tot)=0/1923911 pkt  drop_io(win/tot)=0/0 pkt  lost_samples(win/tot)=0/346303980  send_errors(win/tot)=0/0
2026-04-22 15:41:36 INFO Terminato
