2026-04-22 17:46:25 INFO Start crate=20 dst=131.154.99.225:6666
2026-04-22 17:46:25 INFO Streams=91  board=7  analog/board=12  digital_streams/board=1
2026-04-22 17:46:25 INFO Sample rate=5000 Hz  samples/pkt=180  pps/stream=27.777778  total_pps=2527.778
2026-04-22 17:46:25 INFO Packet len=737 B  expected throughput=14.904 Mbps
2026-04-22 17:46:25 INFO Analog FS=+/-10.000 V  noise_rms=0.010000 V  digital_flip_prob=0.002000
2026-04-22 17:47:25 INFO STAT  crate=20  sent=89033 pkt  62.578 MB  win=8.749 Mbps 1483.9 pkt/s  tot=8.749 Mbps 1483.9 pkt/s  late(win/tot)=89033/89033  worst_late(win/tot)=110.347/110.347 ms  drop_timing(win/tot)=62538/62538 pkt  drop_io(win/tot)=0/0 pkt  lost_samples(win/tot)=11256840/11256840  send_errors(win/tot)=0/0
2026-04-22 17:48:25 INFO STAT  crate=20  sent=178440 pkt  125.418 MB  win=8.785 Mbps 1490.0 pkt/s  tot=8.767 Mbps 1487.0 pkt/s  late(win/tot)=89407/178440  worst_late(win/tot)=127.880/127.880 ms  drop_timing(win/tot)=62276/124814 pkt  drop_io(win/tot)=0/0 pkt  lost_samples(win/tot)=11209680/22466520  send_errors(win/tot)=0/0
2026-04-22 17:49:25 INFO STAT  crate=20  sent=247110 pkt  173.683 MB  win=6.748 Mbps 1144.6 pkt/s  tot=8.094 Mbps 1372.8 pkt/s  late(win/tot)=68670/247110  worst_late(win/tot)=151.348/151.348 ms  drop_timing(win/tot)=82958/207772 pkt  drop_io(win/tot)=0/0 pkt  lost_samples(win/tot)=14932440/37398960  send_errors(win/tot)=0/0
2026-04-22 17:50:25 INFO STAT  crate=20  sent=318562 pkt  223.904 MB  win=7.021 Mbps 1190.9 pkt/s  tot=7.826 Mbps 1327.3 pkt/s  late(win/tot)=71452/318562  worst_late(win/tot)=150.396/151.348 ms  drop_timing(win/tot)=80221/287993 pkt  drop_io(win/tot)=0/0 pkt  lost_samples(win/tot)=14439780/51838740  send_errors(win/tot)=0/0
2026-04-22 17:51:25 INFO STAT  crate=20  sent=388923 pkt  273.358 MB  win=6.914 Mbps 1172.6 pkt/s  tot=7.644 Mbps 1296.4 pkt/s  late(win/tot)=70361/388923  worst_late(win/tot)=148.230/151.348 ms  drop_timing(win/tot)=81300/369293 pkt  drop_io(win/tot)=0/0 pkt  lost_samples(win/tot)=14634000/66472740  send_errors(win/tot)=0/0
2026-04-22 17:52:25 INFO STAT  crate=20  sent=460847 pkt  323.910 MB  win=7.068 Mbps 1198.7 pkt/s  tot=7.548 Mbps 1280.1 pkt/s  late(win/tot)=71924/460847  worst_late(win/tot)=161.214/161.214 ms  drop_timing(win/tot)=79809/449102 pkt  drop_io(win/tot)=0/0 pkt  lost_samples(win/tot)=14365620/80838360  send_errors(win/tot)=0/0
2026-04-22 17:53:25 INFO STAT  crate=20  sent=531756 pkt  373.749 MB  win=6.968 Mbps 1181.9 pkt/s  tot=7.465 Mbps 1266.1 pkt/s  late(win/tot)=70909/531756  worst_late(win/tot)=161.417/161.417 ms  drop_timing(win/tot)=80679/529781 pkt  drop_io(win/tot)=0/0 pkt  lost_samples(win/tot)=14522220/95360580  send_errors(win/tot)=0/0
2026-04-22 17:54:25 INFO STAT  crate=20  sent=599369 pkt  421.271 MB  win=6.644 Mbps 1126.9 pkt/s  tot=7.362 Mbps 1248.7 pkt/s  late(win/tot)=67613/599369  worst_late(win/tot)=141.579/161.417 ms  drop_timing(win/tot)=84072/613853 pkt  drop_io(win/tot)=0/0 pkt  lost_samples(win/tot)=15132960/110493540  send_errors(win/tot)=0/0
2026-04-22 17:55:25 INFO STAT  crate=20  sent=671820 pkt  472.194 MB  win=7.119 Mbps 1207.4 pkt/s  tot=7.335 Mbps 1244.1 pkt/s  late(win/tot)=72451/671820  worst_late(win/tot)=150.779/161.417 ms  drop_timing(win/tot)=79244/693097 pkt  drop_io(win/tot)=0/0 pkt  lost_samples(win/tot)=14263920/124757460  send_errors(win/tot)=0/0
2026-04-22 17:56:25 INFO STAT  crate=20  sent=741635 pkt  521.264 MB  win=6.860 Mbps 1163.6 pkt/s  tot=7.288 Mbps 1236.1 pkt/s  late(win/tot)=69815/741635  worst_late(win/tot)=130.181/161.417 ms  drop_timing(win/tot)=81823/774920 pkt  drop_io(win/tot)=0/0 pkt  lost_samples(win/tot)=14728140/139485600  send_errors(win/tot)=0/0
2026-04-22 17:57:25 INFO STAT  crate=20  sent=815333 pkt  573.063 MB  win=7.243 Mbps 1228.4 pkt/s  tot=7.284 Mbps 1235.4 pkt/s  late(win/tot)=73698/815333  worst_late(win/tot)=136.149/161.417 ms  drop_timing(win/tot)=77954/852874 pkt  drop_io(win/tot)=0/0 pkt  lost_samples(win/tot)=14031720/153517320  send_errors(win/tot)=0/0
2026-04-22 17:58:25 INFO STAT  crate=20  sent=887307 pkt  623.651 MB  win=7.073 Mbps 1199.6 pkt/s  tot=7.266 Mbps 1232.4 pkt/s  late(win/tot)=71974/887307  worst_late(win/tot)=149.281/161.417 ms  drop_timing(win/tot)=79696/932570 pkt  drop_io(win/tot)=0/0 pkt  lost_samples(win/tot)=14345280/167862600  send_errors(win/tot)=0/0
2026-04-22 17:59:25 INFO STAT  crate=20  sent=958313 pkt  673.558 MB  win=6.977 Mbps 1183.4 pkt/s  tot=7.244 Mbps 1228.6 pkt/s  late(win/tot)=71006/958313  worst_late(win/tot)=151.130/161.417 ms  drop_timing(win/tot)=80677/1013247 pkt  drop_io(win/tot)=0/0 pkt  lost_samples(win/tot)=14521860/182384460  send_errors(win/tot)=0/0
2026-04-22 18:00:25 INFO STAT  crate=20  sent=1032376 pkt  725.614 MB  win=7.278 Mbps 1234.4 pkt/s  tot=7.246 Mbps 1229.0 pkt/s  late(win/tot)=74063/1032376  worst_late(win/tot)=165.463/165.463 ms  drop_timing(win/tot)=77598/1090845 pkt  drop_io(win/tot)=0/0 pkt  lost_samples(win/tot)=13967640/196352100  send_errors(win/tot)=0/0
2026-04-22 18:01:25 INFO STAT  crate=20  sent=1102787 pkt  775.103 MB  win=6.919 Mbps 1173.4 pkt/s  tot=7.224 Mbps 1225.3 pkt/s  late(win/tot)=70411/1102787  worst_late(win/tot)=144.493/165.463 ms  drop_timing(win/tot)=81243/1172088 pkt  drop_io(win/tot)=0/0 pkt  lost_samples(win/tot)=14623740/210975840  send_errors(win/tot)=0/0
2026-04-22 18:02:25 INFO STAT  crate=20  sent=1173909 pkt  825.091 MB  win=6.990 Mbps 1185.5 pkt/s  tot=7.210 Mbps 1222.8 pkt/s  late(win/tot)=71122/1173909  worst_late(win/tot)=159.383/165.463 ms  drop_timing(win/tot)=80538/1252626 pkt  drop_io(win/tot)=0/0 pkt  lost_samples(win/tot)=14496840/225472680  send_errors(win/tot)=0/0
2026-04-22 18:03:25 INFO STAT  crate=20  sent=1243393 pkt  873.929 MB  win=6.827 Mbps 1157.9 pkt/s  tot=7.187 Mbps 1219.0 pkt/s  late(win/tot)=69484/1243393  worst_late(win/tot)=142.646/165.463 ms  drop_timing(win/tot)=82216/1334842 pkt  drop_io(win/tot)=0/0 pkt  lost_samples(win/tot)=14798880/240271560  send_errors(win/tot)=0/0
2026-04-22 18:04:25 INFO STAT  crate=20  sent=1314109 pkt  923.632 MB  win=6.949 Mbps 1178.6 pkt/s  tot=7.174 Mbps 1216.8 pkt/s  late(win/tot)=70716/1314109  worst_late(win/tot)=142.555/165.463 ms  drop_timing(win/tot)=80950/1415792 pkt  drop_io(win/tot)=0/0 pkt  lost_samples(win/tot)=14571000/254842560  send_errors(win/tot)=0/0
2026-04-22 18:05:25 INFO STAT  crate=20  sent=1383867 pkt  972.662 MB  win=6.855 Mbps 1162.6 pkt/s  tot=7.157 Mbps 1213.9 pkt/s  late(win/tot)=69758/1383867  worst_late(win/tot)=143.468/165.463 ms  drop_timing(win/tot)=81936/1497728 pkt  drop_io(win/tot)=0/0 pkt  lost_samples(win/tot)=14748480/269591040  send_errors(win/tot)=0/0
2026-04-22 18:06:25 INFO STAT  crate=20  sent=1453615 pkt  1021.685 MB  win=6.855 Mbps 1162.6 pkt/s  tot=7.142 Mbps 1211.3 pkt/s  late(win/tot)=69748/1453615  worst_late(win/tot)=142.101/165.463 ms  drop_timing(win/tot)=81850/1579578 pkt  drop_io(win/tot)=0/0 pkt  lost_samples(win/tot)=14733000/284324040  send_errors(win/tot)=0/0
2026-04-22 18:07:25 INFO STAT  crate=20  sent=1523283 pkt  1070.652 MB  win=6.846 Mbps 1161.1 pkt/s  tot=7.128 Mbps 1209.0 pkt/s  late(win/tot)=69668/1523283  worst_late(win/tot)=145.635/165.463 ms  drop_timing(win/tot)=82046/1661624 pkt  drop_io(win/tot)=0/0 pkt  lost_samples(win/tot)=14768280/299092320  send_errors(win/tot)=0/0
2026-04-22 18:08:25 INFO STAT  crate=20  sent=1593463 pkt  1119.978 MB  win=6.896 Mbps 1169.7 pkt/s  tot=7.117 Mbps 1207.2 pkt/s  late(win/tot)=70180/1593463  worst_late(win/tot)=151.775/165.463 ms  drop_timing(win/tot)=81478/1743102 pkt  drop_io(win/tot)=0/0 pkt  lost_samples(win/tot)=14666040/313758360  send_errors(win/tot)=0/0
2026-04-22 18:09:25 INFO STAT  crate=20  sent=1665798 pkt  1170.819 MB  win=7.108 Mbps 1205.6 pkt/s  tot=7.117 Mbps 1207.1 pkt/s  late(win/tot)=72335/1665798  worst_late(win/tot)=146.676/165.463 ms  drop_timing(win/tot)=79344/1822446 pkt  drop_io(win/tot)=0/0 pkt  lost_samples(win/tot)=14281920/328040280  send_errors(win/tot)=0/0
2026-04-22 18:10:25 INFO STAT  crate=20  sent=1737744 pkt  1221.387 MB  win=7.070 Mbps 1199.2 pkt/s  tot=7.115 Mbps 1206.8 pkt/s  late(win/tot)=71946/1737744  worst_late(win/tot)=134.533/165.463 ms  drop_timing(win/tot)=79738/1902184 pkt  drop_io(win/tot)=0/0 pkt  lost_samples(win/tot)=14352840/342393120  send_errors(win/tot)=0/0
2026-04-22 18:11:25 INFO STAT  crate=20  sent=1806932 pkt  1270.017 MB  win=6.799 Mbps 1153.1 pkt/s  tot=7.102 Mbps 1204.6 pkt/s  late(win/tot)=69188/1806932  worst_late(win/tot)=164.065/165.463 ms  drop_timing(win/tot)=82458/1984642 pkt  drop_io(win/tot)=0/0 pkt  lost_samples(win/tot)=14842440/357235560  send_errors(win/tot)=0/0
2026-04-22 18:12:25 INFO STAT  crate=20  sent=1879183 pkt  1320.799 MB  win=7.100 Mbps 1204.2 pkt/s  tot=7.102 Mbps 1204.6 pkt/s  late(win/tot)=72251/1879183  worst_late(win/tot)=152.650/165.463 ms  drop_timing(win/tot)=79430/2064072 pkt  drop_io(win/tot)=0/0 pkt  lost_samples(win/tot)=14297400/371532960  send_errors(win/tot)=0/0
2026-04-22 18:13:25 INFO STAT  crate=20  sent=1950477 pkt  1370.908 MB  win=7.005 Mbps 1188.1 pkt/s  tot=7.099 Mbps 1204.0 pkt/s  late(win/tot)=71294/1950477  worst_late(win/tot)=150.112/165.463 ms  drop_timing(win/tot)=80337/2144409 pkt  drop_io(win/tot)=0/0 pkt  lost_samples(win/tot)=14460660/385993620  send_errors(win/tot)=0/0
2026-04-22 18:14:25 INFO STAT  crate=20  sent=2022887 pkt  1421.802 MB  win=7.116 Mbps 1207.0 pkt/s  tot=7.099 Mbps 1204.1 pkt/s  late(win/tot)=72410/2022887  worst_late(win/tot)=150.219/165.463 ms  drop_timing(win/tot)=79287/2223696 pkt  drop_io(win/tot)=0/0 pkt  lost_samples(win/tot)=14271660/400265280  send_errors(win/tot)=0/0
2026-04-22 18:15:25 INFO STAT  crate=20  sent=2094340 pkt  1472.024 MB  win=7.021 Mbps 1190.7 pkt/s  tot=7.097 Mbps 1203.6 pkt/s  late(win/tot)=71453/2094340  worst_late(win/tot)=133.290/165.463 ms  drop_timing(win/tot)=80191/2303887 pkt  drop_io(win/tot)=0/0 pkt  lost_samples(win/tot)=14434380/414699660  send_errors(win/tot)=0/0
2026-04-22 18:16:25 INFO STAT  crate=20  sent=2162782 pkt  1520.129 MB  win=6.726 Mbps 1140.7 pkt/s  tot=7.084 Mbps 1201.5 pkt/s  late(win/tot)=68442/2162782  worst_late(win/tot)=152.883/165.463 ms  drop_timing(win/tot)=83240/2387127 pkt  drop_io(win/tot)=0/0 pkt  lost_samples(win/tot)=14983200/429682860  send_errors(win/tot)=0/0
2026-04-22 18:17:25 INFO STAT  crate=20  sent=2232599 pkt  1569.200 MB  win=6.861 Mbps 1163.6 pkt/s  tot=7.077 Mbps 1200.3 pkt/s  late(win/tot)=69817/2232599  worst_late(win/tot)=143.221/165.463 ms  drop_timing(win/tot)=81834/2468961 pkt  drop_io(win/tot)=0/0 pkt  lost_samples(win/tot)=14730120/444412980  send_errors(win/tot)=0/0
2026-04-22 18:18:25 INFO STAT  crate=20  sent=2305602 pkt  1620.511 MB  win=7.174 Mbps 1216.8 pkt/s  tot=7.080 Mbps 1200.8 pkt/s  late(win/tot)=73003/2305602  worst_late(win/tot)=144.074/165.463 ms  drop_timing(win/tot)=78665/2547626 pkt  drop_io(win/tot)=0/0 pkt  lost_samples(win/tot)=14159700/458572680  send_errors(win/tot)=0/0
2026-04-22 18:19:25 INFO STAT  crate=20  sent=2390763 pkt  1680.367 MB  win=8.369 Mbps 1419.5 pkt/s  tot=7.119 Mbps 1207.5 pkt/s  late(win/tot)=85161/2390763  worst_late(win/tot)=140.812/165.463 ms  drop_timing(win/tot)=66526/2614152 pkt  drop_io(win/tot)=0/0 pkt  lost_samples(win/tot)=11974680/470547360  send_errors(win/tot)=0/0
2026-04-22 18:20:25 INFO STAT  crate=20  sent=2479406 pkt  1742.670 MB  win=8.710 Mbps 1477.3 pkt/s  tot=7.166 Mbps 1215.4 pkt/s  late(win/tot)=88643/2479406  worst_late(win/tot)=131.350/165.463 ms  drop_timing(win/tot)=63015/2677167 pkt  drop_io(win/tot)=0/0 pkt  lost_samples(win/tot)=11342700/481890060  send_errors(win/tot)=0/0
2026-04-22 18:21:25 INFO STAT  crate=20  sent=2581404 pkt  1814.360 MB  win=10.024 Mbps 1700.1 pkt/s  tot=7.248 Mbps 1229.2 pkt/s  late(win/tot)=101998/2581404  worst_late(win/tot)=121.056/165.463 ms  drop_timing(win/tot)=49763/2726930 pkt  drop_io(win/tot)=0/0 pkt  lost_samples(win/tot)=8957340/490847400  send_errors(win/tot)=0/0
2026-04-22 18:22:25 INFO STAT  crate=20  sent=2730000 pkt  1918.802 MB  win=14.793 Mbps 2509.0 pkt/s  tot=7.455 Mbps 1264.3 pkt/s  late(win/tot)=148596/2730000  worst_late(win/tot)=71.733/165.463 ms  drop_timing(win/tot)=465/2727395 pkt  drop_io(win/tot)=0/0 pkt  lost_samples(win/tot)=83700/490931100  send_errors(win/tot)=0/0
2026-04-22 18:22:25 INFO Terminato
