2026-04-22 17:51:00 INFO Start crate=28 dst=131.154.99.225:6666
2026-04-22 17:51:00 INFO Streams=91  board=7  analog/board=12  digital_streams/board=1
2026-04-22 17:51:00 INFO Sample rate=5000 Hz  samples/pkt=180  pps/stream=27.777778  total_pps=2527.778
2026-04-22 17:51:00 INFO Packet len=737 B  expected throughput=14.904 Mbps
2026-04-22 17:51:00 INFO Analog FS=+/-10.000 V  noise_rms=0.010000 V  digital_flip_prob=0.002000
2026-04-22 17:52:00 INFO STAT  crate=28  sent=129372 pkt  90.930 MB  win=12.713 Mbps 2156.2 pkt/s  tot=12.713 Mbps 2156.2 pkt/s  late(win/tot)=129372/129372  worst_late(win/tot)=54.198/54.198 ms  drop_timing(win/tot)=22207/22207 pkt  drop_io(win/tot)=0/0 pkt  lost_samples(win/tot)=3997260/3997260  send_errors(win/tot)=0/0
2026-04-22 17:53:00 INFO STAT  crate=28  sent=259591 pkt  182.456 MB  win=12.796 Mbps 2170.3 pkt/s  tot=12.755 Mbps 2163.3 pkt/s  late(win/tot)=130219/259591  worst_late(win/tot)=53.434/54.198 ms  drop_timing(win/tot)=21473/43680 pkt  drop_io(win/tot)=0/0 pkt  lost_samples(win/tot)=3865140/7862400  send_errors(win/tot)=0/0
2026-04-22 17:54:00 INFO STAT  crate=28  sent=392092 pkt  275.585 MB  win=13.020 Mbps 2208.3 pkt/s  tot=12.843 Mbps 2178.3 pkt/s  late(win/tot)=132501/392092  worst_late(win/tot)=53.391/54.198 ms  drop_timing(win/tot)=19201/62881 pkt  drop_io(win/tot)=0/0 pkt  lost_samples(win/tot)=3456180/11318580  send_errors(win/tot)=0/0
2026-04-22 17:55:00 INFO STAT  crate=28  sent=522043 pkt  366.922 MB  win=12.770 Mbps 2165.9 pkt/s  tot=12.825 Mbps 2175.2 pkt/s  late(win/tot)=129951/522043  worst_late(win/tot)=62.114/62.114 ms  drop_timing(win/tot)=21658/84539 pkt  drop_io(win/tot)=0/0 pkt  lost_samples(win/tot)=3898440/15217020  send_errors(win/tot)=0/0
2026-04-22 17:56:00 INFO STAT  crate=28  sent=652619 pkt  458.698 MB  win=12.831 Mbps 2176.3 pkt/s  tot=12.826 Mbps 2175.4 pkt/s  late(win/tot)=130576/652619  worst_late(win/tot)=53.389/62.114 ms  drop_timing(win/tot)=21112/105651 pkt  drop_io(win/tot)=0/0 pkt  lost_samples(win/tot)=3800160/19017180  send_errors(win/tot)=0/0
2026-04-22 17:57:00 INFO STAT  crate=28  sent=782102 pkt  549.707 MB  win=12.724 Mbps 2158.0 pkt/s  tot=12.809 Mbps 2172.5 pkt/s  late(win/tot)=129483/782102  worst_late(win/tot)=54.358/62.114 ms  drop_timing(win/tot)=22204/127855 pkt  drop_io(win/tot)=0/0 pkt  lost_samples(win/tot)=3996720/23013900  send_errors(win/tot)=0/0
2026-04-22 17:58:00 INFO STAT  crate=28  sent=912075 pkt  641.059 MB  win=12.772 Mbps 2166.2 pkt/s  tot=12.804 Mbps 2171.6 pkt/s  late(win/tot)=129973/912075  worst_late(win/tot)=53.949/62.114 ms  drop_timing(win/tot)=21658/149513 pkt  drop_io(win/tot)=0/0 pkt  lost_samples(win/tot)=3898440/26912340  send_errors(win/tot)=0/0
2026-04-22 17:59:00 INFO STAT  crate=28  sent=1042417 pkt  732.671 MB  win=12.808 Mbps 2172.4 pkt/s  tot=12.804 Mbps 2171.7 pkt/s  late(win/tot)=130342/1042417  worst_late(win/tot)=48.838/62.114 ms  drop_timing(win/tot)=21385/170898 pkt  drop_io(win/tot)=0/0 pkt  lost_samples(win/tot)=3849300/30761640  send_errors(win/tot)=0/0
2026-04-22 18:00:00 INFO STAT  crate=28  sent=1172833 pkt  824.335 MB  win=12.816 Mbps 2173.6 pkt/s  tot=12.806 Mbps 2171.9 pkt/s  late(win/tot)=130416/1172833  worst_late(win/tot)=51.245/62.114 ms  drop_timing(win/tot)=21203/192101 pkt  drop_io(win/tot)=0/0 pkt  lost_samples(win/tot)=3816540/34578180  send_errors(win/tot)=0/0
2026-04-22 18:01:00 INFO STAT  crate=28  sent=1302299 pkt  915.331 MB  win=12.722 Mbps 2157.8 pkt/s  tot=12.797 Mbps 2170.5 pkt/s  late(win/tot)=129466/1302299  worst_late(win/tot)=53.862/62.114 ms  drop_timing(win/tot)=22204/214305 pkt  drop_io(win/tot)=0/0 pkt  lost_samples(win/tot)=3996720/38574900  send_errors(win/tot)=0/0
2026-04-22 18:02:00 INFO STAT  crate=28  sent=1432504 pkt  1006.847 MB  win=12.795 Mbps 2170.1 pkt/s  tot=12.797 Mbps 2170.5 pkt/s  late(win/tot)=130205/1432504  worst_late(win/tot)=52.398/62.114 ms  drop_timing(win/tot)=21476/235781 pkt  drop_io(win/tot)=0/0 pkt  lost_samples(win/tot)=3865680/42440580  send_errors(win/tot)=0/0
2026-04-22 18:03:00 INFO STAT  crate=28  sent=1562798 pkt  1098.425 MB  win=12.804 Mbps 2171.6 pkt/s  tot=12.798 Mbps 2170.6 pkt/s  late(win/tot)=130294/1562798  worst_late(win/tot)=55.023/62.114 ms  drop_timing(win/tot)=21385/257166 pkt  drop_io(win/tot)=0/0 pkt  lost_samples(win/tot)=3849300/46289880  send_errors(win/tot)=0/0
2026-04-22 18:04:00 INFO STAT  crate=28  sent=1692804 pkt  1189.801 MB  win=12.775 Mbps 2166.8 pkt/s  tot=12.796 Mbps 2170.3 pkt/s  late(win/tot)=130006/1692804  worst_late(win/tot)=57.507/62.114 ms  drop_timing(win/tot)=21658/278824 pkt  drop_io(win/tot)=0/0 pkt  lost_samples(win/tot)=3898440/50188320  send_errors(win/tot)=0/0
2026-04-22 18:05:00 INFO STAT  crate=28  sent=1822328 pkt  1280.838 MB  win=12.728 Mbps 2158.7 pkt/s  tot=12.791 Mbps 2169.4 pkt/s  late(win/tot)=129524/1822328  worst_late(win/tot)=60.371/62.114 ms  drop_timing(win/tot)=22113/300937 pkt  drop_io(win/tot)=0/0 pkt  lost_samples(win/tot)=3980340/54168660  send_errors(win/tot)=0/0
2026-04-22 18:06:00 INFO STAT  crate=28  sent=1952633 pkt  1372.424 MB  win=12.805 Mbps 2171.8 pkt/s  tot=12.792 Mbps 2169.6 pkt/s  late(win/tot)=130305/1952633  worst_late(win/tot)=61.508/62.114 ms  drop_timing(win/tot)=21385/322322 pkt  drop_io(win/tot)=0/0 pkt  lost_samples(win/tot)=3849300/58017960  send_errors(win/tot)=0/0
2026-04-22 18:07:00 INFO STAT  crate=28  sent=2082790 pkt  1463.906 MB  win=12.790 Mbps 2169.3 pkt/s  tot=12.792 Mbps 2169.6 pkt/s  late(win/tot)=130157/2082790  worst_late(win/tot)=58.684/62.114 ms  drop_timing(win/tot)=21476/343798 pkt  drop_io(win/tot)=0/0 pkt  lost_samples(win/tot)=3865680/61883640  send_errors(win/tot)=0/0
2026-04-22 18:08:00 INFO STAT  crate=28  sent=2212930 pkt  1555.375 MB  win=12.788 Mbps 2169.0 pkt/s  tot=12.792 Mbps 2169.5 pkt/s  late(win/tot)=130140/2212930  worst_late(win/tot)=54.116/62.114 ms  drop_timing(win/tot)=21567/365365 pkt  drop_io(win/tot)=0/0 pkt  lost_samples(win/tot)=3882060/65765700  send_errors(win/tot)=0/0
2026-04-22 18:09:00 INFO STAT  crate=28  sent=2343115 pkt  1646.877 MB  win=12.793 Mbps 2169.8 pkt/s  tot=12.792 Mbps 2169.6 pkt/s  late(win/tot)=130185/2343115  worst_late(win/tot)=57.076/62.114 ms  drop_timing(win/tot)=21476/386841 pkt  drop_io(win/tot)=0/0 pkt  lost_samples(win/tot)=3865680/69631380  send_errors(win/tot)=0/0
2026-04-22 18:10:00 INFO STAT  crate=28  sent=2473694 pkt  1738.656 MB  win=12.832 Mbps 2176.3 pkt/s  tot=12.794 Mbps 2169.9 pkt/s  late(win/tot)=130579/2473694  worst_late(win/tot)=54.806/62.114 ms  drop_timing(win/tot)=21112/407953 pkt  drop_io(win/tot)=0/0 pkt  lost_samples(win/tot)=3800160/73431540  send_errors(win/tot)=0/0
2026-04-22 18:11:00 INFO STAT  crate=28  sent=2604026 pkt  1830.260 MB  win=12.807 Mbps 2172.2 pkt/s  tot=12.794 Mbps 2170.0 pkt/s  late(win/tot)=130332/2604026  worst_late(win/tot)=58.684/62.114 ms  drop_timing(win/tot)=21294/429247 pkt  drop_io(win/tot)=0/0 pkt  lost_samples(win/tot)=3832920/77264460  send_errors(win/tot)=0/0
2026-04-22 18:11:59 INFO STAT  crate=28  sent=2730000 pkt  1918.802 MB  win=12.673 Mbps 2149.5 pkt/s  tot=12.789 Mbps 2169.1 pkt/s  late(win/tot)=125974/2730000  worst_late(win/tot)=54.317/62.114 ms  drop_timing(win/tot)=22204/451451 pkt  drop_io(win/tot)=0/0 pkt  lost_samples(win/tot)=3996720/81261180  send_errors(win/tot)=0/0
2026-04-22 18:11:59 INFO Terminato
