2026-04-22 14:52:57 INFO Start crate=14 dst=131.154.99.225:6666
2026-04-22 14:52:57 INFO Streams=91  board=7  analog/board=12  digital_streams/board=1
2026-04-22 14:52:57 INFO Sample rate=5000 Hz  samples/pkt=180  pps/stream=27.777778  total_pps=2527.778
2026-04-22 14:52:57 INFO Packet len=737 B  expected throughput=14.904 Mbps
2026-04-22 14:52:57 INFO Analog FS=+/-10.000 V  noise_rms=0.010000 V  digital_flip_prob=0.002000
2026-04-22 14:53:57 INFO STAT  crate=14  sent=151667 pkt  106.600 MB  win=14.904 Mbps 2527.8 pkt/s  tot=14.904 Mbps 2527.8 pkt/s  late(win/tot)=151667/151667  worst_late(win/tot)=21.360/21.360 ms  drop_timing(win/tot)=0/0 pkt  drop_io(win/tot)=0/0 pkt  lost_samples(win/tot)=0/0  send_errors(win/tot)=0/0
2026-04-22 14:54:57 INFO STAT  crate=14  sent=284877 pkt  200.228 MB  win=13.090 Mbps 2220.2 pkt/s  tot=13.997 Mbps 2374.0 pkt/s  late(win/tot)=133210/284877  worst_late(win/tot)=97.309/97.309 ms  drop_timing(win/tot)=18375/18375 pkt  drop_io(win/tot)=0/0 pkt  lost_samples(win/tot)=3307500/3307500  send_errors(win/tot)=0/0
2026-04-22 14:55:57 INFO STAT  crate=14  sent=397950 pkt  279.702 MB  win=11.111 Mbps 1884.4 pkt/s  tot=13.035 Mbps 2210.8 pkt/s  late(win/tot)=113073/397950  worst_late(win/tot)=99.552/99.552 ms  drop_timing(win/tot)=38600/56975 pkt  drop_io(win/tot)=0/0 pkt  lost_samples(win/tot)=6948000/10255500  send_errors(win/tot)=0/0
2026-04-22 14:56:57 INFO STAT  crate=14  sent=487164 pkt  342.407 MB  win=8.767 Mbps 1487.0 pkt/s  tot=11.968 Mbps 2029.8 pkt/s  late(win/tot)=89214/487164  worst_late(win/tot)=132.011/132.011 ms  drop_timing(win/tot)=62449/119424 pkt  drop_io(win/tot)=0/0 pkt  lost_samples(win/tot)=11240820/21496320  send_errors(win/tot)=0/0
2026-04-22 14:57:57 INFO STAT  crate=14  sent=562162 pkt  395.120 MB  win=7.369 Mbps 1249.9 pkt/s  tot=11.048 Mbps 1873.9 pkt/s  late(win/tot)=74998/562162  worst_late(win/tot)=141.637/141.637 ms  drop_timing(win/tot)=76634/196058 pkt  drop_io(win/tot)=0/0 pkt  lost_samples(win/tot)=13794120/35290440  send_errors(win/tot)=0/0
2026-04-22 14:58:57 INFO STAT  crate=14  sent=632443 pkt  444.518 MB  win=6.906 Mbps 1171.3 pkt/s  tot=10.358 Mbps 1756.8 pkt/s  late(win/tot)=70281/632443  worst_late(win/tot)=170.893/170.893 ms  drop_timing(win/tot)=81406/277464 pkt  drop_io(win/tot)=0/0 pkt  lost_samples(win/tot)=14653080/49943520  send_errors(win/tot)=0/0
2026-04-22 14:59:57 INFO STAT  crate=14  sent=701099 pkt  492.773 MB  win=6.747 Mbps 1144.3 pkt/s  tot=9.842 Mbps 1669.3 pkt/s  late(win/tot)=68656/701099  worst_late(win/tot)=151.285/170.893 ms  drop_timing(win/tot)=83035/360499 pkt  drop_io(win/tot)=0/0 pkt  lost_samples(win/tot)=14946300/64889820  send_errors(win/tot)=0/0
2026-04-22 15:00:57 INFO STAT  crate=14  sent=769657 pkt  540.960 MB  win=6.737 Mbps 1142.6 pkt/s  tot=9.454 Mbps 1603.4 pkt/s  late(win/tot)=68558/769657  worst_late(win/tot)=140.059/170.893 ms  drop_timing(win/tot)=83054/443553 pkt  drop_io(win/tot)=0/0 pkt  lost_samples(win/tot)=14949720/79839540  send_errors(win/tot)=0/0
2026-04-22 15:01:57 INFO STAT  crate=14  sent=839107 pkt  589.773 MB  win=6.825 Mbps 1157.6 pkt/s  tot=9.162 Mbps 1553.9 pkt/s  late(win/tot)=69450/839107  worst_late(win/tot)=149.771/170.893 ms  drop_timing(win/tot)=82232/525785 pkt  drop_io(win/tot)=0/0 pkt  lost_samples(win/tot)=14801760/94641300  send_errors(win/tot)=0/0
2026-04-22 15:02:57 INFO STAT  crate=14  sent=906189 pkt  636.922 MB  win=6.592 Mbps 1118.0 pkt/s  tot=8.905 Mbps 1510.3 pkt/s  late(win/tot)=67082/906189  worst_late(win/tot)=156.863/170.893 ms  drop_timing(win/tot)=84611/610396 pkt  drop_io(win/tot)=0/0 pkt  lost_samples(win/tot)=15229980/109871280  send_errors(win/tot)=0/0
2026-04-22 15:03:57 INFO STAT  crate=14  sent=977393 pkt  686.968 MB  win=6.997 Mbps 1186.7 pkt/s  tot=8.731 Mbps 1480.9 pkt/s  late(win/tot)=71204/977393  worst_late(win/tot)=158.224/170.893 ms  drop_timing(win/tot)=80467/690863 pkt  drop_io(win/tot)=0/0 pkt  lost_samples(win/tot)=14484060/124355340  send_errors(win/tot)=0/0
2026-04-22 15:04:57 INFO STAT  crate=14  sent=1045860 pkt  735.091 MB  win=6.728 Mbps 1141.2 pkt/s  tot=8.564 Mbps 1452.6 pkt/s  late(win/tot)=68467/1045860  worst_late(win/tot)=147.181/170.893 ms  drop_timing(win/tot)=83199/774062 pkt  drop_io(win/tot)=0/0 pkt  lost_samples(win/tot)=14975820/139331160  send_errors(win/tot)=0/0
2026-04-22 15:05:57 INFO STAT  crate=14  sent=1115187 pkt  783.818 MB  win=6.813 Mbps 1155.5 pkt/s  tot=8.430 Mbps 1429.7 pkt/s  late(win/tot)=69327/1115187  worst_late(win/tot)=140.453/170.893 ms  drop_timing(win/tot)=82330/856392 pkt  drop_io(win/tot)=0/0 pkt  lost_samples(win/tot)=14819400/154150560  send_errors(win/tot)=0/0
2026-04-22 15:06:57 INFO STAT  crate=14  sent=1184047 pkt  832.217 MB  win=6.766 Mbps 1147.6 pkt/s  tot=8.311 Mbps 1409.6 pkt/s  late(win/tot)=68860/1184047  worst_late(win/tot)=155.916/170.893 ms  drop_timing(win/tot)=82771/939163 pkt  drop_io(win/tot)=0/0 pkt  lost_samples(win/tot)=14898780/169049340  send_errors(win/tot)=0/0
2026-04-22 15:07:57 INFO STAT  crate=14  sent=1253701 pkt  881.174 MB  win=6.845 Mbps 1160.9 pkt/s  tot=8.213 Mbps 1393.0 pkt/s  late(win/tot)=69654/1253701  worst_late(win/tot)=150.439/170.893 ms  drop_timing(win/tot)=82055/1021218 pkt  drop_io(win/tot)=0/0 pkt  lost_samples(win/tot)=14769900/183819240  send_errors(win/tot)=0/0
2026-04-22 15:08:57 INFO STAT  crate=14  sent=1325656 pkt  931.748 MB  win=7.070 Mbps 1199.2 pkt/s  tot=8.142 Mbps 1380.9 pkt/s  late(win/tot)=71955/1325656  worst_late(win/tot)=149.128/170.893 ms  drop_timing(win/tot)=79682/1100900 pkt  drop_io(win/tot)=0/0 pkt  lost_samples(win/tot)=14342760/198162000  send_errors(win/tot)=0/0
2026-04-22 15:09:57 INFO STAT  crate=14  sent=1397042 pkt  981.922 MB  win=7.015 Mbps 1189.8 pkt/s  tot=8.075 Mbps 1369.6 pkt/s  late(win/tot)=71386/1397042  worst_late(win/tot)=147.425/170.893 ms  drop_timing(win/tot)=80313/1181213 pkt  drop_io(win/tot)=0/0 pkt  lost_samples(win/tot)=14456340/212618340  send_errors(win/tot)=0/0
2026-04-22 15:10:57 INFO STAT  crate=14  sent=1467955 pkt  1031.764 MB  win=6.968 Mbps 1181.9 pkt/s  tot=8.014 Mbps 1359.2 pkt/s  late(win/tot)=70913/1467955  worst_late(win/tot)=146.189/170.893 ms  drop_timing(win/tot)=80755/1261968 pkt  drop_io(win/tot)=0/0 pkt  lost_samples(win/tot)=14535900/227154240  send_errors(win/tot)=0/0
2026-04-22 15:11:57 INFO STAT  crate=14  sent=1538131 pkt  1081.088 MB  win=6.896 Mbps 1169.6 pkt/s  tot=7.955 Mbps 1349.2 pkt/s  late(win/tot)=70176/1538131  worst_late(win/tot)=134.657/170.893 ms  drop_timing(win/tot)=81445/1343413 pkt  drop_io(win/tot)=0/0 pkt  lost_samples(win/tot)=14660100/241814340  send_errors(win/tot)=0/0
2026-04-22 15:12:57 INFO STAT  crate=14  sent=1606200 pkt  1128.930 MB  win=6.689 Mbps 1134.5 pkt/s  tot=7.892 Mbps 1338.5 pkt/s  late(win/tot)=68069/1606200  worst_late(win/tot)=142.508/170.893 ms  drop_timing(win/tot)=83606/1427019 pkt  drop_io(win/tot)=0/0 pkt  lost_samples(win/tot)=15049080/256863420  send_errors(win/tot)=0/0
2026-04-22 15:13:57 INFO STAT  crate=14  sent=1676980 pkt  1178.679 MB  win=6.956 Mbps 1179.7 pkt/s  tot=7.847 Mbps 1330.9 pkt/s  late(win/tot)=70780/1676980  worst_late(win/tot)=166.501/170.893 ms  drop_timing(win/tot)=80906/1507925 pkt  drop_io(win/tot)=0/0 pkt  lost_samples(win/tot)=14563080/271426500  send_errors(win/tot)=0/0
2026-04-22 15:14:57 INFO STAT  crate=14  sent=1748338 pkt  1228.833 MB  win=7.011 Mbps 1189.2 pkt/s  tot=7.809 Mbps 1324.5 pkt/s  late(win/tot)=71358/1748338  worst_late(win/tot)=146.486/170.893 ms  drop_timing(win/tot)=80291/1588216 pkt  drop_io(win/tot)=0/0 pkt  lost_samples(win/tot)=14452380/285878880  send_errors(win/tot)=0/0
2026-04-22 15:15:57 INFO STAT  crate=14  sent=1816367 pkt  1276.648 MB  win=6.686 Mbps 1134.0 pkt/s  tot=7.760 Mbps 1316.2 pkt/s  late(win/tot)=68029/1816367  worst_late(win/tot)=171.512/171.512 ms  drop_timing(win/tot)=83653/1671869 pkt  drop_io(win/tot)=0/0 pkt  lost_samples(win/tot)=15057540/300936420  send_errors(win/tot)=0/0
2026-04-22 15:16:57 INFO STAT  crate=14  sent=1884318 pkt  1324.408 MB  win=6.677 Mbps 1132.4 pkt/s  tot=7.715 Mbps 1308.5 pkt/s  late(win/tot)=67951/1884318  worst_late(win/tot)=143.461/171.512 ms  drop_timing(win/tot)=83717/1755586 pkt  drop_io(win/tot)=0/0 pkt  lost_samples(win/tot)=15069060/316005480  send_errors(win/tot)=0/0
2026-04-22 15:17:57 INFO STAT  crate=14  sent=1951457 pkt  1371.597 MB  win=6.598 Mbps 1119.1 pkt/s  tot=7.671 Mbps 1301.0 pkt/s  late(win/tot)=67139/1951457  worst_late(win/tot)=142.275/171.512 ms  drop_timing(win/tot)=84547/1840133 pkt  drop_io(win/tot)=0/0 pkt  lost_samples(win/tot)=15218460/331223940  send_errors(win/tot)=0/0
2026-04-22 15:18:57 INFO STAT  crate=14  sent=2020344 pkt  1420.015 MB  win=6.769 Mbps 1148.1 pkt/s  tot=7.636 Mbps 1295.1 pkt/s  late(win/tot)=68887/2020344  worst_late(win/tot)=150.347/171.512 ms  drop_timing(win/tot)=82736/1922869 pkt  drop_io(win/tot)=0/0 pkt  lost_samples(win/tot)=14892480/346116420  send_errors(win/tot)=0/0
2026-04-22 15:19:57 INFO STAT  crate=14  sent=2090628 pkt  1469.415 MB  win=6.907 Mbps 1171.5 pkt/s  tot=7.609 Mbps 1290.5 pkt/s  late(win/tot)=70284/2090628  worst_late(win/tot)=141.952/171.512 ms  drop_timing(win/tot)=81419/2004288 pkt  drop_io(win/tot)=0/0 pkt  lost_samples(win/tot)=14655420/360771840  send_errors(win/tot)=0/0
2026-04-22 15:20:57 INFO STAT  crate=14  sent=2162156 pkt  1519.689 MB  win=7.029 Mbps 1192.1 pkt/s  tot=7.588 Mbps 1287.0 pkt/s  late(win/tot)=71528/2162156  worst_late(win/tot)=142.999/171.512 ms  drop_timing(win/tot)=80138/2084426 pkt  drop_io(win/tot)=0/0 pkt  lost_samples(win/tot)=14424840/375196680  send_errors(win/tot)=0/0
2026-04-22 15:21:57 INFO STAT  crate=14  sent=2231263 pkt  1568.261 MB  win=6.791 Mbps 1151.7 pkt/s  tot=7.561 Mbps 1282.3 pkt/s  late(win/tot)=69107/2231263  worst_late(win/tot)=140.365/171.512 ms  drop_timing(win/tot)=82547/2166973 pkt  drop_io(win/tot)=0/0 pkt  lost_samples(win/tot)=14858460/390055140  send_errors(win/tot)=0/0
2026-04-22 15:22:57 INFO STAT  crate=14  sent=2299141 pkt  1615.970 MB  win=6.671 Mbps 1131.4 pkt/s  tot=7.531 Mbps 1277.3 pkt/s  late(win/tot)=67878/2299141  worst_late(win/tot)=136.264/171.512 ms  drop_timing(win/tot)=83759/2250732 pkt  drop_io(win/tot)=0/0 pkt  lost_samples(win/tot)=15076620/405131760  send_errors(win/tot)=0/0
2026-04-22 15:23:57 INFO STAT  crate=14  sent=2368596 pkt  1664.787 MB  win=6.825 Mbps 1157.6 pkt/s  tot=7.508 Mbps 1273.4 pkt/s  late(win/tot)=69455/2368596  worst_late(win/tot)=149.195/171.512 ms  drop_timing(win/tot)=82282/2333014 pkt  drop_io(win/tot)=0/0 pkt  lost_samples(win/tot)=14810760/419942520  send_errors(win/tot)=0/0
2026-04-22 15:24:57 INFO STAT  crate=14  sent=2439640 pkt  1714.720 MB  win=6.981 Mbps 1184.1 pkt/s  tot=7.492 Mbps 1270.6 pkt/s  late(win/tot)=71044/2439640  worst_late(win/tot)=144.611/171.512 ms  drop_timing(win/tot)=80541/2413555 pkt  drop_io(win/tot)=0/0 pkt  lost_samples(win/tot)=14497380/434439900  send_errors(win/tot)=0/0
2026-04-22 15:25:57 INFO STAT  crate=14  sent=2506139 pkt  1761.460 MB  win=6.534 Mbps 1108.2 pkt/s  tot=7.463 Mbps 1265.7 pkt/s  late(win/tot)=66499/2506139  worst_late(win/tot)=165.125/171.512 ms  drop_timing(win/tot)=85198/2498753 pkt  drop_io(win/tot)=0/0 pkt  lost_samples(win/tot)=15335640/449775540  send_errors(win/tot)=0/0
2026-04-22 15:26:57 INFO STAT  crate=14  sent=2571734 pkt  1807.564 MB  win=6.447 Mbps 1093.4 pkt/s  tot=7.433 Mbps 1260.7 pkt/s  late(win/tot)=65595/2571734  worst_late(win/tot)=151.980/171.512 ms  drop_timing(win/tot)=86048/2584801 pkt  drop_io(win/tot)=0/0 pkt  lost_samples(win/tot)=15488640/465264180  send_errors(win/tot)=0/0
2026-04-22 15:27:57 INFO STAT  crate=14  sent=2641613 pkt  1856.679 MB  win=6.867 Mbps 1164.6 pkt/s  tot=7.417 Mbps 1257.9 pkt/s  late(win/tot)=69879/2641613  worst_late(win/tot)=167.823/171.512 ms  drop_timing(win/tot)=81822/2666623 pkt  drop_io(win/tot)=0/0 pkt  lost_samples(win/tot)=14727960/479992140  send_errors(win/tot)=0/0
2026-04-22 15:28:57 INFO STAT  crate=14  sent=2711028 pkt  1905.468 MB  win=6.821 Mbps 1156.9 pkt/s  tot=7.400 Mbps 1255.1 pkt/s  late(win/tot)=69415/2711028  worst_late(win/tot)=144.807/171.512 ms  drop_timing(win/tot)=82243/2748866 pkt  drop_io(win/tot)=0/0 pkt  lost_samples(win/tot)=14803740/494795880  send_errors(win/tot)=0/0
2026-04-22 15:29:13 INFO STAT  crate=14  sent=2730000 pkt  1918.802 MB  win=6.766 Mbps 1147.5 pkt/s  tot=7.395 Mbps 1254.3 pkt/s  late(win/tot)=18972/2730000  worst_late(win/tot)=131.451/171.512 ms  drop_timing(win/tot)=22204/2771070 pkt  drop_io(win/tot)=0/0 pkt  lost_samples(win/tot)=3996720/498792600  send_errors(win/tot)=0/0
2026-04-22 15:29:13 INFO Terminato
