2026-04-22 16:39:51 INFO Start crate=6 dst=131.154.99.225:6666
2026-04-22 16:39:51 INFO Streams=91  board=7  analog/board=12  digital_streams/board=1
2026-04-22 16:39:51 INFO Sample rate=5000 Hz  samples/pkt=180  pps/stream=27.777778  total_pps=2527.778
2026-04-22 16:39:51 INFO Packet len=737 B  expected throughput=14.904 Mbps
2026-04-22 16:39:51 INFO Analog FS=+/-10.000 V  noise_rms=0.010000 V  digital_flip_prob=0.002000
2026-04-22 16:40:51 INFO STAT  crate=6  sent=124867 pkt  87.764 MB  win=12.270 Mbps 2081.1 pkt/s  tot=12.270 Mbps 2081.1 pkt/s  late(win/tot)=124867/124867  worst_late(win/tot)=72.026/72.026 ms  drop_timing(win/tot)=26754/26754 pkt  drop_io(win/tot)=0/0 pkt  lost_samples(win/tot)=4815720/4815720  send_errors(win/tot)=0/0
2026-04-22 16:41:51 INFO STAT  crate=6  sent=225089 pkt  158.206 MB  win=9.848 Mbps 1670.4 pkt/s  tot=11.059 Mbps 1875.7 pkt/s  late(win/tot)=100222/225089  worst_late(win/tot)=113.210/113.210 ms  drop_timing(win/tot)=51415/78169 pkt  drop_io(win/tot)=0/0 pkt  lost_samples(win/tot)=9254700/14070420  send_errors(win/tot)=0/0
2026-04-22 16:42:51 INFO STAT  crate=6  sent=306596 pkt  215.493 MB  win=8.009 Mbps 1358.4 pkt/s  tot=10.043 Mbps 1703.3 pkt/s  late(win/tot)=81507/306596  worst_late(win/tot)=111.411/113.210 ms  drop_timing(win/tot)=70126/148295 pkt  drop_io(win/tot)=0/0 pkt  lost_samples(win/tot)=12622680/26693100  send_errors(win/tot)=0/0
2026-04-22 16:43:51 INFO STAT  crate=6  sent=392707 pkt  276.017 MB  win=8.462 Mbps 1435.2 pkt/s  tot=9.647 Mbps 1636.3 pkt/s  late(win/tot)=86111/392707  worst_late(win/tot)=110.707/113.210 ms  drop_timing(win/tot)=65625/213920 pkt  drop_io(win/tot)=0/0 pkt  lost_samples(win/tot)=11812500/38505600  send_errors(win/tot)=0/0
2026-04-22 16:44:51 INFO STAT  crate=6  sent=473791 pkt  333.008 MB  win=7.968 Mbps 1351.4 pkt/s  tot=9.312 Mbps 1579.3 pkt/s  late(win/tot)=81084/473791  worst_late(win/tot)=106.354/113.210 ms  drop_timing(win/tot)=70513/284433 pkt  drop_io(win/tot)=0/0 pkt  lost_samples(win/tot)=12692340/51197940  send_errors(win/tot)=0/0
2026-04-22 16:45:51 INFO STAT  crate=6  sent=559887 pkt  393.521 MB  win=8.460 Mbps 1434.9 pkt/s  tot=9.170 Mbps 1555.2 pkt/s  late(win/tot)=86096/559887  worst_late(win/tot)=109.029/113.210 ms  drop_timing(win/tot)=65582/350015 pkt  drop_io(win/tot)=0/0 pkt  lost_samples(win/tot)=11804760/63002700  send_errors(win/tot)=0/0
2026-04-22 16:46:51 INFO STAT  crate=6  sent=644078 pkt  452.695 MB  win=8.274 Mbps 1403.3 pkt/s  tot=9.042 Mbps 1533.5 pkt/s  late(win/tot)=84191/644078  worst_late(win/tot)=117.607/117.607 ms  drop_timing(win/tot)=67493/417508 pkt  drop_io(win/tot)=0/0 pkt  lost_samples(win/tot)=12148740/75151440  send_errors(win/tot)=0/0
2026-04-22 16:47:51 INFO STAT  crate=6  sent=728341 pkt  511.920 MB  win=8.280 Mbps 1404.3 pkt/s  tot=8.946 Mbps 1517.4 pkt/s  late(win/tot)=84263/728341  worst_late(win/tot)=112.516/117.607 ms  drop_timing(win/tot)=67422/484930 pkt  drop_io(win/tot)=0/0 pkt  lost_samples(win/tot)=12135960/87287400  send_errors(win/tot)=0/0
2026-04-22 16:48:51 INFO STAT  crate=6  sent=814643 pkt  572.578 MB  win=8.481 Mbps 1438.4 pkt/s  tot=8.895 Mbps 1508.6 pkt/s  late(win/tot)=86302/814643  worst_late(win/tot)=124.221/124.221 ms  drop_timing(win/tot)=65313/550243 pkt  drop_io(win/tot)=0/0 pkt  lost_samples(win/tot)=11756340/99043740  send_errors(win/tot)=0/0
2026-04-22 16:49:51 INFO STAT  crate=6  sent=894268 pkt  628.543 MB  win=7.825 Mbps 1327.1 pkt/s  tot=8.788 Mbps 1490.4 pkt/s  late(win/tot)=79625/894268  worst_late(win/tot)=107.432/124.221 ms  drop_timing(win/tot)=72047/622290 pkt  drop_io(win/tot)=0/0 pkt  lost_samples(win/tot)=12968460/112012200  send_errors(win/tot)=0/0
2026-04-22 16:50:51 INFO STAT  crate=6  sent=978879 pkt  688.013 MB  win=8.315 Mbps 1410.2 pkt/s  tot=8.745 Mbps 1483.1 pkt/s  late(win/tot)=84611/978879  worst_late(win/tot)=121.086/124.221 ms  drop_timing(win/tot)=67063/689353 pkt  drop_io(win/tot)=0/0 pkt  lost_samples(win/tot)=12071340/124083540  send_errors(win/tot)=0/0
2026-04-22 16:51:51 INFO STAT  crate=6  sent=1069012 pkt  751.364 MB  win=8.857 Mbps 1502.2 pkt/s  tot=8.754 Mbps 1484.7 pkt/s  late(win/tot)=90133/1069012  worst_late(win/tot)=108.779/124.221 ms  drop_timing(win/tot)=61532/750885 pkt  drop_io(win/tot)=0/0 pkt  lost_samples(win/tot)=11075760/135159300  send_errors(win/tot)=0/0
2026-04-22 16:52:51 INFO STAT  crate=6  sent=1153185 pkt  810.525 MB  win=8.271 Mbps 1402.9 pkt/s  tot=8.717 Mbps 1478.4 pkt/s  late(win/tot)=84173/1153185  worst_late(win/tot)=114.338/124.221 ms  drop_timing(win/tot)=67569/818454 pkt  drop_io(win/tot)=0/0 pkt  lost_samples(win/tot)=12162420/147321720  send_errors(win/tot)=0/0
2026-04-22 16:53:51 INFO STAT  crate=6  sent=1236898 pkt  869.364 MB  win=8.226 Mbps 1395.1 pkt/s  tot=8.682 Mbps 1472.5 pkt/s  late(win/tot)=83713/1236898  worst_late(win/tot)=121.614/124.221 ms  drop_timing(win/tot)=67887/886341 pkt  drop_io(win/tot)=0/0 pkt  lost_samples(win/tot)=12219660/159541380  send_errors(win/tot)=0/0
2026-04-22 16:54:51 INFO STAT  crate=6  sent=1319476 pkt  927.404 MB  win=8.115 Mbps 1376.3 pkt/s  tot=8.644 Mbps 1466.1 pkt/s  late(win/tot)=82578/1319476  worst_late(win/tot)=113.567/124.221 ms  drop_timing(win/tot)=69082/955423 pkt  drop_io(win/tot)=0/0 pkt  lost_samples(win/tot)=12434760/171976140  send_errors(win/tot)=0/0
2026-04-22 16:55:51 INFO STAT  crate=6  sent=1399459 pkt  983.621 MB  win=7.860 Mbps 1333.1 pkt/s  tot=8.595 Mbps 1457.8 pkt/s  late(win/tot)=79983/1399459  worst_late(win/tot)=116.843/124.221 ms  drop_timing(win/tot)=71671/1027094 pkt  drop_io(win/tot)=0/0 pkt  lost_samples(win/tot)=12900780/184876920  send_errors(win/tot)=0/0
2026-04-22 16:56:51 INFO STAT  crate=6  sent=1481821 pkt  1041.510 MB  win=8.093 Mbps 1372.7 pkt/s  tot=8.566 Mbps 1452.8 pkt/s  late(win/tot)=82362/1481821  worst_late(win/tot)=109.209/124.221 ms  drop_timing(win/tot)=69305/1096399 pkt  drop_io(win/tot)=0/0 pkt  lost_samples(win/tot)=12474900/197351820  send_errors(win/tot)=0/0
2026-04-22 16:57:51 INFO STAT  crate=6  sent=1564784 pkt  1099.821 MB  win=8.153 Mbps 1382.7 pkt/s  tot=8.543 Mbps 1448.9 pkt/s  late(win/tot)=82963/1564784  worst_late(win/tot)=107.464/124.221 ms  drop_timing(win/tot)=68765/1165164 pkt  drop_io(win/tot)=0/0 pkt  lost_samples(win/tot)=12377700/209729520  send_errors(win/tot)=0/0
2026-04-22 16:58:51 INFO STAT  crate=6  sent=1650858 pkt  1160.319 MB  win=8.458 Mbps 1434.6 pkt/s  tot=8.538 Mbps 1448.1 pkt/s  late(win/tot)=86074/1650858  worst_late(win/tot)=112.437/124.221 ms  drop_timing(win/tot)=65611/1230775 pkt  drop_io(win/tot)=0/0 pkt  lost_samples(win/tot)=11809980/221539500  send_errors(win/tot)=0/0
2026-04-22 16:59:51 INFO STAT  crate=6  sent=1740388 pkt  1223.246 MB  win=8.797 Mbps 1492.1 pkt/s  tot=8.551 Mbps 1450.3 pkt/s  late(win/tot)=89530/1740388  worst_late(win/tot)=120.771/124.221 ms  drop_timing(win/tot)=62036/1292811 pkt  drop_io(win/tot)=0/0 pkt  lost_samples(win/tot)=11166480/232705980  send_errors(win/tot)=0/0
2026-04-22 17:00:51 INFO STAT  crate=6  sent=1821171 pkt  1280.025 MB  win=7.939 Mbps 1346.4 pkt/s  tot=8.522 Mbps 1445.4 pkt/s  late(win/tot)=80783/1821171  worst_late(win/tot)=105.733/124.221 ms  drop_timing(win/tot)=70923/1363734 pkt  drop_io(win/tot)=0/0 pkt  lost_samples(win/tot)=12766140/245472120  send_errors(win/tot)=0/0
2026-04-22 17:01:51 INFO STAT  crate=6  sent=1902598 pkt  1337.256 MB  win=8.001 Mbps 1357.1 pkt/s  tot=8.498 Mbps 1441.4 pkt/s  late(win/tot)=81427/1902598  worst_late(win/tot)=117.080/124.221 ms  drop_timing(win/tot)=70220/1433954 pkt  drop_io(win/tot)=0/0 pkt  lost_samples(win/tot)=12639600/258111720  send_errors(win/tot)=0/0
2026-04-22 17:02:51 INFO STAT  crate=6  sent=1986696 pkt  1396.365 MB  win=8.264 Mbps 1401.6 pkt/s  tot=8.488 Mbps 1439.6 pkt/s  late(win/tot)=84098/1986696  worst_late(win/tot)=109.161/124.221 ms  drop_timing(win/tot)=67586/1501540 pkt  drop_io(win/tot)=0/0 pkt  lost_samples(win/tot)=12165480/270277200  send_errors(win/tot)=0/0
2026-04-22 17:03:51 INFO STAT  crate=6  sent=2067178 pkt  1452.933 MB  win=7.909 Mbps 1341.4 pkt/s  tot=8.464 Mbps 1435.5 pkt/s  late(win/tot)=80482/2067178  worst_late(win/tot)=115.805/124.221 ms  drop_timing(win/tot)=71168/1572708 pkt  drop_io(win/tot)=0/0 pkt  lost_samples(win/tot)=12810240/283087440  send_errors(win/tot)=0/0
2026-04-22 17:04:51 INFO STAT  crate=6  sent=2151801 pkt  1512.410 MB  win=8.316 Mbps 1410.4 pkt/s  tot=8.458 Mbps 1434.5 pkt/s  late(win/tot)=84623/2151801  worst_late(win/tot)=123.338/124.221 ms  drop_timing(win/tot)=67055/1639763 pkt  drop_io(win/tot)=0/0 pkt  lost_samples(win/tot)=12069900/295157340  send_errors(win/tot)=0/0
2026-04-22 17:05:51 INFO STAT  crate=6  sent=2232336 pkt  1569.015 MB  win=7.914 Mbps 1342.2 pkt/s  tot=8.437 Mbps 1431.0 pkt/s  late(win/tot)=80535/2232336  worst_late(win/tot)=108.035/124.221 ms  drop_timing(win/tot)=71141/1710904 pkt  drop_io(win/tot)=0/0 pkt  lost_samples(win/tot)=12805380/307962720  send_errors(win/tot)=0/0
2026-04-22 17:06:51 INFO STAT  crate=6  sent=2314697 pkt  1626.903 MB  win=8.093 Mbps 1372.7 pkt/s  tot=8.424 Mbps 1428.8 pkt/s  late(win/tot)=82361/2314697  worst_late(win/tot)=111.034/124.221 ms  drop_timing(win/tot)=69286/1780190 pkt  drop_io(win/tot)=0/0 pkt  lost_samples(win/tot)=12471480/320434200  send_errors(win/tot)=0/0
2026-04-22 17:07:51 INFO STAT  crate=6  sent=2392295 pkt  1681.444 MB  win=7.625 Mbps 1293.3 pkt/s  tot=8.396 Mbps 1424.0 pkt/s  late(win/tot)=77598/2392295  worst_late(win/tot)=122.654/124.221 ms  drop_timing(win/tot)=74117/1854307 pkt  drop_io(win/tot)=0/0 pkt  lost_samples(win/tot)=13341060/333775260  send_errors(win/tot)=0/0
2026-04-22 17:08:51 INFO STAT  crate=6  sent=2474752 pkt  1739.399 MB  win=8.103 Mbps 1374.3 pkt/s  tot=8.386 Mbps 1422.3 pkt/s  late(win/tot)=82457/2474752  worst_late(win/tot)=115.259/124.221 ms  drop_timing(win/tot)=69176/1923483 pkt  drop_io(win/tot)=0/0 pkt  lost_samples(win/tot)=12451680/346226940  send_errors(win/tot)=0/0
2026-04-22 17:09:51 INFO STAT  crate=6  sent=2561246 pkt  1800.192 MB  win=8.499 Mbps 1441.5 pkt/s  tot=8.389 Mbps 1422.9 pkt/s  late(win/tot)=86494/2561246  worst_late(win/tot)=105.585/124.221 ms  drop_timing(win/tot)=65174/1988657 pkt  drop_io(win/tot)=0/0 pkt  lost_samples(win/tot)=11731320/357958260  send_errors(win/tot)=0/0
2026-04-22 17:10:51 INFO STAT  crate=6  sent=2676902 pkt  1881.482 MB  win=11.366 Mbps 1927.7 pkt/s  tot=8.485 Mbps 1439.2 pkt/s  late(win/tot)=115656/2676902  worst_late(win/tot)=98.037/124.221 ms  drop_timing(win/tot)=36058/2024715 pkt  drop_io(win/tot)=0/0 pkt  lost_samples(win/tot)=6490440/364448700  send_errors(win/tot)=0/0
2026-04-22 17:11:16 INFO STAT  crate=6  sent=2730000 pkt  1918.802 MB  win=12.488 Mbps 2118.0 pkt/s  tot=8.539 Mbps 1448.2 pkt/s  late(win/tot)=53098/2730000  worst_late(win/tot)=76.740/124.221 ms  drop_timing(win/tot)=10251/2034966 pkt  drop_io(win/tot)=0/0 pkt  lost_samples(win/tot)=1845180/366293880  send_errors(win/tot)=0/0
2026-04-22 17:11:16 INFO Terminato
