2026-04-22 14:48:20 INFO Start crate=5 dst=131.154.99.225:6666
2026-04-22 14:48:20 INFO Streams=91  board=7  analog/board=12  digital_streams/board=1
2026-04-22 14:48:20 INFO Sample rate=5000 Hz  samples/pkt=180  pps/stream=27.777778  total_pps=2527.778
2026-04-22 14:48:20 INFO Packet len=737 B  expected throughput=14.904 Mbps
2026-04-22 14:48:20 INFO Analog FS=+/-10.000 V  noise_rms=0.010000 V  digital_flip_prob=0.002000
2026-04-22 14:49:20 INFO STAT  crate=5  sent=123895 pkt  87.081 MB  win=12.175 Mbps 2064.9 pkt/s  tot=12.175 Mbps 2064.9 pkt/s  late(win/tot)=123895/123895  worst_late(win/tot)=78.106/78.106 ms  drop_timing(win/tot)=27755/27755 pkt  drop_io(win/tot)=0/0 pkt  lost_samples(win/tot)=4995900/4995900  send_errors(win/tot)=0/0
2026-04-22 14:50:20 INFO STAT  crate=5  sent=233079 pkt  163.821 MB  win=10.728 Mbps 1819.5 pkt/s  tot=11.451 Mbps 1942.2 pkt/s  late(win/tot)=109184/233079  worst_late(win/tot)=112.999/112.999 ms  drop_timing(win/tot)=42400/70155 pkt  drop_io(win/tot)=0/0 pkt  lost_samples(win/tot)=7632000/12627900  send_errors(win/tot)=0/0
2026-04-22 14:51:20 INFO STAT  crate=5  sent=317122 pkt  222.892 MB  win=8.259 Mbps 1400.8 pkt/s  tot=10.387 Mbps 1761.7 pkt/s  late(win/tot)=84043/317122  worst_late(win/tot)=125.009/125.009 ms  drop_timing(win/tot)=67623/137778 pkt  drop_io(win/tot)=0/0 pkt  lost_samples(win/tot)=12172140/24800040  send_errors(win/tot)=0/0
2026-04-22 14:52:20 INFO STAT  crate=5  sent=397369 pkt  279.294 MB  win=7.886 Mbps 1337.5 pkt/s  tot=9.762 Mbps 1655.7 pkt/s  late(win/tot)=80247/397369  worst_late(win/tot)=115.059/125.009 ms  drop_timing(win/tot)=71431/209209 pkt  drop_io(win/tot)=0/0 pkt  lost_samples(win/tot)=12857580/37657620  send_errors(win/tot)=0/0
2026-04-22 14:53:20 INFO STAT  crate=5  sent=480913 pkt  338.014 MB  win=8.210 Mbps 1392.4 pkt/s  tot=9.452 Mbps 1603.0 pkt/s  late(win/tot)=83544/480913  worst_late(win/tot)=119.065/125.009 ms  drop_timing(win/tot)=68159/277368 pkt  drop_io(win/tot)=0/0 pkt  lost_samples(win/tot)=12268620/49926240  send_errors(win/tot)=0/0
2026-04-22 14:54:20 INFO STAT  crate=5  sent=561968 pkt  394.984 MB  win=7.965 Mbps 1350.9 pkt/s  tot=9.204 Mbps 1561.0 pkt/s  late(win/tot)=81055/561968  worst_late(win/tot)=113.896/125.009 ms  drop_timing(win/tot)=70554/347922 pkt  drop_io(win/tot)=0/0 pkt  lost_samples(win/tot)=12699720/62625960  send_errors(win/tot)=0/0
2026-04-22 14:55:20 INFO STAT  crate=5  sent=646612 pkt  454.476 MB  win=8.318 Mbps 1410.7 pkt/s  tot=9.077 Mbps 1539.6 pkt/s  late(win/tot)=84644/646612  worst_late(win/tot)=110.870/125.009 ms  drop_timing(win/tot)=67008/414930 pkt  drop_io(win/tot)=0/0 pkt  lost_samples(win/tot)=12061440/74687400  send_errors(win/tot)=0/0
2026-04-22 14:56:20 INFO STAT  crate=5  sent=729702 pkt  512.877 MB  win=8.165 Mbps 1384.8 pkt/s  tot=8.963 Mbps 1520.2 pkt/s  late(win/tot)=83090/729702  worst_late(win/tot)=111.927/125.009 ms  drop_timing(win/tot)=68598/483528 pkt  drop_io(win/tot)=0/0 pkt  lost_samples(win/tot)=12347640/87035040  send_errors(win/tot)=0/0
2026-04-22 14:57:20 INFO STAT  crate=5  sent=816473 pkt  573.865 MB  win=8.527 Mbps 1446.2 pkt/s  tot=8.915 Mbps 1512.0 pkt/s  late(win/tot)=86771/816473  worst_late(win/tot)=120.677/125.009 ms  drop_timing(win/tot)=64929/548457 pkt  drop_io(win/tot)=0/0 pkt  lost_samples(win/tot)=11687220/98722260  send_errors(win/tot)=0/0
2026-04-22 14:58:20 INFO STAT  crate=5  sent=901371 pkt  633.536 MB  win=8.342 Mbps 1414.9 pkt/s  tot=8.857 Mbps 1502.3 pkt/s  late(win/tot)=84898/901371  worst_late(win/tot)=135.218/135.218 ms  drop_timing(win/tot)=66737/615194 pkt  drop_io(win/tot)=0/0 pkt  lost_samples(win/tot)=12012660/110734920  send_errors(win/tot)=0/0
2026-04-22 14:59:20 INFO STAT  crate=5  sent=990633 pkt  696.274 MB  win=8.772 Mbps 1487.8 pkt/s  tot=8.850 Mbps 1501.0 pkt/s  late(win/tot)=89262/990633  worst_late(win/tot)=135.617/135.617 ms  drop_timing(win/tot)=62483/677677 pkt  drop_io(win/tot)=0/0 pkt  lost_samples(win/tot)=11246940/121981860  send_errors(win/tot)=0/0
2026-04-22 15:00:20 INFO STAT  crate=5  sent=1065113 pkt  748.623 MB  win=7.319 Mbps 1241.3 pkt/s  tot=8.722 Mbps 1479.3 pkt/s  late(win/tot)=74480/1065113  worst_late(win/tot)=116.552/135.617 ms  drop_timing(win/tot)=77107/754784 pkt  drop_io(win/tot)=0/0 pkt  lost_samples(win/tot)=13879260/135861120  send_errors(win/tot)=0/0
2026-04-22 15:01:20 INFO STAT  crate=5  sent=1149601 pkt  808.006 MB  win=8.302 Mbps 1408.0 pkt/s  tot=8.690 Mbps 1473.8 pkt/s  late(win/tot)=84488/1149601  worst_late(win/tot)=113.914/135.617 ms  drop_timing(win/tot)=67179/821963 pkt  drop_io(win/tot)=0/0 pkt  lost_samples(win/tot)=12092220/147953340  send_errors(win/tot)=0/0
2026-04-22 15:02:20 INFO STAT  crate=5  sent=1233102 pkt  866.696 MB  win=8.206 Mbps 1391.8 pkt/s  tot=8.655 Mbps 1468.0 pkt/s  late(win/tot)=83501/1233102  worst_late(win/tot)=106.118/135.617 ms  drop_timing(win/tot)=68151/890114 pkt  drop_io(win/tot)=0/0 pkt  lost_samples(win/tot)=12267180/160220520  send_errors(win/tot)=0/0
2026-04-22 15:03:20 INFO STAT  crate=5  sent=1315510 pkt  924.617 MB  win=8.098 Mbps 1373.4 pkt/s  tot=8.618 Mbps 1461.7 pkt/s  late(win/tot)=82408/1315510  worst_late(win/tot)=119.671/135.617 ms  drop_timing(win/tot)=69271/959385 pkt  drop_io(win/tot)=0/0 pkt  lost_samples(win/tot)=12468780/172689300  send_errors(win/tot)=0/0
2026-04-22 15:04:20 INFO STAT  crate=5  sent=1403144 pkt  986.211 MB  win=8.611 Mbps 1460.6 pkt/s  tot=8.618 Mbps 1461.6 pkt/s  late(win/tot)=87634/1403144  worst_late(win/tot)=111.932/135.617 ms  drop_timing(win/tot)=64035/1023420 pkt  drop_io(win/tot)=0/0 pkt  lost_samples(win/tot)=11526300/184215600  send_errors(win/tot)=0/0
2026-04-22 15:05:20 INFO STAT  crate=5  sent=1483469 pkt  1042.668 MB  win=7.894 Mbps 1338.8 pkt/s  tot=8.575 Mbps 1454.4 pkt/s  late(win/tot)=80325/1483469  worst_late(win/tot)=115.439/135.617 ms  drop_timing(win/tot)=71345/1094765 pkt  drop_io(win/tot)=0/0 pkt  lost_samples(win/tot)=12842100/197057700  send_errors(win/tot)=0/0
2026-04-22 15:06:20 INFO STAT  crate=5  sent=1563597 pkt  1098.987 MB  win=7.874 Mbps 1335.5 pkt/s  tot=8.536 Mbps 1447.8 pkt/s  late(win/tot)=80128/1563597  worst_late(win/tot)=112.611/135.617 ms  drop_timing(win/tot)=71526/1166291 pkt  drop_io(win/tot)=0/0 pkt  lost_samples(win/tot)=12874680/209932380  send_errors(win/tot)=0/0
2026-04-22 15:07:20 INFO STAT  crate=5  sent=1646981 pkt  1157.594 MB  win=8.193 Mbps 1389.6 pkt/s  tot=8.518 Mbps 1444.7 pkt/s  late(win/tot)=83384/1646981  worst_late(win/tot)=115.411/135.617 ms  drop_timing(win/tot)=68282/1234573 pkt  drop_io(win/tot)=0/0 pkt  lost_samples(win/tot)=12290760/222223140  send_errors(win/tot)=0/0
2026-04-22 15:08:20 INFO STAT  crate=5  sent=1732803 pkt  1217.914 MB  win=8.434 Mbps 1430.5 pkt/s  tot=8.514 Mbps 1444.0 pkt/s  late(win/tot)=85822/1732803  worst_late(win/tot)=114.520/135.617 ms  drop_timing(win/tot)=65849/1300422 pkt  drop_io(win/tot)=0/0 pkt  lost_samples(win/tot)=11852820/234075960  send_errors(win/tot)=0/0
2026-04-22 15:09:20 INFO STAT  crate=5  sent=1814041 pkt  1275.013 MB  win=7.983 Mbps 1354.0 pkt/s  tot=8.489 Mbps 1439.7 pkt/s  late(win/tot)=81238/1814041  worst_late(win/tot)=120.493/135.617 ms  drop_timing(win/tot)=70493/1370915 pkt  drop_io(win/tot)=0/0 pkt  lost_samples(win/tot)=12688740/246764700  send_errors(win/tot)=0/0
2026-04-22 15:10:20 INFO STAT  crate=5  sent=1896665 pkt  1333.086 MB  win=8.119 Mbps 1377.0 pkt/s  tot=8.472 Mbps 1436.9 pkt/s  late(win/tot)=82624/1896665  worst_late(win/tot)=113.736/135.617 ms  drop_timing(win/tot)=68986/1439901 pkt  drop_io(win/tot)=0/0 pkt  lost_samples(win/tot)=12417480/259182180  send_errors(win/tot)=0/0
2026-04-22 15:11:20 INFO STAT  crate=5  sent=1977713 pkt  1390.051 MB  win=7.965 Mbps 1350.9 pkt/s  tot=8.450 Mbps 1433.1 pkt/s  late(win/tot)=81048/1977713  worst_late(win/tot)=109.433/135.617 ms  drop_timing(win/tot)=70611/1510512 pkt  drop_io(win/tot)=0/0 pkt  lost_samples(win/tot)=12709980/271892160  send_errors(win/tot)=0/0
2026-04-22 15:12:20 INFO STAT  crate=5  sent=2056383 pkt  1445.345 MB  win=7.731 Mbps 1311.2 pkt/s  tot=8.420 Mbps 1428.0 pkt/s  late(win/tot)=78670/2056383  worst_late(win/tot)=116.608/135.617 ms  drop_timing(win/tot)=73005/1583517 pkt  drop_io(win/tot)=0/0 pkt  lost_samples(win/tot)=13140900/285033060  send_errors(win/tot)=0/0
2026-04-22 15:13:20 INFO STAT  crate=5  sent=2137423 pkt  1502.305 MB  win=7.963 Mbps 1350.6 pkt/s  tot=8.401 Mbps 1424.9 pkt/s  late(win/tot)=81040/2137423  worst_late(win/tot)=120.148/135.617 ms  drop_timing(win/tot)=70625/1654142 pkt  drop_io(win/tot)=0/0 pkt  lost_samples(win/tot)=12712500/297745560  send_errors(win/tot)=0/0
2026-04-22 15:14:20 INFO STAT  crate=5  sent=2212290 pkt  1554.926 MB  win=7.357 Mbps 1247.9 pkt/s  tot=8.361 Mbps 1418.1 pkt/s  late(win/tot)=74867/2212290  worst_late(win/tot)=116.057/135.617 ms  drop_timing(win/tot)=76860/1731002 pkt  drop_io(win/tot)=0/0 pkt  lost_samples(win/tot)=13834800/311580360  send_errors(win/tot)=0/0
2026-04-22 15:15:20 INFO STAT  crate=5  sent=2291941 pkt  1610.909 MB  win=7.827 Mbps 1327.4 pkt/s  tot=8.342 Mbps 1414.8 pkt/s  late(win/tot)=79651/2291941  worst_late(win/tot)=116.619/135.617 ms  drop_timing(win/tot)=71981/1802983 pkt  drop_io(win/tot)=0/0 pkt  lost_samples(win/tot)=12956580/324536940  send_errors(win/tot)=0/0
2026-04-22 15:16:20 INFO STAT  crate=5  sent=2370040 pkt  1665.802 MB  win=7.675 Mbps 1301.7 pkt/s  tot=8.318 Mbps 1410.7 pkt/s  late(win/tot)=78099/2370040  worst_late(win/tot)=121.088/135.617 ms  drop_timing(win/tot)=73545/1876528 pkt  drop_io(win/tot)=0/0 pkt  lost_samples(win/tot)=13238100/337775040  send_errors(win/tot)=0/0
2026-04-22 15:17:20 INFO STAT  crate=5  sent=2451089 pkt  1722.767 MB  win=7.964 Mbps 1350.8 pkt/s  tot=8.306 Mbps 1408.7 pkt/s  late(win/tot)=81049/2451089  worst_late(win/tot)=112.212/135.617 ms  drop_timing(win/tot)=70611/1947139 pkt  drop_io(win/tot)=0/0 pkt  lost_samples(win/tot)=12709980/350485020  send_errors(win/tot)=0/0
2026-04-22 15:18:20 INFO STAT  crate=5  sent=2539498 pkt  1784.906 MB  win=8.688 Mbps 1473.5 pkt/s  tot=8.318 Mbps 1410.8 pkt/s  late(win/tot)=88409/2539498  worst_late(win/tot)=117.903/135.617 ms  drop_timing(win/tot)=63324/2010463 pkt  drop_io(win/tot)=0/0 pkt  lost_samples(win/tot)=11398320/361883340  send_errors(win/tot)=0/0
2026-04-22 15:19:20 INFO STAT  crate=5  sent=2628961 pkt  1847.786 MB  win=8.791 Mbps 1491.1 pkt/s  tot=8.334 Mbps 1413.4 pkt/s  late(win/tot)=89463/2628961  worst_late(win/tot)=108.419/135.617 ms  drop_timing(win/tot)=62153/2072616 pkt  drop_io(win/tot)=0/0 pkt  lost_samples(win/tot)=11187540/373070880  send_errors(win/tot)=0/0
2026-04-22 15:20:09 INFO STAT  crate=5  sent=2730000 pkt  1918.802 MB  win=12.326 Mbps 2090.6 pkt/s  tot=8.435 Mbps 1430.6 pkt/s  late(win/tot)=101039/2730000  worst_late(win/tot)=68.466/135.617 ms  drop_timing(win/tot)=21203/2093819 pkt  drop_io(win/tot)=0/0 pkt  lost_samples(win/tot)=3816540/376887420  send_errors(win/tot)=0/0
2026-04-22 15:20:09 INFO Terminato
