2026-04-22 17:44:01 INFO Start crate=15 dst=131.154.99.225:6666
2026-04-22 17:44:01 INFO Streams=91  board=7  analog/board=12  digital_streams/board=1
2026-04-22 17:44:01 INFO Sample rate=5000 Hz  samples/pkt=180  pps/stream=27.777778  total_pps=2527.778
2026-04-22 17:44:01 INFO Packet len=737 B  expected throughput=14.904 Mbps
2026-04-22 17:44:01 INFO Analog FS=+/-10.000 V  noise_rms=0.010000 V  digital_flip_prob=0.002000
2026-04-22 17:45:01 INFO STAT  crate=15  sent=151126 pkt  106.220 MB  win=14.851 Mbps 2518.8 pkt/s  tot=14.851 Mbps 2518.8 pkt/s  late(win/tot)=151126/151126  worst_late(win/tot)=53.072/53.072 ms  drop_timing(win/tot)=541/541 pkt  drop_io(win/tot)=0/0 pkt  lost_samples(win/tot)=97380/97380  send_errors(win/tot)=0/0
2026-04-22 17:46:01 INFO STAT  crate=15  sent=302520 pkt  212.629 MB  win=14.877 Mbps 2523.2 pkt/s  tot=14.864 Mbps 2521.0 pkt/s  late(win/tot)=151394/302520  worst_late(win/tot)=48.400/53.072 ms  drop_timing(win/tot)=273/814 pkt  drop_io(win/tot)=0/0 pkt  lost_samples(win/tot)=49140/146520  send_errors(win/tot)=0/0
2026-04-22 17:47:01 INFO STAT  crate=15  sent=453854 pkt  318.995 MB  win=14.871 Mbps 2522.2 pkt/s  tot=14.866 Mbps 2521.4 pkt/s  late(win/tot)=151334/453854  worst_late(win/tot)=60.389/60.389 ms  drop_timing(win/tot)=332/1146 pkt  drop_io(win/tot)=0/0 pkt  lost_samples(win/tot)=59760/206280  send_errors(win/tot)=0/0
2026-04-22 17:48:01 INFO STAT  crate=15  sent=571774 pkt  401.876 MB  win=11.588 Mbps 1965.3 pkt/s  tot=14.047 Mbps 2382.4 pkt/s  late(win/tot)=117920/571774  worst_late(win/tot)=116.454/116.454 ms  drop_timing(win/tot)=33739/34885 pkt  drop_io(win/tot)=0/0 pkt  lost_samples(win/tot)=6073020/6279300  send_errors(win/tot)=0/0
2026-04-22 17:49:01 INFO STAT  crate=15  sent=678431 pkt  476.841 MB  win=10.481 Mbps 1777.6 pkt/s  tot=13.333 Mbps 2261.4 pkt/s  late(win/tot)=106657/678431  worst_late(win/tot)=124.704/124.704 ms  drop_timing(win/tot)=44933/79818 pkt  drop_io(win/tot)=0/0 pkt  lost_samples(win/tot)=8087940/14367240  send_errors(win/tot)=0/0
2026-04-22 17:50:01 INFO STAT  crate=15  sent=786731 pkt  552.960 MB  win=10.642 Mbps 1805.0 pkt/s  tot=12.885 Mbps 2185.4 pkt/s  late(win/tot)=108300/786731  worst_late(win/tot)=113.029/124.704 ms  drop_timing(win/tot)=43351/123169 pkt  drop_io(win/tot)=0/0 pkt  lost_samples(win/tot)=7803180/22170420  send_errors(win/tot)=0/0
2026-04-22 17:51:01 INFO STAT  crate=15  sent=872189 pkt  613.025 MB  win=8.398 Mbps 1424.3 pkt/s  tot=12.244 Mbps 2076.6 pkt/s  late(win/tot)=85458/872189  worst_late(win/tot)=128.146/128.146 ms  drop_timing(win/tot)=66228/189397 pkt  drop_io(win/tot)=0/0 pkt  lost_samples(win/tot)=11921040/34091460  send_errors(win/tot)=0/0
2026-04-22 17:52:01 INFO STAT  crate=15  sent=955149 pkt  671.334 MB  win=8.152 Mbps 1382.7 pkt/s  tot=11.732 Mbps 1989.9 pkt/s  late(win/tot)=82960/955149  worst_late(win/tot)=137.158/137.158 ms  drop_timing(win/tot)=68710/258107 pkt  drop_io(win/tot)=0/0 pkt  lost_samples(win/tot)=12367800/46459260  send_errors(win/tot)=0/0
2026-04-22 17:53:01 INFO STAT  crate=15  sent=1037997 pkt  729.564 MB  win=8.141 Mbps 1380.8 pkt/s  tot=11.333 Mbps 1922.2 pkt/s  late(win/tot)=82848/1037997  worst_late(win/tot)=130.124/137.158 ms  drop_timing(win/tot)=68820/326927 pkt  drop_io(win/tot)=0/0 pkt  lost_samples(win/tot)=12387600/58846860  send_errors(win/tot)=0/0
2026-04-22 17:54:01 INFO STAT  crate=15  sent=1121605 pkt  788.329 MB  win=8.216 Mbps 1393.5 pkt/s  tot=11.022 Mbps 1869.3 pkt/s  late(win/tot)=83608/1121605  worst_late(win/tot)=116.318/137.158 ms  drop_timing(win/tot)=68130/395057 pkt  drop_io(win/tot)=0/0 pkt  lost_samples(win/tot)=12263400/71110260  send_errors(win/tot)=0/0
2026-04-22 17:55:01 INFO STAT  crate=15  sent=1206157 pkt  847.757 MB  win=8.309 Mbps 1409.2 pkt/s  tot=10.775 Mbps 1827.5 pkt/s  late(win/tot)=84552/1206157  worst_late(win/tot)=125.465/137.158 ms  drop_timing(win/tot)=67041/462098 pkt  drop_io(win/tot)=0/0 pkt  lost_samples(win/tot)=12067380/83177640  send_errors(win/tot)=0/0
2026-04-22 17:56:01 INFO STAT  crate=15  sent=1290216 pkt  906.839 MB  win=8.260 Mbps 1401.0 pkt/s  tot=10.565 Mbps 1792.0 pkt/s  late(win/tot)=84059/1290216  worst_late(win/tot)=130.012/137.158 ms  drop_timing(win/tot)=67621/529719 pkt  drop_io(win/tot)=0/0 pkt  lost_samples(win/tot)=12171780/95349420  send_errors(win/tot)=0/0
2026-04-22 17:57:01 INFO STAT  crate=15  sent=1374761 pkt  966.262 MB  win=8.308 Mbps 1409.1 pkt/s  tot=10.392 Mbps 1762.5 pkt/s  late(win/tot)=84545/1374761  worst_late(win/tot)=115.377/137.158 ms  drop_timing(win/tot)=67100/596819 pkt  drop_io(win/tot)=0/0 pkt  lost_samples(win/tot)=12078000/107427420  send_errors(win/tot)=0/0
2026-04-22 17:58:01 INFO STAT  crate=15  sent=1457919 pkt  1024.710 MB  win=8.172 Mbps 1386.0 pkt/s  tot=10.233 Mbps 1735.6 pkt/s  late(win/tot)=83158/1457919  worst_late(win/tot)=121.817/137.158 ms  drop_timing(win/tot)=68517/665336 pkt  drop_io(win/tot)=0/0 pkt  lost_samples(win/tot)=12333060/119760480  send_errors(win/tot)=0/0
2026-04-22 17:59:01 INFO STAT  crate=15  sent=1540895 pkt  1083.030 MB  win=8.153 Mbps 1382.9 pkt/s  tot=10.095 Mbps 1712.1 pkt/s  late(win/tot)=82976/1540895  worst_late(win/tot)=128.715/137.158 ms  drop_timing(win/tot)=68697/734033 pkt  drop_io(win/tot)=0/0 pkt  lost_samples(win/tot)=12365460/132125940  send_errors(win/tot)=0/0
2026-04-22 18:00:01 INFO STAT  crate=15  sent=1638122 pkt  1151.367 MB  win=9.554 Mbps 1620.5 pkt/s  tot=10.061 Mbps 1706.4 pkt/s  late(win/tot)=97227/1638122  worst_late(win/tot)=113.872/137.158 ms  drop_timing(win/tot)=54500/788533 pkt  drop_io(win/tot)=0/0 pkt  lost_samples(win/tot)=9810000/141935940  send_errors(win/tot)=0/0
2026-04-22 18:01:01 INFO STAT  crate=15  sent=1749193 pkt  1229.434 MB  win=10.914 Mbps 1851.2 pkt/s  tot=10.111 Mbps 1714.9 pkt/s  late(win/tot)=111071/1749193  worst_late(win/tot)=91.437/137.158 ms  drop_timing(win/tot)=40535/829068 pkt  drop_io(win/tot)=0/0 pkt  lost_samples(win/tot)=7296300/149232240  send_errors(win/tot)=0/0
2026-04-22 18:02:01 INFO STAT  crate=15  sent=1853268 pkt  1302.584 MB  win=10.227 Mbps 1734.6 pkt/s  tot=10.117 Mbps 1716.0 pkt/s  late(win/tot)=104075/1853268  worst_late(win/tot)=99.744/137.158 ms  drop_timing(win/tot)=47577/876645 pkt  drop_io(win/tot)=0/0 pkt  lost_samples(win/tot)=8563860/157796100  send_errors(win/tot)=0/0
2026-04-22 18:03:01 INFO STAT  crate=15  sent=1959027 pkt  1376.918 MB  win=10.393 Mbps 1762.7 pkt/s  tot=10.132 Mbps 1718.4 pkt/s  late(win/tot)=105759/1959027  worst_late(win/tot)=100.479/137.158 ms  drop_timing(win/tot)=45906/922551 pkt  drop_io(win/tot)=0/0 pkt  lost_samples(win/tot)=8263080/166059180  send_errors(win/tot)=0/0
2026-04-22 18:04:01 INFO STAT  crate=15  sent=2070666 pkt  1455.384 MB  win=10.970 Mbps 1860.6 pkt/s  tot=10.174 Mbps 1725.6 pkt/s  late(win/tot)=111639/2070666  worst_late(win/tot)=112.719/137.158 ms  drop_timing(win/tot)=40039/962590 pkt  drop_io(win/tot)=0/0 pkt  lost_samples(win/tot)=7207020/173266200  send_errors(win/tot)=0/0
2026-04-22 18:05:01 INFO STAT  crate=15  sent=2184052 pkt  1535.078 MB  win=11.142 Mbps 1889.8 pkt/s  tot=10.220 Mbps 1733.4 pkt/s  late(win/tot)=113386/2184052  worst_late(win/tot)=104.494/137.158 ms  drop_timing(win/tot)=38263/1000853 pkt  drop_io(win/tot)=0/0 pkt  lost_samples(win/tot)=6887340/180153540  send_errors(win/tot)=0/0
2026-04-22 18:06:01 INFO STAT  crate=15  sent=2294444 pkt  1612.668 MB  win=10.848 Mbps 1839.9 pkt/s  tot=10.249 Mbps 1738.2 pkt/s  late(win/tot)=110392/2294444  worst_late(win/tot)=117.773/137.158 ms  drop_timing(win/tot)=41317/1042170 pkt  drop_io(win/tot)=0/0 pkt  lost_samples(win/tot)=7437060/187590600  send_errors(win/tot)=0/0
2026-04-22 18:07:01 INFO STAT  crate=15  sent=2403034 pkt  1688.992 MB  win=10.671 Mbps 1809.8 pkt/s  tot=10.267 Mbps 1741.3 pkt/s  late(win/tot)=108590/2403034  worst_late(win/tot)=102.917/137.158 ms  drop_timing(win/tot)=43045/1085215 pkt  drop_io(win/tot)=0/0 pkt  lost_samples(win/tot)=7748100/195338700  send_errors(win/tot)=0/0
2026-04-22 18:08:01 INFO STAT  crate=15  sent=2515542 pkt  1768.069 MB  win=11.056 Mbps 1875.2 pkt/s  tot=10.300 Mbps 1746.9 pkt/s  late(win/tot)=112508/2515542  worst_late(win/tot)=98.732/137.158 ms  drop_timing(win/tot)=39198/1124413 pkt  drop_io(win/tot)=0/0 pkt  lost_samples(win/tot)=7055640/202394340  send_errors(win/tot)=0/0
2026-04-22 18:09:01 INFO STAT  crate=15  sent=2624827 pkt  1844.881 MB  win=10.739 Mbps 1821.4 pkt/s  tot=10.317 Mbps 1749.9 pkt/s  late(win/tot)=109285/2624827  worst_late(win/tot)=98.356/137.158 ms  drop_timing(win/tot)=42339/1166752 pkt  drop_io(win/tot)=0/0 pkt  lost_samples(win/tot)=7621020/210015360  send_errors(win/tot)=0/0
2026-04-22 18:10:00 INFO STAT  crate=15  sent=2730000 pkt  1918.802 MB  win=10.589 Mbps 1795.9 pkt/s  tot=10.328 Mbps 1751.6 pkt/s  late(win/tot)=105173/2730000  worst_late(win/tot)=111.637/137.158 ms  drop_timing(win/tot)=41713/1208465 pkt  drop_io(win/tot)=0/0 pkt  lost_samples(win/tot)=7508340/217523700  send_errors(win/tot)=0/0
2026-04-22 18:10:00 INFO Terminato
