2026-04-22 15:01:51 INFO Start crate=31 dst=131.154.99.225:6666
2026-04-22 15:01:51 INFO Streams=91  board=7  analog/board=12  digital_streams/board=1
2026-04-22 15:01:51 INFO Sample rate=5000 Hz  samples/pkt=180  pps/stream=27.777778  total_pps=2527.778
2026-04-22 15:01:51 INFO Packet len=737 B  expected throughput=14.904 Mbps
2026-04-22 15:01:51 INFO Analog FS=+/-10.000 V  noise_rms=0.010000 V  digital_flip_prob=0.002000
2026-04-22 15:02:51 INFO STAT  crate=31  sent=62060 pkt  43.619 MB  win=6.098 Mbps 1034.3 pkt/s  tot=6.098 Mbps 1034.3 pkt/s  late(win/tot)=62060/62060  worst_late(win/tot)=151.761/151.761 ms  drop_timing(win/tot)=89495/89495 pkt  drop_io(win/tot)=0/0 pkt  lost_samples(win/tot)=16109100/16109100  send_errors(win/tot)=0/0
2026-04-22 15:03:51 INFO STAT  crate=31  sent=125798 pkt  88.418 MB  win=6.263 Mbps 1062.2 pkt/s  tot=6.181 Mbps 1048.3 pkt/s  late(win/tot)=63738/125798  worst_late(win/tot)=170.044/170.044 ms  drop_timing(win/tot)=87971/177466 pkt  drop_io(win/tot)=0/0 pkt  lost_samples(win/tot)=15834780/31943880  send_errors(win/tot)=0/0
2026-04-22 15:04:51 INFO STAT  crate=31  sent=188919 pkt  132.783 MB  win=6.203 Mbps 1052.1 pkt/s  tot=6.188 Mbps 1049.5 pkt/s  late(win/tot)=63121/188919  worst_late(win/tot)=153.508/170.044 ms  drop_timing(win/tot)=88546/266012 pkt  drop_io(win/tot)=0/0 pkt  lost_samples(win/tot)=15938280/47882160  send_errors(win/tot)=0/0
2026-04-22 15:05:51 INFO STAT  crate=31  sent=251352 pkt  176.665 MB  win=6.135 Mbps 1040.5 pkt/s  tot=6.175 Mbps 1047.3 pkt/s  late(win/tot)=62433/251352  worst_late(win/tot)=174.841/174.841 ms  drop_timing(win/tot)=89218/355230 pkt  drop_io(win/tot)=0/0 pkt  lost_samples(win/tot)=16059240/63941400  send_errors(win/tot)=0/0
2026-04-22 15:06:51 INFO STAT  crate=31  sent=319496 pkt  224.560 MB  win=6.696 Mbps 1135.7 pkt/s  tot=6.279 Mbps 1065.0 pkt/s  late(win/tot)=68144/319496  worst_late(win/tot)=149.229/174.841 ms  drop_timing(win/tot)=83502/438732 pkt  drop_io(win/tot)=0/0 pkt  lost_samples(win/tot)=15030360/78971760  send_errors(win/tot)=0/0
2026-04-22 15:07:51 INFO STAT  crate=31  sent=384957 pkt  270.570 MB  win=6.433 Mbps 1091.0 pkt/s  tot=6.305 Mbps 1069.3 pkt/s  late(win/tot)=65461/384957  worst_late(win/tot)=145.560/174.841 ms  drop_timing(win/tot)=86185/524917 pkt  drop_io(win/tot)=0/0 pkt  lost_samples(win/tot)=15513300/94485060  send_errors(win/tot)=0/0
2026-04-22 15:08:51 INFO STAT  crate=31  sent=452862 pkt  318.298 MB  win=6.672 Mbps 1131.7 pkt/s  tot=6.357 Mbps 1078.2 pkt/s  late(win/tot)=67905/452862  worst_late(win/tot)=231.597/231.597 ms  drop_timing(win/tot)=83770/608687 pkt  drop_io(win/tot)=0/0 pkt  lost_samples(win/tot)=15078600/109563660  send_errors(win/tot)=0/0
2026-04-22 15:09:51 INFO STAT  crate=31  sent=518508 pkt  364.437 MB  win=6.451 Mbps 1094.1 pkt/s  tot=6.369 Mbps 1080.2 pkt/s  late(win/tot)=65646/518508  worst_late(win/tot)=145.919/231.597 ms  drop_timing(win/tot)=86059/694746 pkt  drop_io(win/tot)=0/0 pkt  lost_samples(win/tot)=15490620/125054280  send_errors(win/tot)=0/0
2026-04-22 15:10:51 INFO STAT  crate=31  sent=586784 pkt  412.426 MB  win=6.710 Mbps 1138.0 pkt/s  tot=6.407 Mbps 1086.6 pkt/s  late(win/tot)=68276/586784  worst_late(win/tot)=150.473/231.597 ms  drop_timing(win/tot)=83392/778138 pkt  drop_io(win/tot)=0/0 pkt  lost_samples(win/tot)=15010560/140064840  send_errors(win/tot)=0/0
2026-04-22 15:11:51 INFO STAT  crate=31  sent=652061 pkt  458.306 MB  win=6.415 Mbps 1087.9 pkt/s  tot=6.408 Mbps 1086.8 pkt/s  late(win/tot)=65277/652061  worst_late(win/tot)=181.787/231.597 ms  drop_timing(win/tot)=86337/864475 pkt  drop_io(win/tot)=0/0 pkt  lost_samples(win/tot)=15540660/155605500  send_errors(win/tot)=0/0
2026-04-22 15:12:51 INFO STAT  crate=31  sent=714936 pkt  502.498 MB  win=6.179 Mbps 1047.9 pkt/s  tot=6.387 Mbps 1083.2 pkt/s  late(win/tot)=62875/714936  worst_late(win/tot)=158.466/231.597 ms  drop_timing(win/tot)=88782/953257 pkt  drop_io(win/tot)=0/0 pkt  lost_samples(win/tot)=15980760/171586260  send_errors(win/tot)=0/0
2026-04-22 15:13:51 INFO STAT  crate=31  sent=779236 pkt  547.692 MB  win=6.319 Mbps 1071.7 pkt/s  tot=6.381 Mbps 1082.3 pkt/s  late(win/tot)=64300/779236  worst_late(win/tot)=142.727/231.597 ms  drop_timing(win/tot)=87417/1040674 pkt  drop_io(win/tot)=0/0 pkt  lost_samples(win/tot)=15735060/187321320  send_errors(win/tot)=0/0
2026-04-22 15:14:51 INFO STAT  crate=31  sent=842610 pkt  592.235 MB  win=6.228 Mbps 1056.2 pkt/s  tot=6.369 Mbps 1080.3 pkt/s  late(win/tot)=63374/842610  worst_late(win/tot)=155.260/231.597 ms  drop_timing(win/tot)=88268/1128942 pkt  drop_io(win/tot)=0/0 pkt  lost_samples(win/tot)=15888240/203209560  send_errors(win/tot)=0/0
2026-04-22 15:15:51 INFO STAT  crate=31  sent=905831 pkt  636.671 MB  win=6.213 Mbps 1053.7 pkt/s  tot=6.358 Mbps 1078.4 pkt/s  late(win/tot)=63221/905831  worst_late(win/tot)=220.714/231.597 ms  drop_timing(win/tot)=88476/1217418 pkt  drop_io(win/tot)=0/0 pkt  lost_samples(win/tot)=15925680/219135240  send_errors(win/tot)=0/0
2026-04-22 15:16:51 INFO STAT  crate=31  sent=972224 pkt  683.335 MB  win=6.524 Mbps 1106.5 pkt/s  tot=6.369 Mbps 1080.2 pkt/s  late(win/tot)=66393/972224  worst_late(win/tot)=159.076/231.597 ms  drop_timing(win/tot)=85216/1302634 pkt  drop_io(win/tot)=0/0 pkt  lost_samples(win/tot)=15338880/234474120  send_errors(win/tot)=0/0
2026-04-22 15:17:51 INFO STAT  crate=31  sent=1036987 pkt  728.855 MB  win=6.364 Mbps 1079.3 pkt/s  tot=6.369 Mbps 1080.2 pkt/s  late(win/tot)=64763/1036987  worst_late(win/tot)=162.384/231.597 ms  drop_timing(win/tot)=86964/1389598 pkt  drop_io(win/tot)=0/0 pkt  lost_samples(win/tot)=15653520/250127640  send_errors(win/tot)=0/0
2026-04-22 15:18:51 INFO STAT  crate=31  sent=1104524 pkt  776.323 MB  win=6.637 Mbps 1125.6 pkt/s  tot=6.385 Mbps 1082.9 pkt/s  late(win/tot)=67537/1104524  worst_late(win/tot)=148.277/231.597 ms  drop_timing(win/tot)=84078/1473676 pkt  drop_io(win/tot)=0/0 pkt  lost_samples(win/tot)=15134040/265261680  send_errors(win/tot)=0/0
2026-04-22 15:19:51 INFO STAT  crate=31  sent=1167915 pkt  820.878 MB  win=6.229 Mbps 1056.5 pkt/s  tot=6.376 Mbps 1081.4 pkt/s  late(win/tot)=63391/1167915  worst_late(win/tot)=154.622/231.597 ms  drop_timing(win/tot)=88308/1561984 pkt  drop_io(win/tot)=0/0 pkt  lost_samples(win/tot)=15895440/281157120  send_errors(win/tot)=0/0
2026-04-22 15:20:51 INFO STAT  crate=31  sent=1232193 pkt  866.057 MB  win=6.316 Mbps 1071.3 pkt/s  tot=6.373 Mbps 1080.9 pkt/s  late(win/tot)=64278/1232193  worst_late(win/tot)=154.194/231.597 ms  drop_timing(win/tot)=87355/1649339 pkt  drop_io(win/tot)=0/0 pkt  lost_samples(win/tot)=15723900/296881020  send_errors(win/tot)=0/0
2026-04-22 15:21:51 INFO STAT  crate=31  sent=1296662 pkt  911.369 MB  win=6.335 Mbps 1074.5 pkt/s  tot=6.371 Mbps 1080.5 pkt/s  late(win/tot)=64469/1296662  worst_late(win/tot)=147.574/231.597 ms  drop_timing(win/tot)=87213/1736552 pkt  drop_io(win/tot)=0/0 pkt  lost_samples(win/tot)=15698340/312579360  send_errors(win/tot)=0/0
2026-04-22 15:22:51 INFO STAT  crate=31  sent=1362004 pkt  957.295 MB  win=6.421 Mbps 1089.0 pkt/s  tot=6.373 Mbps 1081.0 pkt/s  late(win/tot)=65342/1362004  worst_late(win/tot)=147.042/231.597 ms  drop_timing(win/tot)=86348/1822900 pkt  drop_io(win/tot)=0/0 pkt  lost_samples(win/tot)=15542640/328122000  send_errors(win/tot)=0/0
2026-04-22 15:23:51 INFO STAT  crate=31  sent=1428161 pkt  1003.794 MB  win=6.501 Mbps 1102.7 pkt/s  tot=6.379 Mbps 1081.9 pkt/s  late(win/tot)=66157/1428161  worst_late(win/tot)=140.415/231.597 ms  drop_timing(win/tot)=85527/1908427 pkt  drop_io(win/tot)=0/0 pkt  lost_samples(win/tot)=15394860/343516860  send_errors(win/tot)=0/0
2026-04-22 15:24:51 INFO STAT  crate=31  sent=1492431 pkt  1048.967 MB  win=6.315 Mbps 1071.1 pkt/s  tot=6.376 Mbps 1081.5 pkt/s  late(win/tot)=64270/1492431  worst_late(win/tot)=153.648/231.597 ms  drop_timing(win/tot)=87395/1995822 pkt  drop_io(win/tot)=0/0 pkt  lost_samples(win/tot)=15731100/359247960  send_errors(win/tot)=0/0
2026-04-22 15:25:51 INFO STAT  crate=31  sent=1561091 pkt  1097.225 MB  win=6.747 Mbps 1144.3 pkt/s  tot=6.392 Mbps 1084.1 pkt/s  late(win/tot)=68660/1561091  worst_late(win/tot)=158.220/231.597 ms  drop_timing(win/tot)=82961/2078783 pkt  drop_io(win/tot)=0/0 pkt  lost_samples(win/tot)=14932980/374180940  send_errors(win/tot)=0/0
2026-04-22 15:26:51 INFO STAT  crate=31  sent=1630629 pkt  1146.101 MB  win=6.834 Mbps 1159.0 pkt/s  tot=6.409 Mbps 1087.1 pkt/s  late(win/tot)=69538/1630629  worst_late(win/tot)=148.751/231.597 ms  drop_timing(win/tot)=82177/2160960 pkt  drop_io(win/tot)=0/0 pkt  lost_samples(win/tot)=14791860/388972800  send_errors(win/tot)=0/0
2026-04-22 15:27:51 INFO STAT  crate=31  sent=1695131 pkt  1191.436 MB  win=6.338 Mbps 1075.0 pkt/s  tot=6.407 Mbps 1086.6 pkt/s  late(win/tot)=64502/1695131  worst_late(win/tot)=148.631/231.597 ms  drop_timing(win/tot)=87125/2248085 pkt  drop_io(win/tot)=0/0 pkt  lost_samples(win/tot)=15682500/404655300  send_errors(win/tot)=0/0
2026-04-22 15:28:51 INFO STAT  crate=31  sent=1758491 pkt  1235.969 MB  win=6.226 Mbps 1056.0 pkt/s  tot=6.400 Mbps 1085.5 pkt/s  late(win/tot)=63360/1758491  worst_late(win/tot)=150.930/231.597 ms  drop_timing(win/tot)=88313/2336398 pkt  drop_io(win/tot)=0/0 pkt  lost_samples(win/tot)=15896340/420551640  send_errors(win/tot)=0/0
2026-04-22 15:29:51 INFO STAT  crate=31  sent=1821553 pkt  1280.293 MB  win=6.197 Mbps 1051.0 pkt/s  tot=6.393 Mbps 1084.3 pkt/s  late(win/tot)=63062/1821553  worst_late(win/tot)=152.736/231.597 ms  drop_timing(win/tot)=88593/2424991 pkt  drop_io(win/tot)=0/0 pkt  lost_samples(win/tot)=15946740/436498380  send_errors(win/tot)=0/0
2026-04-22 15:30:51 INFO STAT  crate=31  sent=1887905 pkt  1326.929 MB  win=6.520 Mbps 1105.9 pkt/s  tot=6.397 Mbps 1085.0 pkt/s  late(win/tot)=66352/1887905  worst_late(win/tot)=146.786/231.597 ms  drop_timing(win/tot)=85307/2510298 pkt  drop_io(win/tot)=0/0 pkt  lost_samples(win/tot)=15355260/451853640  send_errors(win/tot)=0/0
2026-04-22 15:31:51 INFO STAT  crate=31  sent=1947882 pkt  1369.084 MB  win=5.894 Mbps 999.6 pkt/s  tot=6.380 Mbps 1082.2 pkt/s  late(win/tot)=59977/1947882  worst_late(win/tot)=147.119/231.597 ms  drop_timing(win/tot)=91694/2601992 pkt  drop_io(win/tot)=0/0 pkt  lost_samples(win/tot)=16504920/468358560  send_errors(win/tot)=0/0
2026-04-22 15:32:51 INFO STAT  crate=31  sent=2015649 pkt  1416.715 MB  win=6.660 Mbps 1129.5 pkt/s  tot=6.389 Mbps 1083.7 pkt/s  late(win/tot)=67767/2015649  worst_late(win/tot)=145.770/231.597 ms  drop_timing(win/tot)=83887/2685879 pkt  drop_io(win/tot)=0/0 pkt  lost_samples(win/tot)=15099660/483458220  send_errors(win/tot)=0/0
2026-04-22 15:33:51 INFO STAT  crate=31  sent=2077787 pkt  1460.389 MB  win=6.106 Mbps 1035.5 pkt/s  tot=6.381 Mbps 1082.2 pkt/s  late(win/tot)=62138/2077787  worst_late(win/tot)=152.867/231.597 ms  drop_timing(win/tot)=89557/2775436 pkt  drop_io(win/tot)=0/0 pkt  lost_samples(win/tot)=16120260/499578480  send_errors(win/tot)=0/0
2026-04-22 15:34:51 INFO STAT  crate=31  sent=2139266 pkt  1503.600 MB  win=6.041 Mbps 1024.6 pkt/s  tot=6.370 Mbps 1080.4 pkt/s  late(win/tot)=61479/2139266  worst_late(win/tot)=157.263/231.597 ms  drop_timing(win/tot)=90228/2865664 pkt  drop_io(win/tot)=0/0 pkt  lost_samples(win/tot)=16241040/515819520  send_errors(win/tot)=0/0
2026-04-22 15:35:51 INFO STAT  crate=31  sent=2211547 pkt  1554.403 MB  win=7.104 Mbps 1204.8 pkt/s  tot=6.392 Mbps 1084.1 pkt/s  late(win/tot)=72281/2211547  worst_late(win/tot)=149.333/231.597 ms  drop_timing(win/tot)=79372/2945036 pkt  drop_io(win/tot)=0/0 pkt  lost_samples(win/tot)=14286960/530106480  send_errors(win/tot)=0/0
2026-04-22 15:36:51 INFO STAT  crate=31  sent=2291002 pkt  1610.249 MB  win=7.808 Mbps 1324.2 pkt/s  tot=6.432 Mbps 1091.0 pkt/s  late(win/tot)=79455/2291002  worst_late(win/tot)=135.943/231.597 ms  drop_timing(win/tot)=72200/3017236 pkt  drop_io(win/tot)=0/0 pkt  lost_samples(win/tot)=12996000/543102480  send_errors(win/tot)=0/0
2026-04-22 15:37:51 INFO STAT  crate=31  sent=2381335 pkt  1673.740 MB  win=8.877 Mbps 1505.6 pkt/s  tot=6.500 Mbps 1102.5 pkt/s  late(win/tot)=90333/2381335  worst_late(win/tot)=120.567/231.597 ms  drop_timing(win/tot)=61421/3078657 pkt  drop_io(win/tot)=0/0 pkt  lost_samples(win/tot)=11055780/554158260  send_errors(win/tot)=0/0
2026-04-22 15:38:51 INFO STAT  crate=31  sent=2485522 pkt  1746.969 MB  win=10.237 Mbps 1736.3 pkt/s  tot=6.601 Mbps 1119.6 pkt/s  late(win/tot)=104187/2485522  worst_late(win/tot)=107.791/231.597 ms  drop_timing(win/tot)=47403/3126060 pkt  drop_io(win/tot)=0/0 pkt  lost_samples(win/tot)=8532540/562690800  send_errors(win/tot)=0/0
2026-04-22 15:39:51 INFO STAT  crate=31  sent=2597156 pkt  1825.432 MB  win=10.971 Mbps 1860.7 pkt/s  tot=6.716 Mbps 1139.1 pkt/s  late(win/tot)=111634/2597156  worst_late(win/tot)=108.804/231.597 ms  drop_timing(win/tot)=40118/3166178 pkt  drop_io(win/tot)=0/0 pkt  lost_samples(win/tot)=7221240/569912040  send_errors(win/tot)=0/0
2026-04-22 15:40:44 INFO STAT  crate=31  sent=2730000 pkt  1918.802 MB  win=14.750 Mbps 2501.7 pkt/s  tot=6.899 Mbps 1170.1 pkt/s  late(win/tot)=132844/2730000  worst_late(win/tot)=67.362/231.597 ms  drop_timing(win/tot)=455/3166633 pkt  drop_io(win/tot)=0/0 pkt  lost_samples(win/tot)=81900/569993940  send_errors(win/tot)=0/0
2026-04-22 15:40:44 INFO Terminato
