2026-04-22 15:02:12 INFO Start crate=32 dst=131.154.99.225:6666
2026-04-22 15:02:12 INFO Streams=91  board=7  analog/board=12  digital_streams/board=1
2026-04-22 15:02:12 INFO Sample rate=5000 Hz  samples/pkt=180  pps/stream=27.777778  total_pps=2527.778
2026-04-22 15:02:12 INFO Packet len=737 B  expected throughput=14.904 Mbps
2026-04-22 15:02:12 INFO Analog FS=+/-10.000 V  noise_rms=0.010000 V  digital_flip_prob=0.002000
2026-04-22 15:03:12 INFO STAT  crate=32  sent=66223 pkt  46.545 MB  win=6.507 Mbps 1103.7 pkt/s  tot=6.507 Mbps 1103.7 pkt/s  late(win/tot)=66223/66223  worst_late(win/tot)=160.261/160.261 ms  drop_timing(win/tot)=85358/85358 pkt  drop_io(win/tot)=0/0 pkt  lost_samples(win/tot)=15364440/15364440  send_errors(win/tot)=0/0
2026-04-22 15:04:12 INFO STAT  crate=32  sent=134943 pkt  94.846 MB  win=6.753 Mbps 1145.3 pkt/s  tot=6.630 Mbps 1124.5 pkt/s  late(win/tot)=68720/134943  worst_late(win/tot)=142.999/160.261 ms  drop_timing(win/tot)=82947/168305 pkt  drop_io(win/tot)=0/0 pkt  lost_samples(win/tot)=14930460/30294900  send_errors(win/tot)=0/0
2026-04-22 15:05:12 INFO STAT  crate=32  sent=201249 pkt  141.449 MB  win=6.516 Mbps 1105.1 pkt/s  tot=6.592 Mbps 1118.0 pkt/s  late(win/tot)=66306/201249  worst_late(win/tot)=137.968/160.261 ms  drop_timing(win/tot)=85351/253656 pkt  drop_io(win/tot)=0/0 pkt  lost_samples(win/tot)=15363180/45658080  send_errors(win/tot)=0/0
2026-04-22 15:06:12 INFO STAT  crate=32  sent=267169 pkt  187.782 MB  win=6.477 Mbps 1098.6 pkt/s  tot=6.563 Mbps 1113.2 pkt/s  late(win/tot)=65920/267169  worst_late(win/tot)=152.115/160.261 ms  drop_timing(win/tot)=85710/339366 pkt  drop_io(win/tot)=0/0 pkt  lost_samples(win/tot)=15427800/61085880  send_errors(win/tot)=0/0
2026-04-22 15:07:12 INFO STAT  crate=32  sent=331582 pkt  233.055 MB  win=6.330 Mbps 1073.6 pkt/s  tot=6.517 Mbps 1105.3 pkt/s  late(win/tot)=64413/331582  worst_late(win/tot)=157.536/160.261 ms  drop_timing(win/tot)=87318/426684 pkt  drop_io(win/tot)=0/0 pkt  lost_samples(win/tot)=15717240/76803120  send_errors(win/tot)=0/0
2026-04-22 15:08:12 INFO STAT  crate=32  sent=396541 pkt  278.712 MB  win=6.383 Mbps 1082.6 pkt/s  tot=6.494 Mbps 1101.5 pkt/s  late(win/tot)=64959/396541  worst_late(win/tot)=144.695/160.261 ms  drop_timing(win/tot)=86654/513338 pkt  drop_io(win/tot)=0/0 pkt  lost_samples(win/tot)=15597720/92400840  send_errors(win/tot)=0/0
2026-04-22 15:09:12 INFO STAT  crate=32  sent=462772 pkt  325.263 MB  win=6.508 Mbps 1103.8 pkt/s  tot=6.496 Mbps 1101.8 pkt/s  late(win/tot)=66231/462772  worst_late(win/tot)=137.454/160.261 ms  drop_timing(win/tot)=85462/598800 pkt  drop_io(win/tot)=0/0 pkt  lost_samples(win/tot)=15383160/107784000  send_errors(win/tot)=0/0
2026-04-22 15:10:12 INFO STAT  crate=32  sent=529347 pkt  372.056 MB  win=6.542 Mbps 1109.6 pkt/s  tot=6.502 Mbps 1102.8 pkt/s  late(win/tot)=66575/529347  worst_late(win/tot)=156.569/160.261 ms  drop_timing(win/tot)=85127/683927 pkt  drop_io(win/tot)=0/0 pkt  lost_samples(win/tot)=15322860/123106860  send_errors(win/tot)=0/0
2026-04-22 15:11:12 INFO STAT  crate=32  sent=598914 pkt  420.951 MB  win=6.836 Mbps 1159.4 pkt/s  tot=6.539 Mbps 1109.1 pkt/s  late(win/tot)=69567/598914  worst_late(win/tot)=156.164/160.261 ms  drop_timing(win/tot)=82087/766014 pkt  drop_io(win/tot)=0/0 pkt  lost_samples(win/tot)=14775660/137882520  send_errors(win/tot)=0/0
2026-04-22 15:12:12 INFO STAT  crate=32  sent=659787 pkt  463.737 MB  win=5.982 Mbps 1014.6 pkt/s  tot=6.484 Mbps 1099.6 pkt/s  late(win/tot)=60873/659787  worst_late(win/tot)=145.252/160.261 ms  drop_timing(win/tot)=90766/856780 pkt  drop_io(win/tot)=0/0 pkt  lost_samples(win/tot)=16337880/154220400  send_errors(win/tot)=0/0
2026-04-22 15:13:12 INFO STAT  crate=32  sent=721513 pkt  507.121 MB  win=6.066 Mbps 1028.8 pkt/s  tot=6.446 Mbps 1093.2 pkt/s  late(win/tot)=61726/721513  worst_late(win/tot)=147.341/160.261 ms  drop_timing(win/tot)=89952/946732 pkt  drop_io(win/tot)=0/0 pkt  lost_samples(win/tot)=16191360/170411760  send_errors(win/tot)=0/0
2026-04-22 15:14:12 INFO STAT  crate=32  sent=781232 pkt  549.095 MB  win=5.868 Mbps 995.3 pkt/s  tot=6.397 Mbps 1085.0 pkt/s  late(win/tot)=59719/781232  worst_late(win/tot)=173.015/173.015 ms  drop_timing(win/tot)=91895/1038627 pkt  drop_io(win/tot)=0/0 pkt  lost_samples(win/tot)=16541100/186952860  send_errors(win/tot)=0/0
2026-04-22 15:15:12 INFO STAT  crate=32  sent=845468 pkt  594.244 MB  win=6.312 Mbps 1070.6 pkt/s  tot=6.391 Mbps 1083.9 pkt/s  late(win/tot)=64236/845468  worst_late(win/tot)=153.335/173.015 ms  drop_timing(win/tot)=87472/1126099 pkt  drop_io(win/tot)=0/0 pkt  lost_samples(win/tot)=15744960/202697820  send_errors(win/tot)=0/0
2026-04-22 15:16:12 INFO STAT  crate=32  sent=912450 pkt  641.323 MB  win=6.582 Mbps 1116.4 pkt/s  tot=6.405 Mbps 1086.2 pkt/s  late(win/tot)=66982/912450  worst_late(win/tot)=159.641/173.015 ms  drop_timing(win/tot)=84650/1210749 pkt  drop_io(win/tot)=0/0 pkt  lost_samples(win/tot)=15237000/217934820  send_errors(win/tot)=0/0
2026-04-22 15:17:12 INFO STAT  crate=32  sent=979641 pkt  688.548 MB  win=6.603 Mbps 1119.8 pkt/s  tot=6.418 Mbps 1088.5 pkt/s  late(win/tot)=67191/979641  worst_late(win/tot)=139.811/173.015 ms  drop_timing(win/tot)=84498/1295247 pkt  drop_io(win/tot)=0/0 pkt  lost_samples(win/tot)=15209640/233144460  send_errors(win/tot)=0/0
2026-04-22 15:18:12 INFO STAT  crate=32  sent=1046069 pkt  735.238 MB  win=6.528 Mbps 1107.2 pkt/s  tot=6.425 Mbps 1089.7 pkt/s  late(win/tot)=66428/1046069  worst_late(win/tot)=141.850/173.015 ms  drop_timing(win/tot)=85233/1380480 pkt  drop_io(win/tot)=0/0 pkt  lost_samples(win/tot)=15341940/248486400  send_errors(win/tot)=0/0
2026-04-22 15:19:12 INFO STAT  crate=32  sent=1110625 pkt  780.612 MB  win=6.344 Mbps 1075.9 pkt/s  tot=6.420 Mbps 1088.8 pkt/s  late(win/tot)=64556/1110625  worst_late(win/tot)=139.418/173.015 ms  drop_timing(win/tot)=87167/1467647 pkt  drop_io(win/tot)=0/0 pkt  lost_samples(win/tot)=15690060/264176460  send_errors(win/tot)=0/0
2026-04-22 15:20:12 INFO STAT  crate=32  sent=1178437 pkt  828.274 MB  win=6.664 Mbps 1130.2 pkt/s  tot=6.433 Mbps 1091.1 pkt/s  late(win/tot)=67812/1178437  worst_late(win/tot)=188.759/188.759 ms  drop_timing(win/tot)=83783/1551430 pkt  drop_io(win/tot)=0/0 pkt  lost_samples(win/tot)=15080940/279257400  send_errors(win/tot)=0/0
2026-04-22 15:21:12 INFO STAT  crate=32  sent=1246078 pkt  875.816 MB  win=6.646 Mbps 1127.3 pkt/s  tot=6.445 Mbps 1093.0 pkt/s  late(win/tot)=67641/1246078  worst_late(win/tot)=149.405/188.759 ms  drop_timing(win/tot)=84040/1635470 pkt  drop_io(win/tot)=0/0 pkt  lost_samples(win/tot)=15127200/294384600  send_errors(win/tot)=0/0
2026-04-22 15:22:12 INFO STAT  crate=32  sent=1311882 pkt  922.067 MB  win=6.466 Mbps 1096.7 pkt/s  tot=6.446 Mbps 1093.2 pkt/s  late(win/tot)=65804/1311882  worst_late(win/tot)=166.157/188.759 ms  drop_timing(win/tot)=85857/1721327 pkt  drop_io(win/tot)=0/0 pkt  lost_samples(win/tot)=15454260/309838860  send_errors(win/tot)=0/0
2026-04-22 15:23:12 INFO STAT  crate=32  sent=1377678 pkt  968.312 MB  win=6.466 Mbps 1096.7 pkt/s  tot=6.447 Mbps 1093.4 pkt/s  late(win/tot)=65796/1377678  worst_late(win/tot)=142.825/188.759 ms  drop_timing(win/tot)=85908/1807235 pkt  drop_io(win/tot)=0/0 pkt  lost_samples(win/tot)=15463440/325302300  send_errors(win/tot)=0/0
2026-04-22 15:24:12 INFO STAT  crate=32  sent=1448052 pkt  1017.775 MB  win=6.915 Mbps 1172.9 pkt/s  tot=6.468 Mbps 1097.0 pkt/s  late(win/tot)=70374/1448052  worst_late(win/tot)=147.613/188.759 ms  drop_timing(win/tot)=81307/1888542 pkt  drop_io(win/tot)=0/0 pkt  lost_samples(win/tot)=14635260/339937560  send_errors(win/tot)=0/0
2026-04-22 15:25:12 INFO STAT  crate=32  sent=1514903 pkt  1064.762 MB  win=6.569 Mbps 1114.2 pkt/s  tot=6.472 Mbps 1097.8 pkt/s  late(win/tot)=66851/1514903  worst_late(win/tot)=144.643/188.759 ms  drop_timing(win/tot)=84800/1973342 pkt  drop_io(win/tot)=0/0 pkt  lost_samples(win/tot)=15264000/355201560  send_errors(win/tot)=0/0
2026-04-22 15:26:12 INFO STAT  crate=32  sent=1580844 pkt  1111.109 MB  win=6.480 Mbps 1099.0 pkt/s  tot=6.473 Mbps 1097.8 pkt/s  late(win/tot)=65941/1580844  worst_late(win/tot)=142.971/188.759 ms  drop_timing(win/tot)=85681/2059023 pkt  drop_io(win/tot)=0/0 pkt  lost_samples(win/tot)=15422580/370624140  send_errors(win/tot)=0/0
2026-04-22 15:27:12 INFO STAT  crate=32  sent=1648930 pkt  1158.964 MB  win=6.691 Mbps 1134.8 pkt/s  tot=6.481 Mbps 1099.3 pkt/s  late(win/tot)=68086/1648930  worst_late(win/tot)=132.537/188.759 ms  drop_timing(win/tot)=83656/2142679 pkt  drop_io(win/tot)=0/0 pkt  lost_samples(win/tot)=15058080/385682220  send_errors(win/tot)=0/0
2026-04-22 15:28:12 INFO STAT  crate=32  sent=1732427 pkt  1217.650 MB  win=8.205 Mbps 1391.6 pkt/s  tot=6.548 Mbps 1110.5 pkt/s  late(win/tot)=83497/1732427  worst_late(win/tot)=144.944/188.759 ms  drop_timing(win/tot)=68156/2210835 pkt  drop_io(win/tot)=0/0 pkt  lost_samples(win/tot)=12268080/397950300  send_errors(win/tot)=0/0
2026-04-22 15:29:12 INFO STAT  crate=32  sent=1816024 pkt  1276.407 MB  win=8.215 Mbps 1393.3 pkt/s  tot=6.609 Mbps 1121.0 pkt/s  late(win/tot)=83597/1816024  worst_late(win/tot)=118.359/188.759 ms  drop_timing(win/tot)=68060/2278895 pkt  drop_io(win/tot)=0/0 pkt  lost_samples(win/tot)=12250800/410201100  send_errors(win/tot)=0/0
2026-04-22 15:30:12 INFO STAT  crate=32  sent=1899494 pkt  1335.074 MB  win=8.202 Mbps 1391.1 pkt/s  tot=6.666 Mbps 1130.7 pkt/s  late(win/tot)=83470/1899494  worst_late(win/tot)=120.804/188.759 ms  drop_timing(win/tot)=68186/2347081 pkt  drop_io(win/tot)=0/0 pkt  lost_samples(win/tot)=12273480/422474580  send_errors(win/tot)=0/0
2026-04-22 15:31:12 INFO STAT  crate=32  sent=1981870 pkt  1392.973 MB  win=8.095 Mbps 1372.9 pkt/s  tot=6.716 Mbps 1139.0 pkt/s  late(win/tot)=82376/1981870  worst_late(win/tot)=131.440/188.759 ms  drop_timing(win/tot)=69305/2416386 pkt  drop_io(win/tot)=0/0 pkt  lost_samples(win/tot)=12474900/434949480  send_errors(win/tot)=0/0
2026-04-22 15:32:12 INFO STAT  crate=32  sent=2064381 pkt  1450.967 MB  win=8.108 Mbps 1375.2 pkt/s  tot=6.762 Mbps 1146.9 pkt/s  late(win/tot)=82511/2064381  worst_late(win/tot)=116.937/188.759 ms  drop_timing(win/tot)=69149/2485535 pkt  drop_io(win/tot)=0/0 pkt  lost_samples(win/tot)=12446820/447396300  send_errors(win/tot)=0/0
2026-04-22 15:33:12 INFO STAT  crate=32  sent=2147941 pkt  1509.697 MB  win=8.211 Mbps 1392.7 pkt/s  tot=6.809 Mbps 1154.8 pkt/s  late(win/tot)=83560/2147941  worst_late(win/tot)=133.823/188.759 ms  drop_timing(win/tot)=68118/2553653 pkt  drop_io(win/tot)=0/0 pkt  lost_samples(win/tot)=12261240/459657540  send_errors(win/tot)=0/0
2026-04-22 15:34:12 INFO STAT  crate=32  sent=2256819 pkt  1586.223 MB  win=10.699 Mbps 1814.6 pkt/s  tot=6.930 Mbps 1175.4 pkt/s  late(win/tot)=108878/2256819  worst_late(win/tot)=92.397/188.759 ms  drop_timing(win/tot)=42819/2596472 pkt  drop_io(win/tot)=0/0 pkt  lost_samples(win/tot)=7707420/467364960  send_errors(win/tot)=0/0
2026-04-22 15:35:12 INFO STAT  crate=32  sent=2368609 pkt  1664.796 MB  win=10.985 Mbps 1863.2 pkt/s  tot=7.053 Mbps 1196.3 pkt/s  late(win/tot)=111790/2368609  worst_late(win/tot)=104.549/188.759 ms  drop_timing(win/tot)=39840/2636312 pkt  drop_io(win/tot)=0/0 pkt  lost_samples(win/tot)=7171200/474536160  send_errors(win/tot)=0/0
2026-04-22 15:36:12 INFO STAT  crate=32  sent=2477810 pkt  1741.549 MB  win=10.731 Mbps 1820.0 pkt/s  tot=7.161 Mbps 1214.6 pkt/s  late(win/tot)=109201/2477810  worst_late(win/tot)=101.773/188.759 ms  drop_timing(win/tot)=42471/2678783 pkt  drop_io(win/tot)=0/0 pkt  lost_samples(win/tot)=7644780/482180940  send_errors(win/tot)=0/0
2026-04-22 15:37:12 INFO STAT  crate=32  sent=2625184 pkt  1845.132 MB  win=14.482 Mbps 2456.2 pkt/s  tot=7.371 Mbps 1250.1 pkt/s  late(win/tot)=147374/2625184  worst_late(win/tot)=75.366/188.759 ms  drop_timing(win/tot)=4366/2683149 pkt  drop_io(win/tot)=0/0 pkt  lost_samples(win/tot)=785880/482966820  send_errors(win/tot)=0/0
2026-04-22 15:37:54 INFO STAT  crate=32  sent=2730000 pkt  1918.802 MB  win=14.715 Mbps 2495.8 pkt/s  tot=7.515 Mbps 1274.5 pkt/s  late(win/tot)=104816/2730000  worst_late(win/tot)=41.749/188.759 ms  drop_timing(win/tot)=122/2683271 pkt  drop_io(win/tot)=0/0 pkt  lost_samples(win/tot)=21960/482988780  send_errors(win/tot)=0/0
2026-04-22 15:37:54 INFO Terminato
