2026-04-22 17:41:19 INFO Start crate=9 dst=131.154.99.225:6666
2026-04-22 17:41:19 INFO Streams=91  board=7  analog/board=12  digital_streams/board=1
2026-04-22 17:41:19 INFO Sample rate=5000 Hz  samples/pkt=180  pps/stream=27.777778  total_pps=2527.778
2026-04-22 17:41:19 INFO Packet len=737 B  expected throughput=14.904 Mbps
2026-04-22 17:41:19 INFO Analog FS=+/-10.000 V  noise_rms=0.010000 V  digital_flip_prob=0.002000
2026-04-22 17:42:19 INFO STAT  crate=9  sent=80871 pkt  56.841 MB  win=7.946 Mbps 1347.8 pkt/s  tot=7.946 Mbps 1347.8 pkt/s  late(win/tot)=80871/80871  worst_late(win/tot)=109.963/109.963 ms  drop_timing(win/tot)=70707/70707 pkt  drop_io(win/tot)=0/0 pkt  lost_samples(win/tot)=12727260/12727260  send_errors(win/tot)=0/0
2026-04-22 17:43:19 INFO STAT  crate=9  sent=170328 pkt  119.716 MB  win=8.790 Mbps 1490.9 pkt/s  tot=8.368 Mbps 1419.3 pkt/s  late(win/tot)=89457/170328  worst_late(win/tot)=107.551/109.963 ms  drop_timing(win/tot)=62204/132911 pkt  drop_io(win/tot)=0/0 pkt  lost_samples(win/tot)=11196720/23923980  send_errors(win/tot)=0/0
2026-04-22 17:44:19 INFO STAT  crate=9  sent=260493 pkt  183.090 MB  win=8.861 Mbps 1502.9 pkt/s  tot=8.533 Mbps 1447.2 pkt/s  late(win/tot)=90165/260493  worst_late(win/tot)=109.649/109.963 ms  drop_timing(win/tot)=61494/194405 pkt  drop_io(win/tot)=0/0 pkt  lost_samples(win/tot)=11068920/34992900  send_errors(win/tot)=0/0
2026-04-22 17:45:19 INFO STAT  crate=9  sent=344510 pkt  242.142 MB  win=8.256 Mbps 1400.3 pkt/s  tot=8.463 Mbps 1435.5 pkt/s  late(win/tot)=84017/344510  worst_late(win/tot)=107.464/109.963 ms  drop_timing(win/tot)=67642/262047 pkt  drop_io(win/tot)=0/0 pkt  lost_samples(win/tot)=12175560/47168460  send_errors(win/tot)=0/0
2026-04-22 17:46:19 INFO STAT  crate=9  sent=432544 pkt  304.017 MB  win=8.650 Mbps 1467.2 pkt/s  tot=8.501 Mbps 1441.8 pkt/s  late(win/tot)=88034/432544  worst_late(win/tot)=112.126/112.126 ms  drop_timing(win/tot)=63635/325682 pkt  drop_io(win/tot)=0/0 pkt  lost_samples(win/tot)=11454300/58622760  send_errors(win/tot)=0/0
2026-04-22 17:47:19 INFO STAT  crate=9  sent=519878 pkt  365.400 MB  win=8.582 Mbps 1455.6 pkt/s  tot=8.514 Mbps 1444.1 pkt/s  late(win/tot)=87334/519878  worst_late(win/tot)=113.469/113.469 ms  drop_timing(win/tot)=64375/390057 pkt  drop_io(win/tot)=0/0 pkt  lost_samples(win/tot)=11587500/70210260  send_errors(win/tot)=0/0
2026-04-22 17:48:19 INFO STAT  crate=9  sent=604595 pkt  424.944 MB  win=8.325 Mbps 1411.9 pkt/s  tot=8.487 Mbps 1439.5 pkt/s  late(win/tot)=84717/604595  worst_late(win/tot)=110.317/113.469 ms  drop_timing(win/tot)=66904/456961 pkt  drop_io(win/tot)=0/0 pkt  lost_samples(win/tot)=12042720/82252980  send_errors(win/tot)=0/0
2026-04-22 17:49:19 INFO STAT  crate=9  sent=687447 pkt  483.178 MB  win=8.142 Mbps 1380.9 pkt/s  tot=8.444 Mbps 1432.2 pkt/s  late(win/tot)=82852/687447  worst_late(win/tot)=108.409/113.469 ms  drop_timing(win/tot)=68815/525776 pkt  drop_io(win/tot)=0/0 pkt  lost_samples(win/tot)=12386700/94639680  send_errors(win/tot)=0/0
2026-04-22 17:50:19 INFO STAT  crate=9  sent=770959 pkt  541.875 MB  win=8.206 Mbps 1391.8 pkt/s  tot=8.418 Mbps 1427.7 pkt/s  late(win/tot)=83512/770959  worst_late(win/tot)=109.880/113.469 ms  drop_timing(win/tot)=68156/593932 pkt  drop_io(win/tot)=0/0 pkt  lost_samples(win/tot)=12268080/106907760  send_errors(win/tot)=0/0
2026-04-22 17:51:19 INFO STAT  crate=9  sent=857237 pkt  602.516 MB  win=8.479 Mbps 1438.0 pkt/s  tot=8.424 Mbps 1428.7 pkt/s  late(win/tot)=86278/857237  worst_late(win/tot)=116.850/116.850 ms  drop_timing(win/tot)=65454/659386 pkt  drop_io(win/tot)=0/0 pkt  lost_samples(win/tot)=11781720/118689480  send_errors(win/tot)=0/0
2026-04-22 17:52:19 INFO STAT  crate=9  sent=942142 pkt  662.192 MB  win=8.343 Mbps 1415.0 pkt/s  tot=8.416 Mbps 1427.5 pkt/s  late(win/tot)=84905/942142  worst_late(win/tot)=114.214/116.850 ms  drop_timing(win/tot)=66711/726097 pkt  drop_io(win/tot)=0/0 pkt  lost_samples(win/tot)=12007980/130697460  send_errors(win/tot)=0/0
2026-04-22 17:53:19 INFO STAT  crate=9  sent=1031554 pkt  725.036 MB  win=8.787 Mbps 1490.3 pkt/s  tot=8.447 Mbps 1432.7 pkt/s  late(win/tot)=89412/1031554  worst_late(win/tot)=107.310/116.850 ms  drop_timing(win/tot)=62291/788388 pkt  drop_io(win/tot)=0/0 pkt  lost_samples(win/tot)=11212380/141909840  send_errors(win/tot)=0/0
2026-04-22 17:54:19 INFO STAT  crate=9  sent=1118121 pkt  785.880 MB  win=8.507 Mbps 1442.8 pkt/s  tot=8.452 Mbps 1433.5 pkt/s  late(win/tot)=86567/1118121  worst_late(win/tot)=119.345/119.345 ms  drop_timing(win/tot)=65101/853489 pkt  drop_io(win/tot)=0/0 pkt  lost_samples(win/tot)=11718180/153628020  send_errors(win/tot)=0/0
2026-04-22 17:55:19 INFO STAT  crate=9  sent=1202033 pkt  844.858 MB  win=8.245 Mbps 1398.5 pkt/s  tot=8.437 Mbps 1431.0 pkt/s  late(win/tot)=83912/1202033  worst_late(win/tot)=109.542/119.345 ms  drop_timing(win/tot)=67794/921283 pkt  drop_io(win/tot)=0/0 pkt  lost_samples(win/tot)=12202920/165830940  send_errors(win/tot)=0/0
2026-04-22 17:56:19 INFO STAT  crate=9  sent=1284770 pkt  903.011 MB  win=8.131 Mbps 1379.0 pkt/s  tot=8.417 Mbps 1427.5 pkt/s  late(win/tot)=82737/1284770  worst_late(win/tot)=109.673/119.345 ms  drop_timing(win/tot)=68888/990171 pkt  drop_io(win/tot)=0/0 pkt  lost_samples(win/tot)=12399840/178230780  send_errors(win/tot)=0/0
2026-04-22 17:57:19 INFO STAT  crate=9  sent=1368263 pkt  961.695 MB  win=8.205 Mbps 1391.5 pkt/s  tot=8.403 Mbps 1425.3 pkt/s  late(win/tot)=83493/1368263  worst_late(win/tot)=102.929/119.345 ms  drop_timing(win/tot)=68125/1058296 pkt  drop_io(win/tot)=0/0 pkt  lost_samples(win/tot)=12262500/190493280  send_errors(win/tot)=0/0
2026-04-22 17:58:19 INFO STAT  crate=9  sent=1451032 pkt  1019.869 MB  win=8.133 Mbps 1379.5 pkt/s  tot=8.388 Mbps 1422.6 pkt/s  late(win/tot)=82769/1451032  worst_late(win/tot)=121.658/121.658 ms  drop_timing(win/tot)=68921/1127217 pkt  drop_io(win/tot)=0/0 pkt  lost_samples(win/tot)=12405780/202899060  send_errors(win/tot)=0/0
2026-04-22 17:59:19 INFO STAT  crate=9  sent=1532005 pkt  1076.782 MB  win=7.957 Mbps 1349.5 pkt/s  tot=8.364 Mbps 1418.5 pkt/s  late(win/tot)=80973/1532005  worst_late(win/tot)=116.199/121.658 ms  drop_timing(win/tot)=70684/1197901 pkt  drop_io(win/tot)=0/0 pkt  lost_samples(win/tot)=12723120/215622180  send_errors(win/tot)=0/0
2026-04-22 18:00:19 INFO STAT  crate=9  sent=1615093 pkt  1135.181 MB  win=8.165 Mbps 1384.9 pkt/s  tot=8.353 Mbps 1416.7 pkt/s  late(win/tot)=83088/1615093  worst_late(win/tot)=111.831/121.658 ms  drop_timing(win/tot)=68637/1266538 pkt  drop_io(win/tot)=0/0 pkt  lost_samples(win/tot)=12354660/227976840  send_errors(win/tot)=0/0
2026-04-22 18:01:19 INFO STAT  crate=9  sent=1698805 pkt  1194.019 MB  win=8.226 Mbps 1395.2 pkt/s  tot=8.347 Mbps 1415.7 pkt/s  late(win/tot)=83712/1698805  worst_late(win/tot)=118.072/121.658 ms  drop_timing(win/tot)=67959/1334497 pkt  drop_io(win/tot)=0/0 pkt  lost_samples(win/tot)=12232620/240209460  send_errors(win/tot)=0/0
2026-04-22 18:02:19 INFO STAT  crate=9  sent=1783010 pkt  1253.203 MB  win=8.274 Mbps 1403.4 pkt/s  tot=8.343 Mbps 1415.1 pkt/s  late(win/tot)=84205/1783010  worst_late(win/tot)=115.630/121.658 ms  drop_timing(win/tot)=67449/1401946 pkt  drop_io(win/tot)=0/0 pkt  lost_samples(win/tot)=12140820/252350280  send_errors(win/tot)=0/0
2026-04-22 18:03:19 INFO STAT  crate=9  sent=1872230 pkt  1315.912 MB  win=8.767 Mbps 1486.9 pkt/s  tot=8.363 Mbps 1418.4 pkt/s  late(win/tot)=89220/1872230  worst_late(win/tot)=112.513/121.658 ms  drop_timing(win/tot)=62383/1464329 pkt  drop_io(win/tot)=0/0 pkt  lost_samples(win/tot)=11228940/263579220  send_errors(win/tot)=0/0
2026-04-22 18:04:19 INFO STAT  crate=9  sent=1959079 pkt  1376.954 MB  win=8.535 Mbps 1447.6 pkt/s  tot=8.370 Mbps 1419.6 pkt/s  late(win/tot)=86849/1959079  worst_late(win/tot)=119.007/121.658 ms  drop_timing(win/tot)=64837/1529166 pkt  drop_io(win/tot)=0/0 pkt  lost_samples(win/tot)=11670660/275249880  send_errors(win/tot)=0/0
2026-04-22 18:05:19 INFO STAT  crate=9  sent=2046740 pkt  1438.568 MB  win=8.614 Mbps 1461.0 pkt/s  tot=8.380 Mbps 1421.3 pkt/s  late(win/tot)=87661/2046740  worst_late(win/tot)=108.313/121.658 ms  drop_timing(win/tot)=64062/1593228 pkt  drop_io(win/tot)=0/0 pkt  lost_samples(win/tot)=11531160/286781040  send_errors(win/tot)=0/0
2026-04-22 18:06:19 INFO STAT  crate=9  sent=2137627 pkt  1502.448 MB  win=8.931 Mbps 1514.7 pkt/s  tot=8.402 Mbps 1425.1 pkt/s  late(win/tot)=90887/2137627  worst_late(win/tot)=118.220/121.658 ms  drop_timing(win/tot)=60715/1653943 pkt  drop_io(win/tot)=0/0 pkt  lost_samples(win/tot)=10928700/297709740  send_errors(win/tot)=0/0
2026-04-22 18:07:19 INFO STAT  crate=9  sent=2228384 pkt  1566.237 MB  win=8.918 Mbps 1512.6 pkt/s  tot=8.422 Mbps 1428.4 pkt/s  late(win/tot)=90757/2228384  worst_late(win/tot)=118.354/121.658 ms  drop_timing(win/tot)=60914/1714857 pkt  drop_io(win/tot)=0/0 pkt  lost_samples(win/tot)=10964520/308674260  send_errors(win/tot)=0/0
2026-04-22 18:08:19 INFO STAT  crate=9  sent=2316755 pkt  1628.350 MB  win=8.684 Mbps 1472.9 pkt/s  tot=8.432 Mbps 1430.1 pkt/s  late(win/tot)=88371/2316755  worst_late(win/tot)=118.014/121.658 ms  drop_timing(win/tot)=63374/1778231 pkt  drop_io(win/tot)=0/0 pkt  lost_samples(win/tot)=11407320/320081580  send_errors(win/tot)=0/0
2026-04-22 18:09:19 INFO STAT  crate=9  sent=2403270 pkt  1689.157 MB  win=8.502 Mbps 1441.9 pkt/s  tot=8.434 Mbps 1430.5 pkt/s  late(win/tot)=86515/2403270  worst_late(win/tot)=124.481/124.481 ms  drop_timing(win/tot)=65129/1843360 pkt  drop_io(win/tot)=0/0 pkt  lost_samples(win/tot)=11723220/331804800  send_errors(win/tot)=0/0
2026-04-22 18:10:19 INFO STAT  crate=9  sent=2490767 pkt  1750.655 MB  win=8.598 Mbps 1458.3 pkt/s  tot=8.440 Mbps 1431.5 pkt/s  late(win/tot)=87497/2490767  worst_late(win/tot)=112.766/124.481 ms  drop_timing(win/tot)=64182/1907542 pkt  drop_io(win/tot)=0/0 pkt  lost_samples(win/tot)=11552760/343357560  send_errors(win/tot)=0/0
2026-04-22 18:11:19 INFO STAT  crate=9  sent=2623303 pkt  1843.809 MB  win=13.024 Mbps 2208.9 pkt/s  tot=8.593 Mbps 1457.4 pkt/s  late(win/tot)=132536/2623303  worst_late(win/tot)=63.055/124.481 ms  drop_timing(win/tot)=19110/1926652 pkt  drop_io(win/tot)=0/0 pkt  lost_samples(win/tot)=3439800/346797360  send_errors(win/tot)=0/0
2026-04-22 18:12:07 INFO STAT  crate=9  sent=2730000 pkt  1918.802 MB  win=13.138 Mbps 2228.2 pkt/s  tot=8.711 Mbps 1477.4 pkt/s  late(win/tot)=106697/2730000  worst_late(win/tot)=48.402/124.481 ms  drop_timing(win/tot)=14352/1941004 pkt  drop_io(win/tot)=0/0 pkt  lost_samples(win/tot)=2583360/349380720  send_errors(win/tot)=0/0
2026-04-22 18:12:07 INFO Terminato
