2026-04-22 14:45:49 INFO Start crate=0 dst=131.154.99.225:6666
2026-04-22 14:45:49 INFO Streams=91  board=7  analog/board=12  digital_streams/board=1
2026-04-22 14:45:49 INFO Sample rate=5000 Hz  samples/pkt=180  pps/stream=27.777778  total_pps=2527.778
2026-04-22 14:45:49 INFO Packet len=737 B  expected throughput=14.904 Mbps
2026-04-22 14:45:49 INFO Analog FS=+/-10.000 V  noise_rms=0.010000 V  digital_flip_prob=0.002000
2026-04-22 14:46:49 INFO STAT  crate=0  sent=151666 pkt  106.600 MB  win=14.904 Mbps 2527.8 pkt/s  tot=14.904 Mbps 2527.8 pkt/s  late(win/tot)=151666/151666  worst_late(win/tot)=34.124/34.124 ms  drop_timing(win/tot)=0/0 pkt  drop_io(win/tot)=0/0 pkt  lost_samples(win/tot)=0/0  send_errors(win/tot)=0/0
2026-04-22 14:47:49 INFO STAT  crate=0  sent=303243 pkt  213.137 MB  win=14.895 Mbps 2526.3 pkt/s  tot=14.899 Mbps 2527.0 pkt/s  late(win/tot)=151577/303243  worst_late(win/tot)=46.593/46.593 ms  drop_timing(win/tot)=91/91 pkt  drop_io(win/tot)=0/0 pkt  lost_samples(win/tot)=16380/16380  send_errors(win/tot)=0/0
2026-04-22 14:48:49 INFO STAT  crate=0  sent=454909 pkt  319.736 MB  win=14.904 Mbps 2527.8 pkt/s  tot=14.901 Mbps 2527.3 pkt/s  late(win/tot)=151665/454908  worst_late(win/tot)=33.106/46.593 ms  drop_timing(win/tot)=0/91 pkt  drop_io(win/tot)=0/0 pkt  lost_samples(win/tot)=0/16380  send_errors(win/tot)=0/0
2026-04-22 14:49:49 INFO STAT  crate=0  sent=606485 pkt  426.273 MB  win=14.895 Mbps 2526.3 pkt/s  tot=14.899 Mbps 2527.0 pkt/s  late(win/tot)=151576/606484  worst_late(win/tot)=49.578/49.578 ms  drop_timing(win/tot)=91/182 pkt  drop_io(win/tot)=0/0 pkt  lost_samples(win/tot)=16380/32760  send_errors(win/tot)=0/0
2026-04-22 14:50:49 INFO STAT  crate=0  sent=758060 pkt  532.809 MB  win=14.895 Mbps 2526.3 pkt/s  tot=14.898 Mbps 2526.9 pkt/s  late(win/tot)=151575/758059  worst_late(win/tot)=47.801/49.578 ms  drop_timing(win/tot)=91/273 pkt  drop_io(win/tot)=0/0 pkt  lost_samples(win/tot)=16380/49140  send_errors(win/tot)=0/0
2026-04-22 14:51:49 INFO STAT  crate=0  sent=909727 pkt  639.409 MB  win=14.904 Mbps 2527.8 pkt/s  tot=14.899 Mbps 2527.0 pkt/s  late(win/tot)=151667/909726  worst_late(win/tot)=34.090/49.578 ms  drop_timing(win/tot)=0/273 pkt  drop_io(win/tot)=0/0 pkt  lost_samples(win/tot)=0/49140  send_errors(win/tot)=0/0
2026-04-22 14:52:49 INFO STAT  crate=0  sent=1061376 pkt  745.997 MB  win=14.902 Mbps 2527.5 pkt/s  tot=14.900 Mbps 2527.1 pkt/s  late(win/tot)=151649/1061375  worst_late(win/tot)=36.630/49.578 ms  drop_timing(win/tot)=18/291 pkt  drop_io(win/tot)=0/0 pkt  lost_samples(win/tot)=3240/52380  send_errors(win/tot)=0/0
2026-04-22 14:53:49 INFO STAT  crate=0  sent=1212770 pkt  852.405 MB  win=14.877 Mbps 2523.2 pkt/s  tot=14.897 Mbps 2526.6 pkt/s  late(win/tot)=151394/1212769  worst_late(win/tot)=58.525/58.525 ms  drop_timing(win/tot)=273/564 pkt  drop_io(win/tot)=0/0 pkt  lost_samples(win/tot)=49140/101520  send_errors(win/tot)=0/0
2026-04-22 14:54:49 INFO STAT  crate=0  sent=1363856 pkt  958.597 MB  win=14.847 Mbps 2518.1 pkt/s  tot=14.891 Mbps 2525.7 pkt/s  late(win/tot)=151086/1363855  worst_late(win/tot)=57.615/58.525 ms  drop_timing(win/tot)=580/1144 pkt  drop_io(win/tot)=0/0 pkt  lost_samples(win/tot)=104400/205920  send_errors(win/tot)=0/0
2026-04-22 14:55:49 INFO STAT  crate=0  sent=1514977 pkt  1064.814 MB  win=14.850 Mbps 2518.7 pkt/s  tot=14.887 Mbps 2525.0 pkt/s  late(win/tot)=151121/1514976  worst_late(win/tot)=64.541/64.541 ms  drop_timing(win/tot)=546/1690 pkt  drop_io(win/tot)=0/0 pkt  lost_samples(win/tot)=98280/304200  send_errors(win/tot)=0/0
2026-04-22 14:56:49 INFO STAT  crate=0  sent=1660564 pkt  1167.141 MB  win=14.306 Mbps 2426.4 pkt/s  tot=14.834 Mbps 2516.0 pkt/s  late(win/tot)=145587/1660563  worst_late(win/tot)=75.884/75.884 ms  drop_timing(win/tot)=5997/7687 pkt  drop_io(win/tot)=0/0 pkt  lost_samples(win/tot)=1079460/1383660  send_errors(win/tot)=0/0
2026-04-22 14:57:49 INFO STAT  crate=0  sent=1770700 pkt  1244.551 MB  win=10.823 Mbps 1835.7 pkt/s  tot=14.500 Mbps 2459.3 pkt/s  late(win/tot)=110136/1770699  worst_late(win/tot)=101.756/101.756 ms  drop_timing(win/tot)=41552/49239 pkt  drop_io(win/tot)=0/0 pkt  lost_samples(win/tot)=7479360/8863020  send_errors(win/tot)=0/0
2026-04-22 14:58:49 INFO STAT  crate=0  sent=1880666 pkt  1321.841 MB  win=10.806 Mbps 1832.8 pkt/s  tot=14.216 Mbps 2411.1 pkt/s  late(win/tot)=109966/1880665  worst_late(win/tot)=109.580/109.580 ms  drop_timing(win/tot)=41730/90969 pkt  drop_io(win/tot)=0/0 pkt  lost_samples(win/tot)=7511400/16374420  send_errors(win/tot)=0/0
2026-04-22 14:59:49 INFO STAT  crate=0  sent=1988476 pkt  1397.616 MB  win=10.593 Mbps 1796.7 pkt/s  tot=13.957 Mbps 2367.2 pkt/s  late(win/tot)=107810/1988475  worst_late(win/tot)=108.486/109.580 ms  drop_timing(win/tot)=43802/134771 pkt  drop_io(win/tot)=0/0 pkt  lost_samples(win/tot)=7884360/24258780  send_errors(win/tot)=0/0
2026-04-22 15:00:49 INFO STAT  crate=0  sent=2070784 pkt  1455.467 MB  win=8.088 Mbps 1371.8 pkt/s  tot=13.566 Mbps 2300.9 pkt/s  late(win/tot)=82308/2070783  worst_late(win/tot)=124.845/124.845 ms  drop_timing(win/tot)=69373/204144 pkt  drop_io(win/tot)=0/0 pkt  lost_samples(win/tot)=12487140/36745920  send_errors(win/tot)=0/0
2026-04-22 15:01:49 INFO STAT  crate=0  sent=2152374 pkt  1512.813 MB  win=8.018 Mbps 1359.9 pkt/s  tot=13.219 Mbps 2242.1 pkt/s  late(win/tot)=81590/2152373  worst_late(win/tot)=140.920/140.920 ms  drop_timing(win/tot)=70059/274203 pkt  drop_io(win/tot)=0/0 pkt  lost_samples(win/tot)=12610620/49356540  send_errors(win/tot)=0/0
2026-04-22 15:02:49 INFO STAT  crate=0  sent=2222515 pkt  1562.112 MB  win=6.892 Mbps 1168.9 pkt/s  tot=12.847 Mbps 2178.9 pkt/s  late(win/tot)=70141/2222514  worst_late(win/tot)=157.230/157.230 ms  drop_timing(win/tot)=81524/355727 pkt  drop_io(win/tot)=0/0 pkt  lost_samples(win/tot)=14674320/64030860  send_errors(win/tot)=0/0
2026-04-22 15:03:49 INFO STAT  crate=0  sent=2287173 pkt  1607.558 MB  win=6.354 Mbps 1077.6 pkt/s  tot=12.486 Mbps 2117.7 pkt/s  late(win/tot)=64658/2287172  worst_late(win/tot)=149.555/157.230 ms  drop_timing(win/tot)=87019/442746 pkt  drop_io(win/tot)=0/0 pkt  lost_samples(win/tot)=15663420/79694280  send_errors(win/tot)=0/0
2026-04-22 15:04:49 INFO STAT  crate=0  sent=2351812 pkt  1652.990 MB  win=6.352 Mbps 1077.3 pkt/s  tot=12.163 Mbps 2063.0 pkt/s  late(win/tot)=64639/2351811  worst_late(win/tot)=169.466/169.466 ms  drop_timing(win/tot)=87007/529753 pkt  drop_io(win/tot)=0/0 pkt  lost_samples(win/tot)=15661260/95355540  send_errors(win/tot)=0/0
2026-04-22 15:05:49 INFO STAT  crate=0  sent=2420135 pkt  1701.011 MB  win=6.713 Mbps 1138.6 pkt/s  tot=11.891 Mbps 2016.8 pkt/s  late(win/tot)=68323/2420134  worst_late(win/tot)=140.898/169.466 ms  drop_timing(win/tot)=83316/613069 pkt  drop_io(win/tot)=0/0 pkt  lost_samples(win/tot)=14996880/110352420  send_errors(win/tot)=0/0
2026-04-22 15:06:49 INFO STAT  crate=0  sent=2483968 pkt  1745.877 MB  win=6.273 Mbps 1064.0 pkt/s  tot=11.623 Mbps 1971.4 pkt/s  late(win/tot)=63833/2483967  worst_late(win/tot)=163.024/169.466 ms  drop_timing(win/tot)=87899/700968 pkt  drop_io(win/tot)=0/0 pkt  lost_samples(win/tot)=15821820/126174240  send_errors(win/tot)=0/0
2026-04-22 15:07:49 INFO STAT  crate=0  sent=2548460 pkt  1791.205 MB  win=6.338 Mbps 1074.9 pkt/s  tot=11.383 Mbps 1930.7 pkt/s  late(win/tot)=64492/2548459  worst_late(win/tot)=152.101/169.466 ms  drop_timing(win/tot)=87155/788123 pkt  drop_io(win/tot)=0/0 pkt  lost_samples(win/tot)=15687900/141862140  send_errors(win/tot)=0/0
2026-04-22 15:08:49 INFO STAT  crate=0  sent=2619151 pkt  1840.891 MB  win=6.946 Mbps 1178.2 pkt/s  tot=11.190 Mbps 1897.9 pkt/s  late(win/tot)=70691/2619150  worst_late(win/tot)=144.110/169.466 ms  drop_timing(win/tot)=80971/869094 pkt  drop_io(win/tot)=0/0 pkt  lost_samples(win/tot)=14574780/156436920  send_errors(win/tot)=0/0
2026-04-22 15:09:49 INFO STAT  crate=0  sent=2686382 pkt  1888.145 MB  win=6.606 Mbps 1120.5 pkt/s  tot=10.999 Mbps 1865.5 pkt/s  late(win/tot)=67231/2686381  worst_late(win/tot)=156.665/169.466 ms  drop_timing(win/tot)=84404/953498 pkt  drop_io(win/tot)=0/0 pkt  lost_samples(win/tot)=15192720/171629640  send_errors(win/tot)=0/0
2026-04-22 15:10:30 INFO STAT  crate=0  sent=2730000 pkt  1918.802 MB  win=6.223 Mbps 1055.5 pkt/s  tot=10.866 Mbps 1842.9 pkt/s  late(win/tot)=43618/2729999  worst_late(win/tot)=161.069/169.466 ms  drop_timing(win/tot)=60484/1013982 pkt  drop_io(win/tot)=0/0 pkt  lost_samples(win/tot)=10887120/182516760  send_errors(win/tot)=0/0
2026-04-22 15:10:30 INFO Terminato
