2026-04-22 17:48:27 INFO Start crate=23 dst=131.154.99.225:6666
2026-04-22 17:48:27 INFO Streams=91  board=7  analog/board=12  digital_streams/board=1
2026-04-22 17:48:27 INFO Sample rate=5000 Hz  samples/pkt=180  pps/stream=27.777778  total_pps=2527.778
2026-04-22 17:48:27 INFO Packet len=737 B  expected throughput=14.904 Mbps
2026-04-22 17:48:27 INFO Analog FS=+/-10.000 V  noise_rms=0.010000 V  digital_flip_prob=0.002000
2026-04-22 17:49:27 INFO STAT  crate=23  sent=73060 pkt  51.351 MB  win=7.179 Mbps 1217.7 pkt/s  tot=7.179 Mbps 1217.7 pkt/s  late(win/tot)=73060/73060  worst_late(win/tot)=149.274/149.274 ms  drop_timing(win/tot)=78494/78494 pkt  drop_io(win/tot)=0/0 pkt  lost_samples(win/tot)=14128920/14128920  send_errors(win/tot)=0/0
2026-04-22 17:50:27 INFO STAT  crate=23  sent=143548 pkt  100.894 MB  win=6.927 Mbps 1174.8 pkt/s  tot=7.053 Mbps 1196.2 pkt/s  late(win/tot)=70488/143548  worst_late(win/tot)=168.147/168.147 ms  drop_timing(win/tot)=81177/159671 pkt  drop_io(win/tot)=0/0 pkt  lost_samples(win/tot)=14611860/28740780  send_errors(win/tot)=0/0
2026-04-22 17:51:27 INFO STAT  crate=23  sent=216421 pkt  152.113 MB  win=7.161 Mbps 1214.5 pkt/s  tot=7.089 Mbps 1202.3 pkt/s  late(win/tot)=72873/216421  worst_late(win/tot)=135.597/168.147 ms  drop_timing(win/tot)=78803/238474 pkt  drop_io(win/tot)=0/0 pkt  lost_samples(win/tot)=14184540/42925320  send_errors(win/tot)=0/0
2026-04-22 17:52:27 INFO STAT  crate=23  sent=287776 pkt  202.266 MB  win=7.012 Mbps 1189.2 pkt/s  tot=7.070 Mbps 1199.1 pkt/s  late(win/tot)=71355/287776  worst_late(win/tot)=150.911/168.147 ms  drop_timing(win/tot)=80349/318823 pkt  drop_io(win/tot)=0/0 pkt  lost_samples(win/tot)=14462820/57388140  send_errors(win/tot)=0/0
2026-04-22 17:53:27 INFO STAT  crate=23  sent=359767 pkt  252.865 MB  win=7.074 Mbps 1199.8 pkt/s  tot=7.071 Mbps 1199.2 pkt/s  late(win/tot)=71991/359767  worst_late(win/tot)=159.250/168.147 ms  drop_timing(win/tot)=79667/398490 pkt  drop_io(win/tot)=0/0 pkt  lost_samples(win/tot)=14340060/71728200  send_errors(win/tot)=0/0
2026-04-22 17:54:27 INFO STAT  crate=23  sent=434691 pkt  305.526 MB  win=7.363 Mbps 1248.8 pkt/s  tot=7.119 Mbps 1207.5 pkt/s  late(win/tot)=74924/434691  worst_late(win/tot)=159.246/168.147 ms  drop_timing(win/tot)=76754/475244 pkt  drop_io(win/tot)=0/0 pkt  lost_samples(win/tot)=13815720/85543920  send_errors(win/tot)=0/0
2026-04-22 17:55:27 INFO STAT  crate=23  sent=506346 pkt  355.889 MB  win=7.041 Mbps 1194.2 pkt/s  tot=7.108 Mbps 1205.6 pkt/s  late(win/tot)=71655/506346  worst_late(win/tot)=153.005/168.147 ms  drop_timing(win/tot)=80009/555253 pkt  drop_io(win/tot)=0/0 pkt  lost_samples(win/tot)=14401620/99945540  send_errors(win/tot)=0/0
2026-04-22 17:56:27 INFO STAT  crate=23  sent=577363 pkt  405.804 MB  win=6.979 Mbps 1183.7 pkt/s  tot=7.092 Mbps 1202.8 pkt/s  late(win/tot)=71017/577363  worst_late(win/tot)=141.009/168.147 ms  drop_timing(win/tot)=80641/635894 pkt  drop_io(win/tot)=0/0 pkt  lost_samples(win/tot)=14515380/114460920  send_errors(win/tot)=0/0
2026-04-22 17:57:27 INFO STAT  crate=23  sent=648022 pkt  455.467 MB  win=6.943 Mbps 1177.6 pkt/s  tot=7.075 Mbps 1200.0 pkt/s  late(win/tot)=70659/648022  worst_late(win/tot)=158.818/168.147 ms  drop_timing(win/tot)=80966/716860 pkt  drop_io(win/tot)=0/0 pkt  lost_samples(win/tot)=14573880/129034800  send_errors(win/tot)=0/0
2026-04-22 17:58:27 INFO STAT  crate=23  sent=718822 pkt  505.230 MB  win=6.957 Mbps 1180.0 pkt/s  tot=7.064 Mbps 1198.0 pkt/s  late(win/tot)=70800/718822  worst_late(win/tot)=158.121/168.147 ms  drop_timing(win/tot)=80898/797758 pkt  drop_io(win/tot)=0/0 pkt  lost_samples(win/tot)=14561640/143596440  send_errors(win/tot)=0/0
2026-04-22 17:59:27 INFO STAT  crate=23  sent=789398 pkt  554.835 MB  win=6.935 Mbps 1176.2 pkt/s  tot=7.052 Mbps 1196.0 pkt/s  late(win/tot)=70576/789398  worst_late(win/tot)=142.587/168.147 ms  drop_timing(win/tot)=81052/878810 pkt  drop_io(win/tot)=0/0 pkt  lost_samples(win/tot)=14589360/158185800  send_errors(win/tot)=0/0
2026-04-22 18:00:27 INFO STAT  crate=23  sent=857928 pkt  603.002 MB  win=6.735 Mbps 1142.3 pkt/s  tot=7.025 Mbps 1191.6 pkt/s  late(win/tot)=68530/857928  worst_late(win/tot)=158.803/168.147 ms  drop_timing(win/tot)=83157/961967 pkt  drop_io(win/tot)=0/0 pkt  lost_samples(win/tot)=14968260/173154060  send_errors(win/tot)=0/0
2026-04-22 18:01:27 INFO STAT  crate=23  sent=927723 pkt  652.058 MB  win=6.858 Mbps 1163.1 pkt/s  tot=7.013 Mbps 1189.4 pkt/s  late(win/tot)=69795/927723  worst_late(win/tot)=153.278/168.147 ms  drop_timing(win/tot)=81877/1043844 pkt  drop_io(win/tot)=0/0 pkt  lost_samples(win/tot)=14737860/187891920  send_errors(win/tot)=0/0
2026-04-22 18:02:27 INFO STAT  crate=23  sent=996722 pkt  700.554 MB  win=6.781 Mbps 1150.1 pkt/s  tot=6.996 Mbps 1186.6 pkt/s  late(win/tot)=68999/996722  worst_late(win/tot)=142.860/168.147 ms  drop_timing(win/tot)=82707/1126551 pkt  drop_io(win/tot)=0/0 pkt  lost_samples(win/tot)=14887260/202779180  send_errors(win/tot)=0/0
2026-04-22 18:03:27 INFO STAT  crate=23  sent=1071047 pkt  752.794 MB  win=7.304 Mbps 1238.8 pkt/s  tot=7.017 Mbps 1190.1 pkt/s  late(win/tot)=74325/1071047  worst_late(win/tot)=145.873/168.147 ms  drop_timing(win/tot)=77332/1203883 pkt  drop_io(win/tot)=0/0 pkt  lost_samples(win/tot)=13919760/216698940  send_errors(win/tot)=0/0
2026-04-22 18:04:27 INFO STAT  crate=23  sent=1142513 pkt  803.024 MB  win=7.023 Mbps 1191.1 pkt/s  tot=7.017 Mbps 1190.1 pkt/s  late(win/tot)=71466/1142513  worst_late(win/tot)=147.567/168.147 ms  drop_timing(win/tot)=80160/1284043 pkt  drop_io(win/tot)=0/0 pkt  lost_samples(win/tot)=14428800/231127740  send_errors(win/tot)=0/0
2026-04-22 18:05:27 INFO STAT  crate=23  sent=1216912 pkt  855.316 MB  win=7.310 Mbps 1239.8 pkt/s  tot=7.034 Mbps 1193.0 pkt/s  late(win/tot)=74399/1216912  worst_late(win/tot)=139.880/168.147 ms  drop_timing(win/tot)=77272/1361315 pkt  drop_io(win/tot)=0/0 pkt  lost_samples(win/tot)=13908960/245036700  send_errors(win/tot)=0/0
2026-04-22 18:06:27 INFO STAT  crate=23  sent=1287503 pkt  904.932 MB  win=6.937 Mbps 1176.5 pkt/s  tot=7.029 Mbps 1192.1 pkt/s  late(win/tot)=70591/1287503  worst_late(win/tot)=160.912/168.147 ms  drop_timing(win/tot)=81083/1442398 pkt  drop_io(win/tot)=0/0 pkt  lost_samples(win/tot)=14594940/259631640  send_errors(win/tot)=0/0
2026-04-22 18:07:27 INFO STAT  crate=23  sent=1356383 pkt  953.345 MB  win=6.769 Mbps 1148.1 pkt/s  tot=7.015 Mbps 1189.8 pkt/s  late(win/tot)=68880/1356383  worst_late(win/tot)=147.956/168.147 ms  drop_timing(win/tot)=82776/1525174 pkt  drop_io(win/tot)=0/0 pkt  lost_samples(win/tot)=14899680/274531320  send_errors(win/tot)=0/0
2026-04-22 18:08:27 INFO STAT  crate=23  sent=1422779 pkt  1000.012 MB  win=6.523 Mbps 1106.4 pkt/s  tot=6.991 Mbps 1185.6 pkt/s  late(win/tot)=66396/1422779  worst_late(win/tot)=155.091/168.147 ms  drop_timing(win/tot)=85294/1610468 pkt  drop_io(win/tot)=0/0 pkt  lost_samples(win/tot)=15352920/289884240  send_errors(win/tot)=0/0
2026-04-22 18:09:27 INFO STAT  crate=23  sent=1495051 pkt  1050.809 MB  win=7.104 Mbps 1204.8 pkt/s  tot=6.996 Mbps 1186.5 pkt/s  late(win/tot)=72272/1495051  worst_late(win/tot)=233.965/233.965 ms  drop_timing(win/tot)=79421/1689889 pkt  drop_io(win/tot)=0/0 pkt  lost_samples(win/tot)=14295780/304180020  send_errors(win/tot)=0/0
2026-04-22 18:10:27 INFO STAT  crate=23  sent=1568508 pkt  1102.438 MB  win=7.218 Mbps 1224.3 pkt/s  tot=7.006 Mbps 1188.3 pkt/s  late(win/tot)=73457/1568508  worst_late(win/tot)=157.523/233.965 ms  drop_timing(win/tot)=78163/1768052 pkt  drop_io(win/tot)=0/0 pkt  lost_samples(win/tot)=14069340/318249360  send_errors(win/tot)=0/0
2026-04-22 18:11:27 INFO STAT  crate=23  sent=1638407 pkt  1151.567 MB  win=6.868 Mbps 1164.9 pkt/s  tot=7.000 Mbps 1187.2 pkt/s  late(win/tot)=69899/1638407  worst_late(win/tot)=170.685/233.965 ms  drop_timing(win/tot)=81759/1849811 pkt  drop_io(win/tot)=0/0 pkt  lost_samples(win/tot)=14716620/332965980  send_errors(win/tot)=0/0
2026-04-22 18:12:27 INFO STAT  crate=23  sent=1706763 pkt  1199.612 MB  win=6.717 Mbps 1139.3 pkt/s  tot=6.988 Mbps 1185.3 pkt/s  late(win/tot)=68356/1706763  worst_late(win/tot)=158.453/233.965 ms  drop_timing(win/tot)=83318/1933129 pkt  drop_io(win/tot)=0/0 pkt  lost_samples(win/tot)=14997240/347963220  send_errors(win/tot)=0/0
2026-04-22 18:13:27 INFO STAT  crate=23  sent=1778570 pkt  1250.082 MB  win=7.055 Mbps 1196.6 pkt/s  tot=6.991 Mbps 1185.7 pkt/s  late(win/tot)=71807/1778570  worst_late(win/tot)=157.697/233.965 ms  drop_timing(win/tot)=79860/2012989 pkt  drop_io(win/tot)=0/0 pkt  lost_samples(win/tot)=14374800/362338020  send_errors(win/tot)=0/0
2026-04-22 18:14:27 INFO STAT  crate=23  sent=1849147 pkt  1299.688 MB  win=6.936 Mbps 1176.4 pkt/s  tot=6.989 Mbps 1185.3 pkt/s  late(win/tot)=70577/1849147  worst_late(win/tot)=132.301/233.965 ms  drop_timing(win/tot)=81132/2094121 pkt  drop_io(win/tot)=0/0 pkt  lost_samples(win/tot)=14603760/376941780  send_errors(win/tot)=0/0
2026-04-22 18:15:27 INFO STAT  crate=23  sent=1920839 pkt  1350.077 MB  win=7.045 Mbps 1194.9 pkt/s  tot=6.991 Mbps 1185.7 pkt/s  late(win/tot)=71692/1920839  worst_late(win/tot)=136.505/233.965 ms  drop_timing(win/tot)=79939/2174060 pkt  drop_io(win/tot)=0/0 pkt  lost_samples(win/tot)=14389020/391330800  send_errors(win/tot)=0/0
2026-04-22 18:16:27 INFO STAT  crate=23  sent=1995012 pkt  1402.210 MB  win=7.288 Mbps 1236.1 pkt/s  tot=7.002 Mbps 1187.5 pkt/s  late(win/tot)=74173/1995012  worst_late(win/tot)=147.611/233.965 ms  drop_timing(win/tot)=77508/2251568 pkt  drop_io(win/tot)=0/0 pkt  lost_samples(win/tot)=13951440/405282240  send_errors(win/tot)=0/0
2026-04-22 18:17:27 INFO STAT  crate=23  sent=2067519 pkt  1453.172 MB  win=7.125 Mbps 1208.5 pkt/s  tot=7.006 Mbps 1188.2 pkt/s  late(win/tot)=72507/2067519  worst_late(win/tot)=141.820/233.965 ms  drop_timing(win/tot)=79160/2330728 pkt  drop_io(win/tot)=0/0 pkt  lost_samples(win/tot)=14248800/419531040  send_errors(win/tot)=0/0
2026-04-22 18:18:27 INFO STAT  crate=23  sent=2136938 pkt  1501.964 MB  win=6.821 Mbps 1156.9 pkt/s  tot=7.000 Mbps 1187.2 pkt/s  late(win/tot)=69419/2136938  worst_late(win/tot)=137.576/233.965 ms  drop_timing(win/tot)=82230/2412958 pkt  drop_io(win/tot)=0/0 pkt  lost_samples(win/tot)=14801400/434332440  send_errors(win/tot)=0/0
2026-04-22 18:19:27 INFO STAT  crate=23  sent=2223924 pkt  1563.103 MB  win=8.549 Mbps 1449.9 pkt/s  tot=7.050 Mbps 1195.7 pkt/s  late(win/tot)=86986/2223924  worst_late(win/tot)=143.216/233.965 ms  drop_timing(win/tot)=64710/2477668 pkt  drop_io(win/tot)=0/0 pkt  lost_samples(win/tot)=11647800/445980240  send_errors(win/tot)=0/0
2026-04-22 18:20:27 INFO STAT  crate=23  sent=2314753 pkt  1626.943 MB  win=8.925 Mbps 1513.8 pkt/s  tot=7.108 Mbps 1205.6 pkt/s  late(win/tot)=90829/2314753  worst_late(win/tot)=131.970/233.965 ms  drop_timing(win/tot)=60835/2538503 pkt  drop_io(win/tot)=0/0 pkt  lost_samples(win/tot)=10950300/456930540  send_errors(win/tot)=0/0
2026-04-22 18:21:27 INFO STAT  crate=23  sent=2417041 pkt  1698.837 MB  win=10.052 Mbps 1704.8 pkt/s  tot=7.197 Mbps 1220.7 pkt/s  late(win/tot)=102288/2417041  worst_late(win/tot)=108.693/233.965 ms  drop_timing(win/tot)=49456/2587959 pkt  drop_io(win/tot)=0/0 pkt  lost_samples(win/tot)=8902080/465832620  send_errors(win/tot)=0/0
2026-04-22 18:22:27 INFO STAT  crate=23  sent=2568168 pkt  1805.057 MB  win=14.851 Mbps 2518.8 pkt/s  tot=7.423 Mbps 1258.9 pkt/s  late(win/tot)=151127/2568168  worst_late(win/tot)=65.108/233.965 ms  drop_timing(win/tot)=538/2588497 pkt  drop_io(win/tot)=0/0 pkt  lost_samples(win/tot)=96840/465929460  send_errors(win/tot)=0/0
2026-04-22 18:23:27 INFO STAT  crate=23  sent=2719837 pkt  1911.659 MB  win=14.904 Mbps 2527.8 pkt/s  tot=7.636 Mbps 1295.2 pkt/s  late(win/tot)=151669/2719837  worst_late(win/tot)=23.106/233.965 ms  drop_timing(win/tot)=0/2588497 pkt  drop_io(win/tot)=0/0 pkt  lost_samples(win/tot)=0/465929460  send_errors(win/tot)=0/0
2026-04-22 18:23:31 INFO STAT  crate=23  sent=2730000 pkt  1918.802 MB  win=14.144 Mbps 2398.8 pkt/s  tot=7.649 Mbps 1297.4 pkt/s  late(win/tot)=10163/2730000  worst_late(win/tot)=10.465/233.965 ms  drop_timing(win/tot)=0/2588497 pkt  drop_io(win/tot)=0/0 pkt  lost_samples(win/tot)=0/465929460  send_errors(win/tot)=0/0
2026-04-22 18:23:31 INFO Terminato
