2026-04-22 14:59:48 INFO Start crate=27 dst=131.154.99.225:6666
2026-04-22 14:59:48 INFO Streams=91  board=7  analog/board=12  digital_streams/board=1
2026-04-22 14:59:48 INFO Sample rate=5000 Hz  samples/pkt=180  pps/stream=27.777778  total_pps=2527.778
2026-04-22 14:59:48 INFO Packet len=737 B  expected throughput=14.904 Mbps
2026-04-22 14:59:48 INFO Analog FS=+/-10.000 V  noise_rms=0.010000 V  digital_flip_prob=0.002000
2026-04-22 15:00:48 INFO STAT  crate=27  sent=83871 pkt  58.949 MB  win=8.242 Mbps 1397.8 pkt/s  tot=8.242 Mbps 1397.8 pkt/s  late(win/tot)=83871/83871  worst_late(win/tot)=124.492/124.492 ms  drop_timing(win/tot)=67713/67713 pkt  drop_io(win/tot)=0/0 pkt  lost_samples(win/tot)=12188340/12188340  send_errors(win/tot)=0/0
2026-04-22 15:01:48 INFO STAT  crate=27  sent=168770 pkt  118.621 MB  win=8.342 Mbps 1414.9 pkt/s  tot=8.292 Mbps 1406.4 pkt/s  late(win/tot)=84899/168770  worst_late(win/tot)=130.399/130.399 ms  drop_timing(win/tot)=66790/134503 pkt  drop_io(win/tot)=0/0 pkt  lost_samples(win/tot)=12022200/24210540  send_errors(win/tot)=0/0
2026-04-22 15:02:48 INFO STAT  crate=27  sent=246265 pkt  173.089 MB  win=7.616 Mbps 1291.7 pkt/s  tot=8.066 Mbps 1368.1 pkt/s  late(win/tot)=77495/246265  worst_late(win/tot)=148.840/148.840 ms  drop_timing(win/tot)=74135/208638 pkt  drop_io(win/tot)=0/0 pkt  lost_samples(win/tot)=13344300/37554840  send_errors(win/tot)=0/0
2026-04-22 15:03:48 INFO STAT  crate=27  sent=307971 pkt  216.460 MB  win=6.063 Mbps 1028.4 pkt/s  tot=7.566 Mbps 1283.2 pkt/s  late(win/tot)=61706/307971  worst_late(win/tot)=137.887/148.840 ms  drop_timing(win/tot)=89926/298564 pkt  drop_io(win/tot)=0/0 pkt  lost_samples(win/tot)=16186680/53741520  send_errors(win/tot)=0/0
2026-04-22 15:04:48 INFO STAT  crate=27  sent=374822 pkt  263.447 MB  win=6.570 Mbps 1114.3 pkt/s  tot=7.366 Mbps 1249.4 pkt/s  late(win/tot)=66851/374822  worst_late(win/tot)=156.205/156.205 ms  drop_timing(win/tot)=84848/383412 pkt  drop_io(win/tot)=0/0 pkt  lost_samples(win/tot)=15272640/69014160  send_errors(win/tot)=0/0
2026-04-22 15:05:48 INFO STAT  crate=27  sent=438819 pkt  308.427 MB  win=6.289 Mbps 1066.6 pkt/s  tot=7.187 Mbps 1218.9 pkt/s  late(win/tot)=63997/438819  worst_late(win/tot)=159.203/159.203 ms  drop_timing(win/tot)=87676/471088 pkt  drop_io(win/tot)=0/0 pkt  lost_samples(win/tot)=15781680/84795840  send_errors(win/tot)=0/0
2026-04-22 15:06:48 INFO STAT  crate=27  sent=506209 pkt  355.793 MB  win=6.622 Mbps 1123.2 pkt/s  tot=7.106 Mbps 1205.3 pkt/s  late(win/tot)=67390/506209  worst_late(win/tot)=139.903/159.203 ms  drop_timing(win/tot)=84235/555323 pkt  drop_io(win/tot)=0/0 pkt  lost_samples(win/tot)=15162300/99958140  send_errors(win/tot)=0/0
2026-04-22 15:07:48 INFO STAT  crate=27  sent=577894 pkt  406.177 MB  win=7.044 Mbps 1194.7 pkt/s  tot=7.098 Mbps 1203.9 pkt/s  late(win/tot)=71685/577894  worst_late(win/tot)=143.628/159.203 ms  drop_timing(win/tot)=80112/635435 pkt  drop_io(win/tot)=0/0 pkt  lost_samples(win/tot)=14420160/114378300  send_errors(win/tot)=0/0
2026-04-22 15:08:48 INFO STAT  crate=27  sent=646569 pkt  454.446 MB  win=6.748 Mbps 1144.4 pkt/s  tot=7.059 Mbps 1197.3 pkt/s  late(win/tot)=68675/646569  worst_late(win/tot)=153.870/159.203 ms  drop_timing(win/tot)=82894/718329 pkt  drop_io(win/tot)=0/0 pkt  lost_samples(win/tot)=14920920/129299220  send_errors(win/tot)=0/0
2026-04-22 15:09:48 INFO STAT  crate=27  sent=715356 pkt  502.794 MB  win=6.760 Mbps 1146.6 pkt/s  tot=7.030 Mbps 1192.3 pkt/s  late(win/tot)=68787/715356  worst_late(win/tot)=148.427/159.203 ms  drop_timing(win/tot)=82911/801240 pkt  drop_io(win/tot)=0/0 pkt  lost_samples(win/tot)=14923980/144223200  send_errors(win/tot)=0/0
2026-04-22 15:10:48 INFO STAT  crate=27  sent=788561 pkt  554.246 MB  win=7.194 Mbps 1220.1 pkt/s  tot=7.044 Mbps 1194.8 pkt/s  late(win/tot)=73205/788561  worst_late(win/tot)=188.242/188.242 ms  drop_timing(win/tot)=78441/879681 pkt  drop_io(win/tot)=0/0 pkt  lost_samples(win/tot)=14119380/158342580  send_errors(win/tot)=0/0
2026-04-22 15:11:48 INFO STAT  crate=27  sent=853446 pkt  599.851 MB  win=6.376 Mbps 1081.4 pkt/s  tot=6.989 Mbps 1185.3 pkt/s  late(win/tot)=64885/853446  worst_late(win/tot)=151.190/188.242 ms  drop_timing(win/tot)=86807/966488 pkt  drop_io(win/tot)=0/0 pkt  lost_samples(win/tot)=15625260/173967840  send_errors(win/tot)=0/0
2026-04-22 15:12:48 INFO STAT  crate=27  sent=917935 pkt  645.178 MB  win=6.337 Mbps 1074.8 pkt/s  tot=6.939 Mbps 1176.8 pkt/s  late(win/tot)=64489/917935  worst_late(win/tot)=144.231/188.242 ms  drop_timing(win/tot)=87129/1053617 pkt  drop_io(win/tot)=0/0 pkt  lost_samples(win/tot)=15683220/189651060  send_errors(win/tot)=0/0
2026-04-22 15:13:48 INFO STAT  crate=27  sent=980127 pkt  688.890 MB  win=6.111 Mbps 1036.5 pkt/s  tot=6.880 Mbps 1166.8 pkt/s  late(win/tot)=62192/980127  worst_late(win/tot)=140.793/188.242 ms  drop_timing(win/tot)=89496/1143113 pkt  drop_io(win/tot)=0/0 pkt  lost_samples(win/tot)=16109280/205760340  send_errors(win/tot)=0/0
2026-04-22 15:14:48 INFO STAT  crate=27  sent=1050519 pkt  738.366 MB  win=6.917 Mbps 1173.1 pkt/s  tot=6.882 Mbps 1167.2 pkt/s  late(win/tot)=70392/1050519  worst_late(win/tot)=173.005/188.242 ms  drop_timing(win/tot)=81252/1224365 pkt  drop_io(win/tot)=0/0 pkt  lost_samples(win/tot)=14625360/220385700  send_errors(win/tot)=0/0
2026-04-22 15:15:48 INFO STAT  crate=27  sent=1111621 pkt  781.312 MB  win=6.004 Mbps 1018.3 pkt/s  tot=6.827 Mbps 1157.9 pkt/s  late(win/tot)=61102/1111621  worst_late(win/tot)=158.437/188.242 ms  drop_timing(win/tot)=90586/1314951 pkt  drop_io(win/tot)=0/0 pkt  lost_samples(win/tot)=16305480/236691180  send_errors(win/tot)=0/0
2026-04-22 15:16:48 INFO STAT  crate=27  sent=1180149 pkt  829.477 MB  win=6.735 Mbps 1142.3 pkt/s  tot=6.822 Mbps 1157.0 pkt/s  late(win/tot)=68528/1180149  worst_late(win/tot)=138.469/188.242 ms  drop_timing(win/tot)=83146/1398097 pkt  drop_io(win/tot)=0/0 pkt  lost_samples(win/tot)=14966280/251657460  send_errors(win/tot)=0/0
2026-04-22 15:17:48 INFO STAT  crate=27  sent=1246181 pkt  875.888 MB  win=6.488 Mbps 1100.5 pkt/s  tot=6.803 Mbps 1153.9 pkt/s  late(win/tot)=66032/1246181  worst_late(win/tot)=146.010/188.242 ms  drop_timing(win/tot)=85607/1483704 pkt  drop_io(win/tot)=0/0 pkt  lost_samples(win/tot)=15409260/267066720  send_errors(win/tot)=0/0
2026-04-22 15:18:48 INFO STAT  crate=27  sent=1315760 pkt  924.792 MB  win=6.838 Mbps 1159.7 pkt/s  tot=6.805 Mbps 1154.2 pkt/s  late(win/tot)=69579/1315760  worst_late(win/tot)=131.971/188.242 ms  drop_timing(win/tot)=82070/1565774 pkt  drop_io(win/tot)=0/0 pkt  lost_samples(win/tot)=14772600/281839320  send_errors(win/tot)=0/0
2026-04-22 15:19:48 INFO STAT  crate=27  sent=1380887 pkt  970.567 MB  win=6.400 Mbps 1085.5 pkt/s  tot=6.785 Mbps 1150.7 pkt/s  late(win/tot)=65127/1380887  worst_late(win/tot)=129.896/188.242 ms  drop_timing(win/tot)=86568/1652342 pkt  drop_io(win/tot)=0/0 pkt  lost_samples(win/tot)=15582240/297421560  send_errors(win/tot)=0/0
2026-04-22 15:20:48 INFO STAT  crate=27  sent=1446582 pkt  1016.742 MB  win=6.456 Mbps 1094.9 pkt/s  tot=6.769 Mbps 1148.1 pkt/s  late(win/tot)=65695/1446582  worst_late(win/tot)=195.585/195.585 ms  drop_timing(win/tot)=85951/1738293 pkt  drop_io(win/tot)=0/0 pkt  lost_samples(win/tot)=15471180/312892740  send_errors(win/tot)=0/0
2026-04-22 15:21:48 INFO STAT  crate=27  sent=1514182 pkt  1064.255 MB  win=6.642 Mbps 1126.6 pkt/s  tot=6.763 Mbps 1147.1 pkt/s  late(win/tot)=67600/1514182  worst_late(win/tot)=166.358/195.585 ms  drop_timing(win/tot)=84122/1822415 pkt  drop_io(win/tot)=0/0 pkt  lost_samples(win/tot)=15141960/328034700  send_errors(win/tot)=0/0
2026-04-22 15:22:48 INFO STAT  crate=27  sent=1583474 pkt  1112.957 MB  win=6.809 Mbps 1154.9 pkt/s  tot=6.765 Mbps 1147.4 pkt/s  late(win/tot)=69292/1583474  worst_late(win/tot)=148.083/195.585 ms  drop_timing(win/tot)=82365/1904780 pkt  drop_io(win/tot)=0/0 pkt  lost_samples(win/tot)=14825700/342860400  send_errors(win/tot)=0/0
2026-04-22 15:23:48 INFO STAT  crate=27  sent=1652539 pkt  1161.500 MB  win=6.787 Mbps 1151.2 pkt/s  tot=6.766 Mbps 1147.6 pkt/s  late(win/tot)=69065/1652539  worst_late(win/tot)=147.245/195.585 ms  drop_timing(win/tot)=82597/1987377 pkt  drop_io(win/tot)=0/0 pkt  lost_samples(win/tot)=14867460/357727860  send_errors(win/tot)=0/0
2026-04-22 15:24:48 INFO STAT  crate=27  sent=1718636 pkt  1207.957 MB  win=6.494 Mbps 1101.5 pkt/s  tot=6.755 Mbps 1145.8 pkt/s  late(win/tot)=66097/1718636  worst_late(win/tot)=142.630/195.585 ms  drop_timing(win/tot)=85559/2072936 pkt  drop_io(win/tot)=0/0 pkt  lost_samples(win/tot)=15400620/373128480  send_errors(win/tot)=0/0
2026-04-22 15:25:48 INFO STAT  crate=27  sent=1784911 pkt  1254.539 MB  win=6.513 Mbps 1104.7 pkt/s  tot=6.746 Mbps 1144.2 pkt/s  late(win/tot)=66275/1784911  worst_late(win/tot)=136.567/195.585 ms  drop_timing(win/tot)=85384/2158320 pkt  drop_io(win/tot)=0/0 pkt  lost_samples(win/tot)=15369120/388497600  send_errors(win/tot)=0/0
2026-04-22 15:26:48 INFO STAT  crate=27  sent=1854999 pkt  1303.801 MB  win=6.888 Mbps 1168.2 pkt/s  tot=6.751 Mbps 1145.1 pkt/s  late(win/tot)=70088/1854999  worst_late(win/tot)=139.193/195.585 ms  drop_timing(win/tot)=81624/2239944 pkt  drop_io(win/tot)=0/0 pkt  lost_samples(win/tot)=14692320/403189920  send_errors(win/tot)=0/0
2026-04-22 15:27:48 INFO STAT  crate=27  sent=1933595 pkt  1359.043 MB  win=7.723 Mbps 1309.9 pkt/s  tot=6.786 Mbps 1150.9 pkt/s  late(win/tot)=78596/1933595  worst_late(win/tot)=131.171/195.585 ms  drop_timing(win/tot)=73023/2312967 pkt  drop_io(win/tot)=0/0 pkt  lost_samples(win/tot)=13144140/416334060  send_errors(win/tot)=0/0
2026-04-22 15:28:48 INFO STAT  crate=27  sent=2018070 pkt  1418.417 MB  win=8.300 Mbps 1407.8 pkt/s  tot=6.838 Mbps 1159.8 pkt/s  late(win/tot)=84475/2018070  worst_late(win/tot)=129.955/195.585 ms  drop_timing(win/tot)=67214/2380181 pkt  drop_io(win/tot)=0/0 pkt  lost_samples(win/tot)=12098520/428432580  send_errors(win/tot)=0/0
2026-04-22 15:29:48 INFO STAT  crate=27  sent=2102363 pkt  1477.663 MB  win=8.284 Mbps 1405.0 pkt/s  tot=6.886 Mbps 1168.0 pkt/s  late(win/tot)=84293/2102363  worst_late(win/tot)=116.422/195.585 ms  drop_timing(win/tot)=67360/2447541 pkt  drop_io(win/tot)=0/0 pkt  lost_samples(win/tot)=12124800/440557380  send_errors(win/tot)=0/0
2026-04-22 15:30:48 INFO STAT  crate=27  sent=2186496 pkt  1536.796 MB  win=8.267 Mbps 1402.2 pkt/s  tot=6.931 Mbps 1175.5 pkt/s  late(win/tot)=84133/2186496  worst_late(win/tot)=118.649/195.585 ms  drop_timing(win/tot)=67539/2515080 pkt  drop_io(win/tot)=0/0 pkt  lost_samples(win/tot)=12157020/452714400  send_errors(win/tot)=0/0
2026-04-22 15:31:48 INFO STAT  crate=27  sent=2269802 pkt  1595.348 MB  win=8.186 Mbps 1388.4 pkt/s  tot=6.970 Mbps 1182.2 pkt/s  late(win/tot)=83306/2269802  worst_late(win/tot)=133.608/195.585 ms  drop_timing(win/tot)=68383/2583463 pkt  drop_io(win/tot)=0/0 pkt  lost_samples(win/tot)=12308940/465023340  send_errors(win/tot)=0/0
2026-04-22 15:32:48 INFO STAT  crate=27  sent=2353034 pkt  1653.849 MB  win=8.179 Mbps 1387.2 pkt/s  tot=7.007 Mbps 1188.4 pkt/s  late(win/tot)=83232/2353034  worst_late(win/tot)=142.162/195.585 ms  drop_timing(win/tot)=68419/2651882 pkt  drop_io(win/tot)=0/0 pkt  lost_samples(win/tot)=12315420/477338760  send_errors(win/tot)=0/0
2026-04-22 15:33:48 INFO STAT  crate=27  sent=2452540 pkt  1723.787 MB  win=9.777 Mbps 1658.3 pkt/s  tot=7.088 Mbps 1202.2 pkt/s  late(win/tot)=99506/2452540  worst_late(win/tot)=120.866/195.585 ms  drop_timing(win/tot)=52180/2704062 pkt  drop_io(win/tot)=0/0 pkt  lost_samples(win/tot)=9392400/486731160  send_errors(win/tot)=0/0
2026-04-22 15:34:48 INFO STAT  crate=27  sent=2562018 pkt  1800.735 MB  win=10.758 Mbps 1824.6 pkt/s  tot=7.193 Mbps 1220.0 pkt/s  late(win/tot)=109478/2562018  worst_late(win/tot)=94.786/195.585 ms  drop_timing(win/tot)=42165/2746227 pkt  drop_io(win/tot)=0/0 pkt  lost_samples(win/tot)=7589700/494320860  send_errors(win/tot)=0/0
2026-04-22 15:35:48 INFO STAT  crate=27  sent=2675716 pkt  1880.648 MB  win=11.173 Mbps 1895.1 pkt/s  tot=7.304 Mbps 1238.8 pkt/s  late(win/tot)=113698/2675716  worst_late(win/tot)=99.540/195.585 ms  drop_timing(win/tot)=38023/2784250 pkt  drop_io(win/tot)=0/0 pkt  lost_samples(win/tot)=6844140/501165000  send_errors(win/tot)=0/0
2026-04-22 15:36:17 INFO STAT  crate=27  sent=2730000 pkt  1918.802 MB  win=11.176 Mbps 1895.6 pkt/s  tot=7.354 Mbps 1247.4 pkt/s  late(win/tot)=54284/2730000  worst_late(win/tot)=85.061/195.585 ms  drop_timing(win/tot)=17252/2801502 pkt  drop_io(win/tot)=0/0 pkt  lost_samples(win/tot)=3105360/504270360  send_errors(win/tot)=0/0
2026-04-22 15:36:17 INFO Terminato
