2026-04-22 14:51:46 INFO Start crate=12 dst=131.154.99.225:6666
2026-04-22 14:51:46 INFO Streams=91  board=7  analog/board=12  digital_streams/board=1
2026-04-22 14:51:46 INFO Sample rate=5000 Hz  samples/pkt=180  pps/stream=27.777778  total_pps=2527.778
2026-04-22 14:51:46 INFO Packet len=737 B  expected throughput=14.904 Mbps
2026-04-22 14:51:46 INFO Analog FS=+/-10.000 V  noise_rms=0.010000 V  digital_flip_prob=0.002000
2026-04-22 14:52:46 INFO STAT  crate=12  sent=89604 pkt  62.979 MB  win=8.805 Mbps 1493.4 pkt/s  tot=8.805 Mbps 1493.4 pkt/s  late(win/tot)=89604/89604  worst_late(win/tot)=109.444/109.444 ms  drop_timing(win/tot)=61976/61976 pkt  drop_io(win/tot)=0/0 pkt  lost_samples(win/tot)=11155680/11155680  send_errors(win/tot)=0/0
2026-04-22 14:53:46 INFO STAT  crate=12  sent=178923 pkt  125.757 MB  win=8.777 Mbps 1488.6 pkt/s  tot=8.791 Mbps 1491.0 pkt/s  late(win/tot)=89319/178923  worst_late(win/tot)=108.552/109.444 ms  drop_timing(win/tot)=62340/124316 pkt  drop_io(win/tot)=0/0 pkt  lost_samples(win/tot)=11221200/22376880  send_errors(win/tot)=0/0
2026-04-22 14:54:46 INFO STAT  crate=12  sent=269940 pkt  189.729 MB  win=8.944 Mbps 1516.9 pkt/s  tot=8.842 Mbps 1499.6 pkt/s  late(win/tot)=91017/269940  worst_late(win/tot)=117.870/117.870 ms  drop_timing(win/tot)=60667/184983 pkt  drop_io(win/tot)=0/0 pkt  lost_samples(win/tot)=10920060/33296940  send_errors(win/tot)=0/0
2026-04-22 14:55:46 INFO STAT  crate=12  sent=360302 pkt  253.241 MB  win=8.880 Mbps 1506.0 pkt/s  tot=8.851 Mbps 1501.2 pkt/s  late(win/tot)=90362/360302  worst_late(win/tot)=121.006/121.006 ms  drop_timing(win/tot)=61317/246300 pkt  drop_io(win/tot)=0/0 pkt  lost_samples(win/tot)=11037060/44334000  send_errors(win/tot)=0/0
2026-04-22 14:56:46 INFO STAT  crate=12  sent=451064 pkt  317.034 MB  win=8.919 Mbps 1512.8 pkt/s  tot=8.865 Mbps 1503.5 pkt/s  late(win/tot)=90762/451064  worst_late(win/tot)=116.523/121.006 ms  drop_timing(win/tot)=60886/307186 pkt  drop_io(win/tot)=0/0 pkt  lost_samples(win/tot)=10959480/55293480  send_errors(win/tot)=0/0
2026-04-22 14:57:46 INFO STAT  crate=12  sent=540654 pkt  380.003 MB  win=8.804 Mbps 1493.2 pkt/s  tot=8.855 Mbps 1501.8 pkt/s  late(win/tot)=89590/540654  worst_late(win/tot)=117.717/121.006 ms  drop_timing(win/tot)=62074/369260 pkt  drop_io(win/tot)=0/0 pkt  lost_samples(win/tot)=11173320/66466800  send_errors(win/tot)=0/0
2026-04-22 14:58:46 INFO STAT  crate=12  sent=631977 pkt  444.190 MB  win=8.974 Mbps 1522.0 pkt/s  tot=8.872 Mbps 1504.7 pkt/s  late(win/tot)=91323/631977  worst_late(win/tot)=111.828/121.006 ms  drop_timing(win/tot)=60355/429615 pkt  drop_io(win/tot)=0/0 pkt  lost_samples(win/tot)=10863900/77330700  send_errors(win/tot)=0/0
2026-04-22 14:59:46 INFO STAT  crate=12  sent=724745 pkt  509.393 MB  win=9.116 Mbps 1546.2 pkt/s  tot=8.902 Mbps 1509.9 pkt/s  late(win/tot)=92768/724745  worst_late(win/tot)=113.323/121.006 ms  drop_timing(win/tot)=58906/488521 pkt  drop_io(win/tot)=0/0 pkt  lost_samples(win/tot)=10603080/87933780  send_errors(win/tot)=0/0
2026-04-22 15:00:46 INFO STAT  crate=12  sent=814577 pkt  572.532 MB  win=8.828 Mbps 1497.2 pkt/s  tot=8.894 Mbps 1508.5 pkt/s  late(win/tot)=89832/814577  worst_late(win/tot)=118.253/121.006 ms  drop_timing(win/tot)=61817/550338 pkt  drop_io(win/tot)=0/0 pkt  lost_samples(win/tot)=11127060/99060840  send_errors(win/tot)=0/0
2026-04-22 15:01:46 INFO STAT  crate=12  sent=905773 pkt  636.630 MB  win=8.962 Mbps 1519.9 pkt/s  tot=8.901 Mbps 1509.6 pkt/s  late(win/tot)=91196/905773  worst_late(win/tot)=115.724/121.006 ms  drop_timing(win/tot)=60482/610820 pkt  drop_io(win/tot)=0/0 pkt  lost_samples(win/tot)=10886760/109947600  send_errors(win/tot)=0/0
2026-04-22 15:02:46 INFO STAT  crate=12  sent=996346 pkt  700.290 MB  win=8.900 Mbps 1509.5 pkt/s  tot=8.901 Mbps 1509.6 pkt/s  late(win/tot)=90573/996346  worst_late(win/tot)=114.400/121.006 ms  drop_timing(win/tot)=61081/671901 pkt  drop_io(win/tot)=0/0 pkt  lost_samples(win/tot)=10994580/120942180  send_errors(win/tot)=0/0
2026-04-22 15:03:46 INFO STAT  crate=12  sent=1086285 pkt  763.504 MB  win=8.838 Mbps 1498.9 pkt/s  tot=8.895 Mbps 1508.7 pkt/s  late(win/tot)=89939/1086285  worst_late(win/tot)=115.911/121.006 ms  drop_timing(win/tot)=61724/733625 pkt  drop_io(win/tot)=0/0 pkt  lost_samples(win/tot)=11110320/132052500  send_errors(win/tot)=0/0
2026-04-22 15:04:46 INFO STAT  crate=12  sent=1177125 pkt  827.352 MB  win=8.927 Mbps 1514.1 pkt/s  tot=8.898 Mbps 1509.1 pkt/s  late(win/tot)=90840/1177125  worst_late(win/tot)=115.026/121.006 ms  drop_timing(win/tot)=60831/794456 pkt  drop_io(win/tot)=0/0 pkt  lost_samples(win/tot)=10949580/143002080  send_errors(win/tot)=0/0
2026-04-22 15:05:46 INFO STAT  crate=12  sent=1267343 pkt  890.762 MB  win=8.865 Mbps 1503.6 pkt/s  tot=8.896 Mbps 1508.7 pkt/s  late(win/tot)=90218/1267343  worst_late(win/tot)=116.462/121.006 ms  drop_timing(win/tot)=61455/855911 pkt  drop_io(win/tot)=0/0 pkt  lost_samples(win/tot)=11061900/154063980  send_errors(win/tot)=0/0
2026-04-22 15:06:46 INFO STAT  crate=12  sent=1356808 pkt  953.643 MB  win=8.791 Mbps 1491.1 pkt/s  tot=8.889 Mbps 1507.6 pkt/s  late(win/tot)=89465/1356808  worst_late(win/tot)=112.823/121.006 ms  drop_timing(win/tot)=62159/918070 pkt  drop_io(win/tot)=0/0 pkt  lost_samples(win/tot)=11188620/165252600  send_errors(win/tot)=0/0
2026-04-22 15:07:46 INFO STAT  crate=12  sent=1448322 pkt  1017.965 MB  win=8.992 Mbps 1525.1 pkt/s  tot=8.895 Mbps 1508.7 pkt/s  late(win/tot)=91514/1448322  worst_late(win/tot)=119.708/121.006 ms  drop_timing(win/tot)=60203/978273 pkt  drop_io(win/tot)=0/0 pkt  lost_samples(win/tot)=10836540/176089140  send_errors(win/tot)=0/0
2026-04-22 15:08:46 INFO STAT  crate=12  sent=1538590 pkt  1081.410 MB  win=8.871 Mbps 1504.5 pkt/s  tot=8.894 Mbps 1508.4 pkt/s  late(win/tot)=90268/1538590  worst_late(win/tot)=114.789/121.006 ms  drop_timing(win/tot)=61377/1039650 pkt  drop_io(win/tot)=0/0 pkt  lost_samples(win/tot)=11047860/187137000  send_errors(win/tot)=0/0
2026-04-22 15:09:46 INFO STAT  crate=12  sent=1627419 pkt  1143.844 MB  win=8.729 Mbps 1480.5 pkt/s  tot=8.885 Mbps 1506.9 pkt/s  late(win/tot)=88829/1627419  worst_late(win/tot)=132.758/132.758 ms  drop_timing(win/tot)=62870/1102520 pkt  drop_io(win/tot)=0/0 pkt  lost_samples(win/tot)=11316600/198453600  send_errors(win/tot)=0/0
2026-04-22 15:10:46 INFO STAT  crate=12  sent=1717902 pkt  1207.441 MB  win=8.891 Mbps 1508.0 pkt/s  tot=8.885 Mbps 1506.9 pkt/s  late(win/tot)=90483/1717902  worst_late(win/tot)=100.227/132.758 ms  drop_timing(win/tot)=61173/1163693 pkt  drop_io(win/tot)=0/0 pkt  lost_samples(win/tot)=11011140/209464740  send_errors(win/tot)=0/0
2026-04-22 15:11:46 INFO STAT  crate=12  sent=1808585 pkt  1271.178 MB  win=8.911 Mbps 1511.4 pkt/s  tot=8.886 Mbps 1507.2 pkt/s  late(win/tot)=90683/1808585  worst_late(win/tot)=120.046/132.758 ms  drop_timing(win/tot)=60992/1224685 pkt  drop_io(win/tot)=0/0 pkt  lost_samples(win/tot)=10978560/220443300  send_errors(win/tot)=0/0
2026-04-22 15:12:46 INFO STAT  crate=12  sent=1899596 pkt  1335.146 MB  win=8.943 Mbps 1516.9 pkt/s  tot=8.889 Mbps 1507.6 pkt/s  late(win/tot)=91011/1899596  worst_late(win/tot)=113.580/132.758 ms  drop_timing(win/tot)=60646/1285331 pkt  drop_io(win/tot)=0/0 pkt  lost_samples(win/tot)=10916280/231359580  send_errors(win/tot)=0/0
2026-04-22 15:13:46 INFO STAT  crate=12  sent=1989234 pkt  1398.149 MB  win=8.808 Mbps 1494.0 pkt/s  tot=8.885 Mbps 1507.0 pkt/s  late(win/tot)=89638/1989234  worst_late(win/tot)=114.384/132.758 ms  drop_timing(win/tot)=62032/1347363 pkt  drop_io(win/tot)=0/0 pkt  lost_samples(win/tot)=11165760/242525340  send_errors(win/tot)=0/0
2026-04-22 15:14:46 INFO STAT  crate=12  sent=2081666 pkt  1463.116 MB  win=9.083 Mbps 1540.5 pkt/s  tot=8.894 Mbps 1508.5 pkt/s  late(win/tot)=92432/2081666  worst_late(win/tot)=108.730/132.758 ms  drop_timing(win/tot)=59235/1406598 pkt  drop_io(win/tot)=0/0 pkt  lost_samples(win/tot)=10662300/253187640  send_errors(win/tot)=0/0
2026-04-22 15:15:46 INFO STAT  crate=12  sent=2172478 pkt  1526.943 MB  win=8.924 Mbps 1513.5 pkt/s  tot=8.895 Mbps 1508.7 pkt/s  late(win/tot)=90812/2172478  worst_late(win/tot)=127.283/132.758 ms  drop_timing(win/tot)=60854/1467452 pkt  drop_io(win/tot)=0/0 pkt  lost_samples(win/tot)=10953720/264141360  send_errors(win/tot)=0/0
2026-04-22 15:16:46 INFO STAT  crate=12  sent=2263656 pkt  1591.029 MB  win=8.960 Mbps 1519.6 pkt/s  tot=8.898 Mbps 1509.1 pkt/s  late(win/tot)=91178/2263656  worst_late(win/tot)=123.789/132.758 ms  drop_timing(win/tot)=60475/1527927 pkt  drop_io(win/tot)=0/0 pkt  lost_samples(win/tot)=10885500/275026860  send_errors(win/tot)=0/0
2026-04-22 15:17:46 INFO STAT  crate=12  sent=2355448 pkt  1655.545 MB  win=9.020 Mbps 1529.9 pkt/s  tot=8.902 Mbps 1509.9 pkt/s  late(win/tot)=91792/2355448  worst_late(win/tot)=114.037/132.758 ms  drop_timing(win/tot)=59870/1587797 pkt  drop_io(win/tot)=0/0 pkt  lost_samples(win/tot)=10776600/285803460  send_errors(win/tot)=0/0
2026-04-22 15:18:46 INFO STAT  crate=12  sent=2446197 pkt  1719.329 MB  win=8.918 Mbps 1512.5 pkt/s  tot=8.903 Mbps 1510.0 pkt/s  late(win/tot)=90749/2446197  worst_late(win/tot)=117.275/132.758 ms  drop_timing(win/tot)=60929/1648726 pkt  drop_io(win/tot)=0/0 pkt  lost_samples(win/tot)=10967220/296770680  send_errors(win/tot)=0/0
2026-04-22 15:19:46 INFO STAT  crate=12  sent=2539685 pkt  1785.038 MB  win=9.187 Mbps 1558.1 pkt/s  tot=8.913 Mbps 1511.7 pkt/s  late(win/tot)=93488/2539685  worst_late(win/tot)=136.349/136.349 ms  drop_timing(win/tot)=58167/1706893 pkt  drop_io(win/tot)=0/0 pkt  lost_samples(win/tot)=10470060/307240740  send_errors(win/tot)=0/0
2026-04-22 15:20:46 INFO STAT  crate=12  sent=2629080 pkt  1847.870 MB  win=8.784 Mbps 1489.9 pkt/s  tot=8.909 Mbps 1511.0 pkt/s  late(win/tot)=89395/2629080  worst_late(win/tot)=124.078/136.349 ms  drop_timing(win/tot)=62288/1769181 pkt  drop_io(win/tot)=0/0 pkt  lost_samples(win/tot)=11211840/318452580  send_errors(win/tot)=0/0
2026-04-22 15:21:38 INFO STAT  crate=12  sent=2730000 pkt  1918.802 MB  win=11.423 Mbps 1937.5 pkt/s  tot=8.982 Mbps 1523.4 pkt/s  late(win/tot)=100920/2730000  worst_late(win/tot)=127.714/136.349 ms  drop_timing(win/tot)=30178/1799359 pkt  drop_io(win/tot)=0/0 pkt  lost_samples(win/tot)=5432040/323884620  send_errors(win/tot)=0/0
2026-04-22 15:21:38 INFO Terminato
