2026-04-22 15:00:39 INFO Start crate=29 dst=131.154.99.225:6666
2026-04-22 15:00:40 INFO Streams=91  board=7  analog/board=12  digital_streams/board=1
2026-04-22 15:00:40 INFO Sample rate=5000 Hz  samples/pkt=180  pps/stream=27.777778  total_pps=2527.778
2026-04-22 15:00:40 INFO Packet len=737 B  expected throughput=14.904 Mbps
2026-04-22 15:00:40 INFO Analog FS=+/-10.000 V  noise_rms=0.010000 V  digital_flip_prob=0.002000
2026-04-22 15:01:40 INFO STAT  crate=29  sent=82803 pkt  58.199 MB  win=8.136 Mbps 1380.0 pkt/s  tot=8.136 Mbps 1380.0 pkt/s  late(win/tot)=82803/82803  worst_late(win/tot)=126.026/126.026 ms  drop_timing(win/tot)=68792/68792 pkt  drop_io(win/tot)=0/0 pkt  lost_samples(win/tot)=12382560/12382560  send_errors(win/tot)=0/0
2026-04-22 15:02:40 INFO STAT  crate=29  sent=151901 pkt  106.765 MB  win=6.790 Mbps 1151.6 pkt/s  tot=7.463 Mbps 1265.8 pkt/s  late(win/tot)=69098/151901  worst_late(win/tot)=148.249/148.249 ms  drop_timing(win/tot)=82515/151307 pkt  drop_io(win/tot)=0/0 pkt  lost_samples(win/tot)=14852700/27235260  send_errors(win/tot)=0/0
2026-04-22 15:03:40 INFO STAT  crate=29  sent=210474 pkt  147.933 MB  win=5.756 Mbps 976.3 pkt/s  tot=6.894 Mbps 1169.3 pkt/s  late(win/tot)=58573/210474  worst_late(win/tot)=155.366/155.366 ms  drop_timing(win/tot)=93082/244389 pkt  drop_io(win/tot)=0/0 pkt  lost_samples(win/tot)=16754760/43990020  send_errors(win/tot)=0/0
2026-04-22 15:04:40 INFO STAT  crate=29  sent=272703 pkt  191.671 MB  win=6.114 Mbps 1037.0 pkt/s  tot=6.699 Mbps 1136.2 pkt/s  late(win/tot)=62229/272703  worst_late(win/tot)=152.619/155.366 ms  drop_timing(win/tot)=89462/333851 pkt  drop_io(win/tot)=0/0 pkt  lost_samples(win/tot)=16103160/60093180  send_errors(win/tot)=0/0
2026-04-22 15:05:40 INFO STAT  crate=29  sent=335176 pkt  235.581 MB  win=6.140 Mbps 1041.4 pkt/s  tot=6.587 Mbps 1117.3 pkt/s  late(win/tot)=62473/335176  worst_late(win/tot)=158.485/158.485 ms  drop_timing(win/tot)=89207/423058 pkt  drop_io(win/tot)=0/0 pkt  lost_samples(win/tot)=16057260/76150440  send_errors(win/tot)=0/0
2026-04-22 15:06:40 INFO STAT  crate=29  sent=398087 pkt  279.799 MB  win=6.181 Mbps 1048.4 pkt/s  tot=6.520 Mbps 1105.8 pkt/s  late(win/tot)=62911/398087  worst_late(win/tot)=140.451/158.485 ms  drop_timing(win/tot)=88748/511806 pkt  drop_io(win/tot)=0/0 pkt  lost_samples(win/tot)=15974640/92125080  send_errors(win/tot)=0/0
2026-04-22 15:07:40 INFO STAT  crate=29  sent=463109 pkt  325.500 MB  win=6.390 Mbps 1083.8 pkt/s  tot=6.501 Mbps 1102.6 pkt/s  late(win/tot)=65022/463109  worst_late(win/tot)=140.360/158.485 ms  drop_timing(win/tot)=86642/598448 pkt  drop_io(win/tot)=0/0 pkt  lost_samples(win/tot)=15595560/107720640  send_errors(win/tot)=0/0
2026-04-22 15:08:40 INFO STAT  crate=29  sent=528117 pkt  371.191 MB  win=6.388 Mbps 1083.4 pkt/s  tot=6.487 Mbps 1100.2 pkt/s  late(win/tot)=65008/528117  worst_late(win/tot)=146.257/158.485 ms  drop_timing(win/tot)=86653/685101 pkt  drop_io(win/tot)=0/0 pkt  lost_samples(win/tot)=15597540/123318180  send_errors(win/tot)=0/0
2026-04-22 15:09:39 INFO STAT  crate=29  sent=593346 pkt  417.038 MB  win=6.411 Mbps 1087.3 pkt/s  tot=6.478 Mbps 1098.8 pkt/s  late(win/tot)=65229/593346  worst_late(win/tot)=150.649/158.485 ms  drop_timing(win/tot)=86461/771562 pkt  drop_io(win/tot)=0/0 pkt  lost_samples(win/tot)=15562980/138881160  send_errors(win/tot)=0/0
2026-04-22 15:10:39 INFO STAT  crate=29  sent=659762 pkt  463.719 MB  win=6.526 Mbps 1106.9 pkt/s  tot=6.483 Mbps 1099.6 pkt/s  late(win/tot)=66416/659762  worst_late(win/tot)=144.658/158.485 ms  drop_timing(win/tot)=85206/856768 pkt  drop_io(win/tot)=0/0 pkt  lost_samples(win/tot)=15337080/154218240  send_errors(win/tot)=0/0
2026-04-22 15:11:39 INFO STAT  crate=29  sent=725475 pkt  509.906 MB  win=6.457 Mbps 1095.2 pkt/s  tot=6.481 Mbps 1099.2 pkt/s  late(win/tot)=65713/725475  worst_late(win/tot)=179.984/179.984 ms  drop_timing(win/tot)=86000/942768 pkt  drop_io(win/tot)=0/0 pkt  lost_samples(win/tot)=15480000/169698240  send_errors(win/tot)=0/0
2026-04-22 15:12:40 INFO STAT  crate=29  sent=791259 pkt  556.143 MB  win=6.464 Mbps 1096.4 pkt/s  tot=6.480 Mbps 1099.0 pkt/s  late(win/tot)=65784/791259  worst_late(win/tot)=172.837/179.984 ms  drop_timing(win/tot)=85837/1028605 pkt  drop_io(win/tot)=0/0 pkt  lost_samples(win/tot)=15450660/185148900  send_errors(win/tot)=0/0
2026-04-22 15:13:40 INFO STAT  crate=29  sent=855798 pkt  601.504 MB  win=6.341 Mbps 1075.5 pkt/s  tot=6.469 Mbps 1097.2 pkt/s  late(win/tot)=64539/855798  worst_late(win/tot)=139.796/179.984 ms  drop_timing(win/tot)=87151/1115756 pkt  drop_io(win/tot)=0/0 pkt  lost_samples(win/tot)=15687180/200836080  send_errors(win/tot)=0/0
2026-04-22 15:14:40 INFO STAT  crate=29  sent=919460 pkt  646.250 MB  win=6.256 Mbps 1061.1 pkt/s  tot=6.454 Mbps 1094.6 pkt/s  late(win/tot)=63662/919460  worst_late(win/tot)=165.554/179.984 ms  drop_timing(win/tot)=88029/1203785 pkt  drop_io(win/tot)=0/0 pkt  lost_samples(win/tot)=15845220/216681300  send_errors(win/tot)=0/0
2026-04-22 15:15:40 INFO STAT  crate=29  sent=985531 pkt  692.688 MB  win=6.492 Mbps 1101.1 pkt/s  tot=6.456 Mbps 1095.0 pkt/s  late(win/tot)=66071/985531  worst_late(win/tot)=221.005/221.005 ms  drop_timing(win/tot)=85566/1289351 pkt  drop_io(win/tot)=0/0 pkt  lost_samples(win/tot)=15401880/232083180  send_errors(win/tot)=0/0
2026-04-22 15:16:39 INFO STAT  crate=29  sent=1051206 pkt  738.849 MB  win=6.454 Mbps 1094.7 pkt/s  tot=6.456 Mbps 1095.0 pkt/s  late(win/tot)=65675/1051206  worst_late(win/tot)=153.084/221.005 ms  drop_timing(win/tot)=85979/1375330 pkt  drop_io(win/tot)=0/0 pkt  lost_samples(win/tot)=15476220/247559400  send_errors(win/tot)=0/0
2026-04-22 15:17:40 INFO STAT  crate=29  sent=1114060 pkt  783.026 MB  win=6.176 Mbps 1047.5 pkt/s  tot=6.440 Mbps 1092.2 pkt/s  late(win/tot)=62854/1114060  worst_late(win/tot)=160.449/221.005 ms  drop_timing(win/tot)=88809/1464139 pkt  drop_io(win/tot)=0/0 pkt  lost_samples(win/tot)=15985620/263545020  send_errors(win/tot)=0/0
2026-04-22 15:18:39 INFO STAT  crate=29  sent=1174439 pkt  825.464 MB  win=5.933 Mbps 1006.4 pkt/s  tot=6.412 Mbps 1087.4 pkt/s  late(win/tot)=60379/1174439  worst_late(win/tot)=162.003/221.005 ms  drop_timing(win/tot)=91334/1555473 pkt  drop_io(win/tot)=0/0 pkt  lost_samples(win/tot)=16440120/279985140  send_errors(win/tot)=0/0
2026-04-22 15:19:40 INFO STAT  crate=29  sent=1239937 pkt  871.500 MB  win=6.436 Mbps 1091.5 pkt/s  tot=6.413 Mbps 1087.7 pkt/s  late(win/tot)=65498/1239937  worst_late(win/tot)=164.166/221.005 ms  drop_timing(win/tot)=86172/1641645 pkt  drop_io(win/tot)=0/0 pkt  lost_samples(win/tot)=15510960/295496100  send_errors(win/tot)=0/0
2026-04-22 15:20:40 INFO STAT  crate=29  sent=1301348 pkt  914.663 MB  win=6.035 Mbps 1023.6 pkt/s  tot=6.394 Mbps 1084.5 pkt/s  late(win/tot)=61411/1301348  worst_late(win/tot)=158.918/221.005 ms  drop_timing(win/tot)=90202/1731847 pkt  drop_io(win/tot)=0/0 pkt  lost_samples(win/tot)=16236360/311732460  send_errors(win/tot)=0/0
2026-04-22 15:21:39 INFO STAT  crate=29  sent=1368073 pkt  961.561 MB  win=6.557 Mbps 1112.1 pkt/s  tot=6.402 Mbps 1085.8 pkt/s  late(win/tot)=66725/1368073  worst_late(win/tot)=151.846/221.005 ms  drop_timing(win/tot)=85002/1816849 pkt  drop_io(win/tot)=0/0 pkt  lost_samples(win/tot)=15300360/327032820  send_errors(win/tot)=0/0
2026-04-22 15:22:40 INFO STAT  crate=29  sent=1435304 pkt  1008.815 MB  win=6.606 Mbps 1120.5 pkt/s  tot=6.411 Mbps 1087.4 pkt/s  late(win/tot)=67231/1435304  worst_late(win/tot)=164.757/221.005 ms  drop_timing(win/tot)=84386/1901235 pkt  drop_io(win/tot)=0/0 pkt  lost_samples(win/tot)=15189480/342222300  send_errors(win/tot)=0/0
2026-04-22 15:23:40 INFO STAT  crate=29  sent=1504723 pkt  1057.607 MB  win=6.821 Mbps 1157.0 pkt/s  tot=6.429 Mbps 1090.4 pkt/s  late(win/tot)=69419/1504723  worst_late(win/tot)=139.351/221.005 ms  drop_timing(win/tot)=82296/1983531 pkt  drop_io(win/tot)=0/0 pkt  lost_samples(win/tot)=14813280/357035580  send_errors(win/tot)=0/0
2026-04-22 15:24:39 INFO STAT  crate=29  sent=1569432 pkt  1103.088 MB  win=6.359 Mbps 1078.5 pkt/s  tot=6.426 Mbps 1089.9 pkt/s  late(win/tot)=64709/1569432  worst_late(win/tot)=168.352/221.005 ms  drop_timing(win/tot)=86956/2070487 pkt  drop_io(win/tot)=0/0 pkt  lost_samples(win/tot)=15652080/372687660  send_errors(win/tot)=0/0
2026-04-22 15:25:40 INFO STAT  crate=29  sent=1634919 pkt  1149.116 MB  win=6.434 Mbps 1091.3 pkt/s  tot=6.426 Mbps 1089.9 pkt/s  late(win/tot)=65487/1634919  worst_late(win/tot)=148.834/221.005 ms  drop_timing(win/tot)=86143/2156630 pkt  drop_io(win/tot)=0/0 pkt  lost_samples(win/tot)=15505740/388193400  send_errors(win/tot)=0/0
2026-04-22 15:26:40 INFO STAT  crate=29  sent=1697742 pkt  1193.271 MB  win=6.174 Mbps 1047.2 pkt/s  tot=6.417 Mbps 1088.3 pkt/s  late(win/tot)=62823/1697742  worst_late(win/tot)=162.548/221.005 ms  drop_timing(win/tot)=88876/2245506 pkt  drop_io(win/tot)=0/0 pkt  lost_samples(win/tot)=15997680/404191080  send_errors(win/tot)=0/0
2026-04-22 15:27:39 INFO STAT  crate=29  sent=1761270 pkt  1237.923 MB  win=6.243 Mbps 1058.8 pkt/s  tot=6.410 Mbps 1087.2 pkt/s  late(win/tot)=63528/1761270  worst_late(win/tot)=149.857/221.005 ms  drop_timing(win/tot)=88148/2333654 pkt  drop_io(win/tot)=0/0 pkt  lost_samples(win/tot)=15866640/420057720  send_errors(win/tot)=0/0
2026-04-22 15:28:39 INFO STAT  crate=29  sent=1826246 pkt  1283.592 MB  win=6.385 Mbps 1082.9 pkt/s  tot=6.409 Mbps 1087.1 pkt/s  late(win/tot)=64976/1826246  worst_late(win/tot)=145.252/221.005 ms  drop_timing(win/tot)=86629/2420283 pkt  drop_io(win/tot)=0/0 pkt  lost_samples(win/tot)=15593220/435650940  send_errors(win/tot)=0/0
2026-04-22 15:29:39 INFO STAT  crate=29  sent=1889434 pkt  1328.004 MB  win=6.209 Mbps 1053.1 pkt/s  tot=6.402 Mbps 1085.9 pkt/s  late(win/tot)=63188/1889434  worst_late(win/tot)=154.993/221.005 ms  drop_timing(win/tot)=88491/2508774 pkt  drop_io(win/tot)=0/0 pkt  lost_samples(win/tot)=15928380/451579320  send_errors(win/tot)=0/0
2026-04-22 15:30:39 INFO STAT  crate=29  sent=1953184 pkt  1372.811 MB  win=6.264 Mbps 1062.5 pkt/s  tot=6.398 Mbps 1085.1 pkt/s  late(win/tot)=63750/1953184  worst_late(win/tot)=147.727/221.005 ms  drop_timing(win/tot)=87923/2596697 pkt  drop_io(win/tot)=0/0 pkt  lost_samples(win/tot)=15826140/467405460  send_errors(win/tot)=0/0
2026-04-22 15:31:40 INFO STAT  crate=29  sent=2017367 pkt  1417.922 MB  win=6.307 Mbps 1069.7 pkt/s  tot=6.395 Mbps 1084.6 pkt/s  late(win/tot)=64183/2017367  worst_late(win/tot)=152.369/221.005 ms  drop_timing(win/tot)=87461/2684158 pkt  drop_io(win/tot)=0/0 pkt  lost_samples(win/tot)=15742980/483148440  send_errors(win/tot)=0/0
2026-04-22 15:32:39 INFO STAT  crate=29  sent=2078138 pkt  1460.636 MB  win=5.972 Mbps 1012.9 pkt/s  tot=6.382 Mbps 1082.4 pkt/s  late(win/tot)=60771/2078138  worst_late(win/tot)=147.737/221.005 ms  drop_timing(win/tot)=90901/2775059 pkt  drop_io(win/tot)=0/0 pkt  lost_samples(win/tot)=16362180/499510620  send_errors(win/tot)=0/0
2026-04-22 15:33:40 INFO STAT  crate=29  sent=2141887 pkt  1505.442 MB  win=6.264 Mbps 1062.5 pkt/s  tot=6.378 Mbps 1081.8 pkt/s  late(win/tot)=63749/2141887  worst_late(win/tot)=152.253/221.005 ms  drop_timing(win/tot)=87979/2863038 pkt  drop_io(win/tot)=0/0 pkt  lost_samples(win/tot)=15836220/515346840  send_errors(win/tot)=0/0
2026-04-22 15:34:40 INFO STAT  crate=29  sent=2203171 pkt  1548.516 MB  win=6.022 Mbps 1021.3 pkt/s  tot=6.368 Mbps 1080.0 pkt/s  late(win/tot)=61284/2203171  worst_late(win/tot)=163.586/221.005 ms  drop_timing(win/tot)=90358/2953396 pkt  drop_io(win/tot)=0/0 pkt  lost_samples(win/tot)=16264440/531611280  send_errors(win/tot)=0/0
2026-04-22 15:35:40 INFO STAT  crate=29  sent=2272057 pkt  1596.933 MB  win=6.770 Mbps 1148.2 pkt/s  tot=6.379 Mbps 1081.9 pkt/s  late(win/tot)=68886/2272057  worst_late(win/tot)=186.523/221.005 ms  drop_timing(win/tot)=82797/3036193 pkt  drop_io(win/tot)=0/0 pkt  lost_samples(win/tot)=14903460/546514740  send_errors(win/tot)=0/0
2026-04-22 15:36:40 INFO STAT  crate=29  sent=2351106 pkt  1652.494 MB  win=7.768 Mbps 1317.5 pkt/s  tot=6.418 Mbps 1088.5 pkt/s  late(win/tot)=79049/2351106  worst_late(win/tot)=122.628/221.005 ms  drop_timing(win/tot)=72616/3108809 pkt  drop_io(win/tot)=0/0 pkt  lost_samples(win/tot)=13070880/559585620  send_errors(win/tot)=0/0
2026-04-22 15:37:39 INFO STAT  crate=29  sent=2441166 pkt  1715.793 MB  win=8.850 Mbps 1501.1 pkt/s  tot=6.483 Mbps 1099.6 pkt/s  late(win/tot)=90060/2441166  worst_late(win/tot)=115.755/221.005 ms  drop_timing(win/tot)=61611/3170420 pkt  drop_io(win/tot)=0/0 pkt  lost_samples(win/tot)=11089980/570675600  send_errors(win/tot)=0/0
2026-04-22 15:38:40 INFO STAT  crate=29  sent=2542668 pkt  1787.134 MB  win=9.974 Mbps 1691.6 pkt/s  tot=6.575 Mbps 1115.2 pkt/s  late(win/tot)=101502/2542668  worst_late(win/tot)=100.829/221.005 ms  drop_timing(win/tot)=50164/3220584 pkt  drop_io(win/tot)=0/0 pkt  lost_samples(win/tot)=9029520/579705120  send_errors(win/tot)=0/0
2026-04-22 15:39:39 INFO STAT  crate=29  sent=2642330 pkt  1857.183 MB  win=9.794 Mbps 1661.1 pkt/s  tot=6.658 Mbps 1129.2 pkt/s  late(win/tot)=99662/2642330  worst_late(win/tot)=117.183/221.005 ms  drop_timing(win/tot)=52006/3272590 pkt  drop_io(win/tot)=0/0 pkt  lost_samples(win/tot)=9361080/589066200  send_errors(win/tot)=0/0
2026-04-22 15:40:16 INFO STAT  crate=29  sent=2730000 pkt  1918.802 MB  win=14.201 Mbps 2408.6 pkt/s  tot=6.773 Mbps 1148.8 pkt/s  late(win/tot)=87670/2730000  worst_late(win/tot)=79.661/221.005 ms  drop_timing(win/tot)=3391/3275981 pkt  drop_io(win/tot)=0/0 pkt  lost_samples(win/tot)=610380/589676580  send_errors(win/tot)=0/0
2026-04-22 15:40:16 INFO Terminato
