2026-04-22 17:51:02 INFO Start crate=29 dst=131.154.99.225:6666
2026-04-22 17:51:02 INFO Streams=91  board=7  analog/board=12  digital_streams/board=1
2026-04-22 17:51:02 INFO Sample rate=5000 Hz  samples/pkt=180  pps/stream=27.777778  total_pps=2527.778
2026-04-22 17:51:02 INFO Packet len=737 B  expected throughput=14.904 Mbps
2026-04-22 17:51:02 INFO Analog FS=+/-10.000 V  noise_rms=0.010000 V  digital_flip_prob=0.002000
2026-04-22 17:52:02 INFO STAT  crate=29  sent=80790 pkt  56.784 MB  win=7.938 Mbps 1346.4 pkt/s  tot=7.938 Mbps 1346.4 pkt/s  late(win/tot)=80790/80790  worst_late(win/tot)=132.375/132.375 ms  drop_timing(win/tot)=70778/70778 pkt  drop_io(win/tot)=0/0 pkt  lost_samples(win/tot)=12740040/12740040  send_errors(win/tot)=0/0
2026-04-22 17:53:02 INFO STAT  crate=29  sent=158361 pkt  111.305 MB  win=7.623 Mbps 1292.8 pkt/s  tot=7.780 Mbps 1319.6 pkt/s  late(win/tot)=77571/158361  worst_late(win/tot)=137.006/137.006 ms  drop_timing(win/tot)=74075/144853 pkt  drop_io(win/tot)=0/0 pkt  lost_samples(win/tot)=13333500/26073540  send_errors(win/tot)=0/0
2026-04-22 17:54:02 INFO STAT  crate=29  sent=236097 pkt  165.943 MB  win=7.639 Mbps 1295.6 pkt/s  tot=7.733 Mbps 1311.6 pkt/s  late(win/tot)=77736/236097  worst_late(win/tot)=134.636/137.006 ms  drop_timing(win/tot)=73961/218814 pkt  drop_io(win/tot)=0/0 pkt  lost_samples(win/tot)=13312980/39386520  send_errors(win/tot)=0/0
2026-04-22 17:55:02 INFO STAT  crate=29  sent=314862 pkt  221.303 MB  win=7.741 Mbps 1312.9 pkt/s  tot=7.735 Mbps 1311.9 pkt/s  late(win/tot)=78765/314862  worst_late(win/tot)=174.753/174.753 ms  drop_timing(win/tot)=72905/291719 pkt  drop_io(win/tot)=0/0 pkt  lost_samples(win/tot)=13122900/52509420  send_errors(win/tot)=0/0
2026-04-22 17:56:02 INFO STAT  crate=29  sent=395313 pkt  277.849 MB  win=7.906 Mbps 1340.8 pkt/s  tot=7.769 Mbps 1317.7 pkt/s  late(win/tot)=80451/395313  worst_late(win/tot)=119.192/174.753 ms  drop_timing(win/tot)=71196/362915 pkt  drop_io(win/tot)=0/0 pkt  lost_samples(win/tot)=12815280/65324700  send_errors(win/tot)=0/0
2026-04-22 17:57:02 INFO STAT  crate=29  sent=476462 pkt  334.885 MB  win=7.973 Mbps 1352.3 pkt/s  tot=7.803 Mbps 1323.5 pkt/s  late(win/tot)=81149/476462  worst_late(win/tot)=138.156/174.753 ms  drop_timing(win/tot)=70557/433472 pkt  drop_io(win/tot)=0/0 pkt  lost_samples(win/tot)=12700260/78024960  send_errors(win/tot)=0/0
2026-04-22 17:58:02 INFO STAT  crate=29  sent=557292 pkt  391.697 MB  win=7.944 Mbps 1347.3 pkt/s  tot=7.823 Mbps 1326.9 pkt/s  late(win/tot)=80830/557292  worst_late(win/tot)=130.425/174.753 ms  drop_timing(win/tot)=70797/504269 pkt  drop_io(win/tot)=0/0 pkt  lost_samples(win/tot)=12743460/90768420  send_errors(win/tot)=0/0
2026-04-22 17:59:02 INFO STAT  crate=29  sent=639786 pkt  449.679 MB  win=8.107 Mbps 1374.9 pkt/s  tot=7.859 Mbps 1332.9 pkt/s  late(win/tot)=82494/639786  worst_late(win/tot)=122.139/174.753 ms  drop_timing(win/tot)=69187/573456 pkt  drop_io(win/tot)=0/0 pkt  lost_samples(win/tot)=12453660/103222080  send_errors(win/tot)=0/0
2026-04-22 18:00:02 INFO STAT  crate=29  sent=719340 pkt  505.594 MB  win=7.817 Mbps 1325.9 pkt/s  tot=7.854 Mbps 1332.1 pkt/s  late(win/tot)=79554/719340  worst_late(win/tot)=178.991/178.991 ms  drop_timing(win/tot)=72085/645541 pkt  drop_io(win/tot)=0/0 pkt  lost_samples(win/tot)=12975300/116197380  send_errors(win/tot)=0/0
2026-04-22 18:01:02 INFO STAT  crate=29  sent=800586 pkt  562.698 MB  win=7.983 Mbps 1354.0 pkt/s  tot=7.867 Mbps 1334.3 pkt/s  late(win/tot)=81246/800586  worst_late(win/tot)=128.066/178.991 ms  drop_timing(win/tot)=70447/715988 pkt  drop_io(win/tot)=0/0 pkt  lost_samples(win/tot)=12680460/128877840  send_errors(win/tot)=0/0
2026-04-22 18:02:02 INFO STAT  crate=29  sent=881916 pkt  619.862 MB  win=7.993 Mbps 1355.6 pkt/s  tot=7.878 Mbps 1336.2 pkt/s  late(win/tot)=81330/881916  worst_late(win/tot)=133.923/178.991 ms  drop_timing(win/tot)=70361/786349 pkt  drop_io(win/tot)=0/0 pkt  lost_samples(win/tot)=12664980/141542820  send_errors(win/tot)=0/0
2026-04-22 18:03:02 INFO STAT  crate=29  sent=961536 pkt  675.823 MB  win=7.824 Mbps 1327.0 pkt/s  tot=7.874 Mbps 1335.5 pkt/s  late(win/tot)=79620/961536  worst_late(win/tot)=137.329/178.991 ms  drop_timing(win/tot)=72033/858382 pkt  drop_io(win/tot)=0/0 pkt  lost_samples(win/tot)=12965940/154508760  send_errors(win/tot)=0/0
2026-04-22 18:04:02 INFO STAT  crate=29  sent=1043943 pkt  733.744 MB  win=8.098 Mbps 1373.5 pkt/s  tot=7.891 Mbps 1338.4 pkt/s  late(win/tot)=82407/1043943  worst_late(win/tot)=119.357/178.991 ms  drop_timing(win/tot)=69245/927627 pkt  drop_io(win/tot)=0/0 pkt  lost_samples(win/tot)=12464100/166972860  send_errors(win/tot)=0/0
2026-04-22 18:05:02 INFO STAT  crate=29  sent=1123872 pkt  789.922 MB  win=7.854 Mbps 1332.1 pkt/s  tot=7.889 Mbps 1337.9 pkt/s  late(win/tot)=79929/1123872  worst_late(win/tot)=132.983/178.991 ms  drop_timing(win/tot)=71754/999381 pkt  drop_io(win/tot)=0/0 pkt  lost_samples(win/tot)=12915720/179888580  send_errors(win/tot)=0/0
2026-04-22 18:06:02 INFO STAT  crate=29  sent=1202661 pkt  845.300 MB  win=7.742 Mbps 1313.1 pkt/s  tot=7.879 Mbps 1336.3 pkt/s  late(win/tot)=78789/1202661  worst_late(win/tot)=129.598/178.991 ms  drop_timing(win/tot)=72855/1072236 pkt  drop_io(win/tot)=0/0 pkt  lost_samples(win/tot)=13113900/193002480  send_errors(win/tot)=0/0
2026-04-22 18:07:02 INFO STAT  crate=29  sent=1283967 pkt  902.446 MB  win=7.990 Mbps 1355.1 pkt/s  tot=7.886 Mbps 1337.5 pkt/s  late(win/tot)=81306/1283967  worst_late(win/tot)=116.647/178.991 ms  drop_timing(win/tot)=70403/1142639 pkt  drop_io(win/tot)=0/0 pkt  lost_samples(win/tot)=12672540/205675020  send_errors(win/tot)=0/0
2026-04-22 18:08:02 INFO STAT  crate=29  sent=1363331 pkt  958.228 MB  win=7.798 Mbps 1322.6 pkt/s  tot=7.881 Mbps 1336.6 pkt/s  late(win/tot)=79364/1363331  worst_late(win/tot)=147.434/178.991 ms  drop_timing(win/tot)=72256/1214895 pkt  drop_io(win/tot)=0/0 pkt  lost_samples(win/tot)=13006080/218681100  send_errors(win/tot)=0/0
2026-04-22 18:09:02 INFO STAT  crate=29  sent=1441234 pkt  1012.983 MB  win=7.656 Mbps 1298.5 pkt/s  tot=7.868 Mbps 1334.5 pkt/s  late(win/tot)=77903/1441234  worst_late(win/tot)=137.156/178.991 ms  drop_timing(win/tot)=73771/1288666 pkt  drop_io(win/tot)=0/0 pkt  lost_samples(win/tot)=13278780/231959880  send_errors(win/tot)=0/0
2026-04-22 18:10:02 INFO STAT  crate=29  sent=1519837 pkt  1068.230 MB  win=7.724 Mbps 1310.0 pkt/s  tot=7.860 Mbps 1333.2 pkt/s  late(win/tot)=78603/1519837  worst_late(win/tot)=145.878/178.991 ms  drop_timing(win/tot)=73088/1361754 pkt  drop_io(win/tot)=0/0 pkt  lost_samples(win/tot)=13155840/245115720  send_errors(win/tot)=0/0
2026-04-22 18:11:02 INFO STAT  crate=29  sent=1597319 pkt  1122.688 MB  win=7.614 Mbps 1291.4 pkt/s  tot=7.848 Mbps 1331.1 pkt/s  late(win/tot)=77482/1597319  worst_late(win/tot)=136.313/178.991 ms  drop_timing(win/tot)=74165/1435919 pkt  drop_io(win/tot)=0/0 pkt  lost_samples(win/tot)=13349700/258465420  send_errors(win/tot)=0/0
2026-04-22 18:12:02 INFO STAT  crate=29  sent=1679772 pkt  1180.641 MB  win=8.102 Mbps 1374.2 pkt/s  tot=7.860 Mbps 1333.2 pkt/s  late(win/tot)=82453/1679772  worst_late(win/tot)=125.967/178.991 ms  drop_timing(win/tot)=69219/1505138 pkt  drop_io(win/tot)=0/0 pkt  lost_samples(win/tot)=12459420/270924840  send_errors(win/tot)=0/0
2026-04-22 18:13:02 INFO STAT  crate=29  sent=1760013 pkt  1237.039 MB  win=7.885 Mbps 1337.4 pkt/s  tot=7.861 Mbps 1333.3 pkt/s  late(win/tot)=80241/1760013  worst_late(win/tot)=128.924/178.991 ms  drop_timing(win/tot)=71389/1576527 pkt  drop_io(win/tot)=0/0 pkt  lost_samples(win/tot)=12850020/283774860  send_errors(win/tot)=0/0
2026-04-22 18:14:02 INFO STAT  crate=29  sent=1841170 pkt  1294.081 MB  win=7.975 Mbps 1352.6 pkt/s  tot=7.866 Mbps 1334.2 pkt/s  late(win/tot)=81157/1841170  worst_late(win/tot)=125.050/178.991 ms  drop_timing(win/tot)=70570/1647097 pkt  drop_io(win/tot)=0/0 pkt  lost_samples(win/tot)=12702600/296477460  send_errors(win/tot)=0/0
2026-04-22 18:15:02 INFO STAT  crate=29  sent=1925011 pkt  1353.009 MB  win=8.239 Mbps 1397.4 pkt/s  tot=7.882 Mbps 1336.8 pkt/s  late(win/tot)=83841/1925011  worst_late(win/tot)=124.970/178.991 ms  drop_timing(win/tot)=67815/1714912 pkt  drop_io(win/tot)=0/0 pkt  lost_samples(win/tot)=12206700/308684160  send_errors(win/tot)=0/0
2026-04-22 18:16:02 INFO STAT  crate=29  sent=2006988 pkt  1410.628 MB  win=8.056 Mbps 1366.3 pkt/s  tot=7.889 Mbps 1338.0 pkt/s  late(win/tot)=81977/2006988  worst_late(win/tot)=116.480/178.991 ms  drop_timing(win/tot)=69679/1784591 pkt  drop_io(win/tot)=0/0 pkt  lost_samples(win/tot)=12542220/321226380  send_errors(win/tot)=0/0
2026-04-22 18:17:02 INFO STAT  crate=29  sent=2090734 pkt  1469.489 MB  win=8.229 Mbps 1395.8 pkt/s  tot=7.902 Mbps 1340.2 pkt/s  late(win/tot)=83746/2090734  worst_late(win/tot)=118.882/178.991 ms  drop_timing(win/tot)=67929/1852520 pkt  drop_io(win/tot)=0/0 pkt  lost_samples(win/tot)=12227220/333453600  send_errors(win/tot)=0/0
2026-04-22 18:18:02 INFO STAT  crate=29  sent=2173325 pkt  1527.539 MB  win=8.116 Mbps 1376.5 pkt/s  tot=7.910 Mbps 1341.6 pkt/s  late(win/tot)=82591/2173325  worst_late(win/tot)=127.277/178.991 ms  drop_timing(win/tot)=69069/1921589 pkt  drop_io(win/tot)=0/0 pkt  lost_samples(win/tot)=12432420/345886020  send_errors(win/tot)=0/0
2026-04-22 18:19:02 INFO STAT  crate=29  sent=2255365 pkt  1585.201 MB  win=8.062 Mbps 1367.3 pkt/s  tot=7.915 Mbps 1342.5 pkt/s  late(win/tot)=82040/2255365  worst_late(win/tot)=131.558/178.991 ms  drop_timing(win/tot)=69616/1991205 pkt  drop_io(win/tot)=0/0 pkt  lost_samples(win/tot)=12530880/358416900  send_errors(win/tot)=0/0
2026-04-22 18:20:02 INFO STAT  crate=29  sent=2351356 pkt  1652.669 MB  win=9.433 Mbps 1599.9 pkt/s  tot=7.968 Mbps 1351.4 pkt/s  late(win/tot)=95991/2351356  worst_late(win/tot)=130.964/178.991 ms  drop_timing(win/tot)=55692/2046897 pkt  drop_io(win/tot)=0/0 pkt  lost_samples(win/tot)=10024560/368441460  send_errors(win/tot)=0/0
2026-04-22 18:21:02 INFO STAT  crate=29  sent=2474517 pkt  1739.234 MB  win=12.103 Mbps 2052.7 pkt/s  tot=8.105 Mbps 1374.7 pkt/s  late(win/tot)=123161/2474517  worst_late(win/tot)=95.380/178.991 ms  drop_timing(win/tot)=28584/2075481 pkt  drop_io(win/tot)=0/0 pkt  lost_samples(win/tot)=5145120/373586580  send_errors(win/tot)=0/0
2026-04-22 18:22:02 INFO STAT  crate=29  sent=2626095 pkt  1845.772 MB  win=14.895 Mbps 2526.3 pkt/s  tot=8.324 Mbps 1411.9 pkt/s  late(win/tot)=151578/2626095  worst_late(win/tot)=42.709/178.991 ms  drop_timing(win/tot)=91/2075572 pkt  drop_io(win/tot)=0/0 pkt  lost_samples(win/tot)=16380/373602960  send_errors(win/tot)=0/0
2026-04-22 18:22:44 INFO STAT  crate=29  sent=2730000 pkt  1918.802 MB  win=14.718 Mbps 2496.2 pkt/s  tot=8.464 Mbps 1435.6 pkt/s  late(win/tot)=103905/2730000  worst_late(win/tot)=22.841/178.991 ms  drop_timing(win/tot)=0/2075572 pkt  drop_io(win/tot)=0/0 pkt  lost_samples(win/tot)=0/373602960  send_errors(win/tot)=0/0
2026-04-22 18:22:44 INFO Terminato
