2026-04-22 14:47:19 INFO Start crate=3 dst=131.154.99.225:6666
2026-04-22 14:47:19 INFO Streams=91  board=7  analog/board=12  digital_streams/board=1
2026-04-22 14:47:19 INFO Sample rate=5000 Hz  samples/pkt=180  pps/stream=27.777778  total_pps=2527.778
2026-04-22 14:47:19 INFO Packet len=737 B  expected throughput=14.904 Mbps
2026-04-22 14:47:19 INFO Analog FS=+/-10.000 V  noise_rms=0.010000 V  digital_flip_prob=0.002000
2026-04-22 14:48:19 INFO STAT  crate=3  sent=128307 pkt  90.182 MB  win=12.608 Mbps 2138.4 pkt/s  tot=12.608 Mbps 2138.4 pkt/s  late(win/tot)=128307/128307  worst_late(win/tot)=50.880/50.880 ms  drop_timing(win/tot)=23296/23296 pkt  drop_io(win/tot)=0/0 pkt  lost_samples(win/tot)=4193280/4193280  send_errors(win/tot)=0/0
2026-04-22 14:49:19 INFO STAT  crate=3  sent=251093 pkt  176.483 MB  win=12.066 Mbps 2046.4 pkt/s  tot=12.337 Mbps 2092.4 pkt/s  late(win/tot)=122786/251093  worst_late(win/tot)=93.921/93.921 ms  drop_timing(win/tot)=28884/52180 pkt  drop_io(win/tot)=0/0 pkt  lost_samples(win/tot)=5199120/9392400  send_errors(win/tot)=0/0
2026-04-22 14:50:19 INFO STAT  crate=3  sent=354820 pkt  249.388 MB  win=10.193 Mbps 1728.8 pkt/s  tot=11.622 Mbps 1971.2 pkt/s  late(win/tot)=103727/354820  worst_late(win/tot)=114.294/114.294 ms  drop_timing(win/tot)=47920/100100 pkt  drop_io(win/tot)=0/0 pkt  lost_samples(win/tot)=8625600/18018000  send_errors(win/tot)=0/0
2026-04-22 14:51:19 INFO STAT  crate=3  sent=430499 pkt  302.580 MB  win=7.436 Mbps 1261.3 pkt/s  tot=10.576 Mbps 1793.7 pkt/s  late(win/tot)=75679/430499  worst_late(win/tot)=116.464/116.464 ms  drop_timing(win/tot)=75960/176060 pkt  drop_io(win/tot)=0/0 pkt  lost_samples(win/tot)=13672800/31690800  send_errors(win/tot)=0/0
2026-04-22 14:52:19 INFO STAT  crate=3  sent=515256 pkt  362.152 MB  win=8.329 Mbps 1412.7 pkt/s  tot=10.126 Mbps 1717.5 pkt/s  late(win/tot)=84757/515256  worst_late(win/tot)=121.747/121.747 ms  drop_timing(win/tot)=66903/242963 pkt  drop_io(win/tot)=0/0 pkt  lost_samples(win/tot)=12042540/43733340  send_errors(win/tot)=0/0
2026-04-22 14:53:19 INFO STAT  crate=3  sent=599522 pkt  421.379 MB  win=8.281 Mbps 1404.4 pkt/s  tot=9.819 Mbps 1665.3 pkt/s  late(win/tot)=84266/599522  worst_late(win/tot)=128.823/128.823 ms  drop_timing(win/tot)=67438/310401 pkt  drop_io(win/tot)=0/0 pkt  lost_samples(win/tot)=12138840/55872180  send_errors(win/tot)=0/0
2026-04-22 14:54:19 INFO STAT  crate=3  sent=686132 pkt  482.253 MB  win=8.511 Mbps 1443.5 pkt/s  tot=9.632 Mbps 1633.6 pkt/s  late(win/tot)=86610/686132  worst_late(win/tot)=108.215/128.823 ms  drop_timing(win/tot)=65065/375466 pkt  drop_io(win/tot)=0/0 pkt  lost_samples(win/tot)=11711700/67583880  send_errors(win/tot)=0/0
2026-04-22 14:55:19 INFO STAT  crate=3  sent=770091 pkt  541.265 MB  win=8.250 Mbps 1399.3 pkt/s  tot=9.459 Mbps 1604.4 pkt/s  late(win/tot)=83959/770091  worst_late(win/tot)=119.221/128.823 ms  drop_timing(win/tot)=67665/443131 pkt  drop_io(win/tot)=0/0 pkt  lost_samples(win/tot)=12179700/79763580  send_errors(win/tot)=0/0
2026-04-22 14:56:19 INFO STAT  crate=3  sent=850768 pkt  597.969 MB  win=7.928 Mbps 1344.6 pkt/s  tot=9.289 Mbps 1575.5 pkt/s  late(win/tot)=80677/850768  worst_late(win/tot)=124.264/128.823 ms  drop_timing(win/tot)=71019/514150 pkt  drop_io(win/tot)=0/0 pkt  lost_samples(win/tot)=12783420/92547000  send_errors(win/tot)=0/0
2026-04-22 14:57:19 INFO STAT  crate=3  sent=934982 pkt  657.160 MB  win=8.275 Mbps 1403.5 pkt/s  tot=9.188 Mbps 1558.3 pkt/s  late(win/tot)=84214/934982  worst_late(win/tot)=106.959/128.823 ms  drop_timing(win/tot)=67415/581565 pkt  drop_io(win/tot)=0/0 pkt  lost_samples(win/tot)=12134700/104681700  send_errors(win/tot)=0/0
2026-04-22 14:58:19 INFO STAT  crate=3  sent=1013263 pkt  712.180 MB  win=7.693 Mbps 1304.7 pkt/s  tot=9.052 Mbps 1535.2 pkt/s  late(win/tot)=78281/1013263  worst_late(win/tot)=112.013/128.823 ms  drop_timing(win/tot)=73453/655018 pkt  drop_io(win/tot)=0/0 pkt  lost_samples(win/tot)=13221540/117903240  send_errors(win/tot)=0/0
2026-04-22 14:59:19 INFO STAT  crate=3  sent=1096247 pkt  770.506 MB  win=8.154 Mbps 1383.0 pkt/s  tot=8.977 Mbps 1522.6 pkt/s  late(win/tot)=82984/1096247  worst_late(win/tot)=123.550/128.823 ms  drop_timing(win/tot)=68623/723641 pkt  drop_io(win/tot)=0/0 pkt  lost_samples(win/tot)=12352140/130255380  send_errors(win/tot)=0/0
2026-04-22 15:00:19 INFO STAT  crate=3  sent=1188111 pkt  835.073 MB  win=9.028 Mbps 1531.1 pkt/s  tot=8.981 Mbps 1523.2 pkt/s  late(win/tot)=91864/1188111  worst_late(win/tot)=119.437/128.823 ms  drop_timing(win/tot)=59869/783510 pkt  drop_io(win/tot)=0/0 pkt  lost_samples(win/tot)=10776420/141031800  send_errors(win/tot)=0/0
2026-04-22 15:01:19 INFO STAT  crate=3  sent=1270450 pkt  892.946 MB  win=8.091 Mbps 1372.3 pkt/s  tot=8.917 Mbps 1512.4 pkt/s  late(win/tot)=82339/1270450  worst_late(win/tot)=120.985/128.823 ms  drop_timing(win/tot)=69321/852831 pkt  drop_io(win/tot)=0/0 pkt  lost_samples(win/tot)=12477780/153509580  send_errors(win/tot)=0/0
2026-04-22 15:02:19 INFO STAT  crate=3  sent=1349642 pkt  948.607 MB  win=7.782 Mbps 1319.8 pkt/s  tot=8.842 Mbps 1499.6 pkt/s  late(win/tot)=79192/1349642  worst_late(win/tot)=110.979/128.823 ms  drop_timing(win/tot)=72412/925243 pkt  drop_io(win/tot)=0/0 pkt  lost_samples(win/tot)=13034160/166543740  send_errors(win/tot)=0/0
2026-04-22 15:03:19 INFO STAT  crate=3  sent=1427376 pkt  1003.243 MB  win=7.639 Mbps 1295.6 pkt/s  tot=8.766 Mbps 1486.8 pkt/s  late(win/tot)=77734/1427376  worst_late(win/tot)=135.738/135.738 ms  drop_timing(win/tot)=73998/999241 pkt  drop_io(win/tot)=0/0 pkt  lost_samples(win/tot)=13319640/179863380  send_errors(win/tot)=0/0
2026-04-22 15:04:19 INFO STAT  crate=3  sent=1505571 pkt  1058.203 MB  win=7.684 Mbps 1303.2 pkt/s  tot=8.703 Mbps 1476.0 pkt/s  late(win/tot)=78195/1505571  worst_late(win/tot)=115.692/135.738 ms  drop_timing(win/tot)=73467/1072708 pkt  drop_io(win/tot)=0/0 pkt  lost_samples(win/tot)=13224060/193087440  send_errors(win/tot)=0/0
2026-04-22 15:05:19 INFO STAT  crate=3  sent=1585487 pkt  1114.372 MB  win=7.853 Mbps 1331.9 pkt/s  tot=8.656 Mbps 1468.0 pkt/s  late(win/tot)=79916/1585487  worst_late(win/tot)=120.637/135.738 ms  drop_timing(win/tot)=71738/1144446 pkt  drop_io(win/tot)=0/0 pkt  lost_samples(win/tot)=12912840/206000280  send_errors(win/tot)=0/0
2026-04-22 15:06:19 INFO STAT  crate=3  sent=1667232 pkt  1171.827 MB  win=8.033 Mbps 1362.4 pkt/s  tot=8.623 Mbps 1462.5 pkt/s  late(win/tot)=81745/1667232  worst_late(win/tot)=111.313/135.738 ms  drop_timing(win/tot)=69879/1214325 pkt  drop_io(win/tot)=0/0 pkt  lost_samples(win/tot)=12578220/218578500  send_errors(win/tot)=0/0
2026-04-22 15:07:19 INFO STAT  crate=3  sent=1739911 pkt  1222.910 MB  win=7.142 Mbps 1211.3 pkt/s  tot=8.549 Mbps 1449.9 pkt/s  late(win/tot)=72679/1739911  worst_late(win/tot)=116.138/135.738 ms  drop_timing(win/tot)=79058/1293383 pkt  drop_io(win/tot)=0/0 pkt  lost_samples(win/tot)=14230440/232808940  send_errors(win/tot)=0/0
2026-04-22 15:08:19 INFO STAT  crate=3  sent=1819801 pkt  1279.062 MB  win=7.851 Mbps 1331.5 pkt/s  tot=8.516 Mbps 1444.3 pkt/s  late(win/tot)=79890/1819801  worst_late(win/tot)=120.664/135.738 ms  drop_timing(win/tot)=71733/1365116 pkt  drop_io(win/tot)=0/0 pkt  lost_samples(win/tot)=12911940/245720880  send_errors(win/tot)=0/0
2026-04-22 15:09:19 INFO STAT  crate=3  sent=1899246 pkt  1334.900 MB  win=7.807 Mbps 1324.1 pkt/s  tot=8.483 Mbps 1438.8 pkt/s  late(win/tot)=79445/1899246  worst_late(win/tot)=123.323/135.738 ms  drop_timing(win/tot)=72229/1437345 pkt  drop_io(win/tot)=0/0 pkt  lost_samples(win/tot)=13001220/258722100  send_errors(win/tot)=0/0
2026-04-22 15:10:19 INFO STAT  crate=3  sent=1982187 pkt  1393.196 MB  win=8.150 Mbps 1382.3 pkt/s  tot=8.469 Mbps 1436.4 pkt/s  late(win/tot)=82941/1982187  worst_late(win/tot)=116.246/135.738 ms  drop_timing(win/tot)=68674/1506019 pkt  drop_io(win/tot)=0/0 pkt  lost_samples(win/tot)=12361320/271083420  send_errors(win/tot)=0/0
2026-04-22 15:11:19 INFO STAT  crate=3  sent=2064625 pkt  1451.138 MB  win=8.101 Mbps 1374.0 pkt/s  tot=8.453 Mbps 1433.8 pkt/s  late(win/tot)=82438/2064625  worst_late(win/tot)=107.311/135.738 ms  drop_timing(win/tot)=69244/1575263 pkt  drop_io(win/tot)=0/0 pkt  lost_samples(win/tot)=12463920/283547340  send_errors(win/tot)=0/0
2026-04-22 15:12:19 INFO STAT  crate=3  sent=2151096 pkt  1511.915 MB  win=8.497 Mbps 1441.2 pkt/s  tot=8.455 Mbps 1434.1 pkt/s  late(win/tot)=86471/2151096  worst_late(win/tot)=122.931/135.738 ms  drop_timing(win/tot)=65285/1640548 pkt  drop_io(win/tot)=0/0 pkt  lost_samples(win/tot)=11751300/295298640  send_errors(win/tot)=0/0
2026-04-22 15:13:19 INFO STAT  crate=3  sent=2240556 pkt  1574.793 MB  win=8.791 Mbps 1491.0 pkt/s  tot=8.468 Mbps 1436.3 pkt/s  late(win/tot)=89460/2240556  worst_late(win/tot)=111.168/135.738 ms  drop_timing(win/tot)=62118/1702666 pkt  drop_io(win/tot)=0/0 pkt  lost_samples(win/tot)=11181240/306479880  send_errors(win/tot)=0/0
2026-04-22 15:14:19 INFO STAT  crate=3  sent=2326579 pkt  1635.255 MB  win=8.453 Mbps 1433.7 pkt/s  tot=8.468 Mbps 1436.2 pkt/s  late(win/tot)=86023/2326579  worst_late(win/tot)=116.543/135.738 ms  drop_timing(win/tot)=65638/1768304 pkt  drop_io(win/tot)=0/0 pkt  lost_samples(win/tot)=11814840/318294720  send_errors(win/tot)=0/0
2026-04-22 15:15:19 INFO STAT  crate=3  sent=2405830 pkt  1690.957 MB  win=7.788 Mbps 1320.9 pkt/s  tot=8.443 Mbps 1432.0 pkt/s  late(win/tot)=79251/2405830  worst_late(win/tot)=120.075/135.738 ms  drop_timing(win/tot)=72416/1840720 pkt  drop_io(win/tot)=0/0 pkt  lost_samples(win/tot)=13034880/331329600  send_errors(win/tot)=0/0
2026-04-22 15:16:19 INFO STAT  crate=3  sent=2487833 pkt  1748.593 MB  win=8.058 Mbps 1366.7 pkt/s  tot=8.430 Mbps 1429.8 pkt/s  late(win/tot)=82003/2487833  worst_late(win/tot)=121.126/135.738 ms  drop_timing(win/tot)=69670/1910390 pkt  drop_io(win/tot)=0/0 pkt  lost_samples(win/tot)=12540600/343870200  send_errors(win/tot)=0/0
2026-04-22 15:17:19 INFO STAT  crate=3  sent=2573830 pkt  1809.037 MB  win=8.451 Mbps 1433.3 pkt/s  tot=8.431 Mbps 1429.9 pkt/s  late(win/tot)=85997/2573830  worst_late(win/tot)=110.706/135.738 ms  drop_timing(win/tot)=65741/1976131 pkt  drop_io(win/tot)=0/0 pkt  lost_samples(win/tot)=11833380/355703580  send_errors(win/tot)=0/0
2026-04-22 15:18:19 INFO STAT  crate=3  sent=2658943 pkt  1868.859 MB  win=8.364 Mbps 1418.6 pkt/s  tot=8.429 Mbps 1429.5 pkt/s  late(win/tot)=85113/2658943  worst_late(win/tot)=109.325/135.738 ms  drop_timing(win/tot)=66500/2042631 pkt  drop_io(win/tot)=0/0 pkt  lost_samples(win/tot)=11970000/367673580  send_errors(win/tot)=0/0
2026-04-22 15:19:08 INFO STAT  crate=3  sent=2730000 pkt  1918.802 MB  win=8.560 Mbps 1451.9 pkt/s  tot=8.432 Mbps 1430.1 pkt/s  late(win/tot)=71057/2730000  worst_late(win/tot)=131.891/135.738 ms  drop_timing(win/tot)=52660/2095291 pkt  drop_io(win/tot)=0/0 pkt  lost_samples(win/tot)=9478800/377152380  send_errors(win/tot)=0/0
2026-04-22 15:19:08 INFO Terminato
