2026-04-22 16:43:37 INFO Start crate=14 dst=131.154.99.225:6666
2026-04-22 16:43:37 INFO Streams=91  board=7  analog/board=12  digital_streams/board=1
2026-04-22 16:43:37 INFO Sample rate=5000 Hz  samples/pkt=180  pps/stream=27.777778  total_pps=2527.778
2026-04-22 16:43:37 INFO Packet len=737 B  expected throughput=14.904 Mbps
2026-04-22 16:43:37 INFO Analog FS=+/-10.000 V  noise_rms=0.010000 V  digital_flip_prob=0.002000
2026-04-22 16:44:37 INFO STAT  crate=14  sent=151667 pkt  106.600 MB  win=14.904 Mbps 2527.8 pkt/s  tot=14.904 Mbps 2527.8 pkt/s  late(win/tot)=151667/151667  worst_late(win/tot)=26.767/26.767 ms  drop_timing(win/tot)=0/0 pkt  drop_io(win/tot)=0/0 pkt  lost_samples(win/tot)=0/0  send_errors(win/tot)=0/0
2026-04-22 16:45:37 INFO STAT  crate=14  sent=291795 pkt  205.090 MB  win=13.770 Mbps 2335.5 pkt/s  tot=14.337 Mbps 2431.6 pkt/s  late(win/tot)=140128/291795  worst_late(win/tot)=83.040/83.040 ms  drop_timing(win/tot)=11468/11468 pkt  drop_io(win/tot)=0/0 pkt  lost_samples(win/tot)=2064240/2064240  send_errors(win/tot)=0/0
2026-04-22 16:46:37 INFO STAT  crate=14  sent=409145 pkt  287.571 MB  win=11.532 Mbps 1955.8 pkt/s  tot=13.402 Mbps 2273.0 pkt/s  late(win/tot)=117350/409145  worst_late(win/tot)=109.588/109.588 ms  drop_timing(win/tot)=34387/45855 pkt  drop_io(win/tot)=0/0 pkt  lost_samples(win/tot)=6189660/8253900  send_errors(win/tot)=0/0
2026-04-22 16:47:37 INFO STAT  crate=14  sent=526439 pkt  370.012 MB  win=11.526 Mbps 1954.9 pkt/s  tot=12.933 Mbps 2193.5 pkt/s  late(win/tot)=117294/526439  worst_late(win/tot)=102.454/109.588 ms  drop_timing(win/tot)=34306/80161 pkt  drop_io(win/tot)=0/0 pkt  lost_samples(win/tot)=6175080/14428980  send_errors(win/tot)=0/0
2026-04-22 16:48:37 INFO STAT  crate=14  sent=644984 pkt  453.332 MB  win=11.649 Mbps 1975.7 pkt/s  tot=12.676 Mbps 2149.9 pkt/s  late(win/tot)=118545/644984  worst_late(win/tot)=101.289/109.588 ms  drop_timing(win/tot)=33099/113260 pkt  drop_io(win/tot)=0/0 pkt  lost_samples(win/tot)=5957820/20386800  send_errors(win/tot)=0/0
2026-04-22 16:49:37 INFO STAT  crate=14  sent=763392 pkt  536.556 MB  win=11.636 Mbps 1973.5 pkt/s  tot=12.503 Mbps 2120.5 pkt/s  late(win/tot)=118408/763392  worst_late(win/tot)=96.291/109.588 ms  drop_timing(win/tot)=33340/146600 pkt  drop_io(win/tot)=0/0 pkt  lost_samples(win/tot)=6001200/26388000  send_errors(win/tot)=0/0
2026-04-22 16:50:37 INFO STAT  crate=14  sent=881499 pkt  619.569 MB  win=11.606 Mbps 1968.5 pkt/s  tot=12.375 Mbps 2098.8 pkt/s  late(win/tot)=118107/881499  worst_late(win/tot)=96.673/109.588 ms  drop_timing(win/tot)=33490/180090 pkt  drop_io(win/tot)=0/0 pkt  lost_samples(win/tot)=6028200/32416200  send_errors(win/tot)=0/0
2026-04-22 16:51:37 INFO STAT  crate=14  sent=999599 pkt  702.576 MB  win=11.605 Mbps 1968.2 pkt/s  tot=12.278 Mbps 2082.5 pkt/s  late(win/tot)=118100/999599  worst_late(win/tot)=97.887/109.588 ms  drop_timing(win/tot)=33638/213728 pkt  drop_io(win/tot)=0/0 pkt  lost_samples(win/tot)=6054840/38471040  send_errors(win/tot)=0/0
2026-04-22 16:52:37 INFO STAT  crate=14  sent=1114354 pkt  783.233 MB  win=11.277 Mbps 1912.7 pkt/s  tot=12.167 Mbps 2063.6 pkt/s  late(win/tot)=114755/1114354  worst_late(win/tot)=97.137/109.588 ms  drop_timing(win/tot)=36859/250587 pkt  drop_io(win/tot)=0/0 pkt  lost_samples(win/tot)=6634620/45105660  send_errors(win/tot)=0/0
2026-04-22 16:53:37 INFO STAT  crate=14  sent=1232840 pkt  866.511 MB  win=11.642 Mbps 1974.5 pkt/s  tot=12.115 Mbps 2054.7 pkt/s  late(win/tot)=118486/1232840  worst_late(win/tot)=109.657/109.657 ms  drop_timing(win/tot)=33189/283776 pkt  drop_io(win/tot)=0/0 pkt  lost_samples(win/tot)=5974020/51079680  send_errors(win/tot)=0/0
2026-04-22 16:54:37 INFO STAT  crate=14  sent=1349753 pkt  948.685 MB  win=11.490 Mbps 1948.8 pkt/s  tot=12.058 Mbps 2045.1 pkt/s  late(win/tot)=116913/1349753  worst_late(win/tot)=95.870/109.657 ms  drop_timing(win/tot)=34786/318562 pkt  drop_io(win/tot)=0/0 pkt  lost_samples(win/tot)=6261480/57341160  send_errors(win/tot)=0/0
2026-04-22 16:55:37 INFO STAT  crate=14  sent=1467349 pkt  1031.338 MB  win=11.556 Mbps 1959.9 pkt/s  tot=12.016 Mbps 2038.0 pkt/s  late(win/tot)=117596/1467349  worst_late(win/tot)=109.023/109.657 ms  drop_timing(win/tot)=34089/352651 pkt  drop_io(win/tot)=0/0 pkt  lost_samples(win/tot)=6136020/63477180  send_errors(win/tot)=0/0
2026-04-22 16:56:37 INFO STAT  crate=14  sent=1582212 pkt  1112.070 MB  win=11.287 Mbps 1914.4 pkt/s  tot=11.960 Mbps 2028.5 pkt/s  late(win/tot)=114863/1582212  worst_late(win/tot)=94.668/109.657 ms  drop_timing(win/tot)=36804/389455 pkt  drop_io(win/tot)=0/0 pkt  lost_samples(win/tot)=6624720/70101900  send_errors(win/tot)=0/0
2026-04-22 16:57:37 INFO STAT  crate=14  sent=1695610 pkt  1191.773 MB  win=11.142 Mbps 1889.8 pkt/s  tot=11.902 Mbps 2018.6 pkt/s  late(win/tot)=113398/1695610  worst_late(win/tot)=95.820/109.657 ms  drop_timing(win/tot)=38202/427657 pkt  drop_io(win/tot)=0/0 pkt  lost_samples(win/tot)=6876360/76978260  send_errors(win/tot)=0/0
2026-04-22 16:58:37 INFO STAT  crate=14  sent=1809937 pkt  1272.129 MB  win=11.235 Mbps 1905.6 pkt/s  tot=11.857 Mbps 2011.0 pkt/s  late(win/tot)=114327/1809937  worst_late(win/tot)=102.232/109.657 ms  drop_timing(win/tot)=37321/464978 pkt  drop_io(win/tot)=0/0 pkt  lost_samples(win/tot)=6717780/83696040  send_errors(win/tot)=0/0
2026-04-22 16:59:37 INFO STAT  crate=14  sent=1929329 pkt  1356.044 MB  win=11.731 Mbps 1989.7 pkt/s  tot=11.849 Mbps 2009.7 pkt/s  late(win/tot)=119392/1929329  worst_late(win/tot)=104.042/109.657 ms  drop_timing(win/tot)=32282/497260 pkt  drop_io(win/tot)=0/0 pkt  lost_samples(win/tot)=5810760/89506800  send_errors(win/tot)=0/0
2026-04-22 17:00:37 INFO STAT  crate=14  sent=2046277 pkt  1438.242 MB  win=11.493 Mbps 1949.3 pkt/s  tot=11.828 Mbps 2006.2 pkt/s  late(win/tot)=116948/2046277  worst_late(win/tot)=97.137/109.657 ms  drop_timing(win/tot)=34705/531965 pkt  drop_io(win/tot)=0/0 pkt  lost_samples(win/tot)=6246900/95753700  send_errors(win/tot)=0/0
2026-04-22 17:01:37 INFO STAT  crate=14  sent=2162128 pkt  1519.669 MB  win=11.384 Mbps 1930.8 pkt/s  tot=11.804 Mbps 2002.0 pkt/s  late(win/tot)=115851/2162128  worst_late(win/tot)=92.457/109.657 ms  drop_timing(win/tot)=35907/567872 pkt  drop_io(win/tot)=0/0 pkt  lost_samples(win/tot)=6463260/102216960  send_errors(win/tot)=0/0
2026-04-22 17:02:37 INFO STAT  crate=14  sent=2282550 pkt  1604.308 MB  win=11.833 Mbps 2007.0 pkt/s  tot=11.805 Mbps 2002.2 pkt/s  late(win/tot)=120422/2282550  worst_late(win/tot)=101.641/109.657 ms  drop_timing(win/tot)=31232/599104 pkt  drop_io(win/tot)=0/0 pkt  lost_samples(win/tot)=5621760/107838720  send_errors(win/tot)=0/0
2026-04-22 17:03:37 INFO STAT  crate=14  sent=2399412 pkt  1686.446 MB  win=11.484 Mbps 1947.7 pkt/s  tot=11.789 Mbps 1999.5 pkt/s  late(win/tot)=116862/2399412  worst_late(win/tot)=92.660/109.657 ms  drop_timing(win/tot)=34725/633829 pkt  drop_io(win/tot)=0/0 pkt  lost_samples(win/tot)=6250500/114089220  send_errors(win/tot)=0/0
2026-04-22 17:04:37 INFO STAT  crate=14  sent=2517996 pkt  1769.794 MB  win=11.653 Mbps 1976.4 pkt/s  tot=11.783 Mbps 1998.4 pkt/s  late(win/tot)=118584/2517996  worst_late(win/tot)=92.989/109.657 ms  drop_timing(win/tot)=33155/666984 pkt  drop_io(win/tot)=0/0 pkt  lost_samples(win/tot)=5967900/120057120  send_errors(win/tot)=0/0
2026-04-22 17:05:37 INFO STAT  crate=14  sent=2635652 pkt  1852.489 MB  win=11.562 Mbps 1960.9 pkt/s  tot=11.773 Mbps 1996.7 pkt/s  late(win/tot)=117656/2635652  worst_late(win/tot)=114.878/114.878 ms  drop_timing(win/tot)=33960/700944 pkt  drop_io(win/tot)=0/0 pkt  lost_samples(win/tot)=6112800/126169920  send_errors(win/tot)=0/0
2026-04-22 17:06:27 INFO STAT  crate=14  sent=2730000 pkt  1918.802 MB  win=11.129 Mbps 1887.5 pkt/s  tot=11.749 Mbps 1992.7 pkt/s  late(win/tot)=94348/2730000  worst_late(win/tot)=121.852/121.852 ms  drop_timing(win/tot)=27131/728075 pkt  drop_io(win/tot)=0/0 pkt  lost_samples(win/tot)=4883580/131053500  send_errors(win/tot)=0/0
2026-04-22 17:06:27 INFO Terminato
