2026-04-22 17:40:18 INFO Start crate=8 dst=131.154.99.225:6666
2026-04-22 17:40:18 INFO Streams=91  board=7  analog/board=12  digital_streams/board=1
2026-04-22 17:40:18 INFO Sample rate=5000 Hz  samples/pkt=180  pps/stream=27.777778  total_pps=2527.778
2026-04-22 17:40:18 INFO Packet len=737 B  expected throughput=14.904 Mbps
2026-04-22 17:40:18 INFO Analog FS=+/-10.000 V  noise_rms=0.010000 V  digital_flip_prob=0.002000
2026-04-22 17:41:18 INFO STAT  crate=8  sent=83798 pkt  58.898 MB  win=8.234 Mbps 1396.6 pkt/s  tot=8.234 Mbps 1396.6 pkt/s  late(win/tot)=83798/83798  worst_late(win/tot)=108.882/108.882 ms  drop_timing(win/tot)=67765/67765 pkt  drop_io(win/tot)=0/0 pkt  lost_samples(win/tot)=12197700/12197700  send_errors(win/tot)=0/0
2026-04-22 17:42:18 INFO STAT  crate=8  sent=159896 pkt  112.384 MB  win=7.478 Mbps 1268.3 pkt/s  tot=7.856 Mbps 1332.5 pkt/s  late(win/tot)=76098/159896  worst_late(win/tot)=117.439/117.439 ms  drop_timing(win/tot)=75567/143332 pkt  drop_io(win/tot)=0/0 pkt  lost_samples(win/tot)=13602060/25799760  send_errors(win/tot)=0/0
2026-04-22 17:43:18 INFO STAT  crate=8  sent=263463 pkt  185.177 MB  win=10.177 Mbps 1726.1 pkt/s  tot=8.630 Mbps 1463.7 pkt/s  late(win/tot)=103567/263463  worst_late(win/tot)=123.098/123.098 ms  drop_timing(win/tot)=48132/191464 pkt  drop_io(win/tot)=0/0 pkt  lost_samples(win/tot)=8663760/34463520  send_errors(win/tot)=0/0
2026-04-22 17:44:18 INFO STAT  crate=8  sent=347121 pkt  243.977 MB  win=8.221 Mbps 1394.3 pkt/s  tot=8.528 Mbps 1446.3 pkt/s  late(win/tot)=83658/347121  worst_late(win/tot)=117.441/123.098 ms  drop_timing(win/tot)=68057/259521 pkt  drop_io(win/tot)=0/0 pkt  lost_samples(win/tot)=12250260/46713780  send_errors(win/tot)=0/0
2026-04-22 17:45:18 INFO STAT  crate=8  sent=432193 pkt  303.770 MB  win=8.360 Mbps 1417.9 pkt/s  tot=8.494 Mbps 1440.6 pkt/s  late(win/tot)=85072/432193  worst_late(win/tot)=117.051/123.098 ms  drop_timing(win/tot)=66532/326053 pkt  drop_io(win/tot)=0/0 pkt  lost_samples(win/tot)=11975760/58689540  send_errors(win/tot)=0/0
2026-04-22 17:46:18 INFO STAT  crate=8  sent=509940 pkt  358.415 MB  win=7.640 Mbps 1295.7 pkt/s  tot=8.352 Mbps 1416.5 pkt/s  late(win/tot)=77747/509940  worst_late(win/tot)=111.616/123.098 ms  drop_timing(win/tot)=73983/400036 pkt  drop_io(win/tot)=0/0 pkt  lost_samples(win/tot)=13316940/72006480  send_errors(win/tot)=0/0
2026-04-22 17:47:18 INFO STAT  crate=8  sent=590309 pkt  414.903 MB  win=7.898 Mbps 1339.5 pkt/s  tot=8.287 Mbps 1405.5 pkt/s  late(win/tot)=80369/590309  worst_late(win/tot)=122.163/123.098 ms  drop_timing(win/tot)=71217/471253 pkt  drop_io(win/tot)=0/0 pkt  lost_samples(win/tot)=12819060/84825540  send_errors(win/tot)=0/0
2026-04-22 17:48:18 INFO STAT  crate=8  sent=664542 pkt  467.079 MB  win=7.295 Mbps 1237.2 pkt/s  tot=8.163 Mbps 1384.5 pkt/s  late(win/tot)=74233/664542  worst_late(win/tot)=109.125/123.098 ms  drop_timing(win/tot)=77425/548678 pkt  drop_io(win/tot)=0/0 pkt  lost_samples(win/tot)=13936500/98762040  send_errors(win/tot)=0/0
2026-04-22 17:49:18 INFO STAT  crate=8  sent=749837 pkt  527.029 MB  win=8.382 Mbps 1421.6 pkt/s  tot=8.187 Mbps 1388.6 pkt/s  late(win/tot)=85295/749837  worst_late(win/tot)=120.116/123.098 ms  drop_timing(win/tot)=66386/615064 pkt  drop_io(win/tot)=0/0 pkt  lost_samples(win/tot)=11949480/110711520  send_errors(win/tot)=0/0
2026-04-22 17:50:18 INFO STAT  crate=8  sent=832325 pkt  585.006 MB  win=8.106 Mbps 1374.8 pkt/s  tot=8.179 Mbps 1387.2 pkt/s  late(win/tot)=82488/832325  worst_late(win/tot)=119.762/123.098 ms  drop_timing(win/tot)=69178/684242 pkt  drop_io(win/tot)=0/0 pkt  lost_samples(win/tot)=12452040/123163560  send_errors(win/tot)=0/0
2026-04-22 17:51:18 INFO STAT  crate=8  sent=909609 pkt  639.326 MB  win=7.594 Mbps 1288.0 pkt/s  tot=8.126 Mbps 1378.2 pkt/s  late(win/tot)=77284/909609  worst_late(win/tot)=111.441/123.098 ms  drop_timing(win/tot)=74376/758618 pkt  drop_io(win/tot)=0/0 pkt  lost_samples(win/tot)=13387680/136551240  send_errors(win/tot)=0/0
2026-04-22 17:52:18 INFO STAT  crate=8  sent=1001203 pkt  703.704 MB  win=9.001 Mbps 1526.6 pkt/s  tot=8.199 Mbps 1390.5 pkt/s  late(win/tot)=91594/1001203  worst_late(win/tot)=107.871/123.098 ms  drop_timing(win/tot)=60077/818695 pkt  drop_io(win/tot)=0/0 pkt  lost_samples(win/tot)=10813860/147365100  send_errors(win/tot)=0/0
2026-04-22 17:53:18 INFO STAT  crate=8  sent=1092802 pkt  768.085 MB  win=9.002 Mbps 1526.8 pkt/s  tot=8.260 Mbps 1401.0 pkt/s  late(win/tot)=91599/1092802  worst_late(win/tot)=114.358/123.098 ms  drop_timing(win/tot)=60092/878787 pkt  drop_io(win/tot)=0/0 pkt  lost_samples(win/tot)=10816560/158181660  send_errors(win/tot)=0/0
2026-04-22 17:54:18 INFO STAT  crate=8  sent=1180998 pkt  830.074 MB  win=8.667 Mbps 1469.9 pkt/s  tot=8.289 Mbps 1405.9 pkt/s  late(win/tot)=88196/1180998  worst_late(win/tot)=110.462/123.098 ms  drop_timing(win/tot)=63501/942288 pkt  drop_io(win/tot)=0/0 pkt  lost_samples(win/tot)=11430180/169611840  send_errors(win/tot)=0/0
2026-04-22 17:55:18 INFO STAT  crate=8  sent=1266575 pkt  890.222 MB  win=8.409 Mbps 1426.3 pkt/s  tot=8.297 Mbps 1407.3 pkt/s  late(win/tot)=85577/1266575  worst_late(win/tot)=121.057/123.098 ms  drop_timing(win/tot)=66083/1008371 pkt  drop_io(win/tot)=0/0 pkt  lost_samples(win/tot)=11894940/181506780  send_errors(win/tot)=0/0
2026-04-22 17:56:18 INFO STAT  crate=8  sent=1350996 pkt  949.558 MB  win=8.296 Mbps 1407.0 pkt/s  tot=8.297 Mbps 1407.3 pkt/s  late(win/tot)=84421/1350996  worst_late(win/tot)=112.037/123.098 ms  drop_timing(win/tot)=67249/1075620 pkt  drop_io(win/tot)=0/0 pkt  lost_samples(win/tot)=12104820/193611600  send_errors(win/tot)=0/0
2026-04-22 17:57:18 INFO STAT  crate=8  sent=1432413 pkt  1006.783 MB  win=8.000 Mbps 1356.8 pkt/s  tot=8.280 Mbps 1404.3 pkt/s  late(win/tot)=81417/1432413  worst_late(win/tot)=114.241/123.098 ms  drop_timing(win/tot)=70205/1145825 pkt  drop_io(win/tot)=0/0 pkt  lost_samples(win/tot)=12636900/206248500  send_errors(win/tot)=0/0
2026-04-22 17:58:18 INFO STAT  crate=8  sent=1518800 pkt  1067.501 MB  win=8.490 Mbps 1439.9 pkt/s  tot=8.292 Mbps 1406.3 pkt/s  late(win/tot)=86387/1518800  worst_late(win/tot)=123.354/123.354 ms  drop_timing(win/tot)=65294/1211119 pkt  drop_io(win/tot)=0/0 pkt  lost_samples(win/tot)=11752920/218001420  send_errors(win/tot)=0/0
2026-04-22 17:59:18 INFO STAT  crate=8  sent=1599180 pkt  1123.996 MB  win=7.899 Mbps 1339.6 pkt/s  tot=8.271 Mbps 1402.8 pkt/s  late(win/tot)=80380/1599180  worst_late(win/tot)=119.286/123.354 ms  drop_timing(win/tot)=71253/1282372 pkt  drop_io(win/tot)=0/0 pkt  lost_samples(win/tot)=12825540/230826960  send_errors(win/tot)=0/0
2026-04-22 18:00:18 INFO STAT  crate=8  sent=1684763 pkt  1184.149 MB  win=8.410 Mbps 1426.4 pkt/s  tot=8.278 Mbps 1404.0 pkt/s  late(win/tot)=85583/1684763  worst_late(win/tot)=117.311/123.354 ms  drop_timing(win/tot)=66107/1348479 pkt  drop_io(win/tot)=0/0 pkt  lost_samples(win/tot)=11899260/242726220  send_errors(win/tot)=0/0
2026-04-22 18:01:18 INFO STAT  crate=8  sent=1765571 pkt  1240.946 MB  win=7.941 Mbps 1346.8 pkt/s  tot=8.262 Mbps 1401.2 pkt/s  late(win/tot)=80808/1765571  worst_late(win/tot)=115.370/123.354 ms  drop_timing(win/tot)=70895/1419374 pkt  drop_io(win/tot)=0/0 pkt  lost_samples(win/tot)=12761100/255487320  send_errors(win/tot)=0/0
2026-04-22 18:02:18 INFO STAT  crate=8  sent=1844590 pkt  1296.485 MB  win=7.765 Mbps 1317.0 pkt/s  tot=8.239 Mbps 1397.4 pkt/s  late(win/tot)=79019/1844590  worst_late(win/tot)=118.146/123.354 ms  drop_timing(win/tot)=72662/1492036 pkt  drop_io(win/tot)=0/0 pkt  lost_samples(win/tot)=13079160/268566480  send_errors(win/tot)=0/0
2026-04-22 18:03:18 INFO STAT  crate=8  sent=1930317 pkt  1356.739 MB  win=8.424 Mbps 1428.8 pkt/s  tot=8.247 Mbps 1398.8 pkt/s  late(win/tot)=85727/1930317  worst_late(win/tot)=120.322/123.354 ms  drop_timing(win/tot)=65856/1557892 pkt  drop_io(win/tot)=0/0 pkt  lost_samples(win/tot)=11854080/280420560  send_errors(win/tot)=0/0
2026-04-22 18:04:18 INFO STAT  crate=8  sent=2008831 pkt  1411.923 MB  win=7.715 Mbps 1308.6 pkt/s  tot=8.225 Mbps 1395.0 pkt/s  late(win/tot)=78514/2008831  worst_late(win/tot)=127.767/127.767 ms  drop_timing(win/tot)=73166/1631058 pkt  drop_io(win/tot)=0/0 pkt  lost_samples(win/tot)=13169880/293590440  send_errors(win/tot)=0/0
2026-04-22 18:05:18 INFO STAT  crate=8  sent=2095626 pkt  1472.927 MB  win=8.529 Mbps 1446.6 pkt/s  tot=8.237 Mbps 1397.1 pkt/s  late(win/tot)=86795/2095626  worst_late(win/tot)=111.289/127.767 ms  drop_timing(win/tot)=64875/1695933 pkt  drop_io(win/tot)=0/0 pkt  lost_samples(win/tot)=11677500/305267940  send_errors(win/tot)=0/0
2026-04-22 18:06:18 INFO STAT  crate=8  sent=2187810 pkt  1537.720 MB  win=9.059 Mbps 1536.4 pkt/s  tot=8.269 Mbps 1402.4 pkt/s  late(win/tot)=92184/2187810  worst_late(win/tot)=111.497/127.767 ms  drop_timing(win/tot)=59548/1755481 pkt  drop_io(win/tot)=0/0 pkt  lost_samples(win/tot)=10718640/315986580  send_errors(win/tot)=0/0
2026-04-22 18:07:18 INFO STAT  crate=8  sent=2272817 pkt  1597.468 MB  win=8.353 Mbps 1416.8 pkt/s  tot=8.272 Mbps 1403.0 pkt/s  late(win/tot)=85007/2272817  worst_late(win/tot)=128.933/128.933 ms  drop_timing(win/tot)=66590/1822071 pkt  drop_io(win/tot)=0/0 pkt  lost_samples(win/tot)=11986200/327972780  send_errors(win/tot)=0/0
2026-04-22 18:08:18 INFO STAT  crate=8  sent=2351248 pkt  1652.593 MB  win=7.707 Mbps 1307.1 pkt/s  tot=8.252 Mbps 1399.5 pkt/s  late(win/tot)=78431/2351248  worst_late(win/tot)=118.462/128.933 ms  drop_timing(win/tot)=73240/1895311 pkt  drop_io(win/tot)=0/0 pkt  lost_samples(win/tot)=13183200/341155980  send_errors(win/tot)=0/0
2026-04-22 18:09:18 INFO STAT  crate=8  sent=2436231 pkt  1712.324 MB  win=8.352 Mbps 1416.5 pkt/s  tot=8.255 Mbps 1400.1 pkt/s  late(win/tot)=84983/2436231  worst_late(win/tot)=117.219/128.933 ms  drop_timing(win/tot)=66692/1962003 pkt  drop_io(win/tot)=0/0 pkt  lost_samples(win/tot)=12004560/353160540  send_errors(win/tot)=0/0
2026-04-22 18:10:18 INFO STAT  crate=8  sent=2557249 pkt  1797.383 MB  win=11.892 Mbps 2017.0 pkt/s  tot=8.376 Mbps 1420.7 pkt/s  late(win/tot)=121018/2557249  worst_late(win/tot)=99.160/128.933 ms  drop_timing(win/tot)=30715/1992718 pkt  drop_io(win/tot)=0/0 pkt  lost_samples(win/tot)=5528700/358689240  send_errors(win/tot)=0/0
2026-04-22 18:11:18 INFO STAT  crate=8  sent=2688317 pkt  1889.505 MB  win=12.880 Mbps 2184.5 pkt/s  tot=8.522 Mbps 1445.3 pkt/s  late(win/tot)=131068/2688317  worst_late(win/tot)=73.068/128.933 ms  drop_timing(win/tot)=20566/2013284 pkt  drop_io(win/tot)=0/0 pkt  lost_samples(win/tot)=3701880/362391120  send_errors(win/tot)=0/0
2026-04-22 18:11:37 INFO STAT  crate=8  sent=2730000 pkt  1918.802 MB  win=12.944 Mbps 2195.4 pkt/s  tot=8.566 Mbps 1452.9 pkt/s  late(win/tot)=41683/2730000  worst_late(win/tot)=51.346/128.933 ms  drop_timing(win/tot)=6325/2019609 pkt  drop_io(win/tot)=0/0 pkt  lost_samples(win/tot)=1138500/363529620  send_errors(win/tot)=0/0
2026-04-22 18:11:37 INFO Terminato
