2026-04-22 16:38:51 INFO Start crate=4 dst=131.154.99.225:6666
2026-04-22 16:38:51 INFO Streams=91  board=7  analog/board=12  digital_streams/board=1
2026-04-22 16:38:51 INFO Sample rate=5000 Hz  samples/pkt=180  pps/stream=27.777778  total_pps=2527.778
2026-04-22 16:38:51 INFO Packet len=737 B  expected throughput=14.904 Mbps
2026-04-22 16:38:51 INFO Analog FS=+/-10.000 V  noise_rms=0.010000 V  digital_flip_prob=0.002000
2026-04-22 16:39:51 INFO STAT  crate=4  sent=129912 pkt  91.310 MB  win=12.766 Mbps 2165.2 pkt/s  tot=12.766 Mbps 2165.2 pkt/s  late(win/tot)=129912/129912  worst_late(win/tot)=55.901/55.901 ms  drop_timing(win/tot)=21700/21700 pkt  drop_io(win/tot)=0/0 pkt  lost_samples(win/tot)=3906000/3906000  send_errors(win/tot)=0/0
2026-04-22 16:40:51 INFO STAT  crate=4  sent=256517 pkt  180.295 MB  win=12.441 Mbps 2110.1 pkt/s  tot=12.604 Mbps 2137.6 pkt/s  late(win/tot)=126605/256517  worst_late(win/tot)=82.284/82.284 ms  drop_timing(win/tot)=25074/46774 pkt  drop_io(win/tot)=0/0 pkt  lost_samples(win/tot)=4513320/8419320  send_errors(win/tot)=0/0
2026-04-22 16:41:51 INFO STAT  crate=4  sent=354864 pkt  249.419 MB  win=9.664 Mbps 1639.0 pkt/s  tot=11.624 Mbps 1971.4 pkt/s  late(win/tot)=98347/354864  worst_late(win/tot)=117.622/117.622 ms  drop_timing(win/tot)=53264/100038 pkt  drop_io(win/tot)=0/0 pkt  lost_samples(win/tot)=9587520/18006840  send_errors(win/tot)=0/0
2026-04-22 16:42:51 INFO STAT  crate=4  sent=439001 pkt  308.555 MB  win=8.268 Mbps 1402.3 pkt/s  tot=10.785 Mbps 1829.1 pkt/s  late(win/tot)=84137/439001  worst_late(win/tot)=110.602/117.622 ms  drop_timing(win/tot)=67528/167566 pkt  drop_io(win/tot)=0/0 pkt  lost_samples(win/tot)=12155040/30161880  send_errors(win/tot)=0/0
2026-04-22 16:43:51 INFO STAT  crate=4  sent=522957 pkt  367.564 MB  win=8.250 Mbps 1399.3 pkt/s  tot=10.278 Mbps 1743.2 pkt/s  late(win/tot)=83956/522957  worst_late(win/tot)=115.731/117.622 ms  drop_timing(win/tot)=67707/235273 pkt  drop_io(win/tot)=0/0 pkt  lost_samples(win/tot)=12187260/42349140  send_errors(win/tot)=0/0
2026-04-22 16:44:51 INFO STAT  crate=4  sent=610438 pkt  429.051 MB  win=8.597 Mbps 1458.1 pkt/s  tot=9.998 Mbps 1695.7 pkt/s  late(win/tot)=87481/610438  worst_late(win/tot)=184.163/184.163 ms  drop_timing(win/tot)=64169/299442 pkt  drop_io(win/tot)=0/0 pkt  lost_samples(win/tot)=11550420/53899560  send_errors(win/tot)=0/0
2026-04-22 16:45:51 INFO STAT  crate=4  sent=694249 pkt  487.958 MB  win=8.236 Mbps 1396.8 pkt/s  tot=9.746 Mbps 1653.0 pkt/s  late(win/tot)=83811/694249  worst_late(win/tot)=114.600/184.163 ms  drop_timing(win/tot)=67925/367367 pkt  drop_io(win/tot)=0/0 pkt  lost_samples(win/tot)=12226500/66126060  send_errors(win/tot)=0/0
2026-04-22 16:46:51 INFO STAT  crate=4  sent=777128 pkt  546.211 MB  win=8.144 Mbps 1381.3 pkt/s  tot=9.546 Mbps 1619.0 pkt/s  late(win/tot)=82879/777128  worst_late(win/tot)=116.734/184.163 ms  drop_timing(win/tot)=68731/436098 pkt  drop_io(win/tot)=0/0 pkt  lost_samples(win/tot)=12371580/78497640  send_errors(win/tot)=0/0
2026-04-22 16:47:51 INFO STAT  crate=4  sent=858394 pkt  603.329 MB  win=7.986 Mbps 1354.4 pkt/s  tot=9.372 Mbps 1589.6 pkt/s  late(win/tot)=81266/858394  worst_late(win/tot)=123.913/184.163 ms  drop_timing(win/tot)=70393/506491 pkt  drop_io(win/tot)=0/0 pkt  lost_samples(win/tot)=12670740/91168380  send_errors(win/tot)=0/0
2026-04-22 16:48:51 INFO STAT  crate=4  sent=940420 pkt  660.982 MB  win=8.061 Mbps 1367.1 pkt/s  tot=9.241 Mbps 1567.4 pkt/s  late(win/tot)=82026/940420  worst_late(win/tot)=126.211/184.163 ms  drop_timing(win/tot)=69654/576145 pkt  drop_io(win/tot)=0/0 pkt  lost_samples(win/tot)=12537720/103706100  send_errors(win/tot)=0/0
2026-04-22 16:49:51 INFO STAT  crate=4  sent=1025109 pkt  720.506 MB  win=8.322 Mbps 1411.4 pkt/s  tot=9.158 Mbps 1553.2 pkt/s  late(win/tot)=84689/1025109  worst_late(win/tot)=110.213/184.163 ms  drop_timing(win/tot)=66977/643122 pkt  drop_io(win/tot)=0/0 pkt  lost_samples(win/tot)=12055860/115761960  send_errors(win/tot)=0/0
2026-04-22 16:50:51 INFO STAT  crate=4  sent=1110924 pkt  780.822 MB  win=8.433 Mbps 1430.3 pkt/s  tot=9.097 Mbps 1542.9 pkt/s  late(win/tot)=85815/1110924  worst_late(win/tot)=117.219/184.163 ms  drop_timing(win/tot)=65887/709009 pkt  drop_io(win/tot)=0/0 pkt  lost_samples(win/tot)=11859660/127621620  send_errors(win/tot)=0/0
2026-04-22 16:51:51 INFO STAT  crate=4  sent=1191619 pkt  837.539 MB  win=7.930 Mbps 1344.9 pkt/s  tot=9.007 Mbps 1527.7 pkt/s  late(win/tot)=80695/1191619  worst_late(win/tot)=112.330/184.163 ms  drop_timing(win/tot)=70952/779961 pkt  drop_io(win/tot)=0/0 pkt  lost_samples(win/tot)=12771360/140392980  send_errors(win/tot)=0/0
2026-04-22 16:52:51 INFO STAT  crate=4  sent=1276326 pkt  897.076 MB  win=8.324 Mbps 1411.8 pkt/s  tot=8.959 Mbps 1519.4 pkt/s  late(win/tot)=84707/1276326  worst_late(win/tot)=105.636/184.163 ms  drop_timing(win/tot)=66931/846892 pkt  drop_io(win/tot)=0/0 pkt  lost_samples(win/tot)=12047580/152440560  send_errors(win/tot)=0/0
2026-04-22 16:53:51 INFO STAT  crate=4  sent=1362413 pkt  957.583 MB  win=8.459 Mbps 1434.7 pkt/s  tot=8.925 Mbps 1513.8 pkt/s  late(win/tot)=86087/1362413  worst_late(win/tot)=116.072/184.163 ms  drop_timing(win/tot)=65599/912491 pkt  drop_io(win/tot)=0/0 pkt  lost_samples(win/tot)=11807820/164248380  send_errors(win/tot)=0/0
2026-04-22 16:54:51 INFO STAT  crate=4  sent=1447272 pkt  1017.227 MB  win=8.339 Mbps 1414.3 pkt/s  tot=8.889 Mbps 1507.6 pkt/s  late(win/tot)=84859/1447272  worst_late(win/tot)=116.636/184.163 ms  drop_timing(win/tot)=66798/979289 pkt  drop_io(win/tot)=0/0 pkt  lost_samples(win/tot)=12023640/176272020  send_errors(win/tot)=0/0
2026-04-22 16:55:51 INFO STAT  crate=4  sent=1535865 pkt  1079.495 MB  win=8.706 Mbps 1476.6 pkt/s  tot=8.878 Mbps 1505.7 pkt/s  late(win/tot)=88593/1535865  worst_late(win/tot)=119.152/184.163 ms  drop_timing(win/tot)=63116/1042405 pkt  drop_io(win/tot)=0/0 pkt  lost_samples(win/tot)=11360880/187632900  send_errors(win/tot)=0/0
2026-04-22 16:56:51 INFO STAT  crate=4  sent=1618013 pkt  1137.233 MB  win=8.072 Mbps 1369.1 pkt/s  tot=8.833 Mbps 1498.2 pkt/s  late(win/tot)=82148/1618013  worst_late(win/tot)=117.886/184.163 ms  drop_timing(win/tot)=69524/1111929 pkt  drop_io(win/tot)=0/0 pkt  lost_samples(win/tot)=12514320/200147220  send_errors(win/tot)=0/0
2026-04-22 16:57:51 INFO STAT  crate=4  sent=1704703 pkt  1198.164 MB  win=8.519 Mbps 1444.8 pkt/s  tot=8.817 Mbps 1495.4 pkt/s  late(win/tot)=86690/1704703  worst_late(win/tot)=113.619/184.163 ms  drop_timing(win/tot)=64974/1176903 pkt  drop_io(win/tot)=0/0 pkt  lost_samples(win/tot)=11695320/211842540  send_errors(win/tot)=0/0
2026-04-22 16:58:51 INFO STAT  crate=4  sent=1785199 pkt  1254.741 MB  win=7.910 Mbps 1341.6 pkt/s  tot=8.771 Mbps 1487.7 pkt/s  late(win/tot)=80496/1785199  worst_late(win/tot)=111.502/184.163 ms  drop_timing(win/tot)=71124/1248027 pkt  drop_io(win/tot)=0/0 pkt  lost_samples(win/tot)=12802320/224644860  send_errors(win/tot)=0/0
2026-04-22 16:59:51 INFO STAT  crate=4  sent=1870911 pkt  1314.985 MB  win=8.423 Mbps 1428.5 pkt/s  tot=8.755 Mbps 1484.8 pkt/s  late(win/tot)=85712/1870911  worst_late(win/tot)=109.932/184.163 ms  drop_timing(win/tot)=66013/1314040 pkt  drop_io(win/tot)=0/0 pkt  lost_samples(win/tot)=11882340/236527200  send_errors(win/tot)=0/0
2026-04-22 17:00:51 INFO STAT  crate=4  sent=1954104 pkt  1373.458 MB  win=8.175 Mbps 1386.5 pkt/s  tot=8.728 Mbps 1480.4 pkt/s  late(win/tot)=83193/1954104  worst_late(win/tot)=107.206/184.163 ms  drop_timing(win/tot)=68408/1382448 pkt  drop_io(win/tot)=0/0 pkt  lost_samples(win/tot)=12313440/248840640  send_errors(win/tot)=0/0
2026-04-22 17:01:51 INFO STAT  crate=4  sent=2032796 pkt  1428.767 MB  win=7.733 Mbps 1311.5 pkt/s  tot=8.685 Mbps 1473.0 pkt/s  late(win/tot)=78692/2032796  worst_late(win/tot)=115.516/184.163 ms  drop_timing(win/tot)=72981/1455429 pkt  drop_io(win/tot)=0/0 pkt  lost_samples(win/tot)=13136580/261977220  send_errors(win/tot)=0/0
2026-04-22 17:02:51 INFO STAT  crate=4  sent=2118111 pkt  1488.731 MB  win=8.384 Mbps 1422.0 pkt/s  tot=8.672 Mbps 1470.9 pkt/s  late(win/tot)=85315/2118111  worst_late(win/tot)=115.726/184.163 ms  drop_timing(win/tot)=66339/1521768 pkt  drop_io(win/tot)=0/0 pkt  lost_samples(win/tot)=11941020/273918240  send_errors(win/tot)=0/0
2026-04-22 17:03:51 INFO STAT  crate=4  sent=2204967 pkt  1549.779 MB  win=8.535 Mbps 1447.6 pkt/s  tot=8.667 Mbps 1470.0 pkt/s  late(win/tot)=86856/2204967  worst_late(win/tot)=112.163/184.163 ms  drop_timing(win/tot)=64908/1586676 pkt  drop_io(win/tot)=0/0 pkt  lost_samples(win/tot)=11683440/285601680  send_errors(win/tot)=0/0
2026-04-22 17:04:51 INFO STAT  crate=4  sent=2291217 pkt  1610.400 MB  win=8.476 Mbps 1437.5 pkt/s  tot=8.660 Mbps 1468.7 pkt/s  late(win/tot)=86250/2291217  worst_late(win/tot)=114.671/184.163 ms  drop_timing(win/tot)=65404/1652080 pkt  drop_io(win/tot)=0/0 pkt  lost_samples(win/tot)=11772720/297374400  send_errors(win/tot)=0/0
2026-04-22 17:05:51 INFO STAT  crate=4  sent=2380225 pkt  1672.960 MB  win=8.746 Mbps 1483.5 pkt/s  tot=8.663 Mbps 1469.3 pkt/s  late(win/tot)=89008/2380225  worst_late(win/tot)=107.737/184.163 ms  drop_timing(win/tot)=62633/1714713 pkt  drop_io(win/tot)=0/0 pkt  lost_samples(win/tot)=11273940/308648340  send_errors(win/tot)=0/0
2026-04-22 17:06:51 INFO STAT  crate=4  sent=2462350 pkt  1730.682 MB  win=8.070 Mbps 1368.7 pkt/s  tot=8.642 Mbps 1465.7 pkt/s  late(win/tot)=82125/2462350  worst_late(win/tot)=116.357/184.163 ms  drop_timing(win/tot)=69485/1784198 pkt  drop_io(win/tot)=0/0 pkt  lost_samples(win/tot)=12507300/321155640  send_errors(win/tot)=0/0
2026-04-22 17:07:51 INFO STAT  crate=4  sent=2542518 pkt  1787.029 MB  win=7.878 Mbps 1336.1 pkt/s  tot=8.615 Mbps 1461.2 pkt/s  late(win/tot)=80168/2542518  worst_late(win/tot)=119.287/184.163 ms  drop_timing(win/tot)=71565/1855763 pkt  drop_io(win/tot)=0/0 pkt  lost_samples(win/tot)=12881700/334037340  send_errors(win/tot)=0/0
2026-04-22 17:08:51 INFO STAT  crate=4  sent=2628198 pkt  1847.250 MB  win=8.419 Mbps 1428.0 pkt/s  tot=8.609 Mbps 1460.1 pkt/s  late(win/tot)=85680/2628198  worst_late(win/tot)=114.247/184.163 ms  drop_timing(win/tot)=65924/1921687 pkt  drop_io(win/tot)=0/0 pkt  lost_samples(win/tot)=11866320/345903660  send_errors(win/tot)=0/0
2026-04-22 17:09:51 INFO STAT  crate=4  sent=2711886 pkt  1906.071 MB  win=8.223 Mbps 1394.7 pkt/s  tot=8.596 Mbps 1458.0 pkt/s  late(win/tot)=83688/2711886  worst_late(win/tot)=113.885/184.163 ms  drop_timing(win/tot)=67980/1989667 pkt  drop_io(win/tot)=0/0 pkt  lost_samples(win/tot)=12236400/358140060  send_errors(win/tot)=0/0
2026-04-22 17:10:04 INFO STAT  crate=4  sent=2730000 pkt  1918.802 MB  win=8.099 Mbps 1373.7 pkt/s  tot=8.593 Mbps 1457.4 pkt/s  late(win/tot)=18114/2730000  worst_late(win/tot)=121.195/184.163 ms  drop_timing(win/tot)=15231/2004898 pkt  drop_io(win/tot)=0/0 pkt  lost_samples(win/tot)=2741580/360881640  send_errors(win/tot)=0/0
2026-04-22 17:10:04 INFO Terminato
