2026-04-22 16:37:40 INFO Start crate=2 dst=131.154.99.225:6666
2026-04-22 16:37:40 INFO Streams=91  board=7  analog/board=12  digital_streams/board=1
2026-04-22 16:37:40 INFO Sample rate=5000 Hz  samples/pkt=180  pps/stream=27.777778  total_pps=2527.778
2026-04-22 16:37:40 INFO Packet len=737 B  expected throughput=14.904 Mbps
2026-04-22 16:37:40 INFO Analog FS=+/-10.000 V  noise_rms=0.010000 V  digital_flip_prob=0.002000
2026-04-22 16:38:40 INFO STAT  crate=2  sent=125862 pkt  88.463 MB  win=12.368 Mbps 2097.7 pkt/s  tot=12.368 Mbps 2097.7 pkt/s  late(win/tot)=125862/125862  worst_late(win/tot)=77.763/77.763 ms  drop_timing(win/tot)=25753/25753 pkt  drop_io(win/tot)=0/0 pkt  lost_samples(win/tot)=4635540/4635540  send_errors(win/tot)=0/0
2026-04-22 16:39:40 INFO STAT  crate=2  sent=251488 pkt  176.760 MB  win=12.345 Mbps 2093.8 pkt/s  tot=12.356 Mbps 2095.7 pkt/s  late(win/tot)=125626/251488  worst_late(win/tot)=78.220/78.220 ms  drop_timing(win/tot)=26026/51779 pkt  drop_io(win/tot)=0/0 pkt  lost_samples(win/tot)=4684680/9320220  send_errors(win/tot)=0/0
2026-04-22 16:40:40 INFO STAT  crate=2  sent=377094 pkt  265.044 MB  win=12.343 Mbps 2093.4 pkt/s  tot=12.352 Mbps 2095.0 pkt/s  late(win/tot)=125606/377094  worst_late(win/tot)=76.731/78.220 ms  drop_timing(win/tot)=26077/77856 pkt  drop_io(win/tot)=0/0 pkt  lost_samples(win/tot)=4693860/14014080  send_errors(win/tot)=0/0
2026-04-22 16:41:40 INFO STAT  crate=2  sent=501224 pkt  352.289 MB  win=12.198 Mbps 2068.8 pkt/s  tot=12.313 Mbps 2088.4 pkt/s  late(win/tot)=124130/501224  worst_late(win/tot)=90.411/90.411 ms  drop_timing(win/tot)=27522/105378 pkt  drop_io(win/tot)=0/0 pkt  lost_samples(win/tot)=4953960/18968040  send_errors(win/tot)=0/0
2026-04-22 16:42:40 INFO STAT  crate=2  sent=627179 pkt  440.818 MB  win=12.377 Mbps 2099.2 pkt/s  tot=12.326 Mbps 2090.6 pkt/s  late(win/tot)=125955/627179  worst_late(win/tot)=77.311/90.411 ms  drop_timing(win/tot)=25753/131131 pkt  drop_io(win/tot)=0/0 pkt  lost_samples(win/tot)=4635540/23603580  send_errors(win/tot)=0/0
2026-04-22 16:43:40 INFO STAT  crate=2  sent=736175 pkt  517.426 MB  win=10.710 Mbps 1816.5 pkt/s  tot=12.057 Mbps 2044.9 pkt/s  late(win/tot)=108996/736175  worst_late(win/tot)=123.249/123.249 ms  drop_timing(win/tot)=42596/173727 pkt  drop_io(win/tot)=0/0 pkt  lost_samples(win/tot)=7667280/31270860  send_errors(win/tot)=0/0
2026-04-22 16:44:40 INFO STAT  crate=2  sent=821673 pkt  577.519 MB  win=8.402 Mbps 1425.1 pkt/s  tot=11.535 Mbps 1956.4 pkt/s  late(win/tot)=85498/821673  worst_late(win/tot)=130.844/130.844 ms  drop_timing(win/tot)=66168/239895 pkt  drop_io(win/tot)=0/0 pkt  lost_samples(win/tot)=11910240/43181100  send_errors(win/tot)=0/0
2026-04-22 16:45:40 INFO STAT  crate=2  sent=908797 pkt  638.755 MB  win=8.561 Mbps 1452.1 pkt/s  tot=11.163 Mbps 1893.3 pkt/s  late(win/tot)=87124/908797  worst_late(win/tot)=113.685/130.844 ms  drop_timing(win/tot)=64591/304486 pkt  drop_io(win/tot)=0/0 pkt  lost_samples(win/tot)=11626380/54807480  send_errors(win/tot)=0/0
2026-04-22 16:46:40 INFO STAT  crate=2  sent=971631 pkt  682.919 MB  win=6.174 Mbps 1047.2 pkt/s  tot=10.609 Mbps 1799.3 pkt/s  late(win/tot)=62834/971631  worst_late(win/tot)=160.759/160.759 ms  drop_timing(win/tot)=88774/393260 pkt  drop_io(win/tot)=0/0 pkt  lost_samples(win/tot)=15979320/70786800  send_errors(win/tot)=0/0
2026-04-22 16:47:40 INFO STAT  crate=2  sent=1025878 pkt  721.047 MB  win=5.331 Mbps 904.2 pkt/s  tot=10.081 Mbps 1709.8 pkt/s  late(win/tot)=54247/1025878  worst_late(win/tot)=177.514/177.514 ms  drop_timing(win/tot)=97343/490603 pkt  drop_io(win/tot)=0/0 pkt  lost_samples(win/tot)=17521740/88308540  send_errors(win/tot)=0/0
2026-04-22 16:48:40 INFO STAT  crate=2  sent=1078269 pkt  757.870 MB  win=5.148 Mbps 873.2 pkt/s  tot=9.633 Mbps 1633.7 pkt/s  late(win/tot)=52391/1078269  worst_late(win/tot)=161.722/177.514 ms  drop_timing(win/tot)=99280/589883 pkt  drop_io(win/tot)=0/0 pkt  lost_samples(win/tot)=17870400/106178940  send_errors(win/tot)=0/0
2026-04-22 16:49:40 INFO STAT  crate=2  sent=1128253 pkt  793.002 MB  win=4.912 Mbps 833.1 pkt/s  tot=9.239 Mbps 1567.0 pkt/s  late(win/tot)=49984/1128253  worst_late(win/tot)=179.201/179.201 ms  drop_timing(win/tot)=101740/691623 pkt  drop_io(win/tot)=0/0 pkt  lost_samples(win/tot)=18313200/124492140  send_errors(win/tot)=0/0
2026-04-22 16:50:40 INFO STAT  crate=2  sent=1178947 pkt  828.632 MB  win=4.981 Mbps 844.8 pkt/s  tot=8.912 Mbps 1511.5 pkt/s  late(win/tot)=50694/1178947  worst_late(win/tot)=176.857/179.201 ms  drop_timing(win/tot)=100938/792561 pkt  drop_io(win/tot)=0/0 pkt  lost_samples(win/tot)=18168840/142660980  send_errors(win/tot)=0/0
2026-04-22 16:51:40 INFO STAT  crate=2  sent=1227832 pkt  862.992 MB  win=4.804 Mbps 814.7 pkt/s  tot=8.618 Mbps 1461.7 pkt/s  late(win/tot)=48885/1227832  worst_late(win/tot)=175.076/179.201 ms  drop_timing(win/tot)=102833/895394 pkt  drop_io(win/tot)=0/0 pkt  lost_samples(win/tot)=18509940/161170920  send_errors(win/tot)=0/0
2026-04-22 16:52:40 INFO STAT  crate=2  sent=1277477 pkt  897.885 MB  win=4.879 Mbps 827.5 pkt/s  tot=8.369 Mbps 1419.4 pkt/s  late(win/tot)=49645/1277477  worst_late(win/tot)=168.258/179.201 ms  drop_timing(win/tot)=102006/997400 pkt  drop_io(win/tot)=0/0 pkt  lost_samples(win/tot)=18361080/179532000  send_errors(win/tot)=0/0
2026-04-22 16:53:40 INFO STAT  crate=2  sent=1325116 pkt  931.368 MB  win=4.681 Mbps 793.9 pkt/s  tot=8.138 Mbps 1380.3 pkt/s  late(win/tot)=47639/1325116  worst_late(win/tot)=173.863/179.201 ms  drop_timing(win/tot)=104034/1101434 pkt  drop_io(win/tot)=0/0 pkt  lost_samples(win/tot)=18726120/198258120  send_errors(win/tot)=0/0
2026-04-22 16:54:40 INFO STAT  crate=2  sent=1375333 pkt  966.664 MB  win=4.935 Mbps 837.0 pkt/s  tot=7.950 Mbps 1348.4 pkt/s  late(win/tot)=50217/1375333  worst_late(win/tot)=180.444/180.444 ms  drop_timing(win/tot)=101418/1202852 pkt  drop_io(win/tot)=0/0 pkt  lost_samples(win/tot)=18255240/216513360  send_errors(win/tot)=0/0
2026-04-22 16:55:40 INFO STAT  crate=2  sent=1422153 pkt  999.572 MB  win=4.601 Mbps 780.4 pkt/s  tot=7.764 Mbps 1316.8 pkt/s  late(win/tot)=46820/1422153  worst_late(win/tot)=175.852/180.444 ms  drop_timing(win/tot)=104786/1307638 pkt  drop_io(win/tot)=0/0 pkt  lost_samples(win/tot)=18861480/235374840  send_errors(win/tot)=0/0
2026-04-22 16:56:40 INFO STAT  crate=2  sent=1472432 pkt  1034.911 MB  win=4.940 Mbps 837.9 pkt/s  tot=7.615 Mbps 1291.6 pkt/s  late(win/tot)=50279/1472432  worst_late(win/tot)=193.520/193.520 ms  drop_timing(win/tot)=101485/1409123 pkt  drop_io(win/tot)=0/0 pkt  lost_samples(win/tot)=18267300/253642140  send_errors(win/tot)=0/0
2026-04-22 16:57:40 INFO STAT  crate=2  sent=1523973 pkt  1071.137 MB  win=5.065 Mbps 859.0 pkt/s  tot=7.488 Mbps 1270.0 pkt/s  late(win/tot)=51541/1523973  worst_late(win/tot)=171.859/193.520 ms  drop_timing(win/tot)=100136/1509259 pkt  drop_io(win/tot)=0/0 pkt  lost_samples(win/tot)=18024480/271666620  send_errors(win/tot)=0/0
2026-04-22 16:58:40 INFO STAT  crate=2  sent=1575900 pkt  1107.634 MB  win=5.102 Mbps 865.4 pkt/s  tot=7.374 Mbps 1250.7 pkt/s  late(win/tot)=51927/1575900  worst_late(win/tot)=181.681/193.520 ms  drop_timing(win/tot)=99709/1608968 pkt  drop_io(win/tot)=0/0 pkt  lost_samples(win/tot)=17947620/289614240  send_errors(win/tot)=0/0
2026-04-22 16:59:40 INFO STAT  crate=2  sent=1625698 pkt  1142.635 MB  win=4.893 Mbps 830.0 pkt/s  tot=7.261 Mbps 1231.6 pkt/s  late(win/tot)=49798/1625698  worst_late(win/tot)=176.088/193.520 ms  drop_timing(win/tot)=101857/1710825 pkt  drop_io(win/tot)=0/0 pkt  lost_samples(win/tot)=18334260/307948500  send_errors(win/tot)=0/0
2026-04-22 17:00:40 INFO STAT  crate=2  sent=1674954 pkt  1177.255 MB  win=4.841 Mbps 821.0 pkt/s  tot=7.156 Mbps 1213.7 pkt/s  late(win/tot)=49256/1674954  worst_late(win/tot)=185.068/193.520 ms  drop_timing(win/tot)=102434/1813259 pkt  drop_io(win/tot)=0/0 pkt  lost_samples(win/tot)=18438120/326386620  send_errors(win/tot)=0/0
2026-04-22 17:01:40 INFO STAT  crate=2  sent=1725431 pkt  1212.733 MB  win=4.960 Mbps 841.2 pkt/s  tot=7.065 Mbps 1198.2 pkt/s  late(win/tot)=50477/1725431  worst_late(win/tot)=178.633/193.520 ms  drop_timing(win/tot)=101152/1914411 pkt  drop_io(win/tot)=0/0 pkt  lost_samples(win/tot)=18207360/344593980  send_errors(win/tot)=0/0
2026-04-22 17:02:40 INFO STAT  crate=2  sent=1776563 pkt  1248.671 MB  win=5.025 Mbps 852.3 pkt/s  tot=6.983 Mbps 1184.4 pkt/s  late(win/tot)=51132/1776563  worst_late(win/tot)=184.679/193.520 ms  drop_timing(win/tot)=100556/2014967 pkt  drop_io(win/tot)=0/0 pkt  lost_samples(win/tot)=18100080/362694060  send_errors(win/tot)=0/0
2026-04-22 17:03:40 INFO STAT  crate=2  sent=1826798 pkt  1283.980 MB  win=4.937 Mbps 837.3 pkt/s  tot=6.904 Mbps 1171.0 pkt/s  late(win/tot)=50235/1826798  worst_late(win/tot)=169.772/193.520 ms  drop_timing(win/tot)=101423/2116390 pkt  drop_io(win/tot)=0/0 pkt  lost_samples(win/tot)=18256140/380950200  send_errors(win/tot)=0/0
2026-04-22 17:04:40 INFO STAT  crate=2  sent=1876225 pkt  1318.720 MB  win=4.856 Mbps 823.7 pkt/s  tot=6.828 Mbps 1158.2 pkt/s  late(win/tot)=49427/1876225  worst_late(win/tot)=181.303/193.520 ms  drop_timing(win/tot)=102235/2218625 pkt  drop_io(win/tot)=0/0 pkt  lost_samples(win/tot)=18402300/399352500  send_errors(win/tot)=0/0
2026-04-22 17:05:40 INFO STAT  crate=2  sent=1927687 pkt  1354.890 MB  win=5.058 Mbps 857.8 pkt/s  tot=6.765 Mbps 1147.4 pkt/s  late(win/tot)=51462/1927687  worst_late(win/tot)=178.853/193.520 ms  drop_timing(win/tot)=100249/2318874 pkt  drop_io(win/tot)=0/0 pkt  lost_samples(win/tot)=18044820/417397320  send_errors(win/tot)=0/0
2026-04-22 17:06:40 INFO STAT  crate=2  sent=1976010 pkt  1388.854 MB  win=4.749 Mbps 805.4 pkt/s  tot=6.696 Mbps 1135.6 pkt/s  late(win/tot)=48323/1976010  worst_late(win/tot)=160.221/193.520 ms  drop_timing(win/tot)=103332/2422206 pkt  drop_io(win/tot)=0/0 pkt  lost_samples(win/tot)=18599760/435997080  send_errors(win/tot)=0/0
2026-04-22 17:07:40 INFO STAT  crate=2  sent=2025428 pkt  1423.588 MB  win=4.855 Mbps 823.5 pkt/s  tot=6.634 Mbps 1125.2 pkt/s  late(win/tot)=49418/2025428  worst_late(win/tot)=194.533/194.533 ms  drop_timing(win/tot)=102221/2524427 pkt  drop_io(win/tot)=0/0 pkt  lost_samples(win/tot)=18399780/454396860  send_errors(win/tot)=0/0
2026-04-22 17:08:40 INFO STAT  crate=2  sent=2076295 pkt  1459.340 MB  win=4.999 Mbps 847.9 pkt/s  tot=6.582 Mbps 1116.3 pkt/s  late(win/tot)=50867/2076295  worst_late(win/tot)=170.813/194.533 ms  drop_timing(win/tot)=100833/2625260 pkt  drop_io(win/tot)=0/0 pkt  lost_samples(win/tot)=18149940/472546800  send_errors(win/tot)=0/0
2026-04-22 17:09:40 INFO STAT  crate=2  sent=2125602 pkt  1493.996 MB  win=4.845 Mbps 821.7 pkt/s  tot=6.527 Mbps 1107.1 pkt/s  late(win/tot)=49307/2125602  worst_late(win/tot)=184.525/194.533 ms  drop_timing(win/tot)=102319/2727579 pkt  drop_io(win/tot)=0/0 pkt  lost_samples(win/tot)=18417420/490964220  send_errors(win/tot)=0/0
2026-04-22 17:10:40 INFO STAT  crate=2  sent=2174530 pkt  1528.386 MB  win=4.808 Mbps 815.5 pkt/s  tot=6.475 Mbps 1098.2 pkt/s  late(win/tot)=48928/2174530  worst_late(win/tot)=182.308/194.533 ms  drop_timing(win/tot)=102742/2830321 pkt  drop_io(win/tot)=0/0 pkt  lost_samples(win/tot)=18493560/509457780  send_errors(win/tot)=0/0
2026-04-22 17:11:40 INFO STAT  crate=2  sent=2225018 pkt  1563.872 MB  win=4.962 Mbps 841.5 pkt/s  tot=6.431 Mbps 1090.7 pkt/s  late(win/tot)=50488/2225018  worst_late(win/tot)=179.799/194.533 ms  drop_timing(win/tot)=101217/2931538 pkt  drop_io(win/tot)=0/0 pkt  lost_samples(win/tot)=18219060/527676840  send_errors(win/tot)=0/0
2026-04-22 17:12:40 INFO STAT  crate=2  sent=2274528 pkt  1598.670 MB  win=4.865 Mbps 825.2 pkt/s  tot=6.386 Mbps 1083.1 pkt/s  late(win/tot)=49510/2274528  worst_late(win/tot)=170.744/194.533 ms  drop_timing(win/tot)=102089/3033627 pkt  drop_io(win/tot)=0/0 pkt  lost_samples(win/tot)=18376020/546052860  send_errors(win/tot)=0/0
2026-04-22 17:13:40 INFO STAT  crate=2  sent=2326392 pkt  1635.123 MB  win=5.096 Mbps 864.4 pkt/s  tot=6.350 Mbps 1077.0 pkt/s  late(win/tot)=51864/2326392  worst_late(win/tot)=199.570/199.570 ms  drop_timing(win/tot)=99871/3133498 pkt  drop_io(win/tot)=0/0 pkt  lost_samples(win/tot)=17976780/564029640  send_errors(win/tot)=0/0
2026-04-22 17:14:40 INFO STAT  crate=2  sent=2373138 pkt  1667.979 MB  win=4.594 Mbps 779.1 pkt/s  tot=6.303 Mbps 1069.0 pkt/s  late(win/tot)=46746/2373138  worst_late(win/tot)=175.737/199.570 ms  drop_timing(win/tot)=104925/3238423 pkt  drop_io(win/tot)=0/0 pkt  lost_samples(win/tot)=18886500/582916140  send_errors(win/tot)=0/0
2026-04-22 17:15:40 INFO STAT  crate=2  sent=2422815 pkt  1702.895 MB  win=4.881 Mbps 827.9 pkt/s  tot=6.265 Mbps 1062.6 pkt/s  late(win/tot)=49677/2422815  worst_late(win/tot)=182.910/199.570 ms  drop_timing(win/tot)=101979/3340402 pkt  drop_io(win/tot)=0/0 pkt  lost_samples(win/tot)=18356220/601272360  send_errors(win/tot)=0/0
2026-04-22 17:16:40 INFO STAT  crate=2  sent=2474128 pkt  1738.961 MB  win=5.043 Mbps 855.3 pkt/s  tot=6.234 Mbps 1057.3 pkt/s  late(win/tot)=51313/2474128  worst_late(win/tot)=176.406/199.570 ms  drop_timing(win/tot)=100355/3440757 pkt  drop_io(win/tot)=0/0 pkt  lost_samples(win/tot)=18063900/619336260  send_errors(win/tot)=0/0
2026-04-22 17:17:40 INFO STAT  crate=2  sent=2524777 pkt  1774.560 MB  win=4.976 Mbps 844.0 pkt/s  tot=6.203 Mbps 1052.0 pkt/s  late(win/tot)=50649/2524777  worst_late(win/tot)=174.338/199.570 ms  drop_timing(win/tot)=100973/3541730 pkt  drop_io(win/tot)=0/0 pkt  lost_samples(win/tot)=18175140/637511400  send_errors(win/tot)=0/0
2026-04-22 17:18:40 INFO STAT  crate=2  sent=2575738 pkt  1810.378 MB  win=5.008 Mbps 849.5 pkt/s  tot=6.173 Mbps 1047.0 pkt/s  late(win/tot)=50961/2575738  worst_late(win/tot)=178.308/199.570 ms  drop_timing(win/tot)=100699/3642429 pkt  drop_io(win/tot)=0/0 pkt  lost_samples(win/tot)=18125820/655637220  send_errors(win/tot)=0/0
2026-04-22 17:19:40 INFO STAT  crate=2  sent=2622548 pkt  1843.279 MB  win=4.600 Mbps 780.1 pkt/s  tot=6.136 Mbps 1040.7 pkt/s  late(win/tot)=46810/2622548  worst_late(win/tot)=183.461/199.570 ms  drop_timing(win/tot)=104877/3747306 pkt  drop_io(win/tot)=0/0 pkt  lost_samples(win/tot)=18877860/674515080  send_errors(win/tot)=0/0
2026-04-22 17:20:40 INFO STAT  crate=2  sent=2682792 pkt  1885.622 MB  win=5.920 Mbps 1004.1 pkt/s  tot=6.131 Mbps 1039.8 pkt/s  late(win/tot)=60244/2682792  worst_late(win/tot)=165.775/199.570 ms  drop_timing(win/tot)=91449/3838755 pkt  drop_io(win/tot)=0/0 pkt  lost_samples(win/tot)=16460820/690975900  send_errors(win/tot)=0/0
2026-04-22 17:21:26 INFO STAT  crate=2  sent=2730000 pkt  1918.802 MB  win=6.060 Mbps 1027.8 pkt/s  tot=6.130 Mbps 1039.6 pkt/s  late(win/tot)=47208/2730000  worst_late(win/tot)=136.918/199.570 ms  drop_timing(win/tot)=68906/3907661 pkt  drop_io(win/tot)=0/0 pkt  lost_samples(win/tot)=12403080/703378980  send_errors(win/tot)=0/0
2026-04-22 17:21:26 INFO Terminato
