2026-04-22 17:43:40 INFO Start crate=14 dst=131.154.99.225:6666
2026-04-22 17:43:40 INFO Streams=91  board=7  analog/board=12  digital_streams/board=1
2026-04-22 17:43:40 INFO Sample rate=5000 Hz  samples/pkt=180  pps/stream=27.777778  total_pps=2527.778
2026-04-22 17:43:40 INFO Packet len=737 B  expected throughput=14.904 Mbps
2026-04-22 17:43:40 INFO Analog FS=+/-10.000 V  noise_rms=0.010000 V  digital_flip_prob=0.002000
2026-04-22 17:44:40 INFO STAT  crate=14  sent=151667 pkt  106.600 MB  win=14.904 Mbps 2527.8 pkt/s  tot=14.904 Mbps 2527.8 pkt/s  late(win/tot)=151667/151667  worst_late(win/tot)=20.344/20.344 ms  drop_timing(win/tot)=0/0 pkt  drop_io(win/tot)=0/0 pkt  lost_samples(win/tot)=0/0  send_errors(win/tot)=0/0
2026-04-22 17:45:40 INFO STAT  crate=14  sent=288173 pkt  202.545 MB  win=13.414 Mbps 2275.1 pkt/s  tot=14.159 Mbps 2401.4 pkt/s  late(win/tot)=136506/288173  worst_late(win/tot)=77.060/77.060 ms  drop_timing(win/tot)=15107/15107 pkt  drop_io(win/tot)=0/0 pkt  lost_samples(win/tot)=2719260/2719260  send_errors(win/tot)=0/0
2026-04-22 17:46:40 INFO STAT  crate=14  sent=398392 pkt  280.013 MB  win=10.831 Mbps 1837.0 pkt/s  tot=13.050 Mbps 2213.3 pkt/s  late(win/tot)=110219/398392  worst_late(win/tot)=115.852/115.852 ms  drop_timing(win/tot)=41437/56544 pkt  drop_io(win/tot)=0/0 pkt  lost_samples(win/tot)=7458660/10177920  send_errors(win/tot)=0/0
2026-04-22 17:47:40 INFO STAT  crate=14  sent=488306 pkt  343.210 MB  win=8.836 Mbps 1498.6 pkt/s  tot=11.996 Mbps 2034.6 pkt/s  late(win/tot)=89914/488306  worst_late(win/tot)=114.002/115.852 ms  drop_timing(win/tot)=61726/118270 pkt  drop_io(win/tot)=0/0 pkt  lost_samples(win/tot)=11110680/21288600  send_errors(win/tot)=0/0
2026-04-22 17:48:40 INFO STAT  crate=14  sent=573447 pkt  403.052 MB  win=8.367 Mbps 1419.0 pkt/s  tot=11.270 Mbps 1911.5 pkt/s  late(win/tot)=85141/573447  worst_late(win/tot)=132.393/132.393 ms  drop_timing(win/tot)=66500/184770 pkt  drop_io(win/tot)=0/0 pkt  lost_samples(win/tot)=11970000/33258600  send_errors(win/tot)=0/0
2026-04-22 17:49:40 INFO STAT  crate=14  sent=643720 pkt  452.444 MB  win=6.905 Mbps 1171.2 pkt/s  tot=10.543 Mbps 1788.1 pkt/s  late(win/tot)=70273/643720  worst_late(win/tot)=134.953/134.953 ms  drop_timing(win/tot)=81419/266189 pkt  drop_io(win/tot)=0/0 pkt  lost_samples(win/tot)=14655420/47914020  send_errors(win/tot)=0/0
2026-04-22 17:50:40 INFO STAT  crate=14  sent=713368 pkt  501.396 MB  win=6.844 Mbps 1160.8 pkt/s  tot=10.014 Mbps 1698.5 pkt/s  late(win/tot)=69648/713368  worst_late(win/tot)=142.236/142.236 ms  drop_timing(win/tot)=82051/348240 pkt  drop_io(win/tot)=0/0 pkt  lost_samples(win/tot)=14769180/62683200  send_errors(win/tot)=0/0
2026-04-22 17:51:40 INFO STAT  crate=14  sent=783832 pkt  550.923 MB  win=6.925 Mbps 1174.5 pkt/s  tot=9.628 Mbps 1633.0 pkt/s  late(win/tot)=70464/783832  worst_late(win/tot)=146.076/146.076 ms  drop_timing(win/tot)=81144/429384 pkt  drop_io(win/tot)=0/0 pkt  lost_samples(win/tot)=14605920/77289120  send_errors(win/tot)=0/0
2026-04-22 17:52:40 INFO STAT  crate=14  sent=855755 pkt  601.474 MB  win=7.067 Mbps 1198.7 pkt/s  tot=9.344 Mbps 1584.7 pkt/s  late(win/tot)=71923/855755  worst_late(win/tot)=162.417/162.417 ms  drop_timing(win/tot)=79751/509135 pkt  drop_io(win/tot)=0/0 pkt  lost_samples(win/tot)=14355180/91644300  send_errors(win/tot)=0/0
2026-04-22 17:53:40 INFO STAT  crate=14  sent=928175 pkt  652.375 MB  win=7.116 Mbps 1206.9 pkt/s  tot=9.121 Mbps 1546.9 pkt/s  late(win/tot)=72420/928175  worst_late(win/tot)=144.625/162.417 ms  drop_timing(win/tot)=79262/588397 pkt  drop_io(win/tot)=0/0 pkt  lost_samples(win/tot)=14267160/105911460  send_errors(win/tot)=0/0
2026-04-22 17:54:40 INFO STAT  crate=14  sent=998172 pkt  701.573 MB  win=6.879 Mbps 1166.7 pkt/s  tot=8.917 Mbps 1512.4 pkt/s  late(win/tot)=69997/998172  worst_late(win/tot)=148.805/162.417 ms  drop_timing(win/tot)=81683/670080 pkt  drop_io(win/tot)=0/0 pkt  lost_samples(win/tot)=14702940/120614400  send_errors(win/tot)=0/0
2026-04-22 17:55:40 INFO STAT  crate=14  sent=1069158 pkt  751.466 MB  win=6.976 Mbps 1183.1 pkt/s  tot=8.755 Mbps 1484.9 pkt/s  late(win/tot)=70986/1069158  worst_late(win/tot)=144.399/162.417 ms  drop_timing(win/tot)=80641/750721 pkt  drop_io(win/tot)=0/0 pkt  lost_samples(win/tot)=14515380/135129780  send_errors(win/tot)=0/0
2026-04-22 17:56:40 INFO STAT  crate=14  sent=1140889 pkt  801.883 MB  win=7.048 Mbps 1195.5 pkt/s  tot=8.624 Mbps 1462.7 pkt/s  late(win/tot)=71731/1140889  worst_late(win/tot)=137.482/162.417 ms  drop_timing(win/tot)=79937/830658 pkt  drop_io(win/tot)=0/0 pkt  lost_samples(win/tot)=14388660/149518440  send_errors(win/tot)=0/0
2026-04-22 17:57:40 INFO STAT  crate=14  sent=1210179 pkt  850.584 MB  win=6.809 Mbps 1154.9 pkt/s  tot=8.494 Mbps 1440.7 pkt/s  late(win/tot)=69290/1210179  worst_late(win/tot)=140.708/162.417 ms  drop_timing(win/tot)=82377/913035 pkt  drop_io(win/tot)=0/0 pkt  lost_samples(win/tot)=14827860/164346300  send_errors(win/tot)=0/0
2026-04-22 17:58:40 INFO STAT  crate=14  sent=1284398 pkt  902.749 MB  win=7.293 Mbps 1236.9 pkt/s  tot=8.414 Mbps 1427.1 pkt/s  late(win/tot)=74219/1284398  worst_late(win/tot)=158.633/162.417 ms  drop_timing(win/tot)=77487/990522 pkt  drop_io(win/tot)=0/0 pkt  lost_samples(win/tot)=13947660/178293960  send_errors(win/tot)=0/0
2026-04-22 17:59:40 INFO STAT  crate=14  sent=1355424 pkt  952.671 MB  win=6.980 Mbps 1183.8 pkt/s  tot=8.325 Mbps 1411.9 pkt/s  late(win/tot)=71026/1355424  worst_late(win/tot)=157.766/162.417 ms  drop_timing(win/tot)=80657/1071179 pkt  drop_io(win/tot)=0/0 pkt  lost_samples(win/tot)=14518260/192812220  send_errors(win/tot)=0/0
2026-04-22 18:00:40 INFO STAT  crate=14  sent=1428900 pkt  1004.314 MB  win=7.220 Mbps 1224.6 pkt/s  tot=8.260 Mbps 1400.9 pkt/s  late(win/tot)=73476/1428900  worst_late(win/tot)=144.089/162.417 ms  drop_timing(win/tot)=78144/1149323 pkt  drop_io(win/tot)=0/0 pkt  lost_samples(win/tot)=14065920/206878140  send_errors(win/tot)=0/0
2026-04-22 18:01:40 INFO STAT  crate=14  sent=1502148 pkt  1055.797 MB  win=7.198 Mbps 1220.8 pkt/s  tot=8.201 Mbps 1390.9 pkt/s  late(win/tot)=73248/1502148  worst_late(win/tot)=148.200/162.417 ms  drop_timing(win/tot)=78449/1227772 pkt  drop_io(win/tot)=0/0 pkt  lost_samples(win/tot)=14120820/220998960  send_errors(win/tot)=0/0
2026-04-22 18:02:40 INFO STAT  crate=14  sent=1574156 pkt  1106.408 MB  win=7.076 Mbps 1200.1 pkt/s  tot=8.141 Mbps 1380.8 pkt/s  late(win/tot)=72008/1574156  worst_late(win/tot)=133.641/162.417 ms  drop_timing(win/tot)=79612/1307384 pkt  drop_io(win/tot)=0/0 pkt  lost_samples(win/tot)=14330160/235329120  send_errors(win/tot)=0/0
2026-04-22 18:03:40 INFO STAT  crate=14  sent=1646741 pkt  1157.425 MB  win=7.133 Mbps 1209.8 pkt/s  tot=8.091 Mbps 1372.3 pkt/s  late(win/tot)=72585/1646741  worst_late(win/tot)=141.334/162.417 ms  drop_timing(win/tot)=79106/1386490 pkt  drop_io(win/tot)=0/0 pkt  lost_samples(win/tot)=14239080/249568200  send_errors(win/tot)=0/0
2026-04-22 18:04:40 INFO STAT  crate=14  sent=1719296 pkt  1208.421 MB  win=7.130 Mbps 1209.3 pkt/s  tot=8.045 Mbps 1364.5 pkt/s  late(win/tot)=72555/1719296  worst_late(win/tot)=136.715/162.417 ms  drop_timing(win/tot)=79137/1465627 pkt  drop_io(win/tot)=0/0 pkt  lost_samples(win/tot)=14244660/263812860  send_errors(win/tot)=0/0
2026-04-22 18:05:40 INFO STAT  crate=14  sent=1787115 pkt  1256.088 MB  win=6.664 Mbps 1130.2 pkt/s  tot=7.982 Mbps 1353.9 pkt/s  late(win/tot)=67819/1787115  worst_late(win/tot)=159.643/162.417 ms  drop_timing(win/tot)=83858/1549485 pkt  drop_io(win/tot)=0/0 pkt  lost_samples(win/tot)=15094440/278907300  send_errors(win/tot)=0/0
2026-04-22 18:06:40 INFO STAT  crate=14  sent=1859915 pkt  1307.256 MB  win=7.154 Mbps 1213.4 pkt/s  tot=7.946 Mbps 1347.8 pkt/s  late(win/tot)=72800/1859915  worst_late(win/tot)=158.313/162.417 ms  drop_timing(win/tot)=78834/1628319 pkt  drop_io(win/tot)=0/0 pkt  lost_samples(win/tot)=14190120/293097420  send_errors(win/tot)=0/0
2026-04-22 18:07:40 INFO STAT  crate=14  sent=1933883 pkt  1359.245 MB  win=7.268 Mbps 1232.8 pkt/s  tot=7.918 Mbps 1343.0 pkt/s  late(win/tot)=73968/1933883  worst_late(win/tot)=142.905/162.417 ms  drop_timing(win/tot)=77698/1706017 pkt  drop_io(win/tot)=0/0 pkt  lost_samples(win/tot)=13985640/307083060  send_errors(win/tot)=0/0
2026-04-22 18:08:40 INFO STAT  crate=14  sent=2007701 pkt  1411.129 MB  win=7.254 Mbps 1230.4 pkt/s  tot=7.892 Mbps 1338.5 pkt/s  late(win/tot)=73818/2007701  worst_late(win/tot)=138.661/162.417 ms  drop_timing(win/tot)=77879/1783896 pkt  drop_io(win/tot)=0/0 pkt  lost_samples(win/tot)=14018220/321101280  send_errors(win/tot)=0/0
2026-04-22 18:09:40 INFO STAT  crate=14  sent=2078442 pkt  1460.850 MB  win=6.952 Mbps 1179.0 pkt/s  tot=7.855 Mbps 1332.3 pkt/s  late(win/tot)=70741/2078442  worst_late(win/tot)=151.151/162.417 ms  drop_timing(win/tot)=80909/1864805 pkt  drop_io(win/tot)=0/0 pkt  lost_samples(win/tot)=14563620/335664900  send_errors(win/tot)=0/0
2026-04-22 18:10:40 INFO STAT  crate=14  sent=2146956 pkt  1509.005 MB  win=6.732 Mbps 1141.8 pkt/s  tot=7.814 Mbps 1325.3 pkt/s  late(win/tot)=68514/2146956  worst_late(win/tot)=138.203/162.417 ms  drop_timing(win/tot)=83133/1947938 pkt  drop_io(win/tot)=0/0 pkt  lost_samples(win/tot)=14963940/350628840  send_errors(win/tot)=0/0
2026-04-22 18:11:40 INFO STAT  crate=14  sent=2221637 pkt  1561.495 MB  win=7.339 Mbps 1244.7 pkt/s  tot=7.797 Mbps 1322.4 pkt/s  late(win/tot)=74681/2221637  worst_late(win/tot)=148.482/162.417 ms  drop_timing(win/tot)=76979/2024917 pkt  drop_io(win/tot)=0/0 pkt  lost_samples(win/tot)=13856220/364485060  send_errors(win/tot)=0/0
2026-04-22 18:12:40 INFO STAT  crate=14  sent=2293478 pkt  1611.989 MB  win=7.060 Mbps 1197.4 pkt/s  tot=7.771 Mbps 1318.1 pkt/s  late(win/tot)=71841/2293478  worst_late(win/tot)=143.692/162.417 ms  drop_timing(win/tot)=79823/2104740 pkt  drop_io(win/tot)=0/0 pkt  lost_samples(win/tot)=14368140/378853200  send_errors(win/tot)=0/0
2026-04-22 18:13:40 INFO STAT  crate=14  sent=2366358 pkt  1663.214 MB  win=7.161 Mbps 1214.5 pkt/s  tot=7.751 Mbps 1314.6 pkt/s  late(win/tot)=72880/2366358  worst_late(win/tot)=166.298/166.298 ms  drop_timing(win/tot)=78795/2183535 pkt  drop_io(win/tot)=0/0 pkt  lost_samples(win/tot)=14183100/393036300  send_errors(win/tot)=0/0
2026-04-22 18:14:40 INFO STAT  crate=14  sent=2439993 pkt  1714.969 MB  win=7.237 Mbps 1227.4 pkt/s  tot=7.735 Mbps 1311.8 pkt/s  late(win/tot)=73635/2439993  worst_late(win/tot)=135.376/166.298 ms  drop_timing(win/tot)=78052/2261587 pkt  drop_io(win/tot)=0/0 pkt  lost_samples(win/tot)=14049360/407085660  send_errors(win/tot)=0/0
2026-04-22 18:15:40 INFO STAT  crate=14  sent=2510637 pkt  1764.621 MB  win=6.942 Mbps 1177.4 pkt/s  tot=7.710 Mbps 1307.6 pkt/s  late(win/tot)=70644/2510637  worst_late(win/tot)=144.031/166.298 ms  drop_timing(win/tot)=81042/2342629 pkt  drop_io(win/tot)=0/0 pkt  lost_samples(win/tot)=14587560/421673220  send_errors(win/tot)=0/0
2026-04-22 18:16:40 INFO STAT  crate=14  sent=2583478 pkt  1815.818 MB  win=7.158 Mbps 1214.0 pkt/s  tot=7.693 Mbps 1304.8 pkt/s  late(win/tot)=72841/2583478  worst_late(win/tot)=183.424/183.424 ms  drop_timing(win/tot)=78836/2421465 pkt  drop_io(win/tot)=0/0 pkt  lost_samples(win/tot)=14190480/435863700  send_errors(win/tot)=0/0
2026-04-22 18:17:40 INFO STAT  crate=14  sent=2660186 pkt  1869.733 MB  win=7.538 Mbps 1278.5 pkt/s  tot=7.688 Mbps 1304.0 pkt/s  late(win/tot)=76708/2660186  worst_late(win/tot)=140.664/183.424 ms  drop_timing(win/tot)=74927/2496392 pkt  drop_io(win/tot)=0/0 pkt  lost_samples(win/tot)=13486860/449350560  send_errors(win/tot)=0/0
2026-04-22 18:18:36 INFO STAT  crate=14  sent=2730000 pkt  1918.802 MB  win=7.415 Mbps 1257.6 pkt/s  tot=7.681 Mbps 1302.8 pkt/s  late(win/tot)=69814/2730000  worst_late(win/tot)=145.463/183.424 ms  drop_timing(win/tot)=69865/2566257 pkt  drop_io(win/tot)=0/0 pkt  lost_samples(win/tot)=12575700/461926260  send_errors(win/tot)=0/0
2026-04-22 18:18:36 INFO Terminato
