2026-04-22 17:40:19 INFO Start crate=7 dst=131.154.99.225:6666
2026-04-22 17:40:19 INFO Streams=91  board=7  analog/board=12  digital_streams/board=1
2026-04-22 17:40:19 INFO Sample rate=5000 Hz  samples/pkt=180  pps/stream=27.777778  total_pps=2527.778
2026-04-22 17:40:19 INFO Packet len=737 B  expected throughput=14.904 Mbps
2026-04-22 17:40:19 INFO Analog FS=+/-10.000 V  noise_rms=0.010000 V  digital_flip_prob=0.002000
2026-04-22 17:41:19 INFO STAT  crate=7  sent=151667 pkt  106.600 MB  win=14.904 Mbps 2527.8 pkt/s  tot=14.904 Mbps 2527.8 pkt/s  late(win/tot)=151667/151667  worst_late(win/tot)=25.139/25.139 ms  drop_timing(win/tot)=0/0 pkt  drop_io(win/tot)=0/0 pkt  lost_samples(win/tot)=0/0  send_errors(win/tot)=0/0
2026-04-22 17:42:19 INFO STAT  crate=7  sent=296593 pkt  208.463 MB  win=14.241 Mbps 2415.4 pkt/s  tot=14.573 Mbps 2471.6 pkt/s  late(win/tot)=144926/296593  worst_late(win/tot)=75.038/75.038 ms  drop_timing(win/tot)=6701/6701 pkt  drop_io(win/tot)=0/0 pkt  lost_samples(win/tot)=1206180/1206180  send_errors(win/tot)=0/0
2026-04-22 17:43:19 INFO STAT  crate=7  sent=391264 pkt  275.003 MB  win=9.303 Mbps 1577.9 pkt/s  tot=12.816 Mbps 2173.7 pkt/s  late(win/tot)=94671/391264  worst_late(win/tot)=115.928/115.928 ms  drop_timing(win/tot)=56967/63668 pkt  drop_io(win/tot)=0/0 pkt  lost_samples(win/tot)=10254060/11460240  send_errors(win/tot)=0/0
2026-04-22 17:44:19 INFO STAT  crate=7  sent=482152 pkt  338.884 MB  win=8.930 Mbps 1514.7 pkt/s  tot=11.845 Mbps 2008.9 pkt/s  late(win/tot)=90888/482152  worst_late(win/tot)=125.411/125.411 ms  drop_timing(win/tot)=60787/124455 pkt  drop_io(win/tot)=0/0 pkt  lost_samples(win/tot)=10941660/22401900  send_errors(win/tot)=0/0
2026-04-22 17:45:19 INFO STAT  crate=7  sent=572278 pkt  402.230 MB  win=8.857 Mbps 1502.2 pkt/s  tot=11.247 Mbps 1907.6 pkt/s  late(win/tot)=90126/572278  worst_late(win/tot)=113.728/125.411 ms  drop_timing(win/tot)=61528/185983 pkt  drop_io(win/tot)=0/0 pkt  lost_samples(win/tot)=11075040/33476940  send_errors(win/tot)=0/0
2026-04-22 17:46:19 INFO STAT  crate=7  sent=664699 pkt  467.189 MB  win=9.081 Mbps 1540.3 pkt/s  tot=10.886 Mbps 1846.4 pkt/s  late(win/tot)=92421/664699  worst_late(win/tot)=113.598/125.411 ms  drop_timing(win/tot)=59243/245226 pkt  drop_io(win/tot)=0/0 pkt  lost_samples(win/tot)=10663740/44140680  send_errors(win/tot)=0/0
2026-04-22 17:47:19 INFO STAT  crate=7  sent=755235 pkt  530.823 MB  win=8.897 Mbps 1509.0 pkt/s  tot=10.602 Mbps 1798.2 pkt/s  late(win/tot)=90536/755235  worst_late(win/tot)=128.263/128.263 ms  drop_timing(win/tot)=61150/306376 pkt  drop_io(win/tot)=0/0 pkt  lost_samples(win/tot)=11007000/55147680  send_errors(win/tot)=0/0
2026-04-22 17:48:19 INFO STAT  crate=7  sent=846238 pkt  594.785 MB  win=8.942 Mbps 1516.7 pkt/s  tot=10.395 Mbps 1763.0 pkt/s  late(win/tot)=91003/846238  worst_late(win/tot)=109.443/128.263 ms  drop_timing(win/tot)=60633/367009 pkt  drop_io(win/tot)=0/0 pkt  lost_samples(win/tot)=10913940/66061620  send_errors(win/tot)=0/0
2026-04-22 17:49:19 INFO STAT  crate=7  sent=935535 pkt  657.548 MB  win=8.775 Mbps 1488.4 pkt/s  tot=10.215 Mbps 1732.5 pkt/s  late(win/tot)=89297/935535  worst_late(win/tot)=135.479/135.479 ms  drop_timing(win/tot)=62381/429390 pkt  drop_io(win/tot)=0/0 pkt  lost_samples(win/tot)=11228580/77290200  send_errors(win/tot)=0/0
2026-04-22 17:50:19 INFO STAT  crate=7  sent=1027824 pkt  722.414 MB  win=9.069 Mbps 1538.2 pkt/s  tot=10.100 Mbps 1713.0 pkt/s  late(win/tot)=92289/1027824  worst_late(win/tot)=117.797/135.479 ms  drop_timing(win/tot)=59369/488759 pkt  drop_io(win/tot)=0/0 pkt  lost_samples(win/tot)=10686420/87976620  send_errors(win/tot)=0/0
2026-04-22 17:51:19 INFO STAT  crate=7  sent=1119482 pkt  786.837 MB  win=9.007 Mbps 1527.6 pkt/s  tot=10.001 Mbps 1696.2 pkt/s  late(win/tot)=91658/1119482  worst_late(win/tot)=112.979/135.479 ms  drop_timing(win/tot)=60036/548795 pkt  drop_io(win/tot)=0/0 pkt  lost_samples(win/tot)=10806480/98783100  send_errors(win/tot)=0/0
2026-04-22 17:52:19 INFO STAT  crate=7  sent=1209698 pkt  850.246 MB  win=8.865 Mbps 1503.6 pkt/s  tot=9.906 Mbps 1680.1 pkt/s  late(win/tot)=90216/1209698  worst_late(win/tot)=120.987/135.479 ms  drop_timing(win/tot)=61431/610226 pkt  drop_io(win/tot)=0/0 pkt  lost_samples(win/tot)=11057580/109840680  send_errors(win/tot)=0/0
2026-04-22 17:53:19 INFO STAT  crate=7  sent=1300999 pkt  914.418 MB  win=8.972 Mbps 1521.7 pkt/s  tot=9.834 Mbps 1667.9 pkt/s  late(win/tot)=91301/1300999  worst_late(win/tot)=109.090/135.479 ms  drop_timing(win/tot)=60378/670604 pkt  drop_io(win/tot)=0/0 pkt  lost_samples(win/tot)=10868040/120708720  send_errors(win/tot)=0/0
2026-04-22 17:54:19 INFO STAT  crate=7  sent=1392073 pkt  978.430 MB  win=8.948 Mbps 1517.7 pkt/s  tot=9.771 Mbps 1657.2 pkt/s  late(win/tot)=91074/1392073  worst_late(win/tot)=117.617/135.479 ms  drop_timing(win/tot)=60586/731190 pkt  drop_io(win/tot)=0/0 pkt  lost_samples(win/tot)=10905480/131614200  send_errors(win/tot)=0/0
2026-04-22 17:55:19 INFO STAT  crate=7  sent=1483775 pkt  1042.883 MB  win=9.012 Mbps 1528.5 pkt/s  tot=9.720 Mbps 1648.6 pkt/s  late(win/tot)=91702/1483775  worst_late(win/tot)=110.261/135.479 ms  drop_timing(win/tot)=59953/791143 pkt  drop_io(win/tot)=0/0 pkt  lost_samples(win/tot)=10791540/142405740  send_errors(win/tot)=0/0
2026-04-22 17:56:19 INFO STAT  crate=7  sent=1575810 pkt  1107.571 MB  win=9.044 Mbps 1533.8 pkt/s  tot=9.678 Mbps 1641.5 pkt/s  late(win/tot)=92035/1575810  worst_late(win/tot)=122.308/135.479 ms  drop_timing(win/tot)=59620/850763 pkt  drop_io(win/tot)=0/0 pkt  lost_samples(win/tot)=10731600/153137340  send_errors(win/tot)=0/0
2026-04-22 17:57:19 INFO STAT  crate=7  sent=1666184 pkt  1171.091 MB  win=8.881 Mbps 1506.3 pkt/s  tot=9.631 Mbps 1633.5 pkt/s  late(win/tot)=90374/1666184  worst_late(win/tot)=123.638/135.479 ms  drop_timing(win/tot)=61321/912084 pkt  drop_io(win/tot)=0/0 pkt  lost_samples(win/tot)=11037780/164175120  send_errors(win/tot)=0/0
2026-04-22 17:58:19 INFO STAT  crate=7  sent=1757778 pkt  1235.468 MB  win=9.000 Mbps 1526.5 pkt/s  tot=9.596 Mbps 1627.6 pkt/s  late(win/tot)=91594/1757778  worst_late(win/tot)=129.393/135.479 ms  drop_timing(win/tot)=60063/972147 pkt  drop_io(win/tot)=0/0 pkt  lost_samples(win/tot)=10811340/174986460  send_errors(win/tot)=0/0
2026-04-22 17:59:19 INFO STAT  crate=7  sent=1849623 pkt  1300.022 MB  win=9.026 Mbps 1530.8 pkt/s  tot=9.566 Mbps 1622.5 pkt/s  late(win/tot)=91845/1849623  worst_late(win/tot)=114.282/135.479 ms  drop_timing(win/tot)=59811/1031958 pkt  drop_io(win/tot)=0/0 pkt  lost_samples(win/tot)=10765980/185752440  send_errors(win/tot)=0/0
2026-04-22 18:00:19 INFO STAT  crate=7  sent=1940177 pkt  1363.669 MB  win=8.898 Mbps 1509.2 pkt/s  tot=9.533 Mbps 1616.8 pkt/s  late(win/tot)=90554/1940177  worst_late(win/tot)=125.864/135.479 ms  drop_timing(win/tot)=61115/1093073 pkt  drop_io(win/tot)=0/0 pkt  lost_samples(win/tot)=11000700/196753140  send_errors(win/tot)=0/0
2026-04-22 18:01:19 INFO STAT  crate=7  sent=2030661 pkt  1427.266 MB  win=8.892 Mbps 1508.1 pkt/s  tot=9.502 Mbps 1611.6 pkt/s  late(win/tot)=90484/2030661  worst_late(win/tot)=120.642/135.479 ms  drop_timing(win/tot)=61208/1154281 pkt  drop_io(win/tot)=0/0 pkt  lost_samples(win/tot)=11017440/207770580  send_errors(win/tot)=0/0
2026-04-22 18:02:19 INFO STAT  crate=7  sent=2122243 pkt  1491.635 MB  win=8.999 Mbps 1526.4 pkt/s  tot=9.479 Mbps 1607.8 pkt/s  late(win/tot)=91582/2122243  worst_late(win/tot)=114.803/135.479 ms  drop_timing(win/tot)=60076/1214357 pkt  drop_io(win/tot)=0/0 pkt  lost_samples(win/tot)=10813680/218584260  send_errors(win/tot)=0/0
2026-04-22 18:03:19 INFO STAT  crate=7  sent=2214097 pkt  1556.196 MB  win=9.026 Mbps 1530.8 pkt/s  tot=9.460 Mbps 1604.4 pkt/s  late(win/tot)=91854/2214097  worst_late(win/tot)=112.588/135.479 ms  drop_timing(win/tot)=59808/1274165 pkt  drop_io(win/tot)=0/0 pkt  lost_samples(win/tot)=10765440/229349700  send_errors(win/tot)=0/0
2026-04-22 18:04:19 INFO STAT  crate=7  sent=2304859 pkt  1619.989 MB  win=8.919 Mbps 1512.8 pkt/s  tot=9.437 Mbps 1600.6 pkt/s  late(win/tot)=90762/2304859  worst_late(win/tot)=116.349/135.479 ms  drop_timing(win/tot)=60895/1335060 pkt  drop_io(win/tot)=0/0 pkt  lost_samples(win/tot)=10961100/240310800  send_errors(win/tot)=0/0
2026-04-22 18:05:19 INFO STAT  crate=7  sent=2395382 pkt  1683.613 MB  win=8.895 Mbps 1508.7 pkt/s  tot=9.415 Mbps 1596.9 pkt/s  late(win/tot)=90523/2395382  worst_late(win/tot)=133.580/135.479 ms  drop_timing(win/tot)=61140/1396200 pkt  drop_io(win/tot)=0/0 pkt  lost_samples(win/tot)=11005200/251316000  send_errors(win/tot)=0/0
2026-04-22 18:06:19 INFO STAT  crate=7  sent=2485812 pkt  1747.173 MB  win=8.886 Mbps 1507.2 pkt/s  tot=9.395 Mbps 1593.5 pkt/s  late(win/tot)=90430/2485812  worst_late(win/tot)=112.979/135.479 ms  drop_timing(win/tot)=61234/1457434 pkt  drop_io(win/tot)=0/0 pkt  lost_samples(win/tot)=11022120/262338120  send_errors(win/tot)=0/0
2026-04-22 18:07:19 INFO STAT  crate=7  sent=2574665 pkt  1809.624 MB  win=8.731 Mbps 1480.9 pkt/s  tot=9.371 Mbps 1589.3 pkt/s  late(win/tot)=88853/2574665  worst_late(win/tot)=127.812/135.479 ms  drop_timing(win/tot)=62828/1520262 pkt  drop_io(win/tot)=0/0 pkt  lost_samples(win/tot)=11309040/273647160  send_errors(win/tot)=0/0
2026-04-22 18:08:19 INFO STAT  crate=7  sent=2664839 pkt  1873.003 MB  win=8.861 Mbps 1502.8 pkt/s  tot=9.352 Mbps 1586.2 pkt/s  late(win/tot)=90174/2664839  worst_late(win/tot)=114.781/135.479 ms  drop_timing(win/tot)=61483/1581745 pkt  drop_io(win/tot)=0/0 pkt  lost_samples(win/tot)=11066940/284714100  send_errors(win/tot)=0/0
2026-04-22 18:09:03 INFO STAT  crate=7  sent=2730000 pkt  1918.802 MB  win=8.916 Mbps 1512.2 pkt/s  tot=9.341 Mbps 1584.4 pkt/s  late(win/tot)=65161/2730000  worst_late(win/tot)=112.850/135.479 ms  drop_timing(win/tot)=43062/1624807 pkt  drop_io(win/tot)=0/0 pkt  lost_samples(win/tot)=7751160/292465260  send_errors(win/tot)=0/0
2026-04-22 18:09:03 INFO Terminato
