2026-04-22 14:47:40 INFO Start crate=4 dst=131.154.99.225:6666
2026-04-22 14:47:40 INFO Streams=91  board=7  analog/board=12  digital_streams/board=1
2026-04-22 14:47:40 INFO Sample rate=5000 Hz  samples/pkt=180  pps/stream=27.777778  total_pps=2527.778
2026-04-22 14:47:40 INFO Packet len=737 B  expected throughput=14.904 Mbps
2026-04-22 14:47:40 INFO Analog FS=+/-10.000 V  noise_rms=0.010000 V  digital_flip_prob=0.002000
2026-04-22 14:48:40 INFO STAT  crate=4  sent=132405 pkt  93.062 MB  win=13.011 Mbps 2206.7 pkt/s  tot=13.011 Mbps 2206.7 pkt/s  late(win/tot)=132405/132405  worst_late(win/tot)=49.525/49.525 ms  drop_timing(win/tot)=19201/19201 pkt  drop_io(win/tot)=0/0 pkt  lost_samples(win/tot)=3456180/3456180  send_errors(win/tot)=0/0
2026-04-22 14:49:40 INFO STAT  crate=4  sent=257763 pkt  181.171 MB  win=12.319 Mbps 2089.3 pkt/s  tot=12.665 Mbps 2148.0 pkt/s  late(win/tot)=125358/257763  worst_late(win/tot)=84.355/84.355 ms  drop_timing(win/tot)=26299/45500 pkt  drop_io(win/tot)=0/0 pkt  lost_samples(win/tot)=4733820/8190000  send_errors(win/tot)=0/0
2026-04-22 14:50:40 INFO STAT  crate=4  sent=362427 pkt  254.735 MB  win=10.285 Mbps 1744.4 pkt/s  tot=11.871 Mbps 2013.5 pkt/s  late(win/tot)=104664/362427  worst_late(win/tot)=112.918/112.918 ms  drop_timing(win/tot)=47047/92547 pkt  drop_io(win/tot)=0/0 pkt  lost_samples(win/tot)=8468460/16658460  send_errors(win/tot)=0/0
2026-04-22 14:51:40 INFO STAT  crate=4  sent=448381 pkt  315.148 MB  win=8.446 Mbps 1432.6 pkt/s  tot=11.015 Mbps 1868.3 pkt/s  late(win/tot)=85954/448381  worst_late(win/tot)=119.805/119.805 ms  drop_timing(win/tot)=65637/158184 pkt  drop_io(win/tot)=0/0 pkt  lost_samples(win/tot)=11814660/28473120  send_errors(win/tot)=0/0
2026-04-22 14:52:40 INFO STAT  crate=4  sent=531500 pkt  373.569 MB  win=8.168 Mbps 1385.3 pkt/s  tot=10.446 Mbps 1771.7 pkt/s  late(win/tot)=83119/531500  worst_late(win/tot)=109.531/119.805 ms  drop_timing(win/tot)=68588/226772 pkt  drop_io(win/tot)=0/0 pkt  lost_samples(win/tot)=12345840/40818960  send_errors(win/tot)=0/0
2026-04-22 14:53:40 INFO STAT  crate=4  sent=613723 pkt  431.360 MB  win=8.080 Mbps 1370.4 pkt/s  tot=10.051 Mbps 1704.8 pkt/s  late(win/tot)=82223/613723  worst_late(win/tot)=119.901/119.901 ms  drop_timing(win/tot)=69394/296166 pkt  drop_io(win/tot)=0/0 pkt  lost_samples(win/tot)=12490920/53309880  send_errors(win/tot)=0/0
2026-04-22 14:54:40 INFO STAT  crate=4  sent=698935 pkt  491.252 MB  win=8.373 Mbps 1420.2 pkt/s  tot=9.812 Mbps 1664.1 pkt/s  late(win/tot)=85212/698935  worst_late(win/tot)=109.919/119.901 ms  drop_timing(win/tot)=66466/362632 pkt  drop_io(win/tot)=0/0 pkt  lost_samples(win/tot)=11963880/65273760  send_errors(win/tot)=0/0
2026-04-22 14:55:40 INFO STAT  crate=4  sent=779011 pkt  547.534 MB  win=7.869 Mbps 1334.6 pkt/s  tot=9.569 Mbps 1622.9 pkt/s  late(win/tot)=80076/779011  worst_late(win/tot)=118.900/119.901 ms  drop_timing(win/tot)=71576/434208 pkt  drop_io(win/tot)=0/0 pkt  lost_samples(win/tot)=12883680/78157440  send_errors(win/tot)=0/0
2026-04-22 14:56:40 INFO STAT  crate=4  sent=862377 pkt  606.129 MB  win=8.192 Mbps 1389.3 pkt/s  tot=9.416 Mbps 1597.0 pkt/s  late(win/tot)=83366/862377  worst_late(win/tot)=114.390/119.901 ms  drop_timing(win/tot)=68317/502525 pkt  drop_io(win/tot)=0/0 pkt  lost_samples(win/tot)=12297060/90454500  send_errors(win/tot)=0/0
2026-04-22 14:57:40 INFO STAT  crate=4  sent=948882 pkt  666.929 MB  win=8.501 Mbps 1441.7 pkt/s  tot=9.324 Mbps 1581.5 pkt/s  late(win/tot)=86505/948882  worst_late(win/tot)=117.228/119.901 ms  drop_timing(win/tot)=65159/567684 pkt  drop_io(win/tot)=0/0 pkt  lost_samples(win/tot)=11728620/102183120  send_errors(win/tot)=0/0
2026-04-22 14:58:40 INFO STAT  crate=4  sent=1032943 pkt  726.012 MB  win=8.260 Mbps 1401.0 pkt/s  tot=9.228 Mbps 1565.1 pkt/s  late(win/tot)=84061/1032943  worst_late(win/tot)=120.912/120.912 ms  drop_timing(win/tot)=67610/635294 pkt  drop_io(win/tot)=0/0 pkt  lost_samples(win/tot)=12169800/114352920  send_errors(win/tot)=0/0
2026-04-22 14:59:40 INFO STAT  crate=4  sent=1118432 pkt  786.099 MB  win=8.401 Mbps 1424.9 pkt/s  tot=9.159 Mbps 1553.4 pkt/s  late(win/tot)=85489/1118432  worst_late(win/tot)=114.896/120.912 ms  drop_timing(win/tot)=66225/701519 pkt  drop_io(win/tot)=0/0 pkt  lost_samples(win/tot)=11920500/126273420  send_errors(win/tot)=0/0
2026-04-22 15:00:40 INFO STAT  crate=4  sent=1202934 pkt  845.492 MB  win=8.304 Mbps 1408.4 pkt/s  tot=9.093 Mbps 1542.2 pkt/s  late(win/tot)=84502/1202934  worst_late(win/tot)=110.965/120.912 ms  drop_timing(win/tot)=67158/768677 pkt  drop_io(win/tot)=0/0 pkt  lost_samples(win/tot)=12088440/138361860  send_errors(win/tot)=0/0
2026-04-22 15:01:40 INFO STAT  crate=4  sent=1283187 pkt  901.898 MB  win=7.886 Mbps 1337.5 pkt/s  tot=9.007 Mbps 1527.6 pkt/s  late(win/tot)=80253/1283187  worst_late(win/tot)=110.942/120.912 ms  drop_timing(win/tot)=71370/840047 pkt  drop_io(win/tot)=0/0 pkt  lost_samples(win/tot)=12846600/151208460  send_errors(win/tot)=0/0
2026-04-22 15:02:40 INFO STAT  crate=4  sent=1363533 pkt  958.370 MB  win=7.895 Mbps 1339.1 pkt/s  tot=8.933 Mbps 1515.0 pkt/s  late(win/tot)=80346/1363533  worst_late(win/tot)=125.414/125.414 ms  drop_timing(win/tot)=71326/911373 pkt  drop_io(win/tot)=0/0 pkt  lost_samples(win/tot)=12838680/164047140  send_errors(win/tot)=0/0
2026-04-22 15:03:40 INFO STAT  crate=4  sent=1449352 pkt  1018.689 MB  win=8.434 Mbps 1430.4 pkt/s  tot=8.901 Mbps 1509.7 pkt/s  late(win/tot)=85819/1449352  worst_late(win/tot)=103.687/125.414 ms  drop_timing(win/tot)=65833/977206 pkt  drop_io(win/tot)=0/0 pkt  lost_samples(win/tot)=11849940/175897080  send_errors(win/tot)=0/0
2026-04-22 15:04:40 INFO STAT  crate=4  sent=1533470 pkt  1077.812 MB  win=8.266 Mbps 1402.0 pkt/s  tot=8.864 Mbps 1503.4 pkt/s  late(win/tot)=84118/1533470  worst_late(win/tot)=110.774/125.414 ms  drop_timing(win/tot)=67574/1044780 pkt  drop_io(win/tot)=0/0 pkt  lost_samples(win/tot)=12163320/188060400  send_errors(win/tot)=0/0
2026-04-22 15:05:40 INFO STAT  crate=4  sent=1616630 pkt  1136.261 MB  win=8.172 Mbps 1386.0 pkt/s  tot=8.826 Mbps 1496.9 pkt/s  late(win/tot)=83160/1616630  worst_late(win/tot)=116.566/125.414 ms  drop_timing(win/tot)=68514/1113294 pkt  drop_io(win/tot)=0/0 pkt  lost_samples(win/tot)=12332520/200392920  send_errors(win/tot)=0/0
2026-04-22 15:06:40 INFO STAT  crate=4  sent=1701780 pkt  1196.110 MB  win=8.367 Mbps 1419.1 pkt/s  tot=8.801 Mbps 1492.8 pkt/s  late(win/tot)=85150/1701780  worst_late(win/tot)=111.336/125.414 ms  drop_timing(win/tot)=66483/1179777 pkt  drop_io(win/tot)=0/0 pkt  lost_samples(win/tot)=11966940/212359860  send_errors(win/tot)=0/0
2026-04-22 15:07:40 INFO STAT  crate=4  sent=1781505 pkt  1252.145 MB  win=7.835 Mbps 1328.8 pkt/s  tot=8.753 Mbps 1484.6 pkt/s  late(win/tot)=79725/1781505  worst_late(win/tot)=120.112/125.414 ms  drop_timing(win/tot)=71933/1251710 pkt  drop_io(win/tot)=0/0 pkt  lost_samples(win/tot)=12947940/225307800  send_errors(win/tot)=0/0
2026-04-22 15:08:40 INFO STAT  crate=4  sent=1862323 pkt  1308.949 MB  win=7.942 Mbps 1347.0 pkt/s  tot=8.714 Mbps 1478.0 pkt/s  late(win/tot)=80818/1862323  worst_late(win/tot)=112.384/125.414 ms  drop_timing(win/tot)=70884/1322594 pkt  drop_io(win/tot)=0/0 pkt  lost_samples(win/tot)=12759120/238066920  send_errors(win/tot)=0/0
2026-04-22 15:09:40 INFO STAT  crate=4  sent=1948387 pkt  1369.439 MB  win=8.457 Mbps 1434.3 pkt/s  tot=8.703 Mbps 1476.0 pkt/s  late(win/tot)=86064/1948387  worst_late(win/tot)=113.917/125.414 ms  drop_timing(win/tot)=65584/1388178 pkt  drop_io(win/tot)=0/0 pkt  lost_samples(win/tot)=11805120/249872040  send_errors(win/tot)=0/0
2026-04-22 15:10:40 INFO STAT  crate=4  sent=2031767 pkt  1428.044 MB  win=8.194 Mbps 1389.8 pkt/s  tot=8.681 Mbps 1472.3 pkt/s  late(win/tot)=83380/2031767  worst_late(win/tot)=121.823/125.414 ms  drop_timing(win/tot)=68335/1456513 pkt  drop_io(win/tot)=0/0 pkt  lost_samples(win/tot)=12300300/262172340  send_errors(win/tot)=0/0
2026-04-22 15:11:40 INFO STAT  crate=4  sent=2119115 pkt  1489.437 MB  win=8.583 Mbps 1455.8 pkt/s  tot=8.677 Mbps 1471.6 pkt/s  late(win/tot)=87348/2119115  worst_late(win/tot)=116.939/125.414 ms  drop_timing(win/tot)=64293/1520806 pkt  drop_io(win/tot)=0/0 pkt  lost_samples(win/tot)=11572740/273745080  send_errors(win/tot)=0/0
2026-04-22 15:12:40 INFO STAT  crate=4  sent=2200562 pkt  1546.683 MB  win=8.003 Mbps 1357.4 pkt/s  tot=8.650 Mbps 1467.0 pkt/s  late(win/tot)=81447/2200562  worst_late(win/tot)=110.313/125.414 ms  drop_timing(win/tot)=70191/1590997 pkt  drop_io(win/tot)=0/0 pkt  lost_samples(win/tot)=12634380/286379460  send_errors(win/tot)=0/0
2026-04-22 15:13:40 INFO STAT  crate=4  sent=2286477 pkt  1607.069 MB  win=8.443 Mbps 1432.0 pkt/s  tot=8.642 Mbps 1465.7 pkt/s  late(win/tot)=85915/2286477  worst_late(win/tot)=108.770/125.414 ms  drop_timing(win/tot)=65840/1656837 pkt  drop_io(win/tot)=0/0 pkt  lost_samples(win/tot)=11851200/298230660  send_errors(win/tot)=0/0
2026-04-22 15:14:40 INFO STAT  crate=4  sent=2371047 pkt  1666.509 MB  win=8.310 Mbps 1409.5 pkt/s  tot=8.629 Mbps 1463.6 pkt/s  late(win/tot)=84570/2371047  worst_late(win/tot)=111.205/125.414 ms  drop_timing(win/tot)=67067/1723904 pkt  drop_io(win/tot)=0/0 pkt  lost_samples(win/tot)=12072060/310302720  send_errors(win/tot)=0/0
2026-04-22 15:15:40 INFO STAT  crate=4  sent=2452714 pkt  1723.910 MB  win=8.025 Mbps 1361.1 pkt/s  tot=8.608 Mbps 1459.9 pkt/s  late(win/tot)=81667/2452714  worst_late(win/tot)=121.812/125.414 ms  drop_timing(win/tot)=69979/1793883 pkt  drop_io(win/tot)=0/0 pkt  lost_samples(win/tot)=12596220/322898940  send_errors(win/tot)=0/0
2026-04-22 15:16:40 INFO STAT  crate=4  sent=2536256 pkt  1782.628 MB  win=8.209 Mbps 1392.4 pkt/s  tot=8.594 Mbps 1457.6 pkt/s  late(win/tot)=83542/2536256  worst_late(win/tot)=119.750/125.414 ms  drop_timing(win/tot)=68159/1862042 pkt  drop_io(win/tot)=0/0 pkt  lost_samples(win/tot)=12268620/335167560  send_errors(win/tot)=0/0
2026-04-22 15:17:40 INFO STAT  crate=4  sent=2620757 pkt  1842.020 MB  win=8.304 Mbps 1408.3 pkt/s  tot=8.584 Mbps 1456.0 pkt/s  late(win/tot)=84501/2620757  worst_late(win/tot)=120.666/125.414 ms  drop_timing(win/tot)=67143/1929185 pkt  drop_io(win/tot)=0/0 pkt  lost_samples(win/tot)=12085740/347253300  send_errors(win/tot)=0/0
2026-04-22 15:18:40 INFO STAT  crate=4  sent=2704339 pkt  1900.766 MB  win=8.213 Mbps 1393.0 pkt/s  tot=8.572 Mbps 1453.9 pkt/s  late(win/tot)=83582/2704339  worst_late(win/tot)=122.499/125.414 ms  drop_timing(win/tot)=68042/1997227 pkt  drop_io(win/tot)=0/0 pkt  lost_samples(win/tot)=12247560/359500860  send_errors(win/tot)=0/0
2026-04-22 15:18:59 INFO STAT  crate=4  sent=2730000 pkt  1918.802 MB  win=7.927 Mbps 1344.5 pkt/s  tot=8.566 Mbps 1452.8 pkt/s  late(win/tot)=25661/2730000  worst_late(win/tot)=108.398/125.414 ms  drop_timing(win/tot)=22609/2019836 pkt  drop_io(win/tot)=0/0 pkt  lost_samples(win/tot)=4069620/363570480  send_errors(win/tot)=0/0
2026-04-22 15:18:59 INFO Terminato
