2026-04-22 16:44:27 INFO Start crate=15 dst=131.154.99.225:6666
2026-04-22 16:44:27 INFO Streams=91  board=7  analog/board=12  digital_streams/board=1
2026-04-22 16:44:27 INFO Sample rate=5000 Hz  samples/pkt=180  pps/stream=27.777778  total_pps=2527.778
2026-04-22 16:44:27 INFO Packet len=737 B  expected throughput=14.904 Mbps
2026-04-22 16:44:27 INFO Analog FS=+/-10.000 V  noise_rms=0.010000 V  digital_flip_prob=0.002000
2026-04-22 16:45:27 INFO STAT  crate=15  sent=151215 pkt  106.283 MB  win=14.859 Mbps 2520.2 pkt/s  tot=14.859 Mbps 2520.2 pkt/s  late(win/tot)=151215/151215  worst_late(win/tot)=51.275/51.275 ms  drop_timing(win/tot)=452/452 pkt  drop_io(win/tot)=0/0 pkt  lost_samples(win/tot)=81360/81360  send_errors(win/tot)=0/0
2026-04-22 16:46:27 INFO STAT  crate=15  sent=302632 pkt  212.707 MB  win=14.879 Mbps 2523.6 pkt/s  tot=14.869 Mbps 2521.9 pkt/s  late(win/tot)=151417/302632  worst_late(win/tot)=49.066/51.275 ms  drop_timing(win/tot)=249/701 pkt  drop_io(win/tot)=0/0 pkt  lost_samples(win/tot)=44820/126180  send_errors(win/tot)=0/0
2026-04-22 16:47:27 INFO STAT  crate=15  sent=454058 pkt  319.138 MB  win=14.880 Mbps 2523.8 pkt/s  tot=14.873 Mbps 2522.5 pkt/s  late(win/tot)=151426/454058  worst_late(win/tot)=70.259/70.259 ms  drop_timing(win/tot)=241/942 pkt  drop_io(win/tot)=0/0 pkt  lost_samples(win/tot)=43380/169560  send_errors(win/tot)=0/0
2026-04-22 16:48:27 INFO STAT  crate=15  sent=605326 pkt  425.458 MB  win=14.865 Mbps 2521.1 pkt/s  tot=14.871 Mbps 2522.2 pkt/s  late(win/tot)=151268/605326  worst_late(win/tot)=49.009/70.259 ms  drop_timing(win/tot)=397/1339 pkt  drop_io(win/tot)=0/0 pkt  lost_samples(win/tot)=71460/241020  send_errors(win/tot)=0/0
2026-04-22 16:49:27 INFO STAT  crate=15  sent=756040 pkt  531.389 MB  win=14.810 Mbps 2511.9 pkt/s  tot=14.859 Mbps 2520.1 pkt/s  late(win/tot)=150714/756040  worst_late(win/tot)=59.453/70.259 ms  drop_timing(win/tot)=955/2294 pkt  drop_io(win/tot)=0/0 pkt  lost_samples(win/tot)=171900/412920  send_errors(win/tot)=0/0
2026-04-22 16:50:27 INFO STAT  crate=15  sent=906800 pkt  637.352 MB  win=14.815 Mbps 2512.7 pkt/s  tot=14.851 Mbps 2518.9 pkt/s  late(win/tot)=150760/906800  worst_late(win/tot)=66.691/70.259 ms  drop_timing(win/tot)=906/3200 pkt  drop_io(win/tot)=0/0 pkt  lost_samples(win/tot)=163080/576000  send_errors(win/tot)=0/0
2026-04-22 16:51:27 INFO STAT  crate=15  sent=1057633 pkt  743.366 MB  win=14.822 Mbps 2513.9 pkt/s  tot=14.847 Mbps 2518.2 pkt/s  late(win/tot)=150833/1057633  worst_late(win/tot)=52.463/70.259 ms  drop_timing(win/tot)=834/4034 pkt  drop_io(win/tot)=0/0 pkt  lost_samples(win/tot)=150120/726120  send_errors(win/tot)=0/0
2026-04-22 16:52:27 INFO STAT  crate=15  sent=1208501 pkt  849.405 MB  win=14.825 Mbps 2514.5 pkt/s  tot=14.844 Mbps 2517.7 pkt/s  late(win/tot)=150868/1208501  worst_late(win/tot)=59.117/70.259 ms  drop_timing(win/tot)=799/4833 pkt  drop_io(win/tot)=0/0 pkt  lost_samples(win/tot)=143820/869940  send_errors(win/tot)=0/0
2026-04-22 16:53:27 INFO STAT  crate=15  sent=1359704 pkt  955.679 MB  win=14.858 Mbps 2520.1 pkt/s  tot=14.846 Mbps 2518.0 pkt/s  late(win/tot)=151203/1359704  worst_late(win/tot)=60.703/70.259 ms  drop_timing(win/tot)=463/5296 pkt  drop_io(win/tot)=0/0 pkt  lost_samples(win/tot)=83340/953280  send_errors(win/tot)=0/0
2026-04-22 16:54:27 INFO STAT  crate=15  sent=1510970 pkt  1061.997 MB  win=14.864 Mbps 2521.1 pkt/s  tot=14.848 Mbps 2518.3 pkt/s  late(win/tot)=151266/1510970  worst_late(win/tot)=44.906/70.259 ms  drop_timing(win/tot)=401/5697 pkt  drop_io(win/tot)=0/0 pkt  lost_samples(win/tot)=72180/1025460  send_errors(win/tot)=0/0
2026-04-22 16:55:27 INFO STAT  crate=15  sent=1662091 pkt  1168.214 MB  win=14.850 Mbps 2518.7 pkt/s  tot=14.848 Mbps 2518.3 pkt/s  late(win/tot)=151121/1662091  worst_late(win/tot)=64.126/70.259 ms  drop_timing(win/tot)=546/6243 pkt  drop_io(win/tot)=0/0 pkt  lost_samples(win/tot)=98280/1123740  send_errors(win/tot)=0/0
2026-04-22 16:56:27 INFO STAT  crate=15  sent=1813757 pkt  1274.814 MB  win=14.904 Mbps 2527.8 pkt/s  tot=14.853 Mbps 2519.1 pkt/s  late(win/tot)=151666/1813757  worst_late(win/tot)=32.567/70.259 ms  drop_timing(win/tot)=0/6243 pkt  drop_io(win/tot)=0/0 pkt  lost_samples(win/tot)=0/1123740  send_errors(win/tot)=0/0
2026-04-22 16:57:27 INFO STAT  crate=15  sent=1965333 pkt  1381.350 MB  win=14.895 Mbps 2526.3 pkt/s  tot=14.856 Mbps 2519.7 pkt/s  late(win/tot)=151576/1965333  worst_late(win/tot)=55.408/70.259 ms  drop_timing(win/tot)=91/6334 pkt  drop_io(win/tot)=0/0 pkt  lost_samples(win/tot)=16380/1140120  send_errors(win/tot)=0/0
2026-04-22 16:58:27 INFO STAT  crate=15  sent=2116909 pkt  1487.886 MB  win=14.895 Mbps 2526.3 pkt/s  tot=14.859 Mbps 2520.1 pkt/s  late(win/tot)=151576/2116909  worst_late(win/tot)=52.746/70.259 ms  drop_timing(win/tot)=91/6425 pkt  drop_io(win/tot)=0/0 pkt  lost_samples(win/tot)=16380/1156500  send_errors(win/tot)=0/0
2026-04-22 16:59:27 INFO STAT  crate=15  sent=2268575 pkt  1594.486 MB  win=14.904 Mbps 2527.8 pkt/s  tot=14.862 Mbps 2520.6 pkt/s  late(win/tot)=151666/2268575  worst_late(win/tot)=34.808/70.259 ms  drop_timing(win/tot)=0/6425 pkt  drop_io(win/tot)=0/0 pkt  lost_samples(win/tot)=0/1156500  send_errors(win/tot)=0/0
2026-04-22 17:00:27 INFO STAT  crate=15  sent=2420176 pkt  1701.040 MB  win=14.897 Mbps 2526.7 pkt/s  tot=14.864 Mbps 2521.0 pkt/s  late(win/tot)=151600/2420175  worst_late(win/tot)=37.375/70.259 ms  drop_timing(win/tot)=43/6468 pkt  drop_io(win/tot)=0/0 pkt  lost_samples(win/tot)=7740/1164240  send_errors(win/tot)=0/0
2026-04-22 17:01:27 INFO STAT  crate=15  sent=2571866 pkt  1807.657 MB  win=14.906 Mbps 2528.2 pkt/s  tot=14.866 Mbps 2521.4 pkt/s  late(win/tot)=151689/2571864  worst_late(win/tot)=35.890/70.259 ms  drop_timing(win/tot)=0/6468 pkt  drop_io(win/tot)=0/0 pkt  lost_samples(win/tot)=0/1164240  send_errors(win/tot)=0/0
2026-04-22 17:02:27 INFO STAT  crate=15  sent=2723531 pkt  1914.255 MB  win=14.904 Mbps 2527.8 pkt/s  tot=14.868 Mbps 2521.8 pkt/s  late(win/tot)=151665/2723529  worst_late(win/tot)=26.448/70.259 ms  drop_timing(win/tot)=0/6468 pkt  drop_io(win/tot)=0/0 pkt  lost_samples(win/tot)=0/1164240  send_errors(win/tot)=0/0
2026-04-22 17:02:30 INFO STAT  crate=15  sent=2730000 pkt  1918.802 MB  win=13.691 Mbps 2322.1 pkt/s  tot=14.865 Mbps 2521.3 pkt/s  late(win/tot)=6469/2729998  worst_late(win/tot)=24.589/70.259 ms  drop_timing(win/tot)=0/6468 pkt  drop_io(win/tot)=0/0 pkt  lost_samples(win/tot)=0/1164240  send_errors(win/tot)=0/0
2026-04-22 17:02:30 INFO Terminato
