2026-04-22 16:38:00 INFO Start crate=3 dst=131.154.99.225:6666
2026-04-22 16:38:00 INFO Streams=91  board=7  analog/board=12  digital_streams/board=1
2026-04-22 16:38:00 INFO Sample rate=5000 Hz  samples/pkt=180  pps/stream=27.777778  total_pps=2527.778
2026-04-22 16:38:00 INFO Packet len=737 B  expected throughput=14.904 Mbps
2026-04-22 16:38:00 INFO Analog FS=+/-10.000 V  noise_rms=0.010000 V  digital_flip_prob=0.002000
2026-04-22 16:39:00 INFO STAT  crate=3  sent=130709 pkt  91.870 MB  win=12.844 Mbps 2178.5 pkt/s  tot=12.844 Mbps 2178.5 pkt/s  late(win/tot)=130709/130709  worst_late(win/tot)=56.969/56.969 ms  drop_timing(win/tot)=20930/20930 pkt  drop_io(win/tot)=0/0 pkt  lost_samples(win/tot)=3767400/3767400  send_errors(win/tot)=0/0
2026-04-22 16:40:00 INFO STAT  crate=3  sent=255383 pkt  179.498 MB  win=12.251 Mbps 2077.9 pkt/s  tot=12.548 Mbps 2128.2 pkt/s  late(win/tot)=124674/255383  worst_late(win/tot)=88.739/88.739 ms  drop_timing(win/tot)=26936/47866 pkt  drop_io(win/tot)=0/0 pkt  lost_samples(win/tot)=4848480/8615880  send_errors(win/tot)=0/0
2026-04-22 16:41:00 INFO STAT  crate=3  sent=360396 pkt  253.307 MB  win=10.319 Mbps 1750.2 pkt/s  tot=11.805 Mbps 2002.2 pkt/s  late(win/tot)=105013/360396  worst_late(win/tot)=117.281/117.281 ms  drop_timing(win/tot)=46683/94549 pkt  drop_io(win/tot)=0/0 pkt  lost_samples(win/tot)=8402940/17018820  send_errors(win/tot)=0/0
2026-04-22 16:42:00 INFO STAT  crate=3  sent=449409 pkt  315.871 MB  win=8.747 Mbps 1483.6 pkt/s  tot=11.040 Mbps 1872.5 pkt/s  late(win/tot)=89013/449409  worst_late(win/tot)=118.203/118.203 ms  drop_timing(win/tot)=62595/157144 pkt  drop_io(win/tot)=0/0 pkt  lost_samples(win/tot)=11267100/28285920  send_errors(win/tot)=0/0
2026-04-22 16:43:00 INFO STAT  crate=3  sent=532837 pkt  374.509 MB  win=8.198 Mbps 1390.5 pkt/s  tot=10.472 Mbps 1776.1 pkt/s  late(win/tot)=83428/532837  worst_late(win/tot)=126.604/126.604 ms  drop_timing(win/tot)=68263/225407 pkt  drop_io(win/tot)=0/0 pkt  lost_samples(win/tot)=12287340/40573260  send_errors(win/tot)=0/0
2026-04-22 16:44:00 INFO STAT  crate=3  sent=613678 pkt  431.328 MB  win=7.944 Mbps 1347.3 pkt/s  tot=10.051 Mbps 1704.7 pkt/s  late(win/tot)=80841/613678  worst_late(win/tot)=117.175/126.604 ms  drop_timing(win/tot)=70830/296237 pkt  drop_io(win/tot)=0/0 pkt  lost_samples(win/tot)=12749400/53322660  send_errors(win/tot)=0/0
2026-04-22 16:45:00 INFO STAT  crate=3  sent=696052 pkt  489.226 MB  win=8.094 Mbps 1372.9 pkt/s  tot=9.771 Mbps 1657.3 pkt/s  late(win/tot)=82374/696052  worst_late(win/tot)=119.562/126.604 ms  drop_timing(win/tot)=69273/365510 pkt  drop_io(win/tot)=0/0 pkt  lost_samples(win/tot)=12469140/65791800  send_errors(win/tot)=0/0
2026-04-22 16:46:00 INFO STAT  crate=3  sent=775683 pkt  545.195 MB  win=7.825 Mbps 1327.2 pkt/s  tot=9.528 Mbps 1616.0 pkt/s  late(win/tot)=79631/775683  worst_late(win/tot)=114.506/126.604 ms  drop_timing(win/tot)=72042/437552 pkt  drop_io(win/tot)=0/0 pkt  lost_samples(win/tot)=12967560/78759360  send_errors(win/tot)=0/0
2026-04-22 16:47:00 INFO STAT  crate=3  sent=853585 pkt  599.949 MB  win=7.655 Mbps 1298.4 pkt/s  tot=9.320 Mbps 1580.7 pkt/s  late(win/tot)=77902/853585  worst_late(win/tot)=119.906/126.604 ms  drop_timing(win/tot)=73755/511307 pkt  drop_io(win/tot)=0/0 pkt  lost_samples(win/tot)=13275900/92035260  send_errors(win/tot)=0/0
2026-04-22 16:48:00 INFO STAT  crate=3  sent=938367 pkt  659.539 MB  win=8.331 Mbps 1413.0 pkt/s  tot=9.221 Mbps 1563.9 pkt/s  late(win/tot)=84782/938367  worst_late(win/tot)=119.291/126.604 ms  drop_timing(win/tot)=66907/578214 pkt  drop_io(win/tot)=0/0 pkt  lost_samples(win/tot)=12043260/104078520  send_errors(win/tot)=0/0
2026-04-22 16:49:00 INFO STAT  crate=3  sent=1023647 pkt  719.478 MB  win=8.380 Mbps 1421.3 pkt/s  tot=9.145 Mbps 1551.0 pkt/s  late(win/tot)=85280/1023647  worst_late(win/tot)=112.680/126.604 ms  drop_timing(win/tot)=66368/644582 pkt  drop_io(win/tot)=0/0 pkt  lost_samples(win/tot)=11946240/116024760  send_errors(win/tot)=0/0
2026-04-22 16:50:00 INFO STAT  crate=3  sent=1102074 pkt  774.601 MB  win=7.707 Mbps 1307.1 pkt/s  tot=9.025 Mbps 1530.7 pkt/s  late(win/tot)=78427/1102074  worst_late(win/tot)=131.758/131.758 ms  drop_timing(win/tot)=73223/717805 pkt  drop_io(win/tot)=0/0 pkt  lost_samples(win/tot)=13180140/129204900  send_errors(win/tot)=0/0
2026-04-22 16:51:00 INFO STAT  crate=3  sent=1185085 pkt  832.946 MB  win=8.157 Mbps 1383.5 pkt/s  tot=8.958 Mbps 1519.3 pkt/s  late(win/tot)=83011/1185085  worst_late(win/tot)=117.167/131.758 ms  drop_timing(win/tot)=68663/786468 pkt  drop_io(win/tot)=0/0 pkt  lost_samples(win/tot)=12359340/141564240  send_errors(win/tot)=0/0
2026-04-22 16:52:00 INFO STAT  crate=3  sent=1271020 pkt  893.347 MB  win=8.444 Mbps 1432.2 pkt/s  tot=8.921 Mbps 1513.1 pkt/s  late(win/tot)=85935/1271020  worst_late(win/tot)=121.937/131.758 ms  drop_timing(win/tot)=65739/852207 pkt  drop_io(win/tot)=0/0 pkt  lost_samples(win/tot)=11833020/153397260  send_errors(win/tot)=0/0
2026-04-22 16:53:00 INFO STAT  crate=3  sent=1349478 pkt  948.491 MB  win=7.710 Mbps 1307.7 pkt/s  tot=8.841 Mbps 1499.4 pkt/s  late(win/tot)=78458/1349478  worst_late(win/tot)=138.754/138.754 ms  drop_timing(win/tot)=73213/925420 pkt  drop_io(win/tot)=0/0 pkt  lost_samples(win/tot)=13178340/166575600  send_errors(win/tot)=0/0
2026-04-22 16:54:00 INFO STAT  crate=3  sent=1430814 pkt  1005.659 MB  win=7.992 Mbps 1355.6 pkt/s  tot=8.788 Mbps 1490.4 pkt/s  late(win/tot)=81336/1430814  worst_late(win/tot)=119.152/138.754 ms  drop_timing(win/tot)=70328/995748 pkt  drop_io(win/tot)=0/0 pkt  lost_samples(win/tot)=12659040/179234640  send_errors(win/tot)=0/0
2026-04-22 16:55:00 INFO STAT  crate=3  sent=1510107 pkt  1061.391 MB  win=7.792 Mbps 1321.6 pkt/s  tot=8.729 Mbps 1480.5 pkt/s  late(win/tot)=79293/1510107  worst_late(win/tot)=123.045/138.754 ms  drop_timing(win/tot)=72378/1068126 pkt  drop_io(win/tot)=0/0 pkt  lost_samples(win/tot)=13028040/192262680  send_errors(win/tot)=0/0
2026-04-22 16:56:00 INFO STAT  crate=3  sent=1592948 pkt  1119.616 MB  win=8.140 Mbps 1380.7 pkt/s  tot=8.696 Mbps 1474.9 pkt/s  late(win/tot)=82841/1592948  worst_late(win/tot)=130.403/138.754 ms  drop_timing(win/tot)=68809/1136935 pkt  drop_io(win/tot)=0/0 pkt  lost_samples(win/tot)=12385620/204648300  send_errors(win/tot)=0/0
2026-04-22 16:57:00 INFO STAT  crate=3  sent=1672713 pkt  1175.680 MB  win=7.838 Mbps 1329.4 pkt/s  tot=8.651 Mbps 1467.3 pkt/s  late(win/tot)=79765/1672713  worst_late(win/tot)=110.453/138.754 ms  drop_timing(win/tot)=71958/1208893 pkt  drop_io(win/tot)=0/0 pkt  lost_samples(win/tot)=12952440/217600740  send_errors(win/tot)=0/0
2026-04-22 16:58:00 INFO STAT  crate=3  sent=1752109 pkt  1231.484 MB  win=7.802 Mbps 1323.3 pkt/s  tot=8.609 Mbps 1460.1 pkt/s  late(win/tot)=79396/1752109  worst_late(win/tot)=121.543/138.754 ms  drop_timing(win/tot)=72226/1281119 pkt  drop_io(win/tot)=0/0 pkt  lost_samples(win/tot)=13000680/230601420  send_errors(win/tot)=0/0
2026-04-22 16:59:00 INFO STAT  crate=3  sent=1834948 pkt  1289.708 MB  win=8.140 Mbps 1380.6 pkt/s  tot=8.586 Mbps 1456.3 pkt/s  late(win/tot)=82839/1834948  worst_late(win/tot)=119.543/138.754 ms  drop_timing(win/tot)=68829/1349948 pkt  drop_io(win/tot)=0/0 pkt  lost_samples(win/tot)=12389220/242990640  send_errors(win/tot)=0/0
2026-04-22 17:00:00 INFO STAT  crate=3  sent=1918924 pkt  1348.731 MB  win=8.252 Mbps 1399.6 pkt/s  tot=8.571 Mbps 1453.7 pkt/s  late(win/tot)=83976/1918924  worst_late(win/tot)=112.366/138.754 ms  drop_timing(win/tot)=67741/1417689 pkt  drop_io(win/tot)=0/0 pkt  lost_samples(win/tot)=12193380/255184020  send_errors(win/tot)=0/0
2026-04-22 17:01:00 INFO STAT  crate=3  sent=1998803 pkt  1404.875 MB  win=7.849 Mbps 1331.3 pkt/s  tot=8.540 Mbps 1448.4 pkt/s  late(win/tot)=79879/1998803  worst_late(win/tot)=114.038/138.754 ms  drop_timing(win/tot)=71799/1489488 pkt  drop_io(win/tot)=0/0 pkt  lost_samples(win/tot)=12923820/268107840  send_errors(win/tot)=0/0
2026-04-22 17:02:00 INFO STAT  crate=3  sent=2080794 pkt  1462.503 MB  win=8.057 Mbps 1366.5 pkt/s  tot=8.520 Mbps 1445.0 pkt/s  late(win/tot)=81991/2080794  worst_late(win/tot)=119.625/138.754 ms  drop_timing(win/tot)=69618/1559106 pkt  drop_io(win/tot)=0/0 pkt  lost_samples(win/tot)=12531240/280639080  send_errors(win/tot)=0/0
2026-04-22 17:03:00 INFO STAT  crate=3  sent=2161244 pkt  1519.048 MB  win=7.905 Mbps 1340.8 pkt/s  tot=8.495 Mbps 1440.8 pkt/s  late(win/tot)=80450/2161244  worst_late(win/tot)=110.880/138.754 ms  drop_timing(win/tot)=71207/1630313 pkt  drop_io(win/tot)=0/0 pkt  lost_samples(win/tot)=12817260/293456340  send_errors(win/tot)=0/0
2026-04-22 17:04:00 INFO STAT  crate=3  sent=2242122 pkt  1575.893 MB  win=7.948 Mbps 1348.0 pkt/s  tot=8.474 Mbps 1437.3 pkt/s  late(win/tot)=80878/2242122  worst_late(win/tot)=122.680/138.754 ms  drop_timing(win/tot)=70793/1701106 pkt  drop_io(win/tot)=0/0 pkt  lost_samples(win/tot)=12742740/306199080  send_errors(win/tot)=0/0
2026-04-22 17:05:00 INFO STAT  crate=3  sent=2323742 pkt  1633.261 MB  win=8.021 Mbps 1360.4 pkt/s  tot=8.457 Mbps 1434.4 pkt/s  late(win/tot)=81620/2323742  worst_late(win/tot)=120.209/138.754 ms  drop_timing(win/tot)=70118/1771224 pkt  drop_io(win/tot)=0/0 pkt  lost_samples(win/tot)=12621240/318820320  send_errors(win/tot)=0/0
2026-04-22 17:06:00 INFO STAT  crate=3  sent=2410920 pkt  1694.534 MB  win=8.567 Mbps 1453.0 pkt/s  tot=8.461 Mbps 1435.1 pkt/s  late(win/tot)=87178/2410920  worst_late(win/tot)=125.250/138.754 ms  drop_timing(win/tot)=64422/1835646 pkt  drop_io(win/tot)=0/0 pkt  lost_samples(win/tot)=11595960/330416280  send_errors(win/tot)=0/0
2026-04-22 17:07:00 INFO STAT  crate=3  sent=2501145 pkt  1757.950 MB  win=8.866 Mbps 1503.7 pkt/s  tot=8.475 Mbps 1437.4 pkt/s  late(win/tot)=90225/2501145  worst_late(win/tot)=108.978/138.754 ms  drop_timing(win/tot)=61444/1897090 pkt  drop_io(win/tot)=0/0 pkt  lost_samples(win/tot)=11059920/341476200  send_errors(win/tot)=0/0
2026-04-22 17:08:00 INFO STAT  crate=3  sent=2584627 pkt  1816.626 MB  win=8.204 Mbps 1391.4 pkt/s  tot=8.466 Mbps 1435.9 pkt/s  late(win/tot)=83482/2584627  worst_late(win/tot)=109.807/138.754 ms  drop_timing(win/tot)=68182/1965272 pkt  drop_io(win/tot)=0/0 pkt  lost_samples(win/tot)=12272760/353748960  send_errors(win/tot)=0/0
2026-04-22 17:09:00 INFO STAT  crate=3  sent=2664955 pkt  1873.085 MB  win=7.894 Mbps 1338.8 pkt/s  tot=8.448 Mbps 1432.8 pkt/s  late(win/tot)=80328/2664955  worst_late(win/tot)=113.731/138.754 ms  drop_timing(win/tot)=71399/2036671 pkt  drop_io(win/tot)=0/0 pkt  lost_samples(win/tot)=12851820/366600780  send_errors(win/tot)=0/0
2026-04-22 17:09:44 INFO STAT  crate=3  sent=2730000 pkt  1918.802 MB  win=8.699 Mbps 1475.5 pkt/s  tot=8.453 Mbps 1433.8 pkt/s  late(win/tot)=65045/2730000  worst_late(win/tot)=113.281/138.754 ms  drop_timing(win/tot)=46410/2083081 pkt  drop_io(win/tot)=0/0 pkt  lost_samples(win/tot)=8353800/374954580  send_errors(win/tot)=0/0
2026-04-22 17:09:44 INFO Terminato
