2026-04-22 17:47:36 INFO Start crate=22 dst=131.154.99.225:6666
2026-04-22 17:47:36 INFO Streams=91  board=7  analog/board=12  digital_streams/board=1
2026-04-22 17:47:36 INFO Sample rate=5000 Hz  samples/pkt=180  pps/stream=27.777778  total_pps=2527.778
2026-04-22 17:47:36 INFO Packet len=737 B  expected throughput=14.904 Mbps
2026-04-22 17:47:36 INFO Analog FS=+/-10.000 V  noise_rms=0.010000 V  digital_flip_prob=0.002000
2026-04-22 17:48:36 INFO STAT  crate=22  sent=151066 pkt  106.178 MB  win=14.845 Mbps 2517.8 pkt/s  tot=14.845 Mbps 2517.8 pkt/s  late(win/tot)=151066/151066  worst_late(win/tot)=41.159/41.159 ms  drop_timing(win/tot)=601/601 pkt  drop_io(win/tot)=0/0 pkt  lost_samples(win/tot)=108180/108180  send_errors(win/tot)=0/0
2026-04-22 17:49:36 INFO STAT  crate=22  sent=281369 pkt  197.762 MB  win=12.804 Mbps 2171.7 pkt/s  tot=13.825 Mbps 2344.7 pkt/s  late(win/tot)=130303/281369  worst_late(win/tot)=97.647/97.647 ms  drop_timing(win/tot)=21363/21964 pkt  drop_io(win/tot)=0/0 pkt  lost_samples(win/tot)=3845340/3953520  send_errors(win/tot)=0/0
2026-04-22 17:50:36 INFO STAT  crate=22  sent=386466 pkt  271.631 MB  win=10.328 Mbps 1751.6 pkt/s  tot=12.659 Mbps 2147.0 pkt/s  late(win/tot)=105097/386466  worst_late(win/tot)=118.314/118.314 ms  drop_timing(win/tot)=46543/68507 pkt  drop_io(win/tot)=0/0 pkt  lost_samples(win/tot)=8377740/12331260  send_errors(win/tot)=0/0
2026-04-22 17:51:36 INFO STAT  crate=22  sent=476587 pkt  334.973 MB  win=8.855 Mbps 1501.8 pkt/s  tot=11.708 Mbps 1985.7 pkt/s  late(win/tot)=90121/476587  worst_late(win/tot)=132.938/132.938 ms  drop_timing(win/tot)=61482/129989 pkt  drop_io(win/tot)=0/0 pkt  lost_samples(win/tot)=11066760/23398020  send_errors(win/tot)=0/0
2026-04-22 17:52:36 INFO STAT  crate=22  sent=556442 pkt  391.100 MB  win=7.848 Mbps 1331.0 pkt/s  tot=10.936 Mbps 1854.8 pkt/s  late(win/tot)=79855/556442  worst_late(win/tot)=131.301/132.938 ms  drop_timing(win/tot)=71827/201816 pkt  drop_io(win/tot)=0/0 pkt  lost_samples(win/tot)=12928860/36326880  send_errors(win/tot)=0/0
2026-04-22 17:53:36 INFO STAT  crate=22  sent=637352 pkt  447.968 MB  win=7.951 Mbps 1348.6 pkt/s  tot=10.438 Mbps 1770.4 pkt/s  late(win/tot)=80910/637352  worst_late(win/tot)=139.053/139.053 ms  drop_timing(win/tot)=70725/272541 pkt  drop_io(win/tot)=0/0 pkt  lost_samples(win/tot)=12730500/49057380  send_errors(win/tot)=0/0
2026-04-22 17:54:36 INFO STAT  crate=22  sent=715093 pkt  502.609 MB  win=7.639 Mbps 1295.6 pkt/s  tot=10.038 Mbps 1702.6 pkt/s  late(win/tot)=77741/715093  worst_late(win/tot)=130.556/139.053 ms  drop_timing(win/tot)=73940/346481 pkt  drop_io(win/tot)=0/0 pkt  lost_samples(win/tot)=13309200/62366580  send_errors(win/tot)=0/0
2026-04-22 17:55:36 INFO STAT  crate=22  sent=795351 pkt  559.019 MB  win=7.887 Mbps 1337.7 pkt/s  tot=9.770 Mbps 1657.0 pkt/s  late(win/tot)=80258/795351  worst_late(win/tot)=135.409/139.053 ms  drop_timing(win/tot)=71418/417899 pkt  drop_io(win/tot)=0/0 pkt  lost_samples(win/tot)=12855240/75221820  send_errors(win/tot)=0/0
2026-04-22 17:56:36 INFO STAT  crate=22  sent=875715 pkt  615.503 MB  win=7.897 Mbps 1339.3 pkt/s  tot=9.561 Mbps 1621.7 pkt/s  late(win/tot)=80364/875715  worst_late(win/tot)=149.321/149.321 ms  drop_timing(win/tot)=71304/489203 pkt  drop_io(win/tot)=0/0 pkt  lost_samples(win/tot)=12834720/88056540  send_errors(win/tot)=0/0
2026-04-22 17:57:36 INFO STAT  crate=22  sent=957762 pkt  673.171 MB  win=8.062 Mbps 1367.4 pkt/s  tot=9.412 Mbps 1596.3 pkt/s  late(win/tot)=82047/957762  worst_late(win/tot)=118.763/149.321 ms  drop_timing(win/tot)=69615/558818 pkt  drop_io(win/tot)=0/0 pkt  lost_samples(win/tot)=12530700/100587240  send_errors(win/tot)=0/0
2026-04-22 17:58:36 INFO STAT  crate=22  sent=1041147 pkt  731.778 MB  win=8.194 Mbps 1389.8 pkt/s  tot=9.301 Mbps 1577.5 pkt/s  late(win/tot)=83385/1041147  worst_late(win/tot)=113.950/149.321 ms  drop_timing(win/tot)=68280/627098 pkt  drop_io(win/tot)=0/0 pkt  lost_samples(win/tot)=12290400/112877640  send_errors(win/tot)=0/0
2026-04-22 17:59:36 INFO STAT  crate=22  sent=1121773 pkt  788.447 MB  win=7.923 Mbps 1343.8 pkt/s  tot=9.186 Mbps 1558.0 pkt/s  late(win/tot)=80626/1121773  worst_late(win/tot)=157.017/157.017 ms  drop_timing(win/tot)=71044/698142 pkt  drop_io(win/tot)=0/0 pkt  lost_samples(win/tot)=12787920/125665560  send_errors(win/tot)=0/0
2026-04-22 18:00:36 INFO STAT  crate=22  sent=1204072 pkt  846.292 MB  win=8.087 Mbps 1371.6 pkt/s  tot=9.102 Mbps 1543.7 pkt/s  late(win/tot)=82299/1204072  worst_late(win/tot)=114.639/157.017 ms  drop_timing(win/tot)=69376/767518 pkt  drop_io(win/tot)=0/0 pkt  lost_samples(win/tot)=12487680/138153240  send_errors(win/tot)=0/0
2026-04-22 18:01:36 INFO STAT  crate=22  sent=1286946 pkt  904.540 MB  win=8.144 Mbps 1381.3 pkt/s  tot=9.033 Mbps 1532.1 pkt/s  late(win/tot)=82874/1286946  worst_late(win/tot)=115.341/157.017 ms  drop_timing(win/tot)=68794/836312 pkt  drop_io(win/tot)=0/0 pkt  lost_samples(win/tot)=12382920/150536160  send_errors(win/tot)=0/0
2026-04-22 18:02:36 INFO STAT  crate=22  sent=1368392 pkt  961.785 MB  win=8.003 Mbps 1357.4 pkt/s  tot=8.964 Mbps 1520.4 pkt/s  late(win/tot)=81446/1368392  worst_late(win/tot)=134.665/157.017 ms  drop_timing(win/tot)=70208/906520 pkt  drop_io(win/tot)=0/0 pkt  lost_samples(win/tot)=12637440/163173600  send_errors(win/tot)=0/0
2026-04-22 18:03:36 INFO STAT  crate=22  sent=1450560 pkt  1019.538 MB  win=8.074 Mbps 1369.4 pkt/s  tot=8.909 Mbps 1511.0 pkt/s  late(win/tot)=82168/1450560  worst_late(win/tot)=130.853/157.017 ms  drop_timing(win/tot)=69503/976023 pkt  drop_io(win/tot)=0/0 pkt  lost_samples(win/tot)=12510540/175684140  send_errors(win/tot)=0/0
2026-04-22 18:04:36 INFO STAT  crate=22  sent=1528493 pkt  1074.313 MB  win=7.659 Mbps 1299.0 pkt/s  tot=8.835 Mbps 1498.5 pkt/s  late(win/tot)=77933/1528493  worst_late(win/tot)=130.339/157.017 ms  drop_timing(win/tot)=73722/1049745 pkt  drop_io(win/tot)=0/0 pkt  lost_samples(win/tot)=13269960/188954100  send_errors(win/tot)=0/0
2026-04-22 18:05:36 INFO STAT  crate=22  sent=1603915 pkt  1127.324 MB  win=7.411 Mbps 1257.0 pkt/s  tot=8.756 Mbps 1485.1 pkt/s  late(win/tot)=75422/1603915  worst_late(win/tot)=142.572/157.017 ms  drop_timing(win/tot)=76256/1126001 pkt  drop_io(win/tot)=0/0 pkt  lost_samples(win/tot)=13726080/202680180  send_errors(win/tot)=0/0
2026-04-22 18:06:36 INFO STAT  crate=22  sent=1684961 pkt  1184.288 MB  win=7.964 Mbps 1350.8 pkt/s  tot=8.714 Mbps 1478.0 pkt/s  late(win/tot)=81046/1684961  worst_late(win/tot)=112.181/157.017 ms  drop_timing(win/tot)=70616/1196617 pkt  drop_io(win/tot)=0/0 pkt  lost_samples(win/tot)=12710880/215391060  send_errors(win/tot)=0/0
2026-04-22 18:07:36 INFO STAT  crate=22  sent=1768388 pkt  1242.926 MB  win=8.198 Mbps 1390.4 pkt/s  tot=8.689 Mbps 1473.7 pkt/s  late(win/tot)=83427/1768388  worst_late(win/tot)=122.745/157.017 ms  drop_timing(win/tot)=68242/1264859 pkt  drop_io(win/tot)=0/0 pkt  lost_samples(win/tot)=12283560/227674620  send_errors(win/tot)=0/0
2026-04-22 18:08:36 INFO STAT  crate=22  sent=1849239 pkt  1299.752 MB  win=7.945 Mbps 1347.5 pkt/s  tot=8.653 Mbps 1467.6 pkt/s  late(win/tot)=80851/1849239  worst_late(win/tot)=131.063/157.017 ms  drop_timing(win/tot)=70817/1335676 pkt  drop_io(win/tot)=0/0 pkt  lost_samples(win/tot)=12747060/240421680  send_errors(win/tot)=0/0
2026-04-22 18:09:36 INFO STAT  crate=22  sent=1926834 pkt  1354.291 MB  win=7.625 Mbps 1293.3 pkt/s  tot=8.606 Mbps 1459.7 pkt/s  late(win/tot)=77595/1926834  worst_late(win/tot)=150.786/157.017 ms  drop_timing(win/tot)=74082/1409758 pkt  drop_io(win/tot)=0/0 pkt  lost_samples(win/tot)=13334760/253756440  send_errors(win/tot)=0/0
2026-04-22 18:10:36 INFO STAT  crate=22  sent=2004406 pkt  1408.813 MB  win=7.623 Mbps 1292.9 pkt/s  tot=8.564 Mbps 1452.5 pkt/s  late(win/tot)=77572/2004406  worst_late(win/tot)=137.380/157.017 ms  drop_timing(win/tot)=74085/1483843 pkt  drop_io(win/tot)=0/0 pkt  lost_samples(win/tot)=13335300/267091740  send_errors(win/tot)=0/0
2026-04-22 18:11:36 INFO STAT  crate=22  sent=2086141 pkt  1466.261 MB  win=8.032 Mbps 1362.3 pkt/s  tot=8.542 Mbps 1448.7 pkt/s  late(win/tot)=81735/2086141  worst_late(win/tot)=133.101/157.017 ms  drop_timing(win/tot)=69951/1553794 pkt  drop_io(win/tot)=0/0 pkt  lost_samples(win/tot)=12591180/279682920  send_errors(win/tot)=0/0
2026-04-22 18:12:36 INFO STAT  crate=22  sent=2169645 pkt  1524.952 MB  win=8.206 Mbps 1391.7 pkt/s  tot=8.528 Mbps 1446.4 pkt/s  late(win/tot)=83504/2169645  worst_late(win/tot)=135.729/157.017 ms  drop_timing(win/tot)=68163/1621957 pkt  drop_io(win/tot)=0/0 pkt  lost_samples(win/tot)=12269340/291952260  send_errors(win/tot)=0/0
2026-04-22 18:13:36 INFO STAT  crate=22  sent=2251094 pkt  1582.199 MB  win=8.003 Mbps 1357.4 pkt/s  tot=8.508 Mbps 1443.0 pkt/s  late(win/tot)=81449/2251094  worst_late(win/tot)=123.062/157.017 ms  drop_timing(win/tot)=70205/1692162 pkt  drop_io(win/tot)=0/0 pkt  lost_samples(win/tot)=12636900/304589160  send_errors(win/tot)=0/0
2026-04-22 18:14:36 INFO STAT  crate=22  sent=2334163 pkt  1640.585 MB  win=8.163 Mbps 1384.6 pkt/s  tot=8.495 Mbps 1440.8 pkt/s  late(win/tot)=83069/2334163  worst_late(win/tot)=127.608/157.017 ms  drop_timing(win/tot)=68584/1760746 pkt  drop_io(win/tot)=0/0 pkt  lost_samples(win/tot)=12345120/316934280  send_errors(win/tot)=0/0
2026-04-22 18:15:36 INFO STAT  crate=22  sent=2417240 pkt  1698.976 MB  win=8.164 Mbps 1384.6 pkt/s  tot=8.483 Mbps 1438.8 pkt/s  late(win/tot)=83077/2417240  worst_late(win/tot)=142.707/157.017 ms  drop_timing(win/tot)=68596/1829342 pkt  drop_io(win/tot)=0/0 pkt  lost_samples(win/tot)=12347280/329281560  send_errors(win/tot)=0/0
2026-04-22 18:16:36 INFO STAT  crate=22  sent=2501291 pkt  1758.052 MB  win=8.257 Mbps 1400.5 pkt/s  tot=8.476 Mbps 1437.5 pkt/s  late(win/tot)=84051/2501291  worst_late(win/tot)=113.712/157.017 ms  drop_timing(win/tot)=67580/1896922 pkt  drop_io(win/tot)=0/0 pkt  lost_samples(win/tot)=12164400/341445960  send_errors(win/tot)=0/0
2026-04-22 18:17:36 INFO STAT  crate=22  sent=2584187 pkt  1816.316 MB  win=8.147 Mbps 1381.8 pkt/s  tot=8.465 Mbps 1435.7 pkt/s  late(win/tot)=82896/2584187  worst_late(win/tot)=126.306/157.017 ms  drop_timing(win/tot)=68803/1965725 pkt  drop_io(win/tot)=0/0 pkt  lost_samples(win/tot)=12384540/353830500  send_errors(win/tot)=0/0
2026-04-22 18:18:36 INFO STAT  crate=22  sent=2666344 pkt  1874.061 MB  win=8.073 Mbps 1369.3 pkt/s  tot=8.452 Mbps 1433.5 pkt/s  late(win/tot)=82157/2666344  worst_late(win/tot)=128.971/157.017 ms  drop_timing(win/tot)=69530/2035255 pkt  drop_io(win/tot)=0/0 pkt  lost_samples(win/tot)=12515400/366345900  send_errors(win/tot)=0/0
2026-04-22 18:19:23 INFO STAT  crate=22  sent=2730000 pkt  1918.802 MB  win=7.912 Mbps 1341.9 pkt/s  tot=8.439 Mbps 1431.2 pkt/s  late(win/tot)=63656/2730000  worst_late(win/tot)=142.936/157.017 ms  drop_timing(win/tot)=55224/2090479 pkt  drop_io(win/tot)=0/0 pkt  lost_samples(win/tot)=9940320/376286220  send_errors(win/tot)=0/0
2026-04-22 18:19:23 INFO Terminato
