2026-04-22 17:44:52 INFO Start crate=16 dst=131.154.99.225:6666
2026-04-22 17:44:52 INFO Streams=91  board=7  analog/board=12  digital_streams/board=1
2026-04-22 17:44:52 INFO Sample rate=5000 Hz  samples/pkt=180  pps/stream=27.777778  total_pps=2527.778
2026-04-22 17:44:52 INFO Packet len=737 B  expected throughput=14.904 Mbps
2026-04-22 17:44:52 INFO Analog FS=+/-10.000 V  noise_rms=0.010000 V  digital_flip_prob=0.002000
2026-04-22 17:45:52 INFO STAT  crate=16  sent=128994 pkt  90.664 MB  win=12.675 Mbps 2149.8 pkt/s  tot=12.675 Mbps 2149.8 pkt/s  late(win/tot)=128994/128994  worst_late(win/tot)=87.183/87.183 ms  drop_timing(win/tot)=22572/22572 pkt  drop_io(win/tot)=0/0 pkt  lost_samples(win/tot)=4062960/4062960  send_errors(win/tot)=0/0
2026-04-22 17:46:52 INFO STAT  crate=16  sent=233355 pkt  164.015 MB  win=10.256 Mbps 1739.4 pkt/s  tot=11.465 Mbps 1944.6 pkt/s  late(win/tot)=104361/233355  worst_late(win/tot)=127.445/127.445 ms  drop_timing(win/tot)=47333/69905 pkt  drop_io(win/tot)=0/0 pkt  lost_samples(win/tot)=8519940/12582900  send_errors(win/tot)=0/0
2026-04-22 17:47:52 INFO STAT  crate=16  sent=322855 pkt  226.921 MB  win=8.794 Mbps 1491.6 pkt/s  tot=10.575 Mbps 1793.6 pkt/s  late(win/tot)=89500/322855  worst_late(win/tot)=120.128/127.445 ms  drop_timing(win/tot)=62159/132064 pkt  drop_io(win/tot)=0/0 pkt  lost_samples(win/tot)=11188620/23771520  send_errors(win/tot)=0/0
2026-04-22 17:48:52 INFO STAT  crate=16  sent=402780 pkt  283.097 MB  win=7.854 Mbps 1332.1 pkt/s  tot=9.895 Mbps 1678.2 pkt/s  late(win/tot)=79925/402780  worst_late(win/tot)=129.842/129.842 ms  drop_timing(win/tot)=71664/203728 pkt  drop_io(win/tot)=0/0 pkt  lost_samples(win/tot)=12899520/36671040  send_errors(win/tot)=0/0
2026-04-22 17:49:52 INFO STAT  crate=16  sent=471710 pkt  331.545 MB  win=6.774 Mbps 1148.8 pkt/s  tot=9.271 Mbps 1572.4 pkt/s  late(win/tot)=68930/471710  worst_late(win/tot)=138.825/138.825 ms  drop_timing(win/tot)=82785/286513 pkt  drop_io(win/tot)=0/0 pkt  lost_samples(win/tot)=14901300/51572340  send_errors(win/tot)=0/0
2026-04-22 17:50:52 INFO STAT  crate=16  sent=539076 pkt  378.894 MB  win=6.619 Mbps 1122.6 pkt/s  tot=8.829 Mbps 1497.4 pkt/s  late(win/tot)=67366/539076  worst_late(win/tot)=142.969/142.969 ms  drop_timing(win/tot)=84301/370814 pkt  drop_io(win/tot)=0/0 pkt  lost_samples(win/tot)=15174180/66746520  send_errors(win/tot)=0/0
2026-04-22 17:51:52 INFO STAT  crate=16  sent=613617 pkt  431.286 MB  win=7.326 Mbps 1242.5 pkt/s  tot=8.614 Mbps 1461.0 pkt/s  late(win/tot)=74541/613617  worst_late(win/tot)=138.692/142.969 ms  drop_timing(win/tot)=77132/447946 pkt  drop_io(win/tot)=0/0 pkt  lost_samples(win/tot)=13883760/80630280  send_errors(win/tot)=0/0
2026-04-22 17:52:52 INFO STAT  crate=16  sent=683697 pkt  480.542 MB  win=6.887 Mbps 1168.0 pkt/s  tot=8.398 Mbps 1424.4 pkt/s  late(win/tot)=70080/683697  worst_late(win/tot)=155.788/155.788 ms  drop_timing(win/tot)=81612/529558 pkt  drop_io(win/tot)=0/0 pkt  lost_samples(win/tot)=14690160/95320440  send_errors(win/tot)=0/0
2026-04-22 17:53:52 INFO STAT  crate=16  sent=756935 pkt  532.018 MB  win=7.197 Mbps 1220.6 pkt/s  tot=8.265 Mbps 1401.7 pkt/s  late(win/tot)=73238/756935  worst_late(win/tot)=133.410/155.788 ms  drop_timing(win/tot)=78359/607917 pkt  drop_io(win/tot)=0/0 pkt  lost_samples(win/tot)=14104620/109425060  send_errors(win/tot)=0/0
2026-04-22 17:54:52 INFO STAT  crate=16  sent=826239 pkt  580.729 MB  win=6.811 Mbps 1155.1 pkt/s  tot=8.119 Mbps 1377.1 pkt/s  late(win/tot)=69304/826239  worst_late(win/tot)=161.680/161.680 ms  drop_timing(win/tot)=82399/690316 pkt  drop_io(win/tot)=0/0 pkt  lost_samples(win/tot)=14831820/124256880  send_errors(win/tot)=0/0
2026-04-22 17:55:52 INFO STAT  crate=16  sent=895576 pkt  629.463 MB  win=6.813 Mbps 1155.6 pkt/s  tot=8.000 Mbps 1356.9 pkt/s  late(win/tot)=69337/895576  worst_late(win/tot)=150.419/161.680 ms  drop_timing(win/tot)=82296/772612 pkt  drop_io(win/tot)=0/0 pkt  lost_samples(win/tot)=14813280/139070160  send_errors(win/tot)=0/0
2026-04-22 17:56:52 INFO STAT  crate=16  sent=966259 pkt  679.143 MB  win=6.945 Mbps 1178.0 pkt/s  tot=7.913 Mbps 1342.0 pkt/s  late(win/tot)=70683/966259  worst_late(win/tot)=149.958/161.680 ms  drop_timing(win/tot)=80977/853589 pkt  drop_io(win/tot)=0/0 pkt  lost_samples(win/tot)=14575860/153646020  send_errors(win/tot)=0/0
2026-04-22 17:57:52 INFO STAT  crate=16  sent=1043270 pkt  733.271 MB  win=7.567 Mbps 1283.4 pkt/s  tot=7.886 Mbps 1337.5 pkt/s  late(win/tot)=77011/1043270  worst_late(win/tot)=139.387/161.680 ms  drop_timing(win/tot)=74715/928304 pkt  drop_io(win/tot)=0/0 pkt  lost_samples(win/tot)=13448700/167094720  send_errors(win/tot)=0/0
2026-04-22 17:58:52 INFO STAT  crate=16  sent=1113512 pkt  782.641 MB  win=6.903 Mbps 1170.8 pkt/s  tot=7.816 Mbps 1325.6 pkt/s  late(win/tot)=70242/1113512  worst_late(win/tot)=143.656/161.680 ms  drop_timing(win/tot)=81426/1009730 pkt  drop_io(win/tot)=0/0 pkt  lost_samples(win/tot)=14656680/181751400  send_errors(win/tot)=0/0
2026-04-22 17:59:52 INFO STAT  crate=16  sent=1189648 pkt  836.154 MB  win=7.481 Mbps 1268.9 pkt/s  tot=7.793 Mbps 1321.8 pkt/s  late(win/tot)=76136/1189648  worst_late(win/tot)=145.384/161.680 ms  drop_timing(win/tot)=75493/1085223 pkt  drop_io(win/tot)=0/0 pkt  lost_samples(win/tot)=13588740/195340140  send_errors(win/tot)=0/0
2026-04-22 18:00:52 INFO STAT  crate=16  sent=1257370 pkt  883.753 MB  win=6.654 Mbps 1128.6 pkt/s  tot=7.722 Mbps 1309.7 pkt/s  late(win/tot)=67722/1257370  worst_late(win/tot)=148.917/161.680 ms  drop_timing(win/tot)=83975/1169198 pkt  drop_io(win/tot)=0/0 pkt  lost_samples(win/tot)=15115500/210455640  send_errors(win/tot)=0/0
2026-04-22 18:01:52 INFO STAT  crate=16  sent=1329464 pkt  934.424 MB  win=7.084 Mbps 1201.4 pkt/s  tot=7.685 Mbps 1303.4 pkt/s  late(win/tot)=72094/1329464  worst_late(win/tot)=143.184/161.680 ms  drop_timing(win/tot)=79550/1248748 pkt  drop_io(win/tot)=0/0 pkt  lost_samples(win/tot)=14319000/224774640  send_errors(win/tot)=0/0
2026-04-22 18:02:52 INFO STAT  crate=16  sent=1400546 pkt  984.385 MB  win=6.986 Mbps 1184.9 pkt/s  tot=7.646 Mbps 1296.8 pkt/s  late(win/tot)=71082/1400546  worst_late(win/tot)=148.772/161.680 ms  drop_timing(win/tot)=80586/1329334 pkt  drop_io(win/tot)=0/0 pkt  lost_samples(win/tot)=14505480/239280120  send_errors(win/tot)=0/0
2026-04-22 18:03:52 INFO STAT  crate=16  sent=1468090 pkt  1031.859 MB  win=6.638 Mbps 1125.8 pkt/s  tot=7.593 Mbps 1287.8 pkt/s  late(win/tot)=67544/1468090  worst_late(win/tot)=143.404/161.680 ms  drop_timing(win/tot)=84097/1413431 pkt  drop_io(win/tot)=0/0 pkt  lost_samples(win/tot)=15137460/254417580  send_errors(win/tot)=0/0
2026-04-22 18:04:52 INFO STAT  crate=16  sent=1539396 pkt  1081.977 MB  win=7.007 Mbps 1188.4 pkt/s  tot=7.564 Mbps 1282.8 pkt/s  late(win/tot)=71306/1539396  worst_late(win/tot)=163.520/163.520 ms  drop_timing(win/tot)=80391/1493822 pkt  drop_io(win/tot)=0/0 pkt  lost_samples(win/tot)=14470380/268887960  send_errors(win/tot)=0/0
2026-04-22 18:05:52 INFO STAT  crate=16  sent=1611420 pkt  1132.599 MB  win=7.077 Mbps 1200.3 pkt/s  tot=7.540 Mbps 1278.9 pkt/s  late(win/tot)=72024/1611420  worst_late(win/tot)=157.004/163.520 ms  drop_timing(win/tot)=79612/1573434 pkt  drop_io(win/tot)=0/0 pkt  lost_samples(win/tot)=14330160/283218120  send_errors(win/tot)=0/0
2026-04-22 18:06:52 INFO STAT  crate=16  sent=1683532 pkt  1183.284 MB  win=7.087 Mbps 1202.0 pkt/s  tot=7.520 Mbps 1275.4 pkt/s  late(win/tot)=72112/1683532  worst_late(win/tot)=143.625/163.520 ms  drop_timing(win/tot)=79685/1653119 pkt  drop_io(win/tot)=0/0 pkt  lost_samples(win/tot)=14343300/297561420  send_errors(win/tot)=0/0
2026-04-22 18:07:52 INFO STAT  crate=16  sent=1751958 pkt  1231.378 MB  win=6.723 Mbps 1140.2 pkt/s  tot=7.485 Mbps 1269.5 pkt/s  late(win/tot)=68426/1751958  worst_late(win/tot)=152.733/163.520 ms  drop_timing(win/tot)=83161/1736280 pkt  drop_io(win/tot)=0/0 pkt  lost_samples(win/tot)=14968980/312530400  send_errors(win/tot)=0/0
2026-04-22 18:08:52 INFO STAT  crate=16  sent=1826249 pkt  1283.594 MB  win=7.300 Mbps 1238.2 pkt/s  tot=7.477 Mbps 1268.2 pkt/s  late(win/tot)=74291/1826249  worst_late(win/tot)=147.063/163.520 ms  drop_timing(win/tot)=77383/1813663 pkt  drop_io(win/tot)=0/0 pkt  lost_samples(win/tot)=13928940/326459340  send_errors(win/tot)=0/0
2026-04-22 18:09:52 INFO STAT  crate=16  sent=1895406 pkt  1332.201 MB  win=6.796 Mbps 1152.7 pkt/s  tot=7.450 Mbps 1263.6 pkt/s  late(win/tot)=69157/1895406  worst_late(win/tot)=151.087/163.520 ms  drop_timing(win/tot)=82493/1896156 pkt  drop_io(win/tot)=0/0 pkt  lost_samples(win/tot)=14848740/341308080  send_errors(win/tot)=0/0
2026-04-22 18:10:52 INFO STAT  crate=16  sent=1963929 pkt  1380.363 MB  win=6.734 Mbps 1142.1 pkt/s  tot=7.423 Mbps 1258.9 pkt/s  late(win/tot)=68523/1963929  worst_late(win/tot)=153.447/163.520 ms  drop_timing(win/tot)=83128/1979284 pkt  drop_io(win/tot)=0/0 pkt  lost_samples(win/tot)=14963040/356271120  send_errors(win/tot)=0/0
2026-04-22 18:11:52 INFO STAT  crate=16  sent=2034127 pkt  1429.702 MB  win=6.898 Mbps 1170.0 pkt/s  tot=7.403 Mbps 1255.6 pkt/s  late(win/tot)=70198/2034127  worst_late(win/tot)=149.060/163.520 ms  drop_timing(win/tot)=81426/2060710 pkt  drop_io(win/tot)=0/0 pkt  lost_samples(win/tot)=14656680/370927800  send_errors(win/tot)=0/0
2026-04-22 18:12:52 INFO STAT  crate=16  sent=2105310 pkt  1479.734 MB  win=6.994 Mbps 1186.3 pkt/s  tot=7.389 Mbps 1253.2 pkt/s  late(win/tot)=71183/2105310  worst_late(win/tot)=140.419/163.520 ms  drop_timing(win/tot)=80512/2141222 pkt  drop_io(win/tot)=0/0 pkt  lost_samples(win/tot)=14492160/385419960  send_errors(win/tot)=0/0
2026-04-22 18:13:52 INFO STAT  crate=16  sent=2176523 pkt  1529.787 MB  win=6.999 Mbps 1187.0 pkt/s  tot=7.375 Mbps 1250.9 pkt/s  late(win/tot)=71213/2176523  worst_late(win/tot)=158.703/163.520 ms  drop_timing(win/tot)=80451/2221673 pkt  drop_io(win/tot)=0/0 pkt  lost_samples(win/tot)=14481180/399901140  send_errors(win/tot)=0/0
2026-04-22 18:14:52 INFO STAT  crate=16  sent=2247967 pkt  1580.002 MB  win=7.021 Mbps 1190.7 pkt/s  tot=7.363 Mbps 1248.9 pkt/s  late(win/tot)=71444/2247967  worst_late(win/tot)=138.507/163.520 ms  drop_timing(win/tot)=80196/2301869 pkt  drop_io(win/tot)=0/0 pkt  lost_samples(win/tot)=14435280/414336420  send_errors(win/tot)=0/0
2026-04-22 18:15:52 INFO STAT  crate=16  sent=2322479 pkt  1632.373 MB  win=7.322 Mbps 1241.8 pkt/s  tot=7.362 Mbps 1248.6 pkt/s  late(win/tot)=74512/2322479  worst_late(win/tot)=150.702/163.520 ms  drop_timing(win/tot)=77217/2379086 pkt  drop_io(win/tot)=0/0 pkt  lost_samples(win/tot)=13899060/428235480  send_errors(win/tot)=0/0
2026-04-22 18:16:52 INFO STAT  crate=16  sent=2396306 pkt  1684.263 MB  win=7.255 Mbps 1230.4 pkt/s  tot=7.359 Mbps 1248.1 pkt/s  late(win/tot)=73827/2396306  worst_late(win/tot)=146.468/163.520 ms  drop_timing(win/tot)=77817/2456903 pkt  drop_io(win/tot)=0/0 pkt  lost_samples(win/tot)=14007060/442242540  send_errors(win/tot)=0/0
2026-04-22 18:17:52 INFO STAT  crate=16  sent=2464745 pkt  1732.366 MB  win=6.726 Mbps 1140.7 pkt/s  tot=7.339 Mbps 1244.8 pkt/s  late(win/tot)=68439/2464745  worst_late(win/tot)=138.607/163.520 ms  drop_timing(win/tot)=83210/2540113 pkt  drop_io(win/tot)=0/0 pkt  lost_samples(win/tot)=14977800/457220340  send_errors(win/tot)=0/0
2026-04-22 18:18:52 INFO STAT  crate=16  sent=2541937 pkt  1786.621 MB  win=7.585 Mbps 1286.5 pkt/s  tot=7.347 Mbps 1246.0 pkt/s  late(win/tot)=77192/2541937  worst_late(win/tot)=142.273/163.520 ms  drop_timing(win/tot)=74524/2614637 pkt  drop_io(win/tot)=0/0 pkt  lost_samples(win/tot)=13414320/470634660  send_errors(win/tot)=0/0
2026-04-22 18:19:52 INFO STAT  crate=16  sent=2630457 pkt  1848.838 MB  win=8.698 Mbps 1475.2 pkt/s  tot=7.385 Mbps 1252.6 pkt/s  late(win/tot)=88520/2630457  worst_late(win/tot)=130.897/163.520 ms  drop_timing(win/tot)=63156/2677793 pkt  drop_io(win/tot)=0/0 pkt  lost_samples(win/tot)=11368080/482002740  send_errors(win/tot)=0/0
2026-04-22 18:20:52 INFO STAT  crate=16  sent=2720996 pkt  1912.474 MB  win=8.898 Mbps 1509.1 pkt/s  tot=7.427 Mbps 1259.7 pkt/s  late(win/tot)=90539/2720996  worst_late(win/tot)=134.843/163.520 ms  drop_timing(win/tot)=61110/2738903 pkt  drop_io(win/tot)=0/0 pkt  lost_samples(win/tot)=10999800/493002540  send_errors(win/tot)=0/0
2026-04-22 18:20:58 INFO STAT  crate=16  sent=2730000 pkt  1918.802 MB  win=8.603 Mbps 1459.1 pkt/s  tot=7.431 Mbps 1260.3 pkt/s  late(win/tot)=9004/2730000  worst_late(win/tot)=98.183/163.520 ms  drop_timing(win/tot)=6118/2745021 pkt  drop_io(win/tot)=0/0 pkt  lost_samples(win/tot)=1101240/494103780  send_errors(win/tot)=0/0
2026-04-22 18:20:58 INFO Terminato
