2026-04-22 17:45:13 INFO Start crate=17 dst=131.154.99.225:6666
2026-04-22 17:45:13 INFO Streams=91  board=7  analog/board=12  digital_streams/board=1
2026-04-22 17:45:13 INFO Sample rate=5000 Hz  samples/pkt=180  pps/stream=27.777778  total_pps=2527.778
2026-04-22 17:45:13 INFO Packet len=737 B  expected throughput=14.904 Mbps
2026-04-22 17:45:13 INFO Analog FS=+/-10.000 V  noise_rms=0.010000 V  digital_flip_prob=0.002000
2026-04-22 17:46:13 INFO STAT  crate=17  sent=118165 pkt  83.053 MB  win=11.611 Mbps 1969.3 pkt/s  tot=11.611 Mbps 1969.3 pkt/s  late(win/tot)=118165/118165  worst_late(win/tot)=94.312/94.312 ms  drop_timing(win/tot)=33415/33415 pkt  drop_io(win/tot)=0/0 pkt  lost_samples(win/tot)=6014700/6014700  send_errors(win/tot)=0/0
2026-04-22 17:47:13 INFO STAT  crate=17  sent=210110 pkt  147.677 MB  win=9.035 Mbps 1532.4 pkt/s  tot=10.323 Mbps 1750.9 pkt/s  late(win/tot)=91945/210110  worst_late(win/tot)=118.035/118.035 ms  drop_timing(win/tot)=59688/93103 pkt  drop_io(win/tot)=0/0 pkt  lost_samples(win/tot)=10743840/16758540  send_errors(win/tot)=0/0
2026-04-22 17:48:13 INFO STAT  crate=17  sent=297971 pkt  209.431 MB  win=8.634 Mbps 1464.4 pkt/s  tot=9.760 Mbps 1655.4 pkt/s  late(win/tot)=87861/297971  worst_late(win/tot)=115.404/118.035 ms  drop_timing(win/tot)=63861/156964 pkt  drop_io(win/tot)=0/0 pkt  lost_samples(win/tot)=11494980/28253520  send_errors(win/tot)=0/0
2026-04-22 17:49:13 INFO STAT  crate=17  sent=374832 pkt  263.454 MB  win=7.552 Mbps 1280.9 pkt/s  tot=9.208 Mbps 1561.8 pkt/s  late(win/tot)=76861/374832  worst_late(win/tot)=142.783/142.783 ms  drop_timing(win/tot)=74813/231777 pkt  drop_io(win/tot)=0/0 pkt  lost_samples(win/tot)=13466340/41719860  send_errors(win/tot)=0/0
2026-04-22 17:50:13 INFO STAT  crate=17  sent=449726 pkt  316.094 MB  win=7.360 Mbps 1248.3 pkt/s  tot=8.839 Mbps 1499.1 pkt/s  late(win/tot)=74894/449726  worst_late(win/tot)=146.194/146.194 ms  drop_timing(win/tot)=76745/308522 pkt  drop_io(win/tot)=0/0 pkt  lost_samples(win/tot)=13814100/55533960  send_errors(win/tot)=0/0
2026-04-22 17:51:13 INFO STAT  crate=17  sent=522492 pkt  367.238 MB  win=7.150 Mbps 1212.8 pkt/s  tot=8.557 Mbps 1451.4 pkt/s  late(win/tot)=72766/522492  worst_late(win/tot)=139.356/146.194 ms  drop_timing(win/tot)=78900/387422 pkt  drop_io(win/tot)=0/0 pkt  lost_samples(win/tot)=14202000/69735960  send_errors(win/tot)=0/0
2026-04-22 17:52:13 INFO STAT  crate=17  sent=591779 pkt  415.937 MB  win=6.808 Mbps 1154.6 pkt/s  tot=8.307 Mbps 1409.0 pkt/s  late(win/tot)=69287/591779  worst_late(win/tot)=153.628/153.628 ms  drop_timing(win/tot)=82367/469789 pkt  drop_io(win/tot)=0/0 pkt  lost_samples(win/tot)=14826060/84562020  send_errors(win/tot)=0/0
2026-04-22 17:53:13 INFO STAT  crate=17  sent=662993 pkt  465.990 MB  win=6.999 Mbps 1187.0 pkt/s  tot=8.144 Mbps 1381.2 pkt/s  late(win/tot)=71214/662993  worst_late(win/tot)=164.224/164.224 ms  drop_timing(win/tot)=80393/550182 pkt  drop_io(win/tot)=0/0 pkt  lost_samples(win/tot)=14470740/99032760  send_errors(win/tot)=0/0
2026-04-22 17:54:13 INFO STAT  crate=17  sent=733217 pkt  515.347 MB  win=6.900 Mbps 1170.3 pkt/s  tot=8.006 Mbps 1357.8 pkt/s  late(win/tot)=70224/733217  worst_late(win/tot)=149.520/164.224 ms  drop_timing(win/tot)=81518/631700 pkt  drop_io(win/tot)=0/0 pkt  lost_samples(win/tot)=14673240/113706000  send_errors(win/tot)=0/0
2026-04-22 17:55:13 INFO STAT  crate=17  sent=806026 pkt  566.522 MB  win=7.155 Mbps 1213.6 pkt/s  tot=7.921 Mbps 1343.4 pkt/s  late(win/tot)=72809/806026  worst_late(win/tot)=151.601/164.224 ms  drop_timing(win/tot)=78874/710574 pkt  drop_io(win/tot)=0/0 pkt  lost_samples(win/tot)=14197320/127903320  send_errors(win/tot)=0/0
2026-04-22 17:56:13 INFO STAT  crate=17  sent=880965 pkt  619.193 MB  win=7.364 Mbps 1249.0 pkt/s  tot=7.870 Mbps 1334.8 pkt/s  late(win/tot)=74939/880965  worst_late(win/tot)=148.860/164.224 ms  drop_timing(win/tot)=76673/787247 pkt  drop_io(win/tot)=0/0 pkt  lost_samples(win/tot)=13801140/141704460  send_errors(win/tot)=0/0
2026-04-22 17:57:13 INFO STAT  crate=17  sent=951288 pkt  668.620 MB  win=6.910 Mbps 1171.9 pkt/s  tot=7.790 Mbps 1321.2 pkt/s  late(win/tot)=70323/951288  worst_late(win/tot)=173.292/173.292 ms  drop_timing(win/tot)=81354/868601 pkt  drop_io(win/tot)=0/0 pkt  lost_samples(win/tot)=14643720/156348180  send_errors(win/tot)=0/0
2026-04-22 17:58:13 INFO STAT  crate=17  sent=1022687 pkt  718.804 MB  win=7.017 Mbps 1190.1 pkt/s  tot=7.730 Mbps 1311.1 pkt/s  late(win/tot)=71399/1022687  worst_late(win/tot)=136.988/173.292 ms  drop_timing(win/tot)=80292/948893 pkt  drop_io(win/tot)=0/0 pkt  lost_samples(win/tot)=14452560/170800740  send_errors(win/tot)=0/0
2026-04-22 17:59:13 INFO STAT  crate=17  sent=1088659 pkt  765.173 MB  win=6.483 Mbps 1099.5 pkt/s  tot=7.641 Mbps 1296.0 pkt/s  late(win/tot)=65972/1088659  worst_late(win/tot)=177.005/177.005 ms  drop_timing(win/tot)=85708/1034601 pkt  drop_io(win/tot)=0/0 pkt  lost_samples(win/tot)=15427440/186228180  send_errors(win/tot)=0/0
2026-04-22 18:00:13 INFO STAT  crate=17  sent=1160297 pkt  815.524 MB  win=7.040 Mbps 1194.0 pkt/s  tot=7.601 Mbps 1289.2 pkt/s  late(win/tot)=71638/1160297  worst_late(win/tot)=134.003/177.005 ms  drop_timing(win/tot)=79978/1114579 pkt  drop_io(win/tot)=0/0 pkt  lost_samples(win/tot)=14396040/200624220  send_errors(win/tot)=0/0
2026-04-22 18:01:13 INFO STAT  crate=17  sent=1232474 pkt  866.254 MB  win=7.093 Mbps 1202.9 pkt/s  tot=7.569 Mbps 1283.8 pkt/s  late(win/tot)=72177/1232474  worst_late(win/tot)=139.036/177.005 ms  drop_timing(win/tot)=79555/1194134 pkt  drop_io(win/tot)=0/0 pkt  lost_samples(win/tot)=14319900/214944120  send_errors(win/tot)=0/0
2026-04-22 18:02:13 INFO STAT  crate=17  sent=1305692 pkt  917.716 MB  win=7.195 Mbps 1220.3 pkt/s  tot=7.547 Mbps 1280.1 pkt/s  late(win/tot)=73218/1305692  worst_late(win/tot)=143.187/177.005 ms  drop_timing(win/tot)=78429/1272563 pkt  drop_io(win/tot)=0/0 pkt  lost_samples(win/tot)=14117220/229061340  send_errors(win/tot)=0/0
2026-04-22 18:03:13 INFO STAT  crate=17  sent=1378481 pkt  968.876 MB  win=7.152 Mbps 1213.1 pkt/s  tot=7.525 Mbps 1276.4 pkt/s  late(win/tot)=72789/1378481  worst_late(win/tot)=150.595/177.005 ms  drop_timing(win/tot)=78899/1351462 pkt  drop_io(win/tot)=0/0 pkt  lost_samples(win/tot)=14201820/243263160  send_errors(win/tot)=0/0
2026-04-22 18:04:13 INFO STAT  crate=17  sent=1448178 pkt  1017.863 MB  win=6.849 Mbps 1161.6 pkt/s  tot=7.490 Mbps 1270.3 pkt/s  late(win/tot)=69697/1448178  worst_late(win/tot)=144.675/177.005 ms  drop_timing(win/tot)=81960/1433422 pkt  drop_io(win/tot)=0/0 pkt  lost_samples(win/tot)=14752800/258015960  send_errors(win/tot)=0/0
2026-04-22 18:05:13 INFO STAT  crate=17  sent=1521655 pkt  1069.507 MB  win=7.220 Mbps 1224.5 pkt/s  tot=7.476 Mbps 1268.0 pkt/s  late(win/tot)=73477/1521655  worst_late(win/tot)=147.779/177.005 ms  drop_timing(win/tot)=78156/1511578 pkt  drop_io(win/tot)=0/0 pkt  lost_samples(win/tot)=14068080/272084040  send_errors(win/tot)=0/0
2026-04-22 18:06:13 INFO STAT  crate=17  sent=1594138 pkt  1120.453 MB  win=7.124 Mbps 1208.2 pkt/s  tot=7.460 Mbps 1265.2 pkt/s  late(win/tot)=72483/1594138  worst_late(win/tot)=140.647/177.005 ms  drop_timing(win/tot)=79166/1590744 pkt  drop_io(win/tot)=0/0 pkt  lost_samples(win/tot)=14249880/286333920  send_errors(win/tot)=0/0
2026-04-22 18:07:13 INFO STAT  crate=17  sent=1665129 pkt  1170.349 MB  win=6.976 Mbps 1183.2 pkt/s  tot=7.438 Mbps 1261.5 pkt/s  late(win/tot)=70991/1665129  worst_late(win/tot)=152.137/177.005 ms  drop_timing(win/tot)=80666/1671410 pkt  drop_io(win/tot)=0/0 pkt  lost_samples(win/tot)=14519880/300853800  send_errors(win/tot)=0/0
2026-04-22 18:08:13 INFO STAT  crate=17  sent=1736041 pkt  1220.190 MB  win=6.968 Mbps 1181.9 pkt/s  tot=7.417 Mbps 1258.0 pkt/s  late(win/tot)=70912/1736041  worst_late(win/tot)=160.041/177.005 ms  drop_timing(win/tot)=80794/1752204 pkt  drop_io(win/tot)=0/0 pkt  lost_samples(win/tot)=14542920/315396720  send_errors(win/tot)=0/0
2026-04-22 18:09:13 INFO STAT  crate=17  sent=1804572 pkt  1268.358 MB  win=6.733 Mbps 1142.0 pkt/s  tot=7.389 Mbps 1253.2 pkt/s  late(win/tot)=68531/1804572  worst_late(win/tot)=148.665/177.005 ms  drop_timing(win/tot)=83123/1835327 pkt  drop_io(win/tot)=0/0 pkt  lost_samples(win/tot)=14962140/330358860  send_errors(win/tot)=0/0
2026-04-22 18:10:13 INFO STAT  crate=17  sent=1876603 pkt  1318.985 MB  win=7.079 Mbps 1200.6 pkt/s  tot=7.376 Mbps 1251.1 pkt/s  late(win/tot)=72031/1876603  worst_late(win/tot)=141.993/177.005 ms  drop_timing(win/tot)=79613/1914940 pkt  drop_io(win/tot)=0/0 pkt  lost_samples(win/tot)=14330340/344689200  send_errors(win/tot)=0/0
2026-04-22 18:11:13 INFO STAT  crate=17  sent=1950323 pkt  1370.800 MB  win=7.244 Mbps 1228.6 pkt/s  tot=7.371 Mbps 1250.2 pkt/s  late(win/tot)=73720/1950323  worst_late(win/tot)=153.144/177.005 ms  drop_timing(win/tot)=77980/1992920 pkt  drop_io(win/tot)=0/0 pkt  lost_samples(win/tot)=14036400/358725600  send_errors(win/tot)=0/0
2026-04-22 18:12:13 INFO STAT  crate=17  sent=2019238 pkt  1419.238 MB  win=6.773 Mbps 1148.7 pkt/s  tot=7.349 Mbps 1246.4 pkt/s  late(win/tot)=68915/2019238  worst_late(win/tot)=151.794/177.005 ms  drop_timing(win/tot)=82778/2075698 pkt  drop_io(win/tot)=0/0 pkt  lost_samples(win/tot)=14900040/373625640  send_errors(win/tot)=0/0
2026-04-22 18:13:13 INFO STAT  crate=17  sent=2091435 pkt  1469.982 MB  win=7.095 Mbps 1203.3 pkt/s  tot=7.340 Mbps 1244.9 pkt/s  late(win/tot)=72197/2091435  worst_late(win/tot)=161.576/177.005 ms  drop_timing(win/tot)=79409/2155107 pkt  drop_io(win/tot)=0/0 pkt  lost_samples(win/tot)=14293620/387919260  send_errors(win/tot)=0/0
2026-04-22 18:14:13 INFO STAT  crate=17  sent=2159552 pkt  1517.858 MB  win=6.693 Mbps 1135.2 pkt/s  tot=7.318 Mbps 1241.1 pkt/s  late(win/tot)=68117/2159552  worst_late(win/tot)=143.328/177.005 ms  drop_timing(win/tot)=83561/2238668 pkt  drop_io(win/tot)=0/0 pkt  lost_samples(win/tot)=15040980/402960240  send_errors(win/tot)=0/0
2026-04-22 18:15:13 INFO STAT  crate=17  sent=2231868 pkt  1568.686 MB  win=7.106 Mbps 1205.2 pkt/s  tot=7.311 Mbps 1239.9 pkt/s  late(win/tot)=72316/2231868  worst_late(win/tot)=133.003/177.005 ms  drop_timing(win/tot)=79360/2318028 pkt  drop_io(win/tot)=0/0 pkt  lost_samples(win/tot)=14284800/417245040  send_errors(win/tot)=0/0
2026-04-22 18:16:13 INFO STAT  crate=17  sent=2301442 pkt  1617.587 MB  win=6.838 Mbps 1159.7 pkt/s  tot=7.295 Mbps 1237.3 pkt/s  late(win/tot)=69574/2301442  worst_late(win/tot)=188.937/188.937 ms  drop_timing(win/tot)=82080/2400108 pkt  drop_io(win/tot)=0/0 pkt  lost_samples(win/tot)=14774400/432019440  send_errors(win/tot)=0/0
2026-04-22 18:17:13 INFO STAT  crate=17  sent=2369519 pkt  1665.435 MB  win=6.690 Mbps 1134.6 pkt/s  tot=7.276 Mbps 1234.1 pkt/s  late(win/tot)=68077/2369519  worst_late(win/tot)=148.473/188.937 ms  drop_timing(win/tot)=83586/2483694 pkt  drop_io(win/tot)=0/0 pkt  lost_samples(win/tot)=15045480/447064920  send_errors(win/tot)=0/0
2026-04-22 18:18:13 INFO STAT  crate=17  sent=2438264 pkt  1713.753 MB  win=6.755 Mbps 1145.7 pkt/s  tot=7.261 Mbps 1231.4 pkt/s  late(win/tot)=68745/2438264  worst_late(win/tot)=128.208/188.937 ms  drop_timing(win/tot)=82927/2566621 pkt  drop_io(win/tot)=0/0 pkt  lost_samples(win/tot)=14926860/461991780  send_errors(win/tot)=0/0
2026-04-22 18:19:13 INFO STAT  crate=17  sent=2520009 pkt  1771.208 MB  win=8.033 Mbps 1362.5 pkt/s  tot=7.283 Mbps 1235.3 pkt/s  late(win/tot)=81745/2520009  worst_late(win/tot)=139.426/188.937 ms  drop_timing(win/tot)=69944/2636565 pkt  drop_io(win/tot)=0/0 pkt  lost_samples(win/tot)=12589920/474581700  send_errors(win/tot)=0/0
2026-04-22 18:20:13 INFO STAT  crate=17  sent=2609214 pkt  1833.907 MB  win=8.765 Mbps 1486.7 pkt/s  tot=7.326 Mbps 1242.5 pkt/s  late(win/tot)=89205/2609214  worst_late(win/tot)=131.873/188.937 ms  drop_timing(win/tot)=62469/2699034 pkt  drop_io(win/tot)=0/0 pkt  lost_samples(win/tot)=11244420/485826120  send_errors(win/tot)=0/0
2026-04-22 18:21:13 INFO STAT  crate=17  sent=2705313 pkt  1901.451 MB  win=9.443 Mbps 1601.6 pkt/s  tot=7.384 Mbps 1252.5 pkt/s  late(win/tot)=96099/2705313  worst_late(win/tot)=128.032/188.937 ms  drop_timing(win/tot)=55581/2754615 pkt  drop_io(win/tot)=0/0 pkt  lost_samples(win/tot)=10004580/495830700  send_errors(win/tot)=0/0
2026-04-22 18:21:26 INFO STAT  crate=17  sent=2730000 pkt  1918.802 MB  win=11.349 Mbps 1924.9 pkt/s  tot=7.408 Mbps 1256.4 pkt/s  late(win/tot)=24687/2730000  worst_late(win/tot)=75.716/188.937 ms  drop_timing(win/tot)=6648/2761263 pkt  drop_io(win/tot)=0/0 pkt  lost_samples(win/tot)=1196640/497027340  send_errors(win/tot)=0/0
2026-04-22 18:21:26 INFO Terminato
