2026-04-22 16:36:39 INFO Start crate=0 dst=131.154.99.225:6666
2026-04-22 16:36:39 INFO Streams=91  board=7  analog/board=12  digital_streams/board=1
2026-04-22 16:36:39 INFO Sample rate=5000 Hz  samples/pkt=180  pps/stream=27.777778  total_pps=2527.778
2026-04-22 16:36:39 INFO Packet len=737 B  expected throughput=14.904 Mbps
2026-04-22 16:36:39 INFO Analog FS=+/-10.000 V  noise_rms=0.010000 V  digital_flip_prob=0.002000
2026-04-22 16:37:39 INFO STAT  crate=0  sent=151667 pkt  106.600 MB  win=14.904 Mbps 2527.8 pkt/s  tot=14.904 Mbps 2527.8 pkt/s  late(win/tot)=151667/151667  worst_late(win/tot)=35.105/35.105 ms  drop_timing(win/tot)=0/0 pkt  drop_io(win/tot)=0/0 pkt  lost_samples(win/tot)=0/0  send_errors(win/tot)=0/0
2026-04-22 16:38:39 INFO STAT  crate=0  sent=303334 pkt  213.201 MB  win=14.904 Mbps 2527.8 pkt/s  tot=14.904 Mbps 2527.8 pkt/s  late(win/tot)=151667/303334  worst_late(win/tot)=21.675/35.105 ms  drop_timing(win/tot)=0/0 pkt  drop_io(win/tot)=0/0 pkt  lost_samples(win/tot)=0/0  send_errors(win/tot)=0/0
2026-04-22 16:39:39 INFO STAT  crate=0  sent=455000 pkt  319.800 MB  win=14.904 Mbps 2527.8 pkt/s  tot=14.904 Mbps 2527.8 pkt/s  late(win/tot)=151666/455000  worst_late(win/tot)=27.346/35.105 ms  drop_timing(win/tot)=0/0 pkt  drop_io(win/tot)=0/0 pkt  lost_samples(win/tot)=0/0  send_errors(win/tot)=0/0
2026-04-22 16:40:39 INFO STAT  crate=0  sent=606661 pkt  426.397 MB  win=14.903 Mbps 2527.7 pkt/s  tot=14.904 Mbps 2527.8 pkt/s  late(win/tot)=151661/606661  worst_late(win/tot)=36.155/36.155 ms  drop_timing(win/tot)=6/6 pkt  drop_io(win/tot)=0/0 pkt  lost_samples(win/tot)=1080/1080  send_errors(win/tot)=0/0
2026-04-22 16:41:39 INFO STAT  crate=0  sent=758269 pkt  532.955 MB  win=14.898 Mbps 2526.8 pkt/s  tot=14.903 Mbps 2527.6 pkt/s  late(win/tot)=151608/758269  worst_late(win/tot)=38.950/38.950 ms  drop_timing(win/tot)=59/65 pkt  drop_io(win/tot)=0/0 pkt  lost_samples(win/tot)=10620/11700  send_errors(win/tot)=0/0
2026-04-22 16:42:39 INFO STAT  crate=0  sent=909935 pkt  639.555 MB  win=14.904 Mbps 2527.8 pkt/s  tot=14.903 Mbps 2527.6 pkt/s  late(win/tot)=151666/909935  worst_late(win/tot)=33.426/38.950 ms  drop_timing(win/tot)=0/65 pkt  drop_io(win/tot)=0/0 pkt  lost_samples(win/tot)=0/11700  send_errors(win/tot)=0/0
2026-04-22 16:43:39 INFO STAT  crate=0  sent=1061453 pkt  746.051 MB  win=14.889 Mbps 2525.3 pkt/s  tot=14.901 Mbps 2527.3 pkt/s  late(win/tot)=151518/1061453  worst_late(win/tot)=41.767/41.767 ms  drop_timing(win/tot)=149/214 pkt  drop_io(win/tot)=0/0 pkt  lost_samples(win/tot)=26820/38520  send_errors(win/tot)=0/0
2026-04-22 16:44:39 INFO STAT  crate=0  sent=1213057 pkt  852.607 MB  win=14.898 Mbps 2526.7 pkt/s  tot=14.900 Mbps 2527.2 pkt/s  late(win/tot)=151604/1213057  worst_late(win/tot)=36.706/41.767 ms  drop_timing(win/tot)=63/277 pkt  drop_io(win/tot)=0/0 pkt  lost_samples(win/tot)=11340/49860  send_errors(win/tot)=0/0
2026-04-22 16:45:39 INFO STAT  crate=0  sent=1364472 pkt  959.030 MB  win=14.879 Mbps 2523.6 pkt/s  tot=14.898 Mbps 2526.8 pkt/s  late(win/tot)=151415/1364472  worst_late(win/tot)=50.768/50.768 ms  drop_timing(win/tot)=251/528 pkt  drop_io(win/tot)=0/0 pkt  lost_samples(win/tot)=45180/95040  send_errors(win/tot)=0/0
2026-04-22 16:46:39 INFO STAT  crate=0  sent=1516034 pkt  1065.557 MB  win=14.893 Mbps 2526.0 pkt/s  tot=14.898 Mbps 2526.7 pkt/s  late(win/tot)=151561/1516033  worst_late(win/tot)=41.164/50.768 ms  drop_timing(win/tot)=105/633 pkt  drop_io(win/tot)=0/0 pkt  lost_samples(win/tot)=18900/113940  send_errors(win/tot)=0/0
2026-04-22 16:47:39 INFO STAT  crate=0  sent=1667035 pkt  1171.689 MB  win=14.838 Mbps 2516.7 pkt/s  tot=14.892 Mbps 2525.8 pkt/s  late(win/tot)=151001/1667034  worst_late(win/tot)=60.415/60.415 ms  drop_timing(win/tot)=666/1299 pkt  drop_io(win/tot)=0/0 pkt  lost_samples(win/tot)=119880/233820  send_errors(win/tot)=0/0
2026-04-22 16:48:39 INFO STAT  crate=0  sent=1818423 pkt  1278.093 MB  win=14.876 Mbps 2523.1 pkt/s  tot=14.891 Mbps 2525.6 pkt/s  late(win/tot)=151388/1818422  worst_late(win/tot)=50.040/60.415 ms  drop_timing(win/tot)=278/1577 pkt  drop_io(win/tot)=0/0 pkt  lost_samples(win/tot)=50040/283860  send_errors(win/tot)=0/0
2026-04-22 16:49:39 INFO STAT  crate=0  sent=1968998 pkt  1383.926 MB  win=14.796 Mbps 2509.6 pkt/s  tot=14.884 Mbps 2524.4 pkt/s  late(win/tot)=150575/1968997  worst_late(win/tot)=58.097/60.415 ms  drop_timing(win/tot)=1092/2669 pkt  drop_io(win/tot)=0/0 pkt  lost_samples(win/tot)=196560/480420  send_errors(win/tot)=0/0
2026-04-22 16:50:39 INFO STAT  crate=0  sent=2120280 pkt  1490.256 MB  win=14.866 Mbps 2521.4 pkt/s  tot=14.882 Mbps 2524.1 pkt/s  late(win/tot)=151281/2120278  worst_late(win/tot)=46.751/60.415 ms  drop_timing(win/tot)=385/3054 pkt  drop_io(win/tot)=0/0 pkt  lost_samples(win/tot)=69300/549720  send_errors(win/tot)=0/0
2026-04-22 16:51:39 INFO STAT  crate=0  sent=2271462 pkt  1596.515 MB  win=14.856 Mbps 2519.7 pkt/s  tot=14.881 Mbps 2523.8 pkt/s  late(win/tot)=151182/2271460  worst_late(win/tot)=56.458/60.415 ms  drop_timing(win/tot)=484/3538 pkt  drop_io(win/tot)=0/0 pkt  lost_samples(win/tot)=87120/636840  send_errors(win/tot)=0/0
2026-04-22 16:52:39 INFO STAT  crate=0  sent=2422605 pkt  1702.747 MB  win=14.852 Mbps 2519.0 pkt/s  tot=14.879 Mbps 2523.5 pkt/s  late(win/tot)=151142/2422602  worst_late(win/tot)=51.133/60.415 ms  drop_timing(win/tot)=524/4062 pkt  drop_io(win/tot)=0/0 pkt  lost_samples(win/tot)=94320/731160  send_errors(win/tot)=0/0
2026-04-22 16:53:39 INFO STAT  crate=0  sent=2573784 pkt  1809.005 MB  win=14.856 Mbps 2519.6 pkt/s  tot=14.877 Mbps 2523.3 pkt/s  late(win/tot)=151179/2573781  worst_late(win/tot)=58.548/60.415 ms  drop_timing(win/tot)=488/4550 pkt  drop_io(win/tot)=0/0 pkt  lost_samples(win/tot)=87840/819000  send_errors(win/tot)=0/0
2026-04-22 16:54:39 INFO STAT  crate=0  sent=2725114 pkt  1915.368 MB  win=14.871 Mbps 2522.2 pkt/s  tot=14.877 Mbps 2523.3 pkt/s  late(win/tot)=151330/2725111  worst_late(win/tot)=55.484/60.415 ms  drop_timing(win/tot)=336/4886 pkt  drop_io(win/tot)=0/0 pkt  lost_samples(win/tot)=60480/879480  send_errors(win/tot)=0/0
2026-04-22 16:54:41 INFO STAT  crate=0  sent=2730000 pkt  1918.802 MB  win=12.133 Mbps 2057.8 pkt/s  tot=14.871 Mbps 2522.2 pkt/s  late(win/tot)=4886/2729997  worst_late(win/tot)=68.018/68.018 ms  drop_timing(win/tot)=420/5306 pkt  drop_io(win/tot)=0/0 pkt  lost_samples(win/tot)=75600/955080  send_errors(win/tot)=0/0
2026-04-22 16:54:41 INFO Terminato
