2026-04-22 14:55:30 INFO Start crate=19 dst=131.154.99.225:6666
2026-04-22 14:55:30 INFO Streams=91  board=7  analog/board=12  digital_streams/board=1
2026-04-22 14:55:30 INFO Sample rate=5000 Hz  samples/pkt=180  pps/stream=27.777778  total_pps=2527.778
2026-04-22 14:55:30 INFO Packet len=737 B  expected throughput=14.904 Mbps
2026-04-22 14:55:30 INFO Analog FS=+/-10.000 V  noise_rms=0.010000 V  digital_flip_prob=0.002000
2026-04-22 14:56:30 INFO STAT  crate=19  sent=47981 pkt  33.724 MB  win=4.715 Mbps 799.7 pkt/s  tot=4.715 Mbps 799.7 pkt/s  late(win/tot)=47981/47981  worst_late(win/tot)=182.943/182.943 ms  drop_timing(win/tot)=103550/103550 pkt  drop_io(win/tot)=0/0 pkt  lost_samples(win/tot)=18639000/18639000  send_errors(win/tot)=0/0
2026-04-22 14:57:30 INFO STAT  crate=19  sent=97519 pkt  68.542 MB  win=4.868 Mbps 825.6 pkt/s  tot=4.791 Mbps 812.7 pkt/s  late(win/tot)=49538/97519  worst_late(win/tot)=193.198/193.198 ms  drop_timing(win/tot)=102155/205705 pkt  drop_io(win/tot)=0/0 pkt  lost_samples(win/tot)=18387900/37026900  send_errors(win/tot)=0/0
2026-04-22 14:58:30 INFO STAT  crate=19  sent=147337 pkt  103.557 MB  win=4.895 Mbps 830.2 pkt/s  tot=4.826 Mbps 818.5 pkt/s  late(win/tot)=49818/147337  worst_late(win/tot)=166.691/193.198 ms  drop_timing(win/tot)=101814/307519 pkt  drop_io(win/tot)=0/0 pkt  lost_samples(win/tot)=18326520/55353420  send_errors(win/tot)=0/0
2026-04-22 14:59:30 INFO STAT  crate=19  sent=194435 pkt  136.660 MB  win=4.629 Mbps 785.0 pkt/s  tot=4.777 Mbps 810.1 pkt/s  late(win/tot)=47098/194435  worst_late(win/tot)=194.216/194.216 ms  drop_timing(win/tot)=104593/412112 pkt  drop_io(win/tot)=0/0 pkt  lost_samples(win/tot)=18826740/74180160  send_errors(win/tot)=0/0
2026-04-22 15:00:30 INFO STAT  crate=19  sent=242024 pkt  170.108 MB  win=4.676 Mbps 793.1 pkt/s  tot=4.757 Mbps 806.7 pkt/s  late(win/tot)=47589/242024  worst_late(win/tot)=199.390/199.390 ms  drop_timing(win/tot)=104091/516203 pkt  drop_io(win/tot)=0/0 pkt  lost_samples(win/tot)=18736380/92916540  send_errors(win/tot)=0/0
2026-04-22 15:01:30 INFO STAT  crate=19  sent=293627 pkt  206.378 MB  win=5.071 Mbps 860.1 pkt/s  tot=4.809 Mbps 815.6 pkt/s  late(win/tot)=51603/293627  worst_late(win/tot)=191.888/199.390 ms  drop_timing(win/tot)=99985/616188 pkt  drop_io(win/tot)=0/0 pkt  lost_samples(win/tot)=17997300/110913840  send_errors(win/tot)=0/0
2026-04-22 15:02:30 INFO STAT  crate=19  sent=342092 pkt  240.442 MB  win=4.762 Mbps 807.8 pkt/s  tot=4.802 Mbps 814.5 pkt/s  late(win/tot)=48465/342092  worst_late(win/tot)=187.450/199.390 ms  drop_timing(win/tot)=103286/719474 pkt  drop_io(win/tot)=0/0 pkt  lost_samples(win/tot)=18591480/129505320  send_errors(win/tot)=0/0
2026-04-22 15:03:30 INFO STAT  crate=19  sent=390757 pkt  274.647 MB  win=4.782 Mbps 811.1 pkt/s  tot=4.800 Mbps 814.1 pkt/s  late(win/tot)=48665/390757  worst_late(win/tot)=206.954/206.954 ms  drop_timing(win/tot)=103000/822474 pkt  drop_io(win/tot)=0/0 pkt  lost_samples(win/tot)=18540000/148045320  send_errors(win/tot)=0/0
2026-04-22 15:04:30 INFO STAT  crate=19  sent=440274 pkt  309.450 MB  win=4.866 Mbps 825.3 pkt/s  tot=4.807 Mbps 815.3 pkt/s  late(win/tot)=49517/440274  worst_late(win/tot)=186.196/206.954 ms  drop_timing(win/tot)=102090/924564 pkt  drop_io(win/tot)=0/0 pkt  lost_samples(win/tot)=18376200/166421520  send_errors(win/tot)=0/0
2026-04-22 15:05:30 INFO STAT  crate=19  sent=489153 pkt  343.805 MB  win=4.803 Mbps 814.6 pkt/s  tot=4.807 Mbps 815.3 pkt/s  late(win/tot)=48879/489153  worst_late(win/tot)=172.746/206.954 ms  drop_timing(win/tot)=102790/1027354 pkt  drop_io(win/tot)=0/0 pkt  lost_samples(win/tot)=18502200/184923720  send_errors(win/tot)=0/0
2026-04-22 15:06:30 INFO STAT  crate=19  sent=538300 pkt  378.348 MB  win=4.830 Mbps 819.1 pkt/s  tot=4.809 Mbps 815.6 pkt/s  late(win/tot)=49147/538300  worst_late(win/tot)=166.121/206.954 ms  drop_timing(win/tot)=102572/1129926 pkt  drop_io(win/tot)=0/0 pkt  lost_samples(win/tot)=18462960/203386680  send_errors(win/tot)=0/0
2026-04-22 15:07:30 INFO STAT  crate=19  sent=588458 pkt  413.602 MB  win=4.929 Mbps 836.0 pkt/s  tot=4.819 Mbps 817.3 pkt/s  late(win/tot)=50158/588458  worst_late(win/tot)=173.951/206.954 ms  drop_timing(win/tot)=101511/1231437 pkt  drop_io(win/tot)=0/0 pkt  lost_samples(win/tot)=18271980/221658660  send_errors(win/tot)=0/0
2026-04-22 15:08:30 INFO STAT  crate=19  sent=636324 pkt  447.245 MB  win=4.704 Mbps 797.8 pkt/s  tot=4.810 Mbps 815.8 pkt/s  late(win/tot)=47866/636324  worst_late(win/tot)=207.883/207.883 ms  drop_timing(win/tot)=103793/1335230 pkt  drop_io(win/tot)=0/0 pkt  lost_samples(win/tot)=18682740/240341400  send_errors(win/tot)=0/0
2026-04-22 15:09:30 INFO STAT  crate=19  sent=684324 pkt  480.983 MB  win=4.717 Mbps 800.0 pkt/s  tot=4.803 Mbps 814.7 pkt/s  late(win/tot)=48000/684324  worst_late(win/tot)=171.498/207.883 ms  drop_timing(win/tot)=103622/1438852 pkt  drop_io(win/tot)=0/0 pkt  lost_samples(win/tot)=18651960/258993360  send_errors(win/tot)=0/0
2026-04-22 15:10:30 INFO STAT  crate=19  sent=732980 pkt  515.181 MB  win=4.781 Mbps 810.9 pkt/s  tot=4.802 Mbps 814.4 pkt/s  late(win/tot)=48656/732980  worst_late(win/tot)=181.482/207.883 ms  drop_timing(win/tot)=103067/1541919 pkt  drop_io(win/tot)=0/0 pkt  lost_samples(win/tot)=18552060/277545420  send_errors(win/tot)=0/0
2026-04-22 15:11:30 INFO STAT  crate=19  sent=780601 pkt  548.652 MB  win=4.679 Mbps 793.6 pkt/s  tot=4.794 Mbps 813.1 pkt/s  late(win/tot)=47621/780601  worst_late(win/tot)=172.154/207.883 ms  drop_timing(win/tot)=103996/1645915 pkt  drop_io(win/tot)=0/0 pkt  lost_samples(win/tot)=18719280/296264700  send_errors(win/tot)=0/0
2026-04-22 15:12:30 INFO STAT  crate=19  sent=829537 pkt  583.047 MB  win=4.809 Mbps 815.7 pkt/s  tot=4.795 Mbps 813.3 pkt/s  late(win/tot)=48936/829537  worst_late(win/tot)=188.014/207.883 ms  drop_timing(win/tot)=102779/1748694 pkt  drop_io(win/tot)=0/0 pkt  lost_samples(win/tot)=18500220/314764920  send_errors(win/tot)=0/0
2026-04-22 15:13:30 INFO STAT  crate=19  sent=882369 pkt  620.180 MB  win=5.192 Mbps 880.6 pkt/s  tot=4.817 Mbps 817.0 pkt/s  late(win/tot)=52832/882369  worst_late(win/tot)=184.786/207.883 ms  drop_timing(win/tot)=98804/1847498 pkt  drop_io(win/tot)=0/0 pkt  lost_samples(win/tot)=17784720/332549640  send_errors(win/tot)=0/0
2026-04-22 15:14:30 INFO STAT  crate=19  sent=933358 pkt  656.018 MB  win=5.010 Mbps 849.8 pkt/s  tot=4.827 Mbps 818.7 pkt/s  late(win/tot)=50989/933358  worst_late(win/tot)=167.896/207.883 ms  drop_timing(win/tot)=100691/1948189 pkt  drop_io(win/tot)=0/0 pkt  lost_samples(win/tot)=18124380/350674020  send_errors(win/tot)=0/0
2026-04-22 15:15:30 INFO STAT  crate=19  sent=982744 pkt  690.729 MB  win=4.853 Mbps 823.1 pkt/s  tot=4.829 Mbps 819.0 pkt/s  late(win/tot)=49386/982744  worst_late(win/tot)=173.489/207.883 ms  drop_timing(win/tot)=102266/2050455 pkt  drop_io(win/tot)=0/0 pkt  lost_samples(win/tot)=18407880/369081900  send_errors(win/tot)=0/0
2026-04-22 15:16:30 INFO STAT  crate=19  sent=1032061 pkt  725.392 MB  win=4.846 Mbps 821.9 pkt/s  tot=4.829 Mbps 819.1 pkt/s  late(win/tot)=49317/1032061  worst_late(win/tot)=179.718/207.883 ms  drop_timing(win/tot)=102326/2152781 pkt  drop_io(win/tot)=0/0 pkt  lost_samples(win/tot)=18418680/387500580  send_errors(win/tot)=0/0
2026-04-22 15:17:30 INFO STAT  crate=19  sent=1080889 pkt  759.711 MB  win=4.798 Mbps 813.8 pkt/s  tot=4.828 Mbps 818.9 pkt/s  late(win/tot)=48828/1080889  worst_late(win/tot)=181.265/207.883 ms  drop_timing(win/tot)=102863/2255644 pkt  drop_io(win/tot)=0/0 pkt  lost_samples(win/tot)=18515340/406015920  send_errors(win/tot)=0/0
2026-04-22 15:18:30 INFO STAT  crate=19  sent=1131669 pkt  795.403 MB  win=4.990 Mbps 846.4 pkt/s  tot=4.835 Mbps 820.0 pkt/s  late(win/tot)=50780/1131669  worst_late(win/tot)=196.332/207.883 ms  drop_timing(win/tot)=100869/2356513 pkt  drop_io(win/tot)=0/0 pkt  lost_samples(win/tot)=18156420/424172340  send_errors(win/tot)=0/0
2026-04-22 15:19:30 INFO STAT  crate=19  sent=1181523 pkt  830.443 MB  win=4.899 Mbps 830.9 pkt/s  tot=4.838 Mbps 820.5 pkt/s  late(win/tot)=49854/1181523  worst_late(win/tot)=174.309/207.883 ms  drop_timing(win/tot)=101803/2458316 pkt  drop_io(win/tot)=0/0 pkt  lost_samples(win/tot)=18324540/442496880  send_errors(win/tot)=0/0
2026-04-22 15:20:30 INFO STAT  crate=19  sent=1230749 pkt  865.042 MB  win=4.837 Mbps 820.4 pkt/s  tot=4.838 Mbps 820.5 pkt/s  late(win/tot)=49226/1230749  worst_late(win/tot)=185.691/207.883 ms  drop_timing(win/tot)=102487/2560803 pkt  drop_io(win/tot)=0/0 pkt  lost_samples(win/tot)=18447660/460944540  send_errors(win/tot)=0/0
2026-04-22 15:21:30 INFO STAT  crate=19  sent=1279318 pkt  899.179 MB  win=4.772 Mbps 809.4 pkt/s  tot=4.835 Mbps 820.1 pkt/s  late(win/tot)=48569/1279318  worst_late(win/tot)=185.352/207.883 ms  drop_timing(win/tot)=103064/2663867 pkt  drop_io(win/tot)=0/0 pkt  lost_samples(win/tot)=18551520/479496060  send_errors(win/tot)=0/0
2026-04-22 15:22:30 INFO STAT  crate=19  sent=1328738 pkt  933.914 MB  win=4.857 Mbps 823.7 pkt/s  tot=4.836 Mbps 820.2 pkt/s  late(win/tot)=49420/1328738  worst_late(win/tot)=217.419/217.419 ms  drop_timing(win/tot)=102294/2766161 pkt  drop_io(win/tot)=0/0 pkt  lost_samples(win/tot)=18412920/497908980  send_errors(win/tot)=0/0
2026-04-22 15:23:30 INFO STAT  crate=19  sent=1378223 pkt  968.695 MB  win=4.863 Mbps 824.8 pkt/s  tot=4.837 Mbps 820.4 pkt/s  late(win/tot)=49485/1378223  worst_late(win/tot)=159.435/217.419 ms  drop_timing(win/tot)=102158/2868319 pkt  drop_io(win/tot)=0/0 pkt  lost_samples(win/tot)=18388440/516297420  send_errors(win/tot)=0/0
2026-04-22 15:24:30 INFO STAT  crate=19  sent=1429189 pkt  1004.517 MB  win=5.008 Mbps 849.3 pkt/s  tot=4.843 Mbps 821.4 pkt/s  late(win/tot)=50966/1429189  worst_late(win/tot)=180.096/217.419 ms  drop_timing(win/tot)=100666/2968985 pkt  drop_io(win/tot)=0/0 pkt  lost_samples(win/tot)=18119880/534417300  send_errors(win/tot)=0/0
2026-04-22 15:25:30 INFO STAT  crate=19  sent=1479908 pkt  1040.165 MB  win=4.984 Mbps 845.4 pkt/s  tot=4.848 Mbps 822.2 pkt/s  late(win/tot)=50719/1479908  worst_late(win/tot)=183.543/217.419 ms  drop_timing(win/tot)=100941/3069926 pkt  drop_io(win/tot)=0/0 pkt  lost_samples(win/tot)=18169380/552586680  send_errors(win/tot)=0/0
2026-04-22 15:26:30 INFO STAT  crate=19  sent=1528824 pkt  1074.546 MB  win=4.807 Mbps 815.2 pkt/s  tot=4.846 Mbps 821.9 pkt/s  late(win/tot)=48916/1528824  worst_late(win/tot)=176.859/217.419 ms  drop_timing(win/tot)=102753/3172679 pkt  drop_io(win/tot)=0/0 pkt  lost_samples(win/tot)=18495540/571082220  send_errors(win/tot)=0/0
2026-04-22 15:27:30 INFO STAT  crate=19  sent=1577404 pkt  1108.691 MB  win=4.774 Mbps 809.7 pkt/s  tot=4.844 Mbps 821.6 pkt/s  late(win/tot)=48580/1577404  worst_late(win/tot)=171.694/217.419 ms  drop_timing(win/tot)=103135/3275814 pkt  drop_io(win/tot)=0/0 pkt  lost_samples(win/tot)=18564300/589646520  send_errors(win/tot)=0/0
2026-04-22 15:28:30 INFO STAT  crate=19  sent=1627532 pkt  1143.924 MB  win=4.926 Mbps 835.5 pkt/s  tot=4.846 Mbps 822.0 pkt/s  late(win/tot)=50128/1627532  worst_late(win/tot)=181.977/217.419 ms  drop_timing(win/tot)=101492/3377306 pkt  drop_io(win/tot)=0/0 pkt  lost_samples(win/tot)=18268560/607915080  send_errors(win/tot)=0/0
2026-04-22 15:29:30 INFO STAT  crate=19  sent=1687610 pkt  1186.150 MB  win=5.903 Mbps 1001.3 pkt/s  tot=4.878 Mbps 827.3 pkt/s  late(win/tot)=60078/1687610  worst_late(win/tot)=160.924/217.419 ms  drop_timing(win/tot)=91635/3468941 pkt  drop_io(win/tot)=0/0 pkt  lost_samples(win/tot)=16494300/624409380  send_errors(win/tot)=0/0
2026-04-22 15:30:30 INFO STAT  crate=19  sent=1749351 pkt  1229.545 MB  win=6.067 Mbps 1029.0 pkt/s  tot=4.912 Mbps 833.0 pkt/s  late(win/tot)=61741/1749351  worst_late(win/tot)=141.270/217.419 ms  drop_timing(win/tot)=89935/3558876 pkt  drop_io(win/tot)=0/0 pkt  lost_samples(win/tot)=16188300/640597680  send_errors(win/tot)=0/0
2026-04-22 15:31:30 INFO STAT  crate=19  sent=1831869 pkt  1287.544 MB  win=8.109 Mbps 1375.4 pkt/s  tot=5.000 Mbps 848.1 pkt/s  late(win/tot)=82518/1831869  worst_late(win/tot)=150.923/217.419 ms  drop_timing(win/tot)=69203/3628079 pkt  drop_io(win/tot)=0/0 pkt  lost_samples(win/tot)=12456540/653054220  send_errors(win/tot)=0/0
2026-04-22 15:32:30 INFO STAT  crate=19  sent=1918111 pkt  1348.160 MB  win=8.474 Mbps 1437.3 pkt/s  tot=5.094 Mbps 864.0 pkt/s  late(win/tot)=86242/1918111  worst_late(win/tot)=117.010/217.419 ms  drop_timing(win/tot)=65364/3693443 pkt  drop_io(win/tot)=0/0 pkt  lost_samples(win/tot)=11765520/664819740  send_errors(win/tot)=0/0
2026-04-22 15:33:30 INFO STAT  crate=19  sent=2005155 pkt  1409.339 MB  win=8.554 Mbps 1450.8 pkt/s  tot=5.185 Mbps 879.5 pkt/s  late(win/tot)=87044/2005155  worst_late(win/tot)=112.818/217.419 ms  drop_timing(win/tot)=64626/3758069 pkt  drop_io(win/tot)=0/0 pkt  lost_samples(win/tot)=11632680/676452420  send_errors(win/tot)=0/0
2026-04-22 15:34:30 INFO STAT  crate=19  sent=2093599 pkt  1471.503 MB  win=8.691 Mbps 1474.0 pkt/s  tot=5.275 Mbps 894.7 pkt/s  late(win/tot)=88444/2093599  worst_late(win/tot)=125.568/217.419 ms  drop_timing(win/tot)=63228/3821297 pkt  drop_io(win/tot)=0/0 pkt  lost_samples(win/tot)=11381040/687833460  send_errors(win/tot)=0/0
2026-04-22 15:35:30 INFO STAT  crate=19  sent=2177322 pkt  1530.348 MB  win=8.228 Mbps 1395.4 pkt/s  tot=5.349 Mbps 907.2 pkt/s  late(win/tot)=83723/2177322  worst_late(win/tot)=128.498/217.419 ms  drop_timing(win/tot)=67980/3889277 pkt  drop_io(win/tot)=0/0 pkt  lost_samples(win/tot)=12236400/700069860  send_errors(win/tot)=0/0
2026-04-22 15:36:30 INFO STAT  crate=19  sent=2261561 pkt  1589.556 MB  win=8.278 Mbps 1403.9 pkt/s  tot=5.420 Mbps 919.3 pkt/s  late(win/tot)=84239/2261561  worst_late(win/tot)=111.892/217.419 ms  drop_timing(win/tot)=67384/3956661 pkt  drop_io(win/tot)=0/0 pkt  lost_samples(win/tot)=12129120/712198980  send_errors(win/tot)=0/0
2026-04-22 15:37:30 INFO STAT  crate=19  sent=2347521 pkt  1649.974 MB  win=8.447 Mbps 1432.7 pkt/s  tot=5.492 Mbps 931.6 pkt/s  late(win/tot)=85960/2347521  worst_late(win/tot)=123.081/217.419 ms  drop_timing(win/tot)=65712/4022373 pkt  drop_io(win/tot)=0/0 pkt  lost_samples(win/tot)=11828160/724027140  send_errors(win/tot)=0/0
2026-04-22 15:38:30 INFO STAT  crate=19  sent=2432263 pkt  1709.535 MB  win=8.328 Mbps 1412.4 pkt/s  tot=5.558 Mbps 942.7 pkt/s  late(win/tot)=84742/2432263  worst_late(win/tot)=115.688/217.419 ms  drop_timing(win/tot)=66923/4089296 pkt  drop_io(win/tot)=0/0 pkt  lost_samples(win/tot)=12046140/736073280  send_errors(win/tot)=0/0
2026-04-22 15:39:30 INFO STAT  crate=19  sent=2530379 pkt  1778.497 MB  win=9.642 Mbps 1635.3 pkt/s  tot=5.651 Mbps 958.5 pkt/s  late(win/tot)=98116/2530379  worst_late(win/tot)=128.329/217.419 ms  drop_timing(win/tot)=53570/4142866 pkt  drop_io(win/tot)=0/0 pkt  lost_samples(win/tot)=9642600/745715880  send_errors(win/tot)=0/0
2026-04-22 15:40:30 INFO STAT  crate=19  sent=2655685 pkt  1866.569 MB  win=12.313 Mbps 2088.4 pkt/s  tot=5.799 Mbps 983.6 pkt/s  late(win/tot)=125306/2655685  worst_late(win/tot)=86.715/217.419 ms  drop_timing(win/tot)=26390/4169256 pkt  drop_io(win/tot)=0/0 pkt  lost_samples(win/tot)=4750200/750466080  send_errors(win/tot)=0/0
2026-04-22 15:41:06 INFO STAT  crate=19  sent=2730000 pkt  1918.802 MB  win=12.152 Mbps 2061.0 pkt/s  tot=5.883 Mbps 997.8 pkt/s  late(win/tot)=74315/2730000  worst_late(win/tot)=76.845/217.419 ms  drop_timing(win/tot)=16835/4186091 pkt  drop_io(win/tot)=0/0 pkt  lost_samples(win/tot)=3030300/753496380  send_errors(win/tot)=0/0
2026-04-22 15:41:06 INFO Terminato
