2026-04-22 16:42:26 INFO Start crate=11 dst=131.154.99.225:6666
2026-04-22 16:42:26 INFO Streams=91  board=7  analog/board=12  digital_streams/board=1
2026-04-22 16:42:26 INFO Sample rate=5000 Hz  samples/pkt=180  pps/stream=27.777778  total_pps=2527.778
2026-04-22 16:42:26 INFO Packet len=737 B  expected throughput=14.904 Mbps
2026-04-22 16:42:26 INFO Analog FS=+/-10.000 V  noise_rms=0.010000 V  digital_flip_prob=0.002000
2026-04-22 16:43:26 INFO STAT  crate=11  sent=90715 pkt  63.760 MB  win=8.914 Mbps 1511.9 pkt/s  tot=8.914 Mbps 1511.9 pkt/s  late(win/tot)=90715/90715  worst_late(win/tot)=115.542/115.542 ms  drop_timing(win/tot)=60863/60863 pkt  drop_io(win/tot)=0/0 pkt  lost_samples(win/tot)=10955340/10955340  send_errors(win/tot)=0/0
2026-04-22 16:44:26 INFO STAT  crate=11  sent=181766 pkt  127.756 MB  win=8.948 Mbps 1517.6 pkt/s  tot=8.931 Mbps 1514.7 pkt/s  late(win/tot)=91051/181766  worst_late(win/tot)=111.887/115.542 ms  drop_timing(win/tot)=60635/121498 pkt  drop_io(win/tot)=0/0 pkt  lost_samples(win/tot)=10914300/21869640  send_errors(win/tot)=0/0
2026-04-22 16:45:26 INFO STAT  crate=11  sent=273039 pkt  191.908 MB  win=8.969 Mbps 1521.2 pkt/s  tot=8.943 Mbps 1516.9 pkt/s  late(win/tot)=91273/273039  worst_late(win/tot)=106.509/115.542 ms  drop_timing(win/tot)=60375/181873 pkt  drop_io(win/tot)=0/0 pkt  lost_samples(win/tot)=10867500/32737140  send_errors(win/tot)=0/0
2026-04-22 16:46:26 INFO STAT  crate=11  sent=363501 pkt  255.490 MB  win=8.889 Mbps 1507.7 pkt/s  tot=8.930 Mbps 1514.6 pkt/s  late(win/tot)=90462/363501  worst_late(win/tot)=123.402/123.402 ms  drop_timing(win/tot)=61214/243087 pkt  drop_io(win/tot)=0/0 pkt  lost_samples(win/tot)=11018520/43755660  send_errors(win/tot)=0/0
2026-04-22 16:47:26 INFO STAT  crate=11  sent=454833 pkt  319.683 MB  win=8.975 Mbps 1522.3 pkt/s  tot=8.939 Mbps 1516.1 pkt/s  late(win/tot)=91332/454833  worst_late(win/tot)=125.676/125.676 ms  drop_timing(win/tot)=60356/303443 pkt  drop_io(win/tot)=0/0 pkt  lost_samples(win/tot)=10864080/54619740  send_errors(win/tot)=0/0
2026-04-22 16:48:26 INFO STAT  crate=11  sent=545637 pkt  383.505 MB  win=8.923 Mbps 1513.4 pkt/s  tot=8.936 Mbps 1515.7 pkt/s  late(win/tot)=90804/545637  worst_late(win/tot)=122.027/125.676 ms  drop_timing(win/tot)=60829/364272 pkt  drop_io(win/tot)=0/0 pkt  lost_samples(win/tot)=10949220/65568960  send_errors(win/tot)=0/0
2026-04-22 16:49:26 INFO STAT  crate=11  sent=637878 pkt  448.338 MB  win=9.064 Mbps 1537.3 pkt/s  tot=8.955 Mbps 1518.8 pkt/s  late(win/tot)=92241/637878  worst_late(win/tot)=110.906/125.676 ms  drop_timing(win/tot)=59438/423710 pkt  drop_io(win/tot)=0/0 pkt  lost_samples(win/tot)=10698840/76267800  send_errors(win/tot)=0/0
2026-04-22 16:50:26 INFO STAT  crate=11  sent=729137 pkt  512.480 MB  win=8.967 Mbps 1520.9 pkt/s  tot=8.956 Mbps 1519.0 pkt/s  late(win/tot)=91259/729137  worst_late(win/tot)=128.294/128.294 ms  drop_timing(win/tot)=60420/484130 pkt  drop_io(win/tot)=0/0 pkt  lost_samples(win/tot)=10875600/87143400  send_errors(win/tot)=0/0
2026-04-22 16:51:26 INFO STAT  crate=11  sent=823314 pkt  578.673 MB  win=9.255 Mbps 1569.7 pkt/s  tot=8.989 Mbps 1524.7 pkt/s  late(win/tot)=94177/823314  worst_late(win/tot)=115.803/128.294 ms  drop_timing(win/tot)=57502/541632 pkt  drop_io(win/tot)=0/0 pkt  lost_samples(win/tot)=10350360/97493760  send_errors(win/tot)=0/0
2026-04-22 16:52:26 INFO STAT  crate=11  sent=914848 pkt  643.008 MB  win=8.994 Mbps 1525.5 pkt/s  tot=8.990 Mbps 1524.7 pkt/s  late(win/tot)=91534/914848  worst_late(win/tot)=109.878/128.294 ms  drop_timing(win/tot)=60104/601736 pkt  drop_io(win/tot)=0/0 pkt  lost_samples(win/tot)=10818720/108312480  send_errors(win/tot)=0/0
2026-04-22 16:53:26 INFO STAT  crate=11  sent=1006850 pkt  707.673 MB  win=9.040 Mbps 1533.3 pkt/s  tot=8.994 Mbps 1525.5 pkt/s  late(win/tot)=92002/1006850  worst_late(win/tot)=99.630/128.294 ms  drop_timing(win/tot)=59679/661415 pkt  drop_io(win/tot)=0/0 pkt  lost_samples(win/tot)=10742220/119054700  send_errors(win/tot)=0/0
2026-04-22 16:54:26 INFO STAT  crate=11  sent=1100208 pkt  773.290 MB  win=9.174 Mbps 1556.0 pkt/s  tot=9.009 Mbps 1528.1 pkt/s  late(win/tot)=93358/1100208  worst_late(win/tot)=127.850/128.294 ms  drop_timing(win/tot)=58318/719733 pkt  drop_io(win/tot)=0/0 pkt  lost_samples(win/tot)=10497240/129551940  send_errors(win/tot)=0/0
2026-04-22 16:55:26 INFO STAT  crate=11  sent=1192898 pkt  838.438 MB  win=9.109 Mbps 1544.9 pkt/s  tot=9.017 Mbps 1529.4 pkt/s  late(win/tot)=92690/1192898  worst_late(win/tot)=111.820/128.294 ms  drop_timing(win/tot)=58953/778686 pkt  drop_io(win/tot)=0/0 pkt  lost_samples(win/tot)=10611540/140163480  send_errors(win/tot)=0/0
2026-04-22 16:56:26 INFO STAT  crate=11  sent=1282882 pkt  901.684 MB  win=8.842 Mbps 1499.7 pkt/s  tot=9.005 Mbps 1527.2 pkt/s  late(win/tot)=89984/1282882  worst_late(win/tot)=117.131/128.294 ms  drop_timing(win/tot)=61678/840364 pkt  drop_io(win/tot)=0/0 pkt  lost_samples(win/tot)=11102040/151265520  send_errors(win/tot)=0/0
2026-04-22 16:57:26 INFO STAT  crate=11  sent=1375789 pkt  966.984 MB  win=9.130 Mbps 1548.4 pkt/s  tot=9.013 Mbps 1528.7 pkt/s  late(win/tot)=92907/1375789  worst_late(win/tot)=120.718/128.294 ms  drop_timing(win/tot)=58782/899146 pkt  drop_io(win/tot)=0/0 pkt  lost_samples(win/tot)=10580760/161846280  send_errors(win/tot)=0/0
2026-04-22 16:58:26 INFO STAT  crate=11  sent=1466406 pkt  1030.675 MB  win=8.904 Mbps 1510.2 pkt/s  tot=9.006 Mbps 1527.5 pkt/s  late(win/tot)=90617/1466406  worst_late(win/tot)=110.549/128.294 ms  drop_timing(win/tot)=61063/960209 pkt  drop_io(win/tot)=0/0 pkt  lost_samples(win/tot)=10991340/172837620  send_errors(win/tot)=0/0
2026-04-22 16:59:26 INFO STAT  crate=11  sent=1557138 pkt  1094.447 MB  win=8.916 Mbps 1512.2 pkt/s  tot=9.001 Mbps 1526.6 pkt/s  late(win/tot)=90732/1557138  worst_late(win/tot)=117.906/128.294 ms  drop_timing(win/tot)=60876/1021085 pkt  drop_io(win/tot)=0/0 pkt  lost_samples(win/tot)=10957680/183795300  send_errors(win/tot)=0/0
2026-04-22 17:00:26 INFO STAT  crate=11  sent=1649532 pkt  1159.387 MB  win=9.079 Mbps 1539.9 pkt/s  tot=9.005 Mbps 1527.3 pkt/s  late(win/tot)=92394/1649532  worst_late(win/tot)=112.865/128.294 ms  drop_timing(win/tot)=59300/1080385 pkt  drop_io(win/tot)=0/0 pkt  lost_samples(win/tot)=10674000/194469300  send_errors(win/tot)=0/0
2026-04-22 17:01:26 INFO STAT  crate=11  sent=1742190 pkt  1224.512 MB  win=9.105 Mbps 1544.3 pkt/s  tot=9.010 Mbps 1528.2 pkt/s  late(win/tot)=92658/1742190  worst_late(win/tot)=111.968/128.294 ms  drop_timing(win/tot)=59015/1139400 pkt  drop_io(win/tot)=0/0 pkt  lost_samples(win/tot)=10622700/205092000  send_errors(win/tot)=0/0
2026-04-22 17:02:26 INFO STAT  crate=11  sent=1832939 pkt  1288.296 MB  win=8.918 Mbps 1512.5 pkt/s  tot=9.006 Mbps 1527.4 pkt/s  late(win/tot)=90749/1832939  worst_late(win/tot)=119.912/128.294 ms  drop_timing(win/tot)=60914/1200314 pkt  drop_io(win/tot)=0/0 pkt  lost_samples(win/tot)=10964520/216056520  send_errors(win/tot)=0/0
2026-04-22 17:03:26 INFO STAT  crate=11  sent=1922969 pkt  1351.574 MB  win=8.847 Mbps 1500.5 pkt/s  tot=8.998 Mbps 1526.2 pkt/s  late(win/tot)=90030/1922969  worst_late(win/tot)=110.604/128.294 ms  drop_timing(win/tot)=61638/1261952 pkt  drop_io(win/tot)=0/0 pkt  lost_samples(win/tot)=11094840/227151360  send_errors(win/tot)=0/0
2026-04-22 17:04:26 INFO STAT  crate=11  sent=2011865 pkt  1414.055 MB  win=8.736 Mbps 1481.6 pkt/s  tot=8.986 Mbps 1524.1 pkt/s  late(win/tot)=88896/2011865  worst_late(win/tot)=104.136/128.294 ms  drop_timing(win/tot)=62764/1324716 pkt  drop_io(win/tot)=0/0 pkt  lost_samples(win/tot)=11297520/238448880  send_errors(win/tot)=0/0
2026-04-22 17:05:26 INFO STAT  crate=11  sent=2101622 pkt  1477.142 MB  win=8.820 Mbps 1495.9 pkt/s  tot=8.979 Mbps 1522.9 pkt/s  late(win/tot)=89757/2101622  worst_late(win/tot)=138.715/138.715 ms  drop_timing(win/tot)=61915/1386631 pkt  drop_io(win/tot)=0/0 pkt  lost_samples(win/tot)=11144700/249593580  send_errors(win/tot)=0/0
2026-04-22 17:06:26 INFO STAT  crate=11  sent=2192659 pkt  1541.128 MB  win=8.946 Mbps 1517.3 pkt/s  tot=8.978 Mbps 1522.7 pkt/s  late(win/tot)=91037/2192659  worst_late(win/tot)=104.530/138.715 ms  drop_timing(win/tot)=60649/1447280 pkt  drop_io(win/tot)=0/0 pkt  lost_samples(win/tot)=10916820/260510400  send_errors(win/tot)=0/0
2026-04-22 17:07:26 INFO STAT  crate=11  sent=2282671 pkt  1604.394 MB  win=8.844 Mbps 1500.1 pkt/s  tot=8.972 Mbps 1521.8 pkt/s  late(win/tot)=90012/2282671  worst_late(win/tot)=119.738/138.715 ms  drop_timing(win/tot)=61655/1508935 pkt  drop_io(win/tot)=0/0 pkt  lost_samples(win/tot)=11097900/271608300  send_errors(win/tot)=0/0
2026-04-22 17:08:26 INFO STAT  crate=11  sent=2374369 pkt  1668.844 MB  win=9.012 Mbps 1528.4 pkt/s  tot=8.974 Mbps 1522.0 pkt/s  late(win/tot)=91698/2374369  worst_late(win/tot)=108.747/138.715 ms  drop_timing(win/tot)=59939/1568874 pkt  drop_io(win/tot)=0/0 pkt  lost_samples(win/tot)=10789020/282397320  send_errors(win/tot)=0/0
2026-04-22 17:09:26 INFO STAT  crate=11  sent=2481147 pkt  1743.894 MB  win=10.493 Mbps 1779.6 pkt/s  tot=9.030 Mbps 1531.6 pkt/s  late(win/tot)=106778/2481147  worst_late(win/tot)=107.549/138.715 ms  drop_timing(win/tot)=44926/1613800 pkt  drop_io(win/tot)=0/0 pkt  lost_samples(win/tot)=8086680/290484000  send_errors(win/tot)=0/0
2026-04-22 17:10:26 INFO STAT  crate=11  sent=2598764 pkt  1826.562 MB  win=11.558 Mbps 1960.3 pkt/s  tot=9.120 Mbps 1546.9 pkt/s  late(win/tot)=117617/2598764  worst_late(win/tot)=94.284/138.715 ms  drop_timing(win/tot)=34076/1647876 pkt  drop_io(win/tot)=0/0 pkt  lost_samples(win/tot)=6133680/296617680  send_errors(win/tot)=0/0
2026-04-22 17:11:21 INFO STAT  crate=11  sent=2730000 pkt  1918.802 MB  win=14.115 Mbps 2394.0 pkt/s  tot=9.278 Mbps 1573.7 pkt/s  late(win/tot)=131236/2730000  worst_late(win/tot)=99.024/138.715 ms  drop_timing(win/tot)=6262/1654138 pkt  drop_io(win/tot)=0/0 pkt  lost_samples(win/tot)=1127160/297744840  send_errors(win/tot)=0/0
2026-04-22 17:11:21 INFO Terminato
