2026-04-22 14:46:59 INFO Start crate=2 dst=131.154.99.225:6666
2026-04-22 14:46:59 INFO Streams=91  board=7  analog/board=12  digital_streams/board=1
2026-04-22 14:46:59 INFO Sample rate=5000 Hz  samples/pkt=180  pps/stream=27.777778  total_pps=2527.778
2026-04-22 14:46:59 INFO Packet len=737 B  expected throughput=14.904 Mbps
2026-04-22 14:46:59 INFO Analog FS=+/-10.000 V  noise_rms=0.010000 V  digital_flip_prob=0.002000
2026-04-22 14:47:59 INFO STAT  crate=2  sent=127194 pkt  89.399 MB  win=12.499 Mbps 2119.9 pkt/s  tot=12.499 Mbps 2119.9 pkt/s  late(win/tot)=127194/127194  worst_late(win/tot)=78.013/78.013 ms  drop_timing(win/tot)=24388/24388 pkt  drop_io(win/tot)=0/0 pkt  lost_samples(win/tot)=4389840/4389840  send_errors(win/tot)=0/0
2026-04-22 14:48:59 INFO STAT  crate=2  sent=252151 pkt  177.226 MB  win=12.279 Mbps 2082.6 pkt/s  tot=12.389 Mbps 2101.3 pkt/s  late(win/tot)=124957/252151  worst_late(win/tot)=83.170/83.170 ms  drop_timing(win/tot)=26754/51142 pkt  drop_io(win/tot)=0/0 pkt  lost_samples(win/tot)=4815720/9205560  send_errors(win/tot)=0/0
2026-04-22 14:49:59 INFO STAT  crate=2  sent=378451 pkt  265.997 MB  win=12.411 Mbps 2105.0 pkt/s  tot=12.396 Mbps 2102.5 pkt/s  late(win/tot)=126300/378451  worst_late(win/tot)=80.121/83.170 ms  drop_timing(win/tot)=25389/76531 pkt  drop_io(win/tot)=0/0 pkt  lost_samples(win/tot)=4570020/13775580  send_errors(win/tot)=0/0
2026-04-22 14:50:59 INFO STAT  crate=2  sent=503979 pkt  354.226 MB  win=12.335 Mbps 2092.1 pkt/s  tot=12.381 Mbps 2099.9 pkt/s  late(win/tot)=125528/503979  worst_late(win/tot)=81.202/83.170 ms  drop_timing(win/tot)=26117/102648 pkt  drop_io(win/tot)=0/0 pkt  lost_samples(win/tot)=4701060/18476640  send_errors(win/tot)=0/0
2026-04-22 14:51:59 INFO STAT  crate=2  sent=629509 pkt  442.455 MB  win=12.335 Mbps 2092.2 pkt/s  tot=12.372 Mbps 2098.4 pkt/s  late(win/tot)=125530/629509  worst_late(win/tot)=82.346/83.170 ms  drop_timing(win/tot)=26117/128765 pkt  drop_io(win/tot)=0/0 pkt  lost_samples(win/tot)=4701060/23177700  send_errors(win/tot)=0/0
2026-04-22 14:52:59 INFO STAT  crate=2  sent=737825 pkt  518.586 MB  win=10.644 Mbps 1805.3 pkt/s  tot=12.084 Mbps 2049.5 pkt/s  late(win/tot)=108316/737825  worst_late(win/tot)=119.637/119.637 ms  drop_timing(win/tot)=43339/172104 pkt  drop_io(win/tot)=0/0 pkt  lost_samples(win/tot)=7801020/30978720  send_errors(win/tot)=0/0
2026-04-22 14:53:59 INFO STAT  crate=2  sent=827870 pkt  581.875 MB  win=8.848 Mbps 1500.7 pkt/s  tot=11.622 Mbps 1971.1 pkt/s  late(win/tot)=90045/827870  worst_late(win/tot)=122.616/122.616 ms  drop_timing(win/tot)=61675/233779 pkt  drop_io(win/tot)=0/0 pkt  lost_samples(win/tot)=11101500/42080220  send_errors(win/tot)=0/0
2026-04-22 14:54:59 INFO STAT  crate=2  sent=910506 pkt  639.956 MB  win=8.120 Mbps 1377.2 pkt/s  tot=11.184 Mbps 1896.9 pkt/s  late(win/tot)=82636/910506  worst_late(win/tot)=133.542/133.542 ms  drop_timing(win/tot)=68933/302712 pkt  drop_io(win/tot)=0/0 pkt  lost_samples(win/tot)=12407940/54488160  send_errors(win/tot)=0/0
2026-04-22 14:55:59 INFO STAT  crate=2  sent=967586 pkt  680.076 MB  win=5.609 Mbps 951.4 pkt/s  tot=10.565 Mbps 1791.8 pkt/s  late(win/tot)=57080/967586  worst_late(win/tot)=171.549/171.549 ms  drop_timing(win/tot)=94593/397305 pkt  drop_io(win/tot)=0/0 pkt  lost_samples(win/tot)=17026740/71514900  send_errors(win/tot)=0/0
2026-04-22 14:56:59 INFO STAT  crate=2  sent=1017835 pkt  715.393 MB  win=4.938 Mbps 837.5 pkt/s  tot=10.002 Mbps 1696.4 pkt/s  late(win/tot)=50249/1017835  worst_late(win/tot)=209.145/209.145 ms  drop_timing(win/tot)=101398/498703 pkt  drop_io(win/tot)=0/0 pkt  lost_samples(win/tot)=18251640/89766540  send_errors(win/tot)=0/0
2026-04-22 14:57:59 INFO STAT  crate=2  sent=1068656 pkt  751.113 MB  win=4.994 Mbps 847.0 pkt/s  tot=9.547 Mbps 1619.2 pkt/s  late(win/tot)=50821/1068656  worst_late(win/tot)=170.422/209.145 ms  drop_timing(win/tot)=100871/599574 pkt  drop_io(win/tot)=0/0 pkt  lost_samples(win/tot)=18156780/107923320  send_errors(win/tot)=0/0
2026-04-22 14:58:59 INFO STAT  crate=2  sent=1120484 pkt  787.541 MB  win=5.093 Mbps 863.8 pkt/s  tot=9.176 Mbps 1556.2 pkt/s  late(win/tot)=51828/1120484  worst_late(win/tot)=183.125/209.145 ms  drop_timing(win/tot)=99758/699332 pkt  drop_io(win/tot)=0/0 pkt  lost_samples(win/tot)=17956440/125879760  send_errors(win/tot)=0/0
2026-04-22 14:59:59 INFO STAT  crate=2  sent=1172525 pkt  824.119 MB  win=5.114 Mbps 867.3 pkt/s  tot=8.863 Mbps 1503.2 pkt/s  late(win/tot)=52041/1172525  worst_late(win/tot)=182.544/209.145 ms  drop_timing(win/tot)=99702/799034 pkt  drop_io(win/tot)=0/0 pkt  lost_samples(win/tot)=17946360/143826120  send_errors(win/tot)=0/0
2026-04-22 15:00:59 INFO STAT  crate=2  sent=1222186 pkt  859.023 MB  win=4.880 Mbps 827.7 pkt/s  tot=8.579 Mbps 1455.0 pkt/s  late(win/tot)=49661/1222186  worst_late(win/tot)=172.769/209.145 ms  drop_timing(win/tot)=101987/901021 pkt  drop_io(win/tot)=0/0 pkt  lost_samples(win/tot)=18357660/162183780  send_errors(win/tot)=0/0
2026-04-22 15:01:59 INFO STAT  crate=2  sent=1269793 pkt  892.484 MB  win=4.678 Mbps 793.4 pkt/s  tot=8.319 Mbps 1410.9 pkt/s  late(win/tot)=47607/1269793  worst_late(win/tot)=183.795/209.145 ms  drop_timing(win/tot)=104035/1005056 pkt  drop_io(win/tot)=0/0 pkt  lost_samples(win/tot)=18726300/180910080  send_errors(win/tot)=0/0
2026-04-22 15:02:59 INFO STAT  crate=2  sent=1317295 pkt  925.871 MB  win=4.668 Mbps 791.7 pkt/s  tot=8.090 Mbps 1372.2 pkt/s  late(win/tot)=47502/1317295  worst_late(win/tot)=191.240/209.145 ms  drop_timing(win/tot)=104198/1109254 pkt  drop_io(win/tot)=0/0 pkt  lost_samples(win/tot)=18755640/199665720  send_errors(win/tot)=0/0
2026-04-22 15:03:59 INFO STAT  crate=2  sent=1368645 pkt  961.963 MB  win=5.046 Mbps 855.8 pkt/s  tot=7.911 Mbps 1341.8 pkt/s  late(win/tot)=51350/1368645  worst_late(win/tot)=176.859/209.145 ms  drop_timing(win/tot)=100283/1209537 pkt  drop_io(win/tot)=0/0 pkt  lost_samples(win/tot)=18050940/217716660  send_errors(win/tot)=0/0
2026-04-22 15:04:59 INFO STAT  crate=2  sent=1417613 pkt  996.381 MB  win=4.812 Mbps 816.2 pkt/s  tot=7.739 Mbps 1312.6 pkt/s  late(win/tot)=48968/1417613  worst_late(win/tot)=170.942/209.145 ms  drop_timing(win/tot)=102696/1312233 pkt  drop_io(win/tot)=0/0 pkt  lost_samples(win/tot)=18485280/236201940  send_errors(win/tot)=0/0
2026-04-22 15:05:59 INFO STAT  crate=2  sent=1466575 pkt  1030.794 MB  win=4.811 Mbps 816.0 pkt/s  tot=7.585 Mbps 1286.5 pkt/s  late(win/tot)=48962/1466575  worst_late(win/tot)=164.112/209.145 ms  drop_timing(win/tot)=102743/1414976 pkt  drop_io(win/tot)=0/0 pkt  lost_samples(win/tot)=18493740/254695680  send_errors(win/tot)=0/0
2026-04-22 15:06:59 INFO STAT  crate=2  sent=1517301 pkt  1066.447 MB  win=4.985 Mbps 845.4 pkt/s  tot=7.455 Mbps 1264.4 pkt/s  late(win/tot)=50726/1517301  worst_late(win/tot)=195.034/209.145 ms  drop_timing(win/tot)=100891/1515867 pkt  drop_io(win/tot)=0/0 pkt  lost_samples(win/tot)=18160380/272856060  send_errors(win/tot)=0/0
2026-04-22 15:07:59 INFO STAT  crate=2  sent=1567072 pkt  1101.429 MB  win=4.890 Mbps 829.4 pkt/s  tot=7.333 Mbps 1243.7 pkt/s  late(win/tot)=49771/1567072  worst_late(win/tot)=203.522/209.145 ms  drop_timing(win/tot)=101935/1617802 pkt  drop_io(win/tot)=0/0 pkt  lost_samples(win/tot)=18348300/291204360  send_errors(win/tot)=0/0
2026-04-22 15:08:59 INFO STAT  crate=2  sent=1617471 pkt  1136.852 MB  win=4.953 Mbps 840.1 pkt/s  tot=7.225 Mbps 1225.4 pkt/s  late(win/tot)=50399/1617471  worst_late(win/tot)=180.373/209.145 ms  drop_timing(win/tot)=101282/1719084 pkt  drop_io(win/tot)=0/0 pkt  lost_samples(win/tot)=18230760/309435120  send_errors(win/tot)=0/0
2026-04-22 15:09:59 INFO STAT  crate=2  sent=1666582 pkt  1171.370 MB  win=4.826 Mbps 818.5 pkt/s  tot=7.120 Mbps 1207.7 pkt/s  late(win/tot)=49111/1666582  worst_late(win/tot)=190.976/209.145 ms  drop_timing(win/tot)=102525/1821609 pkt  drop_io(win/tot)=0/0 pkt  lost_samples(win/tot)=18454500/327889620  send_errors(win/tot)=0/0
2026-04-22 15:10:59 INFO STAT  crate=2  sent=1717314 pkt  1207.028 MB  win=4.985 Mbps 845.5 pkt/s  tot=7.031 Mbps 1192.6 pkt/s  late(win/tot)=50732/1717314  worst_late(win/tot)=161.789/209.145 ms  drop_timing(win/tot)=100926/1922535 pkt  drop_io(win/tot)=0/0 pkt  lost_samples(win/tot)=18166680/346056300  send_errors(win/tot)=0/0
2026-04-22 15:11:59 INFO STAT  crate=2  sent=1769982 pkt  1244.046 MB  win=5.176 Mbps 877.9 pkt/s  tot=6.957 Mbps 1180.0 pkt/s  late(win/tot)=52668/1769982  worst_late(win/tot)=188.741/209.145 ms  drop_timing(win/tot)=99048/2021583 pkt  drop_io(win/tot)=0/0 pkt  lost_samples(win/tot)=17828640/363884940  send_errors(win/tot)=0/0
2026-04-22 15:12:59 INFO STAT  crate=2  sent=1817734 pkt  1277.609 MB  win=4.693 Mbps 795.9 pkt/s  tot=6.870 Mbps 1165.2 pkt/s  late(win/tot)=47752/1817734  worst_late(win/tot)=188.840/209.145 ms  drop_timing(win/tot)=103914/2125497 pkt  drop_io(win/tot)=0/0 pkt  lost_samples(win/tot)=18704520/382589460  send_errors(win/tot)=0/0
2026-04-22 15:13:59 INFO STAT  crate=2  sent=1867919 pkt  1312.882 MB  win=4.931 Mbps 836.4 pkt/s  tot=6.798 Mbps 1153.0 pkt/s  late(win/tot)=50185/1867919  worst_late(win/tot)=180.898/209.145 ms  drop_timing(win/tot)=101429/2226926 pkt  drop_io(win/tot)=0/0 pkt  lost_samples(win/tot)=18257220/400846680  send_errors(win/tot)=0/0
2026-04-22 15:14:59 INFO STAT  crate=2  sent=1915031 pkt  1345.995 MB  win=4.630 Mbps 785.2 pkt/s  tot=6.721 Mbps 1139.9 pkt/s  late(win/tot)=47112/1915031  worst_late(win/tot)=179.663/209.145 ms  drop_timing(win/tot)=104607/2331533 pkt  drop_io(win/tot)=0/0 pkt  lost_samples(win/tot)=18829260/419675940  send_errors(win/tot)=0/0
2026-04-22 15:15:59 INFO STAT  crate=2  sent=1964591 pkt  1380.828 MB  win=4.870 Mbps 826.0 pkt/s  tot=6.657 Mbps 1129.1 pkt/s  late(win/tot)=49560/1964591  worst_late(win/tot)=187.556/209.145 ms  drop_timing(win/tot)=102091/2433624 pkt  drop_io(win/tot)=0/0 pkt  lost_samples(win/tot)=18376380/438052320  send_errors(win/tot)=0/0
2026-04-22 15:16:59 INFO STAT  crate=2  sent=2014629 pkt  1415.998 MB  win=4.917 Mbps 834.0 pkt/s  tot=6.599 Mbps 1119.2 pkt/s  late(win/tot)=50038/2014629  worst_late(win/tot)=204.363/209.145 ms  drop_timing(win/tot)=101601/2535225 pkt  drop_io(win/tot)=0/0 pkt  lost_samples(win/tot)=18288180/456340500  send_errors(win/tot)=0/0
2026-04-22 15:17:59 INFO STAT  crate=2  sent=2064801 pkt  1451.262 MB  win=4.930 Mbps 836.2 pkt/s  tot=6.545 Mbps 1110.1 pkt/s  late(win/tot)=50172/2064801  worst_late(win/tot)=189.225/209.145 ms  drop_timing(win/tot)=101471/2636696 pkt  drop_io(win/tot)=0/0 pkt  lost_samples(win/tot)=18264780/474605280  send_errors(win/tot)=0/0
2026-04-22 15:18:59 INFO STAT  crate=2  sent=2115903 pkt  1487.179 MB  win=5.021 Mbps 851.6 pkt/s  tot=6.498 Mbps 1102.0 pkt/s  late(win/tot)=51102/2115903  worst_late(win/tot)=172.697/209.145 ms  drop_timing(win/tot)=100593/2737289 pkt  drop_io(win/tot)=0/0 pkt  lost_samples(win/tot)=18106740/492712020  send_errors(win/tot)=0/0
2026-04-22 15:19:59 INFO STAT  crate=2  sent=2165143 pkt  1521.788 MB  win=4.839 Mbps 820.7 pkt/s  tot=6.447 Mbps 1093.5 pkt/s  late(win/tot)=49240/2165143  worst_late(win/tot)=175.657/209.145 ms  drop_timing(win/tot)=102458/2839747 pkt  drop_io(win/tot)=0/0 pkt  lost_samples(win/tot)=18442440/511154460  send_errors(win/tot)=0/0
2026-04-22 15:20:59 INFO STAT  crate=2  sent=2213965 pkt  1556.103 MB  win=4.798 Mbps 813.7 pkt/s  tot=6.399 Mbps 1085.3 pkt/s  late(win/tot)=48822/2213965  worst_late(win/tot)=195.216/209.145 ms  drop_timing(win/tot)=102800/2942547 pkt  drop_io(win/tot)=0/0 pkt  lost_samples(win/tot)=18504000/529658460  send_errors(win/tot)=0/0
2026-04-22 15:21:59 INFO STAT  crate=2  sent=2264501 pkt  1591.623 MB  win=4.966 Mbps 842.3 pkt/s  tot=6.358 Mbps 1078.3 pkt/s  late(win/tot)=50536/2264501  worst_late(win/tot)=217.783/217.783 ms  drop_timing(win/tot)=101178/3043725 pkt  drop_io(win/tot)=0/0 pkt  lost_samples(win/tot)=18212040/547870500  send_errors(win/tot)=0/0
2026-04-22 15:22:59 INFO STAT  crate=2  sent=2313027 pkt  1625.729 MB  win=4.769 Mbps 808.8 pkt/s  tot=6.314 Mbps 1070.8 pkt/s  late(win/tot)=48526/2313027  worst_late(win/tot)=182.163/217.783 ms  drop_timing(win/tot)=103120/3146845 pkt  drop_io(win/tot)=0/0 pkt  lost_samples(win/tot)=18561600/566432100  send_errors(win/tot)=0/0
2026-04-22 15:23:59 INFO STAT  crate=2  sent=2363110 pkt  1660.931 MB  win=4.922 Mbps 834.7 pkt/s  tot=6.276 Mbps 1064.5 pkt/s  late(win/tot)=50083/2363110  worst_late(win/tot)=194.408/217.783 ms  drop_timing(win/tot)=101611/3248456 pkt  drop_io(win/tot)=0/0 pkt  lost_samples(win/tot)=18289980/584722080  send_errors(win/tot)=0/0
2026-04-22 15:24:59 INFO STAT  crate=2  sent=2413437 pkt  1696.303 MB  win=4.945 Mbps 838.7 pkt/s  tot=6.241 Mbps 1058.5 pkt/s  late(win/tot)=50327/2413437  worst_late(win/tot)=179.411/217.783 ms  drop_timing(win/tot)=101288/3349744 pkt  drop_io(win/tot)=0/0 pkt  lost_samples(win/tot)=18231840/602953920  send_errors(win/tot)=0/0
2026-04-22 15:25:59 INFO STAT  crate=2  sent=2460781 pkt  1729.580 MB  win=4.653 Mbps 789.1 pkt/s  tot=6.200 Mbps 1051.6 pkt/s  late(win/tot)=47344/2460781  worst_late(win/tot)=176.107/217.783 ms  drop_timing(win/tot)=104327/3454071 pkt  drop_io(win/tot)=0/0 pkt  lost_samples(win/tot)=18778860/621732780  send_errors(win/tot)=0/0
2026-04-22 15:26:59 INFO STAT  crate=2  sent=2512353 pkt  1765.827 MB  win=5.068 Mbps 859.6 pkt/s  tot=6.172 Mbps 1046.8 pkt/s  late(win/tot)=51572/2512353  worst_late(win/tot)=177.037/217.783 ms  drop_timing(win/tot)=100125/3554196 pkt  drop_io(win/tot)=0/0 pkt  lost_samples(win/tot)=18022500/639755280  send_errors(win/tot)=0/0
2026-04-22 15:27:59 INFO STAT  crate=2  sent=2562707 pkt  1801.219 MB  win=4.948 Mbps 839.2 pkt/s  tot=6.142 Mbps 1041.8 pkt/s  late(win/tot)=50354/2562707  worst_late(win/tot)=185.233/217.783 ms  drop_timing(win/tot)=101278/3655474 pkt  drop_io(win/tot)=0/0 pkt  lost_samples(win/tot)=18230040/657985320  send_errors(win/tot)=0/0
2026-04-22 15:28:59 INFO STAT  crate=2  sent=2618358 pkt  1840.334 MB  win=5.469 Mbps 927.5 pkt/s  tot=6.126 Mbps 1039.0 pkt/s  late(win/tot)=55651/2618358  worst_late(win/tot)=163.807/217.783 ms  drop_timing(win/tot)=96056/3751530 pkt  drop_io(win/tot)=0/0 pkt  lost_samples(win/tot)=17290080/675275400  send_errors(win/tot)=0/0
2026-04-22 15:29:59 INFO STAT  crate=2  sent=2679992 pkt  1883.654 MB  win=6.057 Mbps 1027.3 pkt/s  tot=6.125 Mbps 1038.8 pkt/s  late(win/tot)=61634/2679992  worst_late(win/tot)=158.712/217.783 ms  drop_timing(win/tot)=90034/3841564 pkt  drop_io(win/tot)=0/0 pkt  lost_samples(win/tot)=16206120/691481520  send_errors(win/tot)=0/0
2026-04-22 15:30:47 INFO STAT  crate=2  sent=2730000 pkt  1918.802 MB  win=6.181 Mbps 1048.4 pkt/s  tot=6.126 Mbps 1038.9 pkt/s  late(win/tot)=50008/2730000  worst_late(win/tot)=134.179/217.783 ms  drop_timing(win/tot)=70575/3912139 pkt  drop_io(win/tot)=0/0 pkt  lost_samples(win/tot)=12703500/704185020  send_errors(win/tot)=0/0
2026-04-22 15:30:47 INFO Terminato
