2026-04-22 14:54:29 INFO Start crate=17 dst=131.154.99.225:6666
2026-04-22 14:54:29 INFO Streams=91  board=7  analog/board=12  digital_streams/board=1
2026-04-22 14:54:29 INFO Sample rate=5000 Hz  samples/pkt=180  pps/stream=27.777778  total_pps=2527.778
2026-04-22 14:54:29 INFO Packet len=737 B  expected throughput=14.904 Mbps
2026-04-22 14:54:29 INFO Analog FS=+/-10.000 V  noise_rms=0.010000 V  digital_flip_prob=0.002000
2026-04-22 14:55:29 INFO STAT  crate=17  sent=117139 pkt  82.332 MB  win=11.511 Mbps 1952.3 pkt/s  tot=11.511 Mbps 1952.3 pkt/s  late(win/tot)=117139/117139  worst_late(win/tot)=97.552/97.552 ms  drop_timing(win/tot)=34435/34435 pkt  drop_io(win/tot)=0/0 pkt  lost_samples(win/tot)=6198300/6198300  send_errors(win/tot)=0/0
2026-04-22 14:56:29 INFO STAT  crate=17  sent=214120 pkt  150.496 MB  win=9.530 Mbps 1616.3 pkt/s  tot=10.520 Mbps 1784.3 pkt/s  late(win/tot)=96981/214120  worst_late(win/tot)=122.373/122.373 ms  drop_timing(win/tot)=54692/89127 pkt  drop_io(win/tot)=0/0 pkt  lost_samples(win/tot)=9844560/16042860  send_errors(win/tot)=0/0
2026-04-22 14:57:29 INFO STAT  crate=17  sent=300612 pkt  211.288 MB  win=8.499 Mbps 1441.5 pkt/s  tot=9.847 Mbps 1670.0 pkt/s  late(win/tot)=86492/300612  worst_late(win/tot)=134.909/134.909 ms  drop_timing(win/tot)=65188/154315 pkt  drop_io(win/tot)=0/0 pkt  lost_samples(win/tot)=11733840/27776700  send_errors(win/tot)=0/0
2026-04-22 14:58:29 INFO STAT  crate=17  sent=374680 pkt  263.347 MB  win=7.278 Mbps 1234.4 pkt/s  tot=9.204 Mbps 1561.1 pkt/s  late(win/tot)=74068/374680  worst_late(win/tot)=147.149/147.149 ms  drop_timing(win/tot)=77558/231873 pkt  drop_io(win/tot)=0/0 pkt  lost_samples(win/tot)=13960440/41737140  send_errors(win/tot)=0/0
2026-04-22 14:59:29 INFO STAT  crate=17  sent=444166 pkt  312.186 MB  win=6.829 Mbps 1158.2 pkt/s  tot=8.729 Mbps 1480.5 pkt/s  late(win/tot)=69486/444166  worst_late(win/tot)=140.679/147.149 ms  drop_timing(win/tot)=82174/314047 pkt  drop_io(win/tot)=0/0 pkt  lost_samples(win/tot)=14791320/56528460  send_errors(win/tot)=0/0
2026-04-22 15:00:29 INFO STAT  crate=17  sent=517501 pkt  363.730 MB  win=7.206 Mbps 1222.2 pkt/s  tot=8.475 Mbps 1437.5 pkt/s  late(win/tot)=73335/517501  worst_late(win/tot)=166.324/166.324 ms  drop_timing(win/tot)=78335/392382 pkt  drop_io(win/tot)=0/0 pkt  lost_samples(win/tot)=14100300/70628760  send_errors(win/tot)=0/0
2026-04-22 15:01:29 INFO STAT  crate=17  sent=584649 pkt  410.925 MB  win=6.599 Mbps 1119.2 pkt/s  tot=8.207 Mbps 1392.0 pkt/s  late(win/tot)=67148/584649  worst_late(win/tot)=145.762/166.324 ms  drop_timing(win/tot)=84576/476958 pkt  drop_io(win/tot)=0/0 pkt  lost_samples(win/tot)=15223680/85852440  send_errors(win/tot)=0/0
2026-04-22 15:02:29 INFO STAT  crate=17  sent=658300 pkt  462.691 MB  win=7.238 Mbps 1227.6 pkt/s  tot=8.086 Mbps 1371.5 pkt/s  late(win/tot)=73651/658300  worst_late(win/tot)=154.724/166.324 ms  drop_timing(win/tot)=77965/554923 pkt  drop_io(win/tot)=0/0 pkt  lost_samples(win/tot)=14033700/99886140  send_errors(win/tot)=0/0
2026-04-22 15:03:29 INFO STAT  crate=17  sent=726847 pkt  510.870 MB  win=6.736 Mbps 1142.5 pkt/s  tot=7.936 Mbps 1346.0 pkt/s  late(win/tot)=68547/726847  worst_late(win/tot)=166.779/166.779 ms  drop_timing(win/tot)=83093/638016 pkt  drop_io(win/tot)=0/0 pkt  lost_samples(win/tot)=14956740/114842880  send_errors(win/tot)=0/0
2026-04-22 15:04:29 INFO STAT  crate=17  sent=800836 pkt  562.874 MB  win=7.271 Mbps 1233.1 pkt/s  tot=7.870 Mbps 1334.7 pkt/s  late(win/tot)=73989/800836  worst_late(win/tot)=148.775/166.779 ms  drop_timing(win/tot)=77740/715756 pkt  drop_io(win/tot)=0/0 pkt  lost_samples(win/tot)=13993200/128836080  send_errors(win/tot)=0/0
2026-04-22 15:05:29 INFO STAT  crate=17  sent=875269 pkt  615.190 MB  win=7.314 Mbps 1240.5 pkt/s  tot=7.819 Mbps 1326.2 pkt/s  late(win/tot)=74433/875269  worst_late(win/tot)=141.771/166.779 ms  drop_timing(win/tot)=77228/792984 pkt  drop_io(win/tot)=0/0 pkt  lost_samples(win/tot)=13901040/142737120  send_errors(win/tot)=0/0
2026-04-22 15:06:29 INFO STAT  crate=17  sent=947566 pkt  666.004 MB  win=7.104 Mbps 1205.0 pkt/s  tot=7.760 Mbps 1316.1 pkt/s  late(win/tot)=72297/947566  worst_late(win/tot)=145.338/166.779 ms  drop_timing(win/tot)=79296/872280 pkt  drop_io(win/tot)=0/0 pkt  lost_samples(win/tot)=14273280/157010400  send_errors(win/tot)=0/0
2026-04-22 15:07:29 INFO STAT  crate=17  sent=1019083 pkt  716.271 MB  win=7.027 Mbps 1191.9 pkt/s  tot=7.703 Mbps 1306.5 pkt/s  late(win/tot)=71517/1019083  worst_late(win/tot)=145.032/166.779 ms  drop_timing(win/tot)=80227/952507 pkt  drop_io(win/tot)=0/0 pkt  lost_samples(win/tot)=14440860/171451260  send_errors(win/tot)=0/0
2026-04-22 15:08:29 INFO STAT  crate=17  sent=1087975 pkt  764.692 MB  win=6.769 Mbps 1148.0 pkt/s  tot=7.636 Mbps 1295.2 pkt/s  late(win/tot)=68892/1087975  worst_late(win/tot)=152.379/166.779 ms  drop_timing(win/tot)=82741/1035248 pkt  drop_io(win/tot)=0/0 pkt  lost_samples(win/tot)=14893380/186344640  send_errors(win/tot)=0/0
2026-04-22 15:09:29 INFO STAT  crate=17  sent=1158215 pkt  814.061 MB  win=6.903 Mbps 1170.8 pkt/s  tot=7.588 Mbps 1286.9 pkt/s  late(win/tot)=70240/1158215  worst_late(win/tot)=138.993/166.779 ms  drop_timing(win/tot)=81434/1116682 pkt  drop_io(win/tot)=0/0 pkt  lost_samples(win/tot)=14658120/201002760  send_errors(win/tot)=0/0
2026-04-22 15:10:29 INFO STAT  crate=17  sent=1228388 pkt  863.382 MB  win=6.896 Mbps 1169.5 pkt/s  tot=7.544 Mbps 1279.6 pkt/s  late(win/tot)=70173/1228388  worst_late(win/tot)=145.363/166.779 ms  drop_timing(win/tot)=81485/1198167 pkt  drop_io(win/tot)=0/0 pkt  lost_samples(win/tot)=14667300/215670060  send_errors(win/tot)=0/0
2026-04-22 15:11:29 INFO STAT  crate=17  sent=1299806 pkt  913.579 MB  win=7.018 Mbps 1190.2 pkt/s  tot=7.513 Mbps 1274.3 pkt/s  late(win/tot)=71418/1299806  worst_late(win/tot)=148.341/166.779 ms  drop_timing(win/tot)=80234/1278401 pkt  drop_io(win/tot)=0/0 pkt  lost_samples(win/tot)=14442120/230112180  send_errors(win/tot)=0/0
2026-04-22 15:12:29 INFO STAT  crate=17  sent=1370602 pkt  963.339 MB  win=6.957 Mbps 1180.0 pkt/s  tot=7.482 Mbps 1269.1 pkt/s  late(win/tot)=70796/1370602  worst_late(win/tot)=140.024/166.779 ms  drop_timing(win/tot)=80893/1359294 pkt  drop_io(win/tot)=0/0 pkt  lost_samples(win/tot)=14560740/244672920  send_errors(win/tot)=0/0
2026-04-22 15:13:29 INFO STAT  crate=17  sent=1440890 pkt  1012.741 MB  win=6.908 Mbps 1171.6 pkt/s  tot=7.452 Mbps 1263.9 pkt/s  late(win/tot)=70288/1440890  worst_late(win/tot)=158.918/166.779 ms  drop_timing(win/tot)=81343/1440637 pkt  drop_io(win/tot)=0/0 pkt  lost_samples(win/tot)=14641740/259314660  send_errors(win/tot)=0/0
2026-04-22 15:14:29 INFO STAT  crate=17  sent=1514148 pkt  1064.231 MB  win=7.199 Mbps 1221.0 pkt/s  tot=7.440 Mbps 1261.8 pkt/s  late(win/tot)=73258/1514148  worst_late(win/tot)=149.841/166.779 ms  drop_timing(win/tot)=78445/1519082 pkt  drop_io(win/tot)=0/0 pkt  lost_samples(win/tot)=14120100/273434760  send_errors(win/tot)=0/0
2026-04-22 15:15:29 INFO STAT  crate=17  sent=1584066 pkt  1113.373 MB  win=6.870 Mbps 1165.2 pkt/s  tot=7.412 Mbps 1257.2 pkt/s  late(win/tot)=69918/1584066  worst_late(win/tot)=152.689/166.779 ms  drop_timing(win/tot)=81738/1600820 pkt  drop_io(win/tot)=0/0 pkt  lost_samples(win/tot)=14712840/288147600  send_errors(win/tot)=0/0
2026-04-22 15:16:29 INFO STAT  crate=17  sent=1657754 pkt  1165.166 MB  win=7.241 Mbps 1228.1 pkt/s  tot=7.405 Mbps 1255.9 pkt/s  late(win/tot)=73688/1657754  worst_late(win/tot)=152.845/166.779 ms  drop_timing(win/tot)=77980/1678800 pkt  drop_io(win/tot)=0/0 pkt  lost_samples(win/tot)=14036400/302184000  send_errors(win/tot)=0/0
2026-04-22 15:17:29 INFO STAT  crate=17  sent=1731996 pkt  1217.347 MB  win=7.296 Mbps 1237.5 pkt/s  tot=7.400 Mbps 1255.1 pkt/s  late(win/tot)=74242/1731996  worst_late(win/tot)=136.140/166.779 ms  drop_timing(win/tot)=77439/1756239 pkt  drop_io(win/tot)=0/0 pkt  lost_samples(win/tot)=13939020/316123020  send_errors(win/tot)=0/0
2026-04-22 15:18:29 INFO STAT  crate=17  sent=1804918 pkt  1268.601 MB  win=7.165 Mbps 1215.2 pkt/s  tot=7.390 Mbps 1253.4 pkt/s  late(win/tot)=72922/1804918  worst_late(win/tot)=145.146/166.779 ms  drop_timing(win/tot)=78690/1834929 pkt  drop_io(win/tot)=0/0 pkt  lost_samples(win/tot)=14164200/330287220  send_errors(win/tot)=0/0
2026-04-22 15:19:29 INFO STAT  crate=17  sent=1874604 pkt  1317.580 MB  win=6.849 Mbps 1161.6 pkt/s  tot=7.368 Mbps 1249.7 pkt/s  late(win/tot)=69686/1874604  worst_late(win/tot)=155.982/166.779 ms  drop_timing(win/tot)=82019/1916948 pkt  drop_io(win/tot)=0/0 pkt  lost_samples(win/tot)=14763420/345050640  send_errors(win/tot)=0/0
2026-04-22 15:20:29 INFO STAT  crate=17  sent=1945346 pkt  1367.302 MB  win=6.951 Mbps 1179.0 pkt/s  tot=7.352 Mbps 1247.0 pkt/s  late(win/tot)=70742/1945346  worst_late(win/tot)=147.986/166.779 ms  drop_timing(win/tot)=80906/1997854 pkt  drop_io(win/tot)=0/0 pkt  lost_samples(win/tot)=14563080/359613720  send_errors(win/tot)=0/0
2026-04-22 15:21:29 INFO STAT  crate=17  sent=2016341 pkt  1417.201 MB  win=6.977 Mbps 1183.3 pkt/s  tot=7.338 Mbps 1244.7 pkt/s  late(win/tot)=70995/2016341  worst_late(win/tot)=146.646/166.779 ms  drop_timing(win/tot)=80716/2078570 pkt  drop_io(win/tot)=0/0 pkt  lost_samples(win/tot)=14528880/374142600  send_errors(win/tot)=0/0
2026-04-22 15:22:29 INFO STAT  crate=17  sent=2085010 pkt  1465.466 MB  win=6.748 Mbps 1144.5 pkt/s  tot=7.317 Mbps 1241.1 pkt/s  late(win/tot)=68669/2085010  worst_late(win/tot)=139.906/166.779 ms  drop_timing(win/tot)=82951/2161521 pkt  drop_io(win/tot)=0/0 pkt  lost_samples(win/tot)=14931180/389073780  send_errors(win/tot)=0/0
2026-04-22 15:23:29 INFO STAT  crate=17  sent=2153902 pkt  1513.887 MB  win=6.769 Mbps 1148.1 pkt/s  tot=7.298 Mbps 1237.9 pkt/s  late(win/tot)=68892/2153902  worst_late(win/tot)=138.112/166.779 ms  drop_timing(win/tot)=82815/2244336 pkt  drop_io(win/tot)=0/0 pkt  lost_samples(win/tot)=14906700/403980480  send_errors(win/tot)=0/0
2026-04-22 15:24:29 INFO STAT  crate=17  sent=2225308 pkt  1564.075 MB  win=7.017 Mbps 1190.1 pkt/s  tot=7.289 Mbps 1236.3 pkt/s  late(win/tot)=71406/2225308  worst_late(win/tot)=145.630/166.779 ms  drop_timing(win/tot)=80216/2324552 pkt  drop_io(win/tot)=0/0 pkt  lost_samples(win/tot)=14438880/418419360  send_errors(win/tot)=0/0
2026-04-22 15:25:29 INFO STAT  crate=17  sent=2295883 pkt  1613.680 MB  win=6.935 Mbps 1176.2 pkt/s  tot=7.278 Mbps 1234.3 pkt/s  late(win/tot)=70575/2295883  worst_late(win/tot)=146.418/166.779 ms  drop_timing(win/tot)=81126/2405678 pkt  drop_io(win/tot)=0/0 pkt  lost_samples(win/tot)=14602680/433022040  send_errors(win/tot)=0/0
2026-04-22 15:26:29 INFO STAT  crate=17  sent=2369363 pkt  1665.326 MB  win=7.221 Mbps 1224.7 pkt/s  tot=7.276 Mbps 1234.0 pkt/s  late(win/tot)=73480/2369363  worst_late(win/tot)=156.331/166.779 ms  drop_timing(win/tot)=78148/2483826 pkt  drop_io(win/tot)=0/0 pkt  lost_samples(win/tot)=14066640/447088680  send_errors(win/tot)=0/0
2026-04-22 15:27:29 INFO STAT  crate=17  sent=2446514 pkt  1719.552 MB  win=7.581 Mbps 1285.8 pkt/s  tot=7.285 Mbps 1235.6 pkt/s  late(win/tot)=77151/2446514  worst_late(win/tot)=137.259/166.779 ms  drop_timing(win/tot)=74555/2558381 pkt  drop_io(win/tot)=0/0 pkt  lost_samples(win/tot)=13419900/460508580  send_errors(win/tot)=0/0
2026-04-22 15:28:29 INFO STAT  crate=17  sent=2516819 pkt  1768.966 MB  win=6.909 Mbps 1171.9 pkt/s  tot=7.274 Mbps 1233.7 pkt/s  late(win/tot)=70305/2516819  worst_late(win/tot)=156.735/166.779 ms  drop_timing(win/tot)=81395/2639776 pkt  drop_io(win/tot)=0/0 pkt  lost_samples(win/tot)=14651100/475159680  send_errors(win/tot)=0/0
2026-04-22 15:29:29 INFO STAT  crate=17  sent=2594005 pkt  1823.217 MB  win=7.585 Mbps 1286.4 pkt/s  tot=7.283 Mbps 1235.2 pkt/s  late(win/tot)=77186/2594005  worst_late(win/tot)=160.306/166.779 ms  drop_timing(win/tot)=74418/2714194 pkt  drop_io(win/tot)=0/0 pkt  lost_samples(win/tot)=13395240/488554920  send_errors(win/tot)=0/0
2026-04-22 15:30:29 INFO STAT  crate=17  sent=2687726 pkt  1889.090 MB  win=9.210 Mbps 1562.0 pkt/s  tot=7.336 Mbps 1244.3 pkt/s  late(win/tot)=93721/2687726  worst_late(win/tot)=131.486/166.779 ms  drop_timing(win/tot)=57993/2772187 pkt  drop_io(win/tot)=0/0 pkt  lost_samples(win/tot)=10438740/498993660  send_errors(win/tot)=0/0
2026-04-22 15:30:51 INFO STAT  crate=17  sent=2730000 pkt  1918.802 MB  win=10.978 Mbps 1862.0 pkt/s  tot=7.374 Mbps 1250.7 pkt/s  late(win/tot)=42274/2730000  worst_late(win/tot)=79.711/166.779 ms  drop_timing(win/tot)=14482/2786669 pkt  drop_io(win/tot)=0/0 pkt  lost_samples(win/tot)=2606760/501600420  send_errors(win/tot)=0/0
2026-04-22 15:30:51 INFO Terminato
