2026-04-22 17:41:19 INFO Start crate=10 dst=131.154.99.225:6666
2026-04-22 17:41:19 INFO Streams=91  board=7  analog/board=12  digital_streams/board=1
2026-04-22 17:41:19 INFO Sample rate=5000 Hz  samples/pkt=180  pps/stream=27.777778  total_pps=2527.778
2026-04-22 17:41:19 INFO Packet len=737 B  expected throughput=14.904 Mbps
2026-04-22 17:41:19 INFO Analog FS=+/-10.000 V  noise_rms=0.010000 V  digital_flip_prob=0.002000
2026-04-22 17:42:19 INFO STAT  crate=10  sent=144821 pkt  101.789 MB  win=14.231 Mbps 2413.6 pkt/s  tot=14.231 Mbps 2413.6 pkt/s  late(win/tot)=144821/144821  worst_late(win/tot)=89.431/89.431 ms  drop_timing(win/tot)=6757/6757 pkt  drop_io(win/tot)=0/0 pkt  lost_samples(win/tot)=1216260/1216260  send_errors(win/tot)=0/0
2026-04-22 17:43:19 INFO STAT  crate=10  sent=239298 pkt  168.193 MB  win=9.284 Mbps 1574.6 pkt/s  tot=11.757 Mbps 1994.1 pkt/s  late(win/tot)=94477/239298  worst_late(win/tot)=121.898/121.898 ms  drop_timing(win/tot)=57229/63986 pkt  drop_io(win/tot)=0/0 pkt  lost_samples(win/tot)=10301220/11517480  send_errors(win/tot)=0/0
2026-04-22 17:44:19 INFO STAT  crate=10  sent=329455 pkt  231.560 MB  win=8.859 Mbps 1502.6 pkt/s  tot=10.791 Mbps 1830.3 pkt/s  late(win/tot)=90157/329455  worst_late(win/tot)=108.040/121.898 ms  drop_timing(win/tot)=61498/125484 pkt  drop_io(win/tot)=0/0 pkt  lost_samples(win/tot)=11069640/22587120  send_errors(win/tot)=0/0
2026-04-22 17:45:19 INFO STAT  crate=10  sent=418660 pkt  294.259 MB  win=8.766 Mbps 1486.8 pkt/s  tot=10.285 Mbps 1744.4 pkt/s  late(win/tot)=89205/418660  worst_late(win/tot)=125.860/125.860 ms  drop_timing(win/tot)=62458/187942 pkt  drop_io(win/tot)=0/0 pkt  lost_samples(win/tot)=11242440/33829560  send_errors(win/tot)=0/0
2026-04-22 17:46:19 INFO STAT  crate=10  sent=508747 pkt  357.577 MB  win=8.853 Mbps 1501.4 pkt/s  tot=9.999 Mbps 1695.8 pkt/s  late(win/tot)=90087/508747  worst_late(win/tot)=109.591/125.860 ms  drop_timing(win/tot)=61563/249505 pkt  drop_io(win/tot)=0/0 pkt  lost_samples(win/tot)=11081340/44910900  send_errors(win/tot)=0/0
2026-04-22 17:47:19 INFO STAT  crate=10  sent=599668 pkt  421.481 MB  win=8.934 Mbps 1515.3 pkt/s  tot=9.821 Mbps 1665.7 pkt/s  late(win/tot)=90921/599668  worst_late(win/tot)=123.908/125.860 ms  drop_timing(win/tot)=60767/310272 pkt  drop_io(win/tot)=0/0 pkt  lost_samples(win/tot)=10938060/55848960  send_errors(win/tot)=0/0
2026-04-22 17:48:19 INFO STAT  crate=10  sent=688941 pkt  484.228 MB  win=8.773 Mbps 1487.9 pkt/s  tot=9.671 Mbps 1640.3 pkt/s  late(win/tot)=89273/688941  worst_late(win/tot)=120.814/125.860 ms  drop_timing(win/tot)=62365/372637 pkt  drop_io(win/tot)=0/0 pkt  lost_samples(win/tot)=11225700/67074660  send_errors(win/tot)=0/0
2026-04-22 17:49:19 INFO STAT  crate=10  sent=780331 pkt  548.462 MB  win=8.980 Mbps 1523.1 pkt/s  tot=9.585 Mbps 1625.7 pkt/s  late(win/tot)=91390/780331  worst_late(win/tot)=137.340/137.340 ms  drop_timing(win/tot)=60287/432924 pkt  drop_io(win/tot)=0/0 pkt  lost_samples(win/tot)=10851660/77926320  send_errors(win/tot)=0/0
2026-04-22 17:50:19 INFO STAT  crate=10  sent=871111 pkt  612.267 MB  win=8.921 Mbps 1513.0 pkt/s  tot=9.511 Mbps 1613.2 pkt/s  late(win/tot)=90780/871111  worst_late(win/tot)=122.625/137.340 ms  drop_timing(win/tot)=60893/493817 pkt  drop_io(win/tot)=0/0 pkt  lost_samples(win/tot)=10960740/88887060  send_errors(win/tot)=0/0
2026-04-22 17:51:19 INFO STAT  crate=10  sent=960062 pkt  674.787 MB  win=8.741 Mbps 1482.5 pkt/s  tot=9.434 Mbps 1600.1 pkt/s  late(win/tot)=88951/960062  worst_late(win/tot)=118.138/137.340 ms  drop_timing(win/tot)=62724/556541 pkt  drop_io(win/tot)=0/0 pkt  lost_samples(win/tot)=11290320/100177380  send_errors(win/tot)=0/0
2026-04-22 17:52:19 INFO STAT  crate=10  sent=1049533 pkt  737.673 MB  win=8.792 Mbps 1491.1 pkt/s  tot=9.376 Mbps 1590.2 pkt/s  late(win/tot)=89471/1049533  worst_late(win/tot)=119.338/137.340 ms  drop_timing(win/tot)=62184/618725 pkt  drop_io(win/tot)=0/0 pkt  lost_samples(win/tot)=11193120/111370500  send_errors(win/tot)=0/0
2026-04-22 17:53:19 INFO STAT  crate=10  sent=1140075 pkt  801.311 MB  win=8.898 Mbps 1509.1 pkt/s  tot=9.336 Mbps 1583.4 pkt/s  late(win/tot)=90542/1140075  worst_late(win/tot)=120.054/137.340 ms  drop_timing(win/tot)=61119/679844 pkt  drop_io(win/tot)=0/0 pkt  lost_samples(win/tot)=11001420/122371920  send_errors(win/tot)=0/0
2026-04-22 17:54:19 INFO STAT  crate=10  sent=1229789 pkt  864.367 MB  win=8.816 Mbps 1495.2 pkt/s  tot=9.296 Mbps 1576.6 pkt/s  late(win/tot)=89714/1229789  worst_late(win/tot)=128.866/137.340 ms  drop_timing(win/tot)=61949/741793 pkt  drop_io(win/tot)=0/0 pkt  lost_samples(win/tot)=11150820/133522740  send_errors(win/tot)=0/0
2026-04-22 17:55:19 INFO STAT  crate=10  sent=1320452 pkt  928.090 MB  win=8.909 Mbps 1511.1 pkt/s  tot=9.268 Mbps 1572.0 pkt/s  late(win/tot)=90663/1320452  worst_late(win/tot)=127.056/137.340 ms  drop_timing(win/tot)=61038/802831 pkt  drop_io(win/tot)=0/0 pkt  lost_samples(win/tot)=10986840/144509580  send_errors(win/tot)=0/0
2026-04-22 17:56:19 INFO STAT  crate=10  sent=1410550 pkt  991.416 MB  win=8.854 Mbps 1501.6 pkt/s  tot=9.241 Mbps 1567.3 pkt/s  late(win/tot)=90098/1410550  worst_late(win/tot)=126.362/137.340 ms  drop_timing(win/tot)=61551/864382 pkt  drop_io(win/tot)=0/0 pkt  lost_samples(win/tot)=11079180/155588760  send_errors(win/tot)=0/0
2026-04-22 17:57:19 INFO STAT  crate=10  sent=1501019 pkt  1055.003 MB  win=8.890 Mbps 1507.8 pkt/s  tot=9.219 Mbps 1563.6 pkt/s  late(win/tot)=90469/1501019  worst_late(win/tot)=108.188/137.340 ms  drop_timing(win/tot)=61197/925579 pkt  drop_io(win/tot)=0/0 pkt  lost_samples(win/tot)=11015460/166604220  send_errors(win/tot)=0/0
2026-04-22 17:58:19 INFO STAT  crate=10  sent=1591742 pkt  1118.769 MB  win=8.914 Mbps 1511.9 pkt/s  tot=9.201 Mbps 1560.5 pkt/s  late(win/tot)=90723/1591742  worst_late(win/tot)=115.041/137.340 ms  drop_timing(win/tot)=60946/986525 pkt  drop_io(win/tot)=0/0 pkt  lost_samples(win/tot)=10970280/177574500  send_errors(win/tot)=0/0
2026-04-22 17:59:19 INFO STAT  crate=10  sent=1681514 pkt  1181.866 MB  win=8.822 Mbps 1496.2 pkt/s  tot=9.180 Mbps 1556.9 pkt/s  late(win/tot)=89772/1681514  worst_late(win/tot)=125.773/137.340 ms  drop_timing(win/tot)=61841/1048366 pkt  drop_io(win/tot)=0/0 pkt  lost_samples(win/tot)=11131380/188705880  send_errors(win/tot)=0/0
2026-04-22 18:00:19 INFO STAT  crate=10  sent=1770503 pkt  1244.412 MB  win=8.746 Mbps 1483.3 pkt/s  tot=9.157 Mbps 1553.1 pkt/s  late(win/tot)=88989/1770503  worst_late(win/tot)=118.887/137.340 ms  drop_timing(win/tot)=62742/1111108 pkt  drop_io(win/tot)=0/0 pkt  lost_samples(win/tot)=11293560/199999440  send_errors(win/tot)=0/0
2026-04-22 18:01:19 INFO STAT  crate=10  sent=1859719 pkt  1307.118 MB  win=8.767 Mbps 1486.9 pkt/s  tot=9.137 Mbps 1549.8 pkt/s  late(win/tot)=89216/1859719  worst_late(win/tot)=107.882/137.340 ms  drop_timing(win/tot)=62440/1173548 pkt  drop_io(win/tot)=0/0 pkt  lost_samples(win/tot)=11239200/211238640  send_errors(win/tot)=0/0
2026-04-22 18:02:19 INFO STAT  crate=10  sent=1951158 pkt  1371.387 MB  win=8.985 Mbps 1524.0 pkt/s  tot=9.130 Mbps 1548.5 pkt/s  late(win/tot)=91439/1951158  worst_late(win/tot)=112.302/137.340 ms  drop_timing(win/tot)=60224/1233772 pkt  drop_io(win/tot)=0/0 pkt  lost_samples(win/tot)=10840320/222078960  send_errors(win/tot)=0/0
2026-04-22 18:03:19 INFO STAT  crate=10  sent=2040860 pkt  1434.435 MB  win=8.814 Mbps 1494.9 pkt/s  tot=9.116 Mbps 1546.1 pkt/s  late(win/tot)=89702/2040860  worst_late(win/tot)=117.126/137.340 ms  drop_timing(win/tot)=61948/1295720 pkt  drop_io(win/tot)=0/0 pkt  lost_samples(win/tot)=11150640/233229600  send_errors(win/tot)=0/0
2026-04-22 18:04:19 INFO STAT  crate=10  sent=2130314 pkt  1497.308 MB  win=8.791 Mbps 1491.0 pkt/s  tot=9.102 Mbps 1543.7 pkt/s  late(win/tot)=89454/2130314  worst_late(win/tot)=126.447/137.340 ms  drop_timing(win/tot)=62224/1357944 pkt  drop_io(win/tot)=0/0 pkt  lost_samples(win/tot)=11200320/244429920  send_errors(win/tot)=0/0
2026-04-22 18:05:19 INFO STAT  crate=10  sent=2219213 pkt  1559.792 MB  win=8.736 Mbps 1481.7 pkt/s  tot=9.086 Mbps 1541.1 pkt/s  late(win/tot)=88899/2219213  worst_late(win/tot)=101.858/137.340 ms  drop_timing(win/tot)=62765/1420709 pkt  drop_io(win/tot)=0/0 pkt  lost_samples(win/tot)=11297700/255727620  send_errors(win/tot)=0/0
2026-04-22 18:06:19 INFO STAT  crate=10  sent=2308420 pkt  1622.491 MB  win=8.766 Mbps 1486.7 pkt/s  tot=9.074 Mbps 1538.9 pkt/s  late(win/tot)=89207/2308420  worst_late(win/tot)=113.072/137.340 ms  drop_timing(win/tot)=62476/1483185 pkt  drop_io(win/tot)=0/0 pkt  lost_samples(win/tot)=11245680/266973300  send_errors(win/tot)=0/0
2026-04-22 18:07:19 INFO STAT  crate=10  sent=2397968 pkt  1685.431 MB  win=8.800 Mbps 1492.5 pkt/s  tot=9.063 Mbps 1537.2 pkt/s  late(win/tot)=89548/2397968  worst_late(win/tot)=131.663/137.340 ms  drop_timing(win/tot)=62116/1545301 pkt  drop_io(win/tot)=0/0 pkt  lost_samples(win/tot)=11180880/278154180  send_errors(win/tot)=0/0
2026-04-22 18:08:19 INFO STAT  crate=10  sent=2487911 pkt  1748.648 MB  win=8.838 Mbps 1499.1 pkt/s  tot=9.055 Mbps 1535.7 pkt/s  late(win/tot)=89943/2487911  worst_late(win/tot)=113.563/137.340 ms  drop_timing(win/tot)=61676/1606977 pkt  drop_io(win/tot)=0/0 pkt  lost_samples(win/tot)=11101680/289255860  send_errors(win/tot)=0/0
2026-04-22 18:09:19 INFO STAT  crate=10  sent=2585209 pkt  1817.035 MB  win=9.561 Mbps 1621.6 pkt/s  tot=9.073 Mbps 1538.8 pkt/s  late(win/tot)=97298/2585209  worst_late(win/tot)=127.088/137.340 ms  drop_timing(win/tot)=54387/1661364 pkt  drop_io(win/tot)=0/0 pkt  lost_samples(win/tot)=9789660/299045520  send_errors(win/tot)=0/0
2026-04-22 18:10:19 INFO STAT  crate=10  sent=2700586 pkt  1898.128 MB  win=11.337 Mbps 1922.9 pkt/s  tot=9.151 Mbps 1552.1 pkt/s  late(win/tot)=115377/2700586  worst_late(win/tot)=113.495/137.340 ms  drop_timing(win/tot)=36308/1697672 pkt  drop_io(win/tot)=0/0 pkt  lost_samples(win/tot)=6535440/305580960  send_errors(win/tot)=0/0
2026-04-22 18:10:34 INFO STAT  crate=10  sent=2730000 pkt  1918.802 MB  win=11.485 Mbps 1947.9 pkt/s  tot=9.171 Mbps 1555.5 pkt/s  late(win/tot)=29414/2730000  worst_late(win/tot)=94.019/137.340 ms  drop_timing(win/tot)=8316/1705988 pkt  drop_io(win/tot)=0/0 pkt  lost_samples(win/tot)=1496880/307077840  send_errors(win/tot)=0/0
2026-04-22 18:10:34 INFO Terminato
