2026-04-22 16:42:27 INFO Start crate=12 dst=131.154.99.225:6666
2026-04-22 16:42:27 INFO Streams=91  board=7  analog/board=12  digital_streams/board=1
2026-04-22 16:42:27 INFO Sample rate=5000 Hz  samples/pkt=180  pps/stream=27.777778  total_pps=2527.778
2026-04-22 16:42:27 INFO Packet len=737 B  expected throughput=14.904 Mbps
2026-04-22 16:42:27 INFO Analog FS=+/-10.000 V  noise_rms=0.010000 V  digital_flip_prob=0.002000
2026-04-22 16:43:27 INFO STAT  crate=12  sent=90197 pkt  63.396 MB  win=8.863 Mbps 1503.3 pkt/s  tot=8.863 Mbps 1503.3 pkt/s  late(win/tot)=90197/90197  worst_late(win/tot)=122.170/122.170 ms  drop_timing(win/tot)=61398/61398 pkt  drop_io(win/tot)=0/0 pkt  lost_samples(win/tot)=11051640/11051640  send_errors(win/tot)=0/0
2026-04-22 16:44:27 INFO STAT  crate=12  sent=179966 pkt  126.491 MB  win=8.821 Mbps 1496.2 pkt/s  tot=8.842 Mbps 1499.7 pkt/s  late(win/tot)=89769/179966  worst_late(win/tot)=116.064/122.170 ms  drop_timing(win/tot)=61888/123286 pkt  drop_io(win/tot)=0/0 pkt  lost_samples(win/tot)=11139840/22191480  send_errors(win/tot)=0/0
2026-04-22 16:45:27 INFO STAT  crate=12  sent=268341 pkt  188.606 MB  win=8.684 Mbps 1472.9 pkt/s  tot=8.790 Mbps 1490.8 pkt/s  late(win/tot)=88375/268341  worst_late(win/tot)=115.104/122.170 ms  drop_timing(win/tot)=63290/186576 pkt  drop_io(win/tot)=0/0 pkt  lost_samples(win/tot)=11392200/33583680  send_errors(win/tot)=0/0
2026-04-22 16:46:27 INFO STAT  crate=12  sent=358435 pkt  251.929 MB  win=8.853 Mbps 1501.6 pkt/s  tot=8.806 Mbps 1493.5 pkt/s  late(win/tot)=90094/358435  worst_late(win/tot)=114.314/122.170 ms  drop_timing(win/tot)=61563/248139 pkt  drop_io(win/tot)=0/0 pkt  lost_samples(win/tot)=11081340/44665020  send_errors(win/tot)=0/0
2026-04-22 16:47:27 INFO STAT  crate=12  sent=446907 pkt  314.112 MB  win=8.694 Mbps 1474.5 pkt/s  tot=8.783 Mbps 1489.7 pkt/s  late(win/tot)=88472/446907  worst_late(win/tot)=123.637/123.637 ms  drop_timing(win/tot)=63219/311358 pkt  drop_io(win/tot)=0/0 pkt  lost_samples(win/tot)=11379420/56044440  send_errors(win/tot)=0/0
2026-04-22 16:48:27 INFO STAT  crate=12  sent=538392 pkt  378.413 MB  win=8.990 Mbps 1524.7 pkt/s  tot=8.818 Mbps 1495.5 pkt/s  late(win/tot)=91485/538392  worst_late(win/tot)=110.725/123.637 ms  drop_timing(win/tot)=60164/371522 pkt  drop_io(win/tot)=0/0 pkt  lost_samples(win/tot)=10829520/66873960  send_errors(win/tot)=0/0
2026-04-22 16:49:27 INFO STAT  crate=12  sent=630715 pkt  443.303 MB  win=9.072 Mbps 1538.7 pkt/s  tot=8.854 Mbps 1501.7 pkt/s  late(win/tot)=92323/630715  worst_late(win/tot)=120.439/123.637 ms  drop_timing(win/tot)=59323/430845 pkt  drop_io(win/tot)=0/0 pkt  lost_samples(win/tot)=10678140/77552100  send_errors(win/tot)=0/0
2026-04-22 16:50:27 INFO STAT  crate=12  sent=723295 pkt  508.374 MB  win=9.098 Mbps 1543.0 pkt/s  tot=8.884 Mbps 1506.9 pkt/s  late(win/tot)=92580/723295  worst_late(win/tot)=116.514/123.637 ms  drop_timing(win/tot)=59117/489962 pkt  drop_io(win/tot)=0/0 pkt  lost_samples(win/tot)=10641060/88193160  send_errors(win/tot)=0/0
2026-04-22 16:51:27 INFO STAT  crate=12  sent=815094 pkt  572.895 MB  win=9.021 Mbps 1530.0 pkt/s  tot=8.900 Mbps 1509.4 pkt/s  late(win/tot)=91799/815094  worst_late(win/tot)=111.110/123.637 ms  drop_timing(win/tot)=59876/549838 pkt  drop_io(win/tot)=0/0 pkt  lost_samples(win/tot)=10777680/98970840  send_errors(win/tot)=0/0
2026-04-22 16:52:27 INFO STAT  crate=12  sent=906216 pkt  636.941 MB  win=8.953 Mbps 1518.4 pkt/s  tot=8.905 Mbps 1510.3 pkt/s  late(win/tot)=91122/906216  worst_late(win/tot)=126.422/126.422 ms  drop_timing(win/tot)=60527/610365 pkt  drop_io(win/tot)=0/0 pkt  lost_samples(win/tot)=10894860/109865700  send_errors(win/tot)=0/0
2026-04-22 16:53:27 INFO STAT  crate=12  sent=996858 pkt  700.650 MB  win=8.909 Mbps 1511.0 pkt/s  tot=8.905 Mbps 1510.4 pkt/s  late(win/tot)=90642/996858  worst_late(win/tot)=115.952/126.422 ms  drop_timing(win/tot)=61048/671413 pkt  drop_io(win/tot)=0/0 pkt  lost_samples(win/tot)=10988640/120854340  send_errors(win/tot)=0/0
2026-04-22 16:54:27 INFO STAT  crate=12  sent=1086741 pkt  763.825 MB  win=8.833 Mbps 1498.1 pkt/s  tot=8.899 Mbps 1509.4 pkt/s  late(win/tot)=89883/1086741  worst_late(win/tot)=142.047/142.047 ms  drop_timing(win/tot)=61774/733187 pkt  drop_io(win/tot)=0/0 pkt  lost_samples(win/tot)=11119320/131973660  send_errors(win/tot)=0/0
2026-04-22 16:55:27 INFO STAT  crate=12  sent=1177370 pkt  827.524 MB  win=8.906 Mbps 1510.5 pkt/s  tot=8.900 Mbps 1509.4 pkt/s  late(win/tot)=90629/1177370  worst_late(win/tot)=118.790/142.047 ms  drop_timing(win/tot)=61026/794213 pkt  drop_io(win/tot)=0/0 pkt  lost_samples(win/tot)=10984680/142958340  send_errors(win/tot)=0/0
2026-04-22 16:56:27 INFO STAT  crate=12  sent=1268033 pkt  891.247 MB  win=8.909 Mbps 1511.1 pkt/s  tot=8.900 Mbps 1509.6 pkt/s  late(win/tot)=90663/1268033  worst_late(win/tot)=112.730/142.047 ms  drop_timing(win/tot)=60998/855211 pkt  drop_io(win/tot)=0/0 pkt  lost_samples(win/tot)=10979640/153937980  send_errors(win/tot)=0/0
2026-04-22 16:57:27 INFO STAT  crate=12  sent=1359734 pkt  955.700 MB  win=9.011 Mbps 1528.4 pkt/s  tot=8.908 Mbps 1510.8 pkt/s  late(win/tot)=91701/1359734  worst_late(win/tot)=122.062/142.047 ms  drop_timing(win/tot)=60042/915253 pkt  drop_io(win/tot)=0/0 pkt  lost_samples(win/tot)=10807560/164745540  send_errors(win/tot)=0/0
2026-04-22 16:58:27 INFO STAT  crate=12  sent=1451074 pkt  1019.899 MB  win=8.976 Mbps 1522.3 pkt/s  tot=8.912 Mbps 1511.5 pkt/s  late(win/tot)=91340/1451074  worst_late(win/tot)=122.352/142.047 ms  drop_timing(win/tot)=60260/975513 pkt  drop_io(win/tot)=0/0 pkt  lost_samples(win/tot)=10846800/175592340  send_errors(win/tot)=0/0
2026-04-22 16:59:27 INFO STAT  crate=12  sent=1543422 pkt  1084.806 MB  win=9.075 Mbps 1539.1 pkt/s  tot=8.922 Mbps 1513.2 pkt/s  late(win/tot)=92348/1543422  worst_late(win/tot)=119.135/142.047 ms  drop_timing(win/tot)=59340/1034853 pkt  drop_io(win/tot)=0/0 pkt  lost_samples(win/tot)=10681200/186273540  send_errors(win/tot)=0/0
2026-04-22 17:00:27 INFO STAT  crate=12  sent=1634475 pkt  1148.804 MB  win=8.947 Mbps 1517.5 pkt/s  tot=8.923 Mbps 1513.4 pkt/s  late(win/tot)=91053/1634475  worst_late(win/tot)=119.698/142.047 ms  drop_timing(win/tot)=60598/1095451 pkt  drop_io(win/tot)=0/0 pkt  lost_samples(win/tot)=10907640/197181180  send_errors(win/tot)=0/0
2026-04-22 17:01:27 INFO STAT  crate=12  sent=1723924 pkt  1211.674 MB  win=8.790 Mbps 1490.8 pkt/s  tot=8.916 Mbps 1512.2 pkt/s  late(win/tot)=89449/1723924  worst_late(win/tot)=122.910/142.047 ms  drop_timing(win/tot)=62224/1157675 pkt  drop_io(win/tot)=0/0 pkt  lost_samples(win/tot)=11200320/208381500  send_errors(win/tot)=0/0
2026-04-22 17:02:27 INFO STAT  crate=12  sent=1815284 pkt  1275.887 MB  win=8.978 Mbps 1522.7 pkt/s  tot=8.919 Mbps 1512.7 pkt/s  late(win/tot)=91360/1815284  worst_late(win/tot)=117.876/142.047 ms  drop_timing(win/tot)=60293/1217968 pkt  drop_io(win/tot)=0/0 pkt  lost_samples(win/tot)=10852740/219234240  send_errors(win/tot)=0/0
2026-04-22 17:03:27 INFO STAT  crate=12  sent=1906825 pkt  1340.227 MB  win=8.996 Mbps 1525.7 pkt/s  tot=8.923 Mbps 1513.4 pkt/s  late(win/tot)=91541/1906825  worst_late(win/tot)=114.225/142.047 ms  drop_timing(win/tot)=60143/1278111 pkt  drop_io(win/tot)=0/0 pkt  lost_samples(win/tot)=10825740/230059980  send_errors(win/tot)=0/0
2026-04-22 17:04:27 INFO STAT  crate=12  sent=1995887 pkt  1402.825 MB  win=8.752 Mbps 1484.4 pkt/s  tot=8.915 Mbps 1512.0 pkt/s  late(win/tot)=89062/1995887  worst_late(win/tot)=126.776/142.047 ms  drop_timing(win/tot)=62589/1340700 pkt  drop_io(win/tot)=0/0 pkt  lost_samples(win/tot)=11266020/241326000  send_errors(win/tot)=0/0
2026-04-22 17:05:27 INFO STAT  crate=12  sent=2084366 pkt  1465.013 MB  win=8.695 Mbps 1474.6 pkt/s  tot=8.905 Mbps 1510.4 pkt/s  late(win/tot)=88479/2084366  worst_late(win/tot)=140.630/142.047 ms  drop_timing(win/tot)=63211/1403911 pkt  drop_io(win/tot)=0/0 pkt  lost_samples(win/tot)=11377980/252703980  send_errors(win/tot)=0/0
2026-04-22 17:06:27 INFO STAT  crate=12  sent=2175282 pkt  1528.914 MB  win=8.934 Mbps 1515.3 pkt/s  tot=8.907 Mbps 1510.6 pkt/s  late(win/tot)=90916/2175282  worst_late(win/tot)=105.435/142.047 ms  drop_timing(win/tot)=60730/1464641 pkt  drop_io(win/tot)=0/0 pkt  lost_samples(win/tot)=10931400/263635380  send_errors(win/tot)=0/0
2026-04-22 17:07:27 INFO STAT  crate=12  sent=2267153 pkt  1593.487 MB  win=9.028 Mbps 1531.2 pkt/s  tot=8.911 Mbps 1511.4 pkt/s  late(win/tot)=91871/2267153  worst_late(win/tot)=111.599/142.047 ms  drop_timing(win/tot)=59807/1524448 pkt  drop_io(win/tot)=0/0 pkt  lost_samples(win/tot)=10765260/274400640  send_errors(win/tot)=0/0
2026-04-22 17:08:27 INFO STAT  crate=12  sent=2358005 pkt  1657.343 MB  win=8.928 Mbps 1514.2 pkt/s  tot=8.912 Mbps 1511.5 pkt/s  late(win/tot)=90852/2358005  worst_late(win/tot)=111.343/142.047 ms  drop_timing(win/tot)=60815/1585263 pkt  drop_io(win/tot)=0/0 pkt  lost_samples(win/tot)=10946700/285347340  send_errors(win/tot)=0/0
2026-04-22 17:09:27 INFO STAT  crate=12  sent=2462206 pkt  1730.581 MB  win=10.239 Mbps 1736.7 pkt/s  tot=8.961 Mbps 1519.9 pkt/s  late(win/tot)=104201/2462206  worst_late(win/tot)=122.550/142.047 ms  drop_timing(win/tot)=47483/1632746 pkt  drop_io(win/tot)=0/0 pkt  lost_samples(win/tot)=8546940/293894280  send_errors(win/tot)=0/0
2026-04-22 17:10:27 INFO STAT  crate=12  sent=2580919 pkt  1814.019 MB  win=11.666 Mbps 1978.5 pkt/s  tot=9.058 Mbps 1536.3 pkt/s  late(win/tot)=118713/2580919  worst_late(win/tot)=97.919/142.047 ms  drop_timing(win/tot)=32931/1665677 pkt  drop_io(win/tot)=0/0 pkt  lost_samples(win/tot)=5927580/299821860  send_errors(win/tot)=0/0
2026-04-22 17:11:27 INFO STAT  crate=12  sent=2726193 pkt  1916.126 MB  win=14.276 Mbps 2421.2 pkt/s  tot=9.238 Mbps 1566.8 pkt/s  late(win/tot)=145274/2726193  worst_late(win/tot)=96.280/142.047 ms  drop_timing(win/tot)=6464/1672141 pkt  drop_io(win/tot)=0/0 pkt  lost_samples(win/tot)=1163520/300985380  send_errors(win/tot)=0/0
2026-04-22 17:11:29 INFO STAT  crate=12  sent=2730000 pkt  1918.802 MB  win=11.732 Mbps 1989.9 pkt/s  tot=9.240 Mbps 1567.2 pkt/s  late(win/tot)=3807/2730000  worst_late(win/tot)=10.061/142.047 ms  drop_timing(win/tot)=0/1672141 pkt  drop_io(win/tot)=0/0 pkt  lost_samples(win/tot)=0/300985380  send_errors(win/tot)=0/0
2026-04-22 17:11:29 INFO Terminato
