2026-04-22 16:38:51 INFO Start crate=5 dst=131.154.99.225:6666
2026-04-22 16:38:51 INFO Streams=91  board=7  analog/board=12  digital_streams/board=1
2026-04-22 16:38:51 INFO Sample rate=5000 Hz  samples/pkt=180  pps/stream=27.777778  total_pps=2527.778
2026-04-22 16:38:51 INFO Packet len=737 B  expected throughput=14.904 Mbps
2026-04-22 16:38:51 INFO Analog FS=+/-10.000 V  noise_rms=0.010000 V  digital_flip_prob=0.002000
2026-04-22 16:39:51 INFO STAT  crate=5  sent=124531 pkt  87.528 MB  win=12.237 Mbps 2075.5 pkt/s  tot=12.237 Mbps 2075.5 pkt/s  late(win/tot)=124531/124531  worst_late(win/tot)=80.921/80.921 ms  drop_timing(win/tot)=27118/27118 pkt  drop_io(win/tot)=0/0 pkt  lost_samples(win/tot)=4881240/4881240  send_errors(win/tot)=0/0
2026-04-22 16:40:51 INFO STAT  crate=5  sent=236241 pkt  166.044 MB  win=10.977 Mbps 1861.8 pkt/s  tot=11.607 Mbps 1968.7 pkt/s  late(win/tot)=111710/236241  worst_late(win/tot)=123.038/123.038 ms  drop_timing(win/tot)=39882/67000 pkt  drop_io(win/tot)=0/0 pkt  lost_samples(win/tot)=7178760/12060000  send_errors(win/tot)=0/0
2026-04-22 16:41:51 INFO STAT  crate=5  sent=325362 pkt  228.683 MB  win=8.758 Mbps 1485.3 pkt/s  tot=10.657 Mbps 1807.6 pkt/s  late(win/tot)=89121/325362  worst_late(win/tot)=126.390/126.390 ms  drop_timing(win/tot)=62584/129584 pkt  drop_io(win/tot)=0/0 pkt  lost_samples(win/tot)=11265120/23325120  send_errors(win/tot)=0/0
2026-04-22 16:42:51 INFO STAT  crate=5  sent=403418 pkt  283.546 MB  win=7.670 Mbps 1300.9 pkt/s  tot=9.911 Mbps 1680.9 pkt/s  late(win/tot)=78056/403418  worst_late(win/tot)=125.179/126.390 ms  drop_timing(win/tot)=73558/203142 pkt  drop_io(win/tot)=0/0 pkt  lost_samples(win/tot)=13240440/36565560  send_errors(win/tot)=0/0
2026-04-22 16:43:51 INFO STAT  crate=5  sent=483150 pkt  339.586 MB  win=7.835 Mbps 1328.9 pkt/s  tot=9.496 Mbps 1610.5 pkt/s  late(win/tot)=79732/483150  worst_late(win/tot)=126.872/126.872 ms  drop_timing(win/tot)=71925/275067 pkt  drop_io(win/tot)=0/0 pkt  lost_samples(win/tot)=12946500/49512060  send_errors(win/tot)=0/0
2026-04-22 16:44:51 INFO STAT  crate=5  sent=559936 pkt  393.555 MB  win=7.545 Mbps 1279.8 pkt/s  tot=9.170 Mbps 1555.4 pkt/s  late(win/tot)=76786/559936  worst_late(win/tot)=124.550/126.872 ms  drop_timing(win/tot)=74895/349962 pkt  drop_io(win/tot)=0/0 pkt  lost_samples(win/tot)=13481100/62993160  send_errors(win/tot)=0/0
2026-04-22 16:45:51 INFO STAT  crate=5  sent=637738 pkt  448.239 MB  win=7.645 Mbps 1296.7 pkt/s  tot=8.953 Mbps 1518.4 pkt/s  late(win/tot)=77802/637738  worst_late(win/tot)=113.592/126.872 ms  drop_timing(win/tot)=73916/423878 pkt  drop_io(win/tot)=0/0 pkt  lost_samples(win/tot)=13304880/76298040  send_errors(win/tot)=0/0
2026-04-22 16:46:51 INFO STAT  crate=5  sent=725448 pkt  509.887 MB  win=8.619 Mbps 1461.8 pkt/s  tot=8.911 Mbps 1511.3 pkt/s  late(win/tot)=87710/725448  worst_late(win/tot)=117.406/126.872 ms  drop_timing(win/tot)=63973/487851 pkt  drop_io(win/tot)=0/0 pkt  lost_samples(win/tot)=11515140/87813180  send_errors(win/tot)=0/0
2026-04-22 16:47:51 INFO STAT  crate=5  sent=804041 pkt  565.127 MB  win=7.723 Mbps 1309.9 pkt/s  tot=8.779 Mbps 1489.0 pkt/s  late(win/tot)=78593/804041  worst_late(win/tot)=114.054/126.872 ms  drop_timing(win/tot)=73010/560861 pkt  drop_io(win/tot)=0/0 pkt  lost_samples(win/tot)=13141800/100954980  send_errors(win/tot)=0/0
2026-04-22 16:48:51 INFO STAT  crate=5  sent=885192 pkt  622.164 MB  win=7.974 Mbps 1352.5 pkt/s  tot=8.698 Mbps 1475.3 pkt/s  late(win/tot)=81151/885192  worst_late(win/tot)=129.584/129.584 ms  drop_timing(win/tot)=70512/631373 pkt  drop_io(win/tot)=0/0 pkt  lost_samples(win/tot)=12692160/113647140  send_errors(win/tot)=0/0
2026-04-22 16:49:51 INFO STAT  crate=5  sent=973171 pkt  684.001 MB  win=8.646 Mbps 1466.4 pkt/s  tot=8.694 Mbps 1474.5 pkt/s  late(win/tot)=87979/973171  worst_late(win/tot)=117.955/129.584 ms  drop_timing(win/tot)=63760/695133 pkt  drop_io(win/tot)=0/0 pkt  lost_samples(win/tot)=11476800/125123940  send_errors(win/tot)=0/0
2026-04-22 16:50:51 INFO STAT  crate=5  sent=1059712 pkt  744.827 MB  win=8.504 Mbps 1442.3 pkt/s  tot=8.678 Mbps 1471.8 pkt/s  late(win/tot)=86541/1059712  worst_late(win/tot)=129.960/129.960 ms  drop_timing(win/tot)=65046/760179 pkt  drop_io(win/tot)=0/0 pkt  lost_samples(win/tot)=11708280/136832220  send_errors(win/tot)=0/0
2026-04-22 16:51:51 INFO STAT  crate=5  sent=1141533 pkt  802.336 MB  win=8.040 Mbps 1363.6 pkt/s  tot=8.629 Mbps 1463.5 pkt/s  late(win/tot)=81821/1141533  worst_late(win/tot)=116.404/129.960 ms  drop_timing(win/tot)=69856/830035 pkt  drop_io(win/tot)=0/0 pkt  lost_samples(win/tot)=12574080/149406300  send_errors(win/tot)=0/0
2026-04-22 16:52:51 INFO STAT  crate=5  sent=1228383 pkt  863.379 MB  win=8.535 Mbps 1447.6 pkt/s  tot=8.622 Mbps 1462.4 pkt/s  late(win/tot)=86850/1228383  worst_late(win/tot)=137.826/137.826 ms  drop_timing(win/tot)=64803/894838 pkt  drop_io(win/tot)=0/0 pkt  lost_samples(win/tot)=11664540/161070840  send_errors(win/tot)=0/0
2026-04-22 16:53:51 INFO STAT  crate=5  sent=1312517 pkt  922.513 MB  win=8.268 Mbps 1402.2 pkt/s  tot=8.598 Mbps 1458.3 pkt/s  late(win/tot)=84134/1312517  worst_late(win/tot)=116.535/137.826 ms  drop_timing(win/tot)=67537/962375 pkt  drop_io(win/tot)=0/0 pkt  lost_samples(win/tot)=12156660/173227500  send_errors(win/tot)=0/0
2026-04-22 16:54:51 INFO STAT  crate=5  sent=1394421 pkt  980.080 MB  win=8.049 Mbps 1365.1 pkt/s  tot=8.564 Mbps 1452.5 pkt/s  late(win/tot)=81904/1394421  worst_late(win/tot)=127.094/137.826 ms  drop_timing(win/tot)=69838/1032213 pkt  drop_io(win/tot)=0/0 pkt  lost_samples(win/tot)=12570840/185798340  send_errors(win/tot)=0/0
2026-04-22 16:55:51 INFO STAT  crate=5  sent=1478503 pkt  1039.178 MB  win=8.262 Mbps 1401.4 pkt/s  tot=8.546 Mbps 1449.5 pkt/s  late(win/tot)=84082/1478503  worst_late(win/tot)=120.579/137.826 ms  drop_timing(win/tot)=67508/1099721 pkt  drop_io(win/tot)=0/0 pkt  lost_samples(win/tot)=12151440/197949780  send_errors(win/tot)=0/0
2026-04-22 16:56:51 INFO STAT  crate=5  sent=1566855 pkt  1101.277 MB  win=8.682 Mbps 1472.5 pkt/s  tot=8.554 Mbps 1450.8 pkt/s  late(win/tot)=88352/1566855  worst_late(win/tot)=113.247/137.826 ms  drop_timing(win/tot)=63350/1163071 pkt  drop_io(win/tot)=0/0 pkt  lost_samples(win/tot)=11403000/209352780  send_errors(win/tot)=0/0
2026-04-22 16:57:51 INFO STAT  crate=5  sent=1651221 pkt  1160.574 MB  win=8.290 Mbps 1406.1 pkt/s  tot=8.540 Mbps 1448.4 pkt/s  late(win/tot)=84366/1651221  worst_late(win/tot)=124.998/137.826 ms  drop_timing(win/tot)=67274/1230345 pkt  drop_io(win/tot)=0/0 pkt  lost_samples(win/tot)=12109320/221462100  send_errors(win/tot)=0/0
2026-04-22 16:58:51 INFO STAT  crate=5  sent=1736042 pkt  1220.191 MB  win=8.335 Mbps 1413.7 pkt/s  tot=8.530 Mbps 1446.7 pkt/s  late(win/tot)=84821/1736042  worst_late(win/tot)=131.818/137.826 ms  drop_timing(win/tot)=66842/1297187 pkt  drop_io(win/tot)=0/0 pkt  lost_samples(win/tot)=12031560/233493660  send_errors(win/tot)=0/0
2026-04-22 16:59:51 INFO STAT  crate=5  sent=1820773 pkt  1279.745 MB  win=8.326 Mbps 1412.2 pkt/s  tot=8.520 Mbps 1445.1 pkt/s  late(win/tot)=84731/1820773  worst_late(win/tot)=129.108/137.826 ms  drop_timing(win/tot)=66994/1364181 pkt  drop_io(win/tot)=0/0 pkt  lost_samples(win/tot)=12058920/245552580  send_errors(win/tot)=0/0
2026-04-22 17:00:51 INFO STAT  crate=5  sent=1908152 pkt  1341.160 MB  win=8.586 Mbps 1456.2 pkt/s  tot=8.523 Mbps 1445.6 pkt/s  late(win/tot)=87379/1908152  worst_late(win/tot)=118.739/137.826 ms  drop_timing(win/tot)=64246/1428427 pkt  drop_io(win/tot)=0/0 pkt  lost_samples(win/tot)=11564280/257116860  send_errors(win/tot)=0/0
2026-04-22 17:01:51 INFO STAT  crate=5  sent=1992049 pkt  1400.128 MB  win=8.245 Mbps 1398.3 pkt/s  tot=8.511 Mbps 1443.5 pkt/s  late(win/tot)=83897/1992049  worst_late(win/tot)=116.374/137.826 ms  drop_timing(win/tot)=67750/1496177 pkt  drop_io(win/tot)=0/0 pkt  lost_samples(win/tot)=12195000/269311860  send_errors(win/tot)=0/0
2026-04-22 17:02:51 INFO STAT  crate=5  sent=2071032 pkt  1455.641 MB  win=7.762 Mbps 1316.4 pkt/s  tot=8.480 Mbps 1438.2 pkt/s  late(win/tot)=78983/2071032  worst_late(win/tot)=110.029/137.826 ms  drop_timing(win/tot)=72681/1568858 pkt  drop_io(win/tot)=0/0 pkt  lost_samples(win/tot)=13082580/282394440  send_errors(win/tot)=0/0
2026-04-22 17:03:51 INFO STAT  crate=5  sent=2148920 pkt  1510.386 MB  win=7.654 Mbps 1298.1 pkt/s  tot=8.447 Mbps 1432.6 pkt/s  late(win/tot)=77888/2148920  worst_late(win/tot)=125.013/137.826 ms  drop_timing(win/tot)=73774/1642632 pkt  drop_io(win/tot)=0/0 pkt  lost_samples(win/tot)=13279320/295673760  send_errors(win/tot)=0/0
2026-04-22 17:04:51 INFO STAT  crate=5  sent=2237976 pkt  1572.979 MB  win=8.751 Mbps 1484.2 pkt/s  tot=8.458 Mbps 1434.6 pkt/s  late(win/tot)=89056/2237976  worst_late(win/tot)=113.096/137.826 ms  drop_timing(win/tot)=62628/1705260 pkt  drop_io(win/tot)=0/0 pkt  lost_samples(win/tot)=11273040/306946800  send_errors(win/tot)=0/0
2026-04-22 17:05:51 INFO STAT  crate=5  sent=2322254 pkt  1632.215 MB  win=8.282 Mbps 1404.7 pkt/s  tot=8.452 Mbps 1433.5 pkt/s  late(win/tot)=84278/2322254  worst_late(win/tot)=123.134/137.826 ms  drop_timing(win/tot)=67376/1772636 pkt  drop_io(win/tot)=0/0 pkt  lost_samples(win/tot)=12127680/319074480  send_errors(win/tot)=0/0
2026-04-22 17:06:51 INFO STAT  crate=5  sent=2402504 pkt  1688.619 MB  win=7.886 Mbps 1337.5 pkt/s  tot=8.432 Mbps 1430.1 pkt/s  late(win/tot)=80250/2402504  worst_late(win/tot)=115.683/137.826 ms  drop_timing(win/tot)=71479/1844115 pkt  drop_io(win/tot)=0/0 pkt  lost_samples(win/tot)=12866220/331940700  send_errors(win/tot)=0/0
2026-04-22 17:07:51 INFO STAT  crate=5  sent=2491612 pkt  1751.249 MB  win=8.756 Mbps 1485.1 pkt/s  tot=8.443 Mbps 1432.0 pkt/s  late(win/tot)=89108/2491612  worst_late(win/tot)=137.548/137.826 ms  drop_timing(win/tot)=62517/1906632 pkt  drop_io(win/tot)=0/0 pkt  lost_samples(win/tot)=11253060/343193760  send_errors(win/tot)=0/0
2026-04-22 17:08:51 INFO STAT  crate=5  sent=2579804 pkt  1813.236 MB  win=8.666 Mbps 1469.9 pkt/s  tot=8.450 Mbps 1433.2 pkt/s  late(win/tot)=88192/2579804  worst_late(win/tot)=113.003/137.826 ms  drop_timing(win/tot)=63456/1970088 pkt  drop_io(win/tot)=0/0 pkt  lost_samples(win/tot)=11422080/354615840  send_errors(win/tot)=0/0
2026-04-22 17:09:51 INFO STAT  crate=5  sent=2664903 pkt  1873.048 MB  win=8.362 Mbps 1418.3 pkt/s  tot=8.447 Mbps 1432.7 pkt/s  late(win/tot)=85099/2664903  worst_late(win/tot)=116.722/137.826 ms  drop_timing(win/tot)=66592/2036680 pkt  drop_io(win/tot)=0/0 pkt  lost_samples(win/tot)=11986560/366602400  send_errors(win/tot)=0/0
2026-04-22 17:10:23 INFO STAT  crate=5  sent=2730000 pkt  1918.802 MB  win=12.158 Mbps 2062.1 pkt/s  tot=8.509 Mbps 1443.2 pkt/s  late(win/tot)=65097/2730000  worst_late(win/tot)=71.138/137.826 ms  drop_timing(win/tot)=14733/2051413 pkt  drop_io(win/tot)=0/0 pkt  lost_samples(win/tot)=2651940/369254340  send_errors(win/tot)=0/0
2026-04-22 17:10:23 INFO Terminato
