2026-04-22 16:45:19 INFO Start crate=17 dst=131.154.99.225:6666
2026-04-22 16:45:19 INFO Streams=91  board=7  analog/board=12  digital_streams/board=1
2026-04-22 16:45:19 INFO Sample rate=5000 Hz  samples/pkt=180  pps/stream=27.777778  total_pps=2527.778
2026-04-22 16:45:19 INFO Packet len=737 B  expected throughput=14.904 Mbps
2026-04-22 16:45:19 INFO Analog FS=+/-10.000 V  noise_rms=0.010000 V  digital_flip_prob=0.002000
2026-04-22 16:46:19 INFO STAT  crate=17  sent=119181 pkt  83.767 MB  win=11.710 Mbps 1986.1 pkt/s  tot=11.710 Mbps 1986.1 pkt/s  late(win/tot)=119181/119181  worst_late(win/tot)=100.984/100.984 ms  drop_timing(win/tot)=32415/32415 pkt  drop_io(win/tot)=0/0 pkt  lost_samples(win/tot)=5834700/5834700  send_errors(win/tot)=0/0
2026-04-22 16:47:19 INFO STAT  crate=17  sent=237855 pkt  167.178 MB  win=11.662 Mbps 1978.0 pkt/s  tot=11.686 Mbps 1982.1 pkt/s  late(win/tot)=118674/237855  worst_late(win/tot)=101.485/101.485 ms  drop_timing(win/tot)=32997/65412 pkt  drop_io(win/tot)=0/0 pkt  lost_samples(win/tot)=5939460/11774160  send_errors(win/tot)=0/0
2026-04-22 16:48:19 INFO STAT  crate=17  sent=354093 pkt  248.877 MB  win=11.422 Mbps 1937.3 pkt/s  tot=11.598 Mbps 1967.2 pkt/s  late(win/tot)=116238/354093  worst_late(win/tot)=110.667/110.667 ms  drop_timing(win/tot)=35431/100843 pkt  drop_io(win/tot)=0/0 pkt  lost_samples(win/tot)=6377580/18151740  send_errors(win/tot)=0/0
2026-04-22 16:49:19 INFO STAT  crate=17  sent=473566 pkt  332.850 MB  win=11.741 Mbps 1991.3 pkt/s  tot=11.634 Mbps 1973.2 pkt/s  late(win/tot)=119473/473566  worst_late(win/tot)=95.222/110.667 ms  drop_timing(win/tot)=32257/133100 pkt  drop_io(win/tot)=0/0 pkt  lost_samples(win/tot)=5806260/23958000  send_errors(win/tot)=0/0
2026-04-22 16:50:19 INFO STAT  crate=17  sent=594281 pkt  417.695 MB  win=11.862 Mbps 2011.9 pkt/s  tot=11.680 Mbps 1980.9 pkt/s  late(win/tot)=120715/594281  worst_late(win/tot)=86.469/110.667 ms  drop_timing(win/tot)=30884/163984 pkt  drop_io(win/tot)=0/0 pkt  lost_samples(win/tot)=5559120/29517120  send_errors(win/tot)=0/0
2026-04-22 16:51:19 INFO STAT  crate=17  sent=712975 pkt  501.120 MB  win=11.664 Mbps 1978.2 pkt/s  tot=11.677 Mbps 1980.5 pkt/s  late(win/tot)=118694/712975  worst_late(win/tot)=81.944/110.667 ms  drop_timing(win/tot)=32974/196958 pkt  drop_io(win/tot)=0/0 pkt  lost_samples(win/tot)=5935320/35452440  send_errors(win/tot)=0/0
2026-04-22 16:52:19 INFO STAT  crate=17  sent=832867 pkt  585.387 MB  win=11.781 Mbps 1998.2 pkt/s  tot=11.692 Mbps 1983.0 pkt/s  late(win/tot)=119892/832867  worst_late(win/tot)=98.144/110.667 ms  drop_timing(win/tot)=31775/228733 pkt  drop_io(win/tot)=0/0 pkt  lost_samples(win/tot)=5719500/41171940  send_errors(win/tot)=0/0
2026-04-22 16:53:19 INFO STAT  crate=17  sent=951347 pkt  668.662 MB  win=11.643 Mbps 1974.7 pkt/s  tot=11.686 Mbps 1982.0 pkt/s  late(win/tot)=118480/951347  worst_late(win/tot)=99.819/110.667 ms  drop_timing(win/tot)=33251/261984 pkt  drop_io(win/tot)=0/0 pkt  lost_samples(win/tot)=5985180/47157120  send_errors(win/tot)=0/0
2026-04-22 16:54:19 INFO STAT  crate=17  sent=1072650 pkt  753.921 MB  win=11.920 Mbps 2021.7 pkt/s  tot=11.712 Mbps 1986.4 pkt/s  late(win/tot)=121303/1072650  worst_late(win/tot)=103.734/110.667 ms  drop_timing(win/tot)=30363/292347 pkt  drop_io(win/tot)=0/0 pkt  lost_samples(win/tot)=5465340/52622460  send_errors(win/tot)=0/0
2026-04-22 16:55:19 INFO STAT  crate=17  sent=1192524 pkt  838.175 MB  win=11.780 Mbps 1997.9 pkt/s  tot=11.719 Mbps 1987.5 pkt/s  late(win/tot)=119874/1192524  worst_late(win/tot)=105.974/110.667 ms  drop_timing(win/tot)=31737/324084 pkt  drop_io(win/tot)=0/0 pkt  lost_samples(win/tot)=5712660/58335120  send_errors(win/tot)=0/0
2026-04-22 16:56:19 INFO STAT  crate=17  sent=1312099 pkt  922.219 MB  win=11.750 Mbps 1992.9 pkt/s  tot=11.721 Mbps 1988.0 pkt/s  late(win/tot)=119575/1312099  worst_late(win/tot)=99.169/110.667 ms  drop_timing(win/tot)=32082/356166 pkt  drop_io(win/tot)=0/0 pkt  lost_samples(win/tot)=5774760/64109880  send_errors(win/tot)=0/0
2026-04-22 16:57:19 INFO STAT  crate=17  sent=1432247 pkt  1006.666 MB  win=11.807 Mbps 2002.5 pkt/s  tot=11.729 Mbps 1989.2 pkt/s  late(win/tot)=120148/1432247  worst_late(win/tot)=126.170/126.170 ms  drop_timing(win/tot)=31498/387664 pkt  drop_io(win/tot)=0/0 pkt  lost_samples(win/tot)=5669640/69779520  send_errors(win/tot)=0/0
2026-04-22 16:58:19 INFO STAT  crate=17  sent=1551261 pkt  1090.316 MB  win=11.695 Mbps 1983.6 pkt/s  tot=11.726 Mbps 1988.8 pkt/s  late(win/tot)=119014/1551261  worst_late(win/tot)=100.339/126.170 ms  drop_timing(win/tot)=32737/420401 pkt  drop_io(win/tot)=0/0 pkt  lost_samples(win/tot)=5892660/75672180  send_errors(win/tot)=0/0
2026-04-22 16:59:19 INFO STAT  crate=17  sent=1671612 pkt  1174.906 MB  win=11.826 Mbps 2005.8 pkt/s  tot=11.733 Mbps 1990.0 pkt/s  late(win/tot)=120351/1671612  worst_late(win/tot)=100.851/126.170 ms  drop_timing(win/tot)=31321/451722 pkt  drop_io(win/tot)=0/0 pkt  lost_samples(win/tot)=5637780/81309960  send_errors(win/tot)=0/0
2026-04-22 17:00:19 INFO STAT  crate=17  sent=1788659 pkt  1257.173 MB  win=11.502 Mbps 1950.8 pkt/s  tot=11.718 Mbps 1987.4 pkt/s  late(win/tot)=117047/1788659  worst_late(win/tot)=109.265/126.170 ms  drop_timing(win/tot)=34559/486281 pkt  drop_io(win/tot)=0/0 pkt  lost_samples(win/tot)=6220620/87530580  send_errors(win/tot)=0/0
2026-04-22 17:01:19 INFO STAT  crate=17  sent=1909934 pkt  1342.412 MB  win=11.917 Mbps 2021.2 pkt/s  tot=11.730 Mbps 1989.5 pkt/s  late(win/tot)=121275/1909934  worst_late(win/tot)=99.951/126.170 ms  drop_timing(win/tot)=30418/516699 pkt  drop_io(win/tot)=0/0 pkt  lost_samples(win/tot)=5475240/93005820  send_errors(win/tot)=0/0
2026-04-22 17:02:19 INFO STAT  crate=17  sent=2025561 pkt  1423.682 MB  win=11.362 Mbps 1927.1 pkt/s  tot=11.709 Mbps 1985.8 pkt/s  late(win/tot)=115627/2025561  worst_late(win/tot)=98.707/126.170 ms  drop_timing(win/tot)=36011/552710 pkt  drop_io(win/tot)=0/0 pkt  lost_samples(win/tot)=6481980/99487800  send_errors(win/tot)=0/0
2026-04-22 17:03:19 INFO STAT  crate=17  sent=2143453 pkt  1506.543 MB  win=11.584 Mbps 1964.8 pkt/s  tot=11.702 Mbps 1984.7 pkt/s  late(win/tot)=117892/2143453  worst_late(win/tot)=86.248/126.170 ms  drop_timing(win/tot)=33752/586462 pkt  drop_io(win/tot)=0/0 pkt  lost_samples(win/tot)=6075360/105563160  send_errors(win/tot)=0/0
2026-04-22 17:04:19 INFO STAT  crate=17  sent=2260781 pkt  1589.008 MB  win=11.529 Mbps 1955.5 pkt/s  tot=11.693 Mbps 1983.1 pkt/s  late(win/tot)=117328/2260781  worst_late(win/tot)=99.146/126.170 ms  drop_timing(win/tot)=34363/620825 pkt  drop_io(win/tot)=0/0 pkt  lost_samples(win/tot)=6185340/111748500  send_errors(win/tot)=0/0
2026-04-22 17:05:19 INFO STAT  crate=17  sent=2379216 pkt  1672.251 MB  win=11.638 Mbps 1973.9 pkt/s  tot=11.690 Mbps 1982.7 pkt/s  late(win/tot)=118435/2379216  worst_late(win/tot)=92.215/126.170 ms  drop_timing(win/tot)=33281/654106 pkt  drop_io(win/tot)=0/0 pkt  lost_samples(win/tot)=5990580/117739080  send_errors(win/tot)=0/0
2026-04-22 17:06:19 INFO STAT  crate=17  sent=2495253 pkt  1753.808 MB  win=11.402 Mbps 1933.9 pkt/s  tot=11.676 Mbps 1980.4 pkt/s  late(win/tot)=116037/2495253  worst_late(win/tot)=99.709/126.170 ms  drop_timing(win/tot)=35556/689662 pkt  drop_io(win/tot)=0/0 pkt  lost_samples(win/tot)=6400080/124139160  send_errors(win/tot)=0/0
2026-04-22 17:07:19 INFO STAT  crate=17  sent=2642626 pkt  1857.391 MB  win=14.482 Mbps 2456.3 pkt/s  tot=11.804 Mbps 2002.0 pkt/s  late(win/tot)=147373/2642626  worst_late(win/tot)=100.838/126.170 ms  drop_timing(win/tot)=4367/694029 pkt  drop_io(win/tot)=0/0 pkt  lost_samples(win/tot)=786060/124925220  send_errors(win/tot)=0/0
2026-04-22 17:07:56 INFO STAT  crate=17  sent=2730000 pkt  1918.802 MB  win=13.904 Mbps 2358.2 pkt/s  tot=11.861 Mbps 2011.7 pkt/s  late(win/tot)=87374/2730000  worst_late(win/tot)=53.711/126.170 ms  drop_timing(win/tot)=91/694120 pkt  drop_io(win/tot)=0/0 pkt  lost_samples(win/tot)=16380/124941600  send_errors(win/tot)=0/0
2026-04-22 17:07:56 INFO Terminato
