2026-04-22 17:49:48 INFO Start crate=26 dst=131.154.99.225:6666
2026-04-22 17:49:48 INFO Streams=91  board=7  analog/board=12  digital_streams/board=1
2026-04-22 17:49:48 INFO Sample rate=5000 Hz  samples/pkt=180  pps/stream=27.777778  total_pps=2527.778
2026-04-22 17:49:48 INFO Packet len=737 B  expected throughput=14.904 Mbps
2026-04-22 17:49:48 INFO Analog FS=+/-10.000 V  noise_rms=0.010000 V  digital_flip_prob=0.002000
2026-04-22 17:50:48 INFO STAT  crate=26  sent=131076 pkt  92.128 MB  win=12.880 Mbps 2184.6 pkt/s  tot=12.880 Mbps 2184.6 pkt/s  late(win/tot)=131076/131076  worst_late(win/tot)=52.667/52.667 ms  drop_timing(win/tot)=20566/20566 pkt  drop_io(win/tot)=0/0 pkt  lost_samples(win/tot)=3701880/3701880  send_errors(win/tot)=0/0
2026-04-22 17:51:48 INFO STAT  crate=26  sent=263017 pkt  184.864 MB  win=12.965 Mbps 2199.0 pkt/s  tot=12.923 Mbps 2191.8 pkt/s  late(win/tot)=131941/263017  worst_late(win/tot)=56.053/56.053 ms  drop_timing(win/tot)=19679/40245 pkt  drop_io(win/tot)=0/0 pkt  lost_samples(win/tot)=3542220/7244100  send_errors(win/tot)=0/0
2026-04-22 17:52:48 INFO STAT  crate=26  sent=395133 pkt  277.722 MB  win=12.983 Mbps 2201.9 pkt/s  tot=12.943 Mbps 2195.2 pkt/s  late(win/tot)=132116/395133  worst_late(win/tot)=50.598/56.053 ms  drop_timing(win/tot)=19542/59787 pkt  drop_io(win/tot)=0/0 pkt  lost_samples(win/tot)=3517560/10761660  send_errors(win/tot)=0/0
2026-04-22 17:53:48 INFO STAT  crate=26  sent=526470 pkt  370.034 MB  win=12.906 Mbps 2188.9 pkt/s  tot=12.934 Mbps 2193.6 pkt/s  late(win/tot)=131337/526470  worst_late(win/tot)=51.981/56.053 ms  drop_timing(win/tot)=20384/80171 pkt  drop_io(win/tot)=0/0 pkt  lost_samples(win/tot)=3669120/14430780  send_errors(win/tot)=0/0
2026-04-22 17:54:48 INFO STAT  crate=26  sent=659790 pkt  463.739 MB  win=13.101 Mbps 2222.0 pkt/s  tot=12.967 Mbps 2199.3 pkt/s  late(win/tot)=133320/659790  worst_late(win/tot)=47.861/56.053 ms  drop_timing(win/tot)=18291/98462 pkt  drop_io(win/tot)=0/0 pkt  lost_samples(win/tot)=3292380/17723160  send_errors(win/tot)=0/0
2026-04-22 17:55:48 INFO STAT  crate=26  sent=791240 pkt  556.129 MB  win=12.917 Mbps 2190.8 pkt/s  tot=12.959 Mbps 2197.9 pkt/s  late(win/tot)=131450/791240  worst_late(win/tot)=51.413/56.053 ms  drop_timing(win/tot)=20245/118707 pkt  drop_io(win/tot)=0/0 pkt  lost_samples(win/tot)=3644100/21367260  send_errors(win/tot)=0/0
2026-04-22 17:56:48 INFO STAT  crate=26  sent=923942 pkt  649.400 MB  win=13.040 Mbps 2211.7 pkt/s  tot=12.970 Mbps 2199.9 pkt/s  late(win/tot)=132702/923942  worst_late(win/tot)=52.383/56.053 ms  drop_timing(win/tot)=18976/137683 pkt  drop_io(win/tot)=0/0 pkt  lost_samples(win/tot)=3415680/24782940  send_errors(win/tot)=0/0
2026-04-22 17:57:48 INFO STAT  crate=26  sent=1055815 pkt  742.088 MB  win=12.959 Mbps 2197.9 pkt/s  tot=12.969 Mbps 2199.6 pkt/s  late(win/tot)=131873/1055815  worst_late(win/tot)=50.668/56.053 ms  drop_timing(win/tot)=19747/157430 pkt  drop_io(win/tot)=0/0 pkt  lost_samples(win/tot)=3554460/28337400  send_errors(win/tot)=0/0
2026-04-22 17:58:48 INFO STAT  crate=26  sent=1188429 pkt  835.297 MB  win=13.032 Mbps 2210.2 pkt/s  tot=12.976 Mbps 2200.8 pkt/s  late(win/tot)=132614/1188429  worst_late(win/tot)=50.540/56.053 ms  drop_timing(win/tot)=19110/176540 pkt  drop_io(win/tot)=0/0 pkt  lost_samples(win/tot)=3439800/31777200  send_errors(win/tot)=0/0
2026-04-22 17:59:48 INFO STAT  crate=26  sent=1320250 pkt  927.948 MB  win=12.954 Mbps 2197.0 pkt/s  tot=12.974 Mbps 2200.4 pkt/s  late(win/tot)=131821/1320250  worst_late(win/tot)=55.779/56.053 ms  drop_timing(win/tot)=19838/196378 pkt  drop_io(win/tot)=0/0 pkt  lost_samples(win/tot)=3570840/35348040  send_errors(win/tot)=0/0
2026-04-22 18:00:48 INFO STAT  crate=26  sent=1452955 pkt  1021.221 MB  win=13.040 Mbps 2211.7 pkt/s  tot=12.980 Mbps 2201.4 pkt/s  late(win/tot)=132705/1452955  worst_late(win/tot)=48.597/56.053 ms  drop_timing(win/tot)=18928/215306 pkt  drop_io(win/tot)=0/0 pkt  lost_samples(win/tot)=3407040/38755080  send_errors(win/tot)=0/0
2026-04-22 18:01:48 INFO STAT  crate=26  sent=1584786 pkt  1113.879 MB  win=12.955 Mbps 2197.2 pkt/s  tot=12.978 Mbps 2201.1 pkt/s  late(win/tot)=131831/1584786  worst_late(win/tot)=51.281/56.053 ms  drop_timing(win/tot)=19838/235144 pkt  drop_io(win/tot)=0/0 pkt  lost_samples(win/tot)=3570840/42325920  send_errors(win/tot)=0/0
2026-04-22 18:02:48 INFO STAT  crate=26  sent=1717344 pkt  1207.049 MB  win=13.026 Mbps 2209.3 pkt/s  tot=12.981 Mbps 2201.7 pkt/s  late(win/tot)=132558/1717344  worst_late(win/tot)=49.936/56.053 ms  drop_timing(win/tot)=19110/254254 pkt  drop_io(win/tot)=0/0 pkt  lost_samples(win/tot)=3439800/45765720  send_errors(win/tot)=0/0
2026-04-22 18:03:48 INFO STAT  crate=26  sent=1849087 pkt  1299.646 MB  win=12.946 Mbps 2195.7 pkt/s  tot=12.979 Mbps 2201.3 pkt/s  late(win/tot)=131743/1849087  worst_late(win/tot)=51.066/56.053 ms  drop_timing(win/tot)=19929/274183 pkt  drop_io(win/tot)=0/0 pkt  lost_samples(win/tot)=3587220/49352940  send_errors(win/tot)=0/0
2026-04-22 18:04:48 INFO STAT  crate=26  sent=1980890 pkt  1392.284 MB  win=12.952 Mbps 2196.7 pkt/s  tot=12.977 Mbps 2201.0 pkt/s  late(win/tot)=131803/1980890  worst_late(win/tot)=45.256/56.053 ms  drop_timing(win/tot)=19838/294021 pkt  drop_io(win/tot)=0/0 pkt  lost_samples(win/tot)=3570840/52923780  send_errors(win/tot)=0/0
2026-04-22 18:05:48 INFO STAT  crate=26  sent=2112849 pkt  1485.033 MB  win=12.967 Mbps 2199.3 pkt/s  tot=12.976 Mbps 2200.9 pkt/s  late(win/tot)=131959/2112849  worst_late(win/tot)=51.466/56.053 ms  drop_timing(win/tot)=19747/313768 pkt  drop_io(win/tot)=0/0 pkt  lost_samples(win/tot)=3554460/56478240  send_errors(win/tot)=0/0
2026-04-22 18:06:48 INFO STAT  crate=26  sent=2245285 pkt  1578.116 MB  win=13.014 Mbps 2207.3 pkt/s  tot=12.979 Mbps 2201.3 pkt/s  late(win/tot)=132436/2245285  worst_late(win/tot)=48.763/56.053 ms  drop_timing(win/tot)=19201/332969 pkt  drop_io(win/tot)=0/0 pkt  lost_samples(win/tot)=3456180/59934420  send_errors(win/tot)=0/0
2026-04-22 18:07:48 INFO STAT  crate=26  sent=2376521 pkt  1670.357 MB  win=12.896 Mbps 2187.3 pkt/s  tot=12.974 Mbps 2200.5 pkt/s  late(win/tot)=131236/2376521  worst_late(win/tot)=48.768/56.053 ms  drop_timing(win/tot)=20475/353444 pkt  drop_io(win/tot)=0/0 pkt  lost_samples(win/tot)=3685500/63619920  send_errors(win/tot)=0/0
2026-04-22 18:08:48 INFO STAT  crate=26  sent=2507874 pkt  1762.679 MB  win=12.908 Mbps 2189.2 pkt/s  tot=12.971 Mbps 2199.9 pkt/s  late(win/tot)=131353/2507874  worst_late(win/tot)=63.706/63.706 ms  drop_timing(win/tot)=20293/373737 pkt  drop_io(win/tot)=0/0 pkt  lost_samples(win/tot)=3652740/67272660  send_errors(win/tot)=0/0
2026-04-22 18:09:48 INFO STAT  crate=26  sent=2640480 pkt  1855.882 MB  win=13.031 Mbps 2210.1 pkt/s  tot=12.974 Mbps 2200.4 pkt/s  late(win/tot)=132606/2640480  worst_late(win/tot)=49.842/63.706 ms  drop_timing(win/tot)=19070/392807 pkt  drop_io(win/tot)=0/0 pkt  lost_samples(win/tot)=3432600/70705260  send_errors(win/tot)=0/0
2026-04-22 18:10:29 INFO STAT  crate=26  sent=2730000 pkt  1918.802 MB  win=12.773 Mbps 2166.3 pkt/s  tot=12.967 Mbps 2199.3 pkt/s  late(win/tot)=89520/2730000  worst_late(win/tot)=47.877/63.706 ms  drop_timing(win/tot)=14964/407771 pkt  drop_io(win/tot)=0/0 pkt  lost_samples(win/tot)=2693520/73398780  send_errors(win/tot)=0/0
2026-04-22 18:10:29 INFO Terminato
