2026-04-22 16:36:57 INFO Start crate=1 dst=131.154.99.225:6666
2026-04-22 16:36:57 INFO Streams=91  board=7  analog/board=12  digital_streams/board=1
2026-04-22 16:36:57 INFO Sample rate=5000 Hz  samples/pkt=180  pps/stream=27.777778  total_pps=2527.778
2026-04-22 16:36:57 INFO Packet len=737 B  expected throughput=14.904 Mbps
2026-04-22 16:36:57 INFO Analog FS=+/-10.000 V  noise_rms=0.010000 V  digital_flip_prob=0.002000
2026-04-22 16:37:57 INFO STAT  crate=1  sent=130952 pkt  92.041 MB  win=12.868 Mbps 2182.5 pkt/s  tot=12.868 Mbps 2182.5 pkt/s  late(win/tot)=130952/130952  worst_late(win/tot)=74.413/74.413 ms  drop_timing(win/tot)=20657/20657 pkt  drop_io(win/tot)=0/0 pkt  lost_samples(win/tot)=3718260/3718260  send_errors(win/tot)=0/0
2026-04-22 16:38:57 INFO STAT  crate=1  sent=256932 pkt  180.587 MB  win=12.380 Mbps 2099.7 pkt/s  tot=12.624 Mbps 2141.1 pkt/s  late(win/tot)=125980/256932  worst_late(win/tot)=89.358/89.358 ms  drop_timing(win/tot)=25662/46319 pkt  drop_io(win/tot)=0/0 pkt  lost_samples(win/tot)=4619160/8337420  send_errors(win/tot)=0/0
2026-04-22 16:39:57 INFO STAT  crate=1  sent=381883 pkt  268.410 MB  win=12.279 Mbps 2082.5 pkt/s  tot=12.509 Mbps 2121.6 pkt/s  late(win/tot)=124951/381883  worst_late(win/tot)=78.689/89.358 ms  drop_timing(win/tot)=26754/73073 pkt  drop_io(win/tot)=0/0 pkt  lost_samples(win/tot)=4815720/13153140  send_errors(win/tot)=0/0
2026-04-22 16:40:57 INFO STAT  crate=1  sent=508648 pkt  357.507 MB  win=12.457 Mbps 2112.7 pkt/s  tot=12.496 Mbps 2119.4 pkt/s  late(win/tot)=126765/508648  worst_late(win/tot)=85.380/89.358 ms  drop_timing(win/tot)=24918/97991 pkt  drop_io(win/tot)=0/0 pkt  lost_samples(win/tot)=4485240/17638380  send_errors(win/tot)=0/0
2026-04-22 16:41:57 INFO STAT  crate=1  sent=636402 pkt  447.300 MB  win=12.554 Mbps 2129.2 pkt/s  tot=12.507 Mbps 2121.3 pkt/s  late(win/tot)=127754/636402  worst_late(win/tot)=89.091/89.358 ms  drop_timing(win/tot)=23858/121849 pkt  drop_io(win/tot)=0/0 pkt  lost_samples(win/tot)=4294440/21932820  send_errors(win/tot)=0/0
2026-04-22 16:42:57 INFO STAT  crate=1  sent=762243 pkt  535.749 MB  win=12.366 Mbps 2097.4 pkt/s  tot=12.484 Mbps 2117.3 pkt/s  late(win/tot)=125841/762243  worst_late(win/tot)=98.378/98.378 ms  drop_timing(win/tot)=25844/147693 pkt  drop_io(win/tot)=0/0 pkt  lost_samples(win/tot)=4651920/26584740  send_errors(win/tot)=0/0
2026-04-22 16:43:57 INFO STAT  crate=1  sent=858399 pkt  603.333 MB  win=9.449 Mbps 1602.6 pkt/s  tot=12.050 Mbps 2043.8 pkt/s  late(win/tot)=96156/858399  worst_late(win/tot)=127.617/127.617 ms  drop_timing(win/tot)=55510/203203 pkt  drop_io(win/tot)=0/0 pkt  lost_samples(win/tot)=9991800/36576540  send_errors(win/tot)=0/0
2026-04-22 16:44:57 INFO STAT  crate=1  sent=941500 pkt  661.741 MB  win=8.166 Mbps 1385.0 pkt/s  tot=11.565 Mbps 1961.4 pkt/s  late(win/tot)=83101/941500  worst_late(win/tot)=122.406/127.617 ms  drop_timing(win/tot)=68526/271729 pkt  drop_io(win/tot)=0/0 pkt  lost_samples(win/tot)=12334680/48911220  send_errors(win/tot)=0/0
2026-04-22 16:45:57 INFO STAT  crate=1  sent=1017240 pkt  714.975 MB  win=7.443 Mbps 1262.4 pkt/s  tot=11.107 Mbps 1883.8 pkt/s  late(win/tot)=75740/1017240  worst_late(win/tot)=152.558/152.558 ms  drop_timing(win/tot)=75924/347653 pkt  drop_io(win/tot)=0/0 pkt  lost_samples(win/tot)=13666320/62577540  send_errors(win/tot)=0/0
2026-04-22 16:46:57 INFO STAT  crate=1  sent=1079560 pkt  758.777 MB  win=6.124 Mbps 1038.6 pkt/s  tot=10.608 Mbps 1799.3 pkt/s  late(win/tot)=62320/1079560  worst_late(win/tot)=143.969/152.558 ms  drop_timing(win/tot)=89356/437009 pkt  drop_io(win/tot)=0/0 pkt  lost_samples(win/tot)=16084080/78661620  send_errors(win/tot)=0/0
2026-04-22 16:47:57 INFO STAT  crate=1  sent=1129238 pkt  793.694 MB  win=4.881 Mbps 827.9 pkt/s  tot=10.088 Mbps 1710.9 pkt/s  late(win/tot)=49678/1129238  worst_late(win/tot)=182.237/182.237 ms  drop_timing(win/tot)=101932/538941 pkt  drop_io(win/tot)=0/0 pkt  lost_samples(win/tot)=18347760/97009380  send_errors(win/tot)=0/0
2026-04-22 16:48:57 INFO STAT  crate=1  sent=1178915 pkt  828.610 MB  win=4.882 Mbps 828.0 pkt/s  tot=9.654 Mbps 1637.4 pkt/s  late(win/tot)=49677/1178915  worst_late(win/tot)=185.829/185.829 ms  drop_timing(win/tot)=102037/640978 pkt  drop_io(win/tot)=0/0 pkt  lost_samples(win/tot)=18366660/115376040  send_errors(win/tot)=0/0
2026-04-22 16:49:57 INFO STAT  crate=1  sent=1227706 pkt  862.903 MB  win=4.795 Mbps 813.2 pkt/s  tot=9.280 Mbps 1574.0 pkt/s  late(win/tot)=48791/1227706  worst_late(win/tot)=174.526/185.829 ms  drop_timing(win/tot)=102821/743799 pkt  drop_io(win/tot)=0/0 pkt  lost_samples(win/tot)=18507780/133883820  send_errors(win/tot)=0/0
2026-04-22 16:50:57 INFO STAT  crate=1  sent=1279769 pkt  899.496 MB  win=5.116 Mbps 867.8 pkt/s  tot=8.983 Mbps 1523.5 pkt/s  late(win/tot)=52063/1279769  worst_late(win/tot)=173.323/185.829 ms  drop_timing(win/tot)=99620/843419 pkt  drop_io(win/tot)=0/0 pkt  lost_samples(win/tot)=17931600/151815420  send_errors(win/tot)=0/0
2026-04-22 16:51:57 INFO STAT  crate=1  sent=1329982 pkt  934.788 MB  win=4.934 Mbps 836.8 pkt/s  tot=8.713 Mbps 1477.8 pkt/s  late(win/tot)=50213/1329982  worst_late(win/tot)=178.482/185.829 ms  drop_timing(win/tot)=101442/944861 pkt  drop_io(win/tot)=0/0 pkt  lost_samples(win/tot)=18259560/170074980  send_errors(win/tot)=0/0
2026-04-22 16:52:57 INFO STAT  crate=1  sent=1378860 pkt  969.143 MB  win=4.803 Mbps 814.7 pkt/s  tot=8.468 Mbps 1436.3 pkt/s  late(win/tot)=48878/1378860  worst_late(win/tot)=193.316/193.316 ms  drop_timing(win/tot)=102776/1047637 pkt  drop_io(win/tot)=0/0 pkt  lost_samples(win/tot)=18499680/188574660  send_errors(win/tot)=0/0
2026-04-22 16:53:57 INFO STAT  crate=1  sent=1432220 pkt  1006.647 MB  win=5.243 Mbps 889.3 pkt/s  tot=8.279 Mbps 1404.1 pkt/s  late(win/tot)=53360/1432220  worst_late(win/tot)=164.382/193.316 ms  drop_timing(win/tot)=98312/1145949 pkt  drop_io(win/tot)=0/0 pkt  lost_samples(win/tot)=17696160/206270820  send_errors(win/tot)=0/0
2026-04-22 16:54:57 INFO STAT  crate=1  sent=1484268 pkt  1043.230 MB  win=5.114 Mbps 867.4 pkt/s  tot=8.103 Mbps 1374.3 pkt/s  late(win/tot)=52048/1484268  worst_late(win/tot)=177.458/193.316 ms  drop_timing(win/tot)=99616/1245565 pkt  drop_io(win/tot)=0/0 pkt  lost_samples(win/tot)=17930880/224201700  send_errors(win/tot)=0/0
2026-04-22 16:55:57 INFO STAT  crate=1  sent=1535329 pkt  1079.118 MB  win=5.018 Mbps 851.0 pkt/s  tot=7.941 Mbps 1346.8 pkt/s  late(win/tot)=51061/1535329  worst_late(win/tot)=193.140/193.316 ms  drop_timing(win/tot)=100656/1346221 pkt  drop_io(win/tot)=0/0 pkt  lost_samples(win/tot)=18118080/242319780  send_errors(win/tot)=0/0
2026-04-22 16:56:57 INFO STAT  crate=1  sent=1585784 pkt  1114.581 MB  win=4.958 Mbps 841.0 pkt/s  tot=7.791 Mbps 1321.5 pkt/s  late(win/tot)=50455/1585784  worst_late(win/tot)=181.822/193.316 ms  drop_timing(win/tot)=101167/1447388 pkt  drop_io(win/tot)=0/0 pkt  lost_samples(win/tot)=18210060/260529840  send_errors(win/tot)=0/0
2026-04-22 16:57:57 INFO STAT  crate=1  sent=1633902 pkt  1148.401 MB  win=4.728 Mbps 801.9 pkt/s  tot=7.646 Mbps 1296.7 pkt/s  late(win/tot)=48118/1633902  worst_late(win/tot)=177.381/193.316 ms  drop_timing(win/tot)=103547/1550935 pkt  drop_io(win/tot)=0/0 pkt  lost_samples(win/tot)=18638460/279168300  send_errors(win/tot)=0/0
2026-04-22 16:58:57 INFO STAT  crate=1  sent=1682760 pkt  1182.741 MB  win=4.801 Mbps 814.3 pkt/s  tot=7.516 Mbps 1274.8 pkt/s  late(win/tot)=48858/1682760  worst_late(win/tot)=186.898/193.316 ms  drop_timing(win/tot)=102857/1653792 pkt  drop_io(win/tot)=0/0 pkt  lost_samples(win/tot)=18514260/297682560  send_errors(win/tot)=0/0
2026-04-22 16:59:57 INFO STAT  crate=1  sent=1732337 pkt  1217.587 MB  win=4.872 Mbps 826.3 pkt/s  tot=7.401 Mbps 1255.3 pkt/s  late(win/tot)=49577/1732337  worst_late(win/tot)=175.482/193.316 ms  drop_timing(win/tot)=102092/1755884 pkt  drop_io(win/tot)=0/0 pkt  lost_samples(win/tot)=18376560/316059120  send_errors(win/tot)=0/0
2026-04-22 17:00:57 INFO STAT  crate=1  sent=1786949 pkt  1255.971 MB  win=5.366 Mbps 910.1 pkt/s  tot=7.317 Mbps 1240.9 pkt/s  late(win/tot)=54612/1786949  worst_late(win/tot)=170.357/193.316 ms  drop_timing(win/tot)=97017/1852901 pkt  drop_io(win/tot)=0/0 pkt  lost_samples(win/tot)=17463060/333522180  send_errors(win/tot)=0/0
2026-04-22 17:01:57 INFO STAT  crate=1  sent=1838498 pkt  1292.203 MB  win=5.066 Mbps 859.2 pkt/s  tot=7.227 Mbps 1225.7 pkt/s  late(win/tot)=51549/1838498  worst_late(win/tot)=171.764/193.316 ms  drop_timing(win/tot)=100172/1953073 pkt  drop_io(win/tot)=0/0 pkt  lost_samples(win/tot)=18030960/351553140  send_errors(win/tot)=0/0
2026-04-22 17:02:57 INFO STAT  crate=1  sent=1887891 pkt  1326.919 MB  win=4.854 Mbps 823.2 pkt/s  tot=7.135 Mbps 1210.2 pkt/s  late(win/tot)=49393/1887891  worst_late(win/tot)=169.332/193.316 ms  drop_timing(win/tot)=102256/2055329 pkt  drop_io(win/tot)=0/0 pkt  lost_samples(win/tot)=18406080/369959220  send_errors(win/tot)=0/0
2026-04-22 17:03:57 INFO STAT  crate=1  sent=1938327 pkt  1362.369 MB  win=4.956 Mbps 840.6 pkt/s  tot=7.055 Mbps 1196.5 pkt/s  late(win/tot)=50436/1938327  worst_late(win/tot)=188.760/193.316 ms  drop_timing(win/tot)=101185/2156514 pkt  drop_io(win/tot)=0/0 pkt  lost_samples(win/tot)=18213300/388172520  send_errors(win/tot)=0/0
2026-04-22 17:04:57 INFO STAT  crate=1  sent=1990407 pkt  1398.973 MB  win=5.117 Mbps 868.0 pkt/s  tot=6.985 Mbps 1184.8 pkt/s  late(win/tot)=52080/1990407  worst_late(win/tot)=176.104/193.316 ms  drop_timing(win/tot)=99581/2256095 pkt  drop_io(win/tot)=0/0 pkt  lost_samples(win/tot)=17924580/406097100  send_errors(win/tot)=0/0
2026-04-22 17:05:57 INFO STAT  crate=1  sent=2039069 pkt  1433.176 MB  win=4.782 Mbps 811.1 pkt/s  tot=6.909 Mbps 1171.9 pkt/s  late(win/tot)=48662/2039069  worst_late(win/tot)=172.554/193.316 ms  drop_timing(win/tot)=103054/2359149 pkt  drop_io(win/tot)=0/0 pkt  lost_samples(win/tot)=18549720/424646820  send_errors(win/tot)=0/0
2026-04-22 17:06:57 INFO STAT  crate=1  sent=2089470 pkt  1468.601 MB  win=4.953 Mbps 840.0 pkt/s  tot=6.844 Mbps 1160.8 pkt/s  late(win/tot)=50401/2089470  worst_late(win/tot)=171.126/193.316 ms  drop_timing(win/tot)=101267/2460416 pkt  drop_io(win/tot)=0/0 pkt  lost_samples(win/tot)=18228060/442874880  send_errors(win/tot)=0/0
2026-04-22 17:07:57 INFO STAT  crate=1  sent=2137973 pkt  1502.691 MB  win=4.766 Mbps 808.3 pkt/s  tot=6.777 Mbps 1149.4 pkt/s  late(win/tot)=48503/2137973  worst_late(win/tot)=170.273/193.316 ms  drop_timing(win/tot)=103126/2563542 pkt  drop_io(win/tot)=0/0 pkt  lost_samples(win/tot)=18562680/461437560  send_errors(win/tot)=0/0
2026-04-22 17:08:57 INFO STAT  crate=1  sent=2185161 pkt  1535.858 MB  win=4.637 Mbps 786.5 pkt/s  tot=6.710 Mbps 1138.1 pkt/s  late(win/tot)=47188/2185161  worst_late(win/tot)=193.064/193.316 ms  drop_timing(win/tot)=104461/2668003 pkt  drop_io(win/tot)=0/0 pkt  lost_samples(win/tot)=18802980/480240540  send_errors(win/tot)=0/0
2026-04-22 17:09:57 INFO STAT  crate=1  sent=2235779 pkt  1571.435 MB  win=4.974 Mbps 843.6 pkt/s  tot=6.658 Mbps 1129.2 pkt/s  late(win/tot)=50618/2235779  worst_late(win/tot)=173.290/193.316 ms  drop_timing(win/tot)=101099/2769102 pkt  drop_io(win/tot)=0/0 pkt  lost_samples(win/tot)=18197820/498438360  send_errors(win/tot)=0/0
2026-04-22 17:10:57 INFO STAT  crate=1  sent=2284976 pkt  1606.014 MB  win=4.834 Mbps 819.8 pkt/s  tot=6.604 Mbps 1120.1 pkt/s  late(win/tot)=49197/2284976  worst_late(win/tot)=170.359/193.316 ms  drop_timing(win/tot)=102448/2871550 pkt  drop_io(win/tot)=0/0 pkt  lost_samples(win/tot)=18440640/516879000  send_errors(win/tot)=0/0
2026-04-22 17:11:57 INFO STAT  crate=1  sent=2334782 pkt  1641.020 MB  win=4.895 Mbps 830.2 pkt/s  tot=6.555 Mbps 1111.8 pkt/s  late(win/tot)=49806/2334782  worst_late(win/tot)=180.786/193.316 ms  drop_timing(win/tot)=101840/2973390 pkt  drop_io(win/tot)=0/0 pkt  lost_samples(win/tot)=18331200/535210200  send_errors(win/tot)=0/0
2026-04-22 17:12:57 INFO STAT  crate=1  sent=2386555 pkt  1677.409 MB  win=5.088 Mbps 862.9 pkt/s  tot=6.514 Mbps 1104.9 pkt/s  late(win/tot)=51773/2386555  worst_late(win/tot)=194.512/194.512 ms  drop_timing(win/tot)=99889/3073279 pkt  drop_io(win/tot)=0/0 pkt  lost_samples(win/tot)=17980020/553190220  send_errors(win/tot)=0/0
2026-04-22 17:13:57 INFO STAT  crate=1  sent=2435971 pkt  1712.142 MB  win=4.856 Mbps 823.6 pkt/s  tot=6.470 Mbps 1097.3 pkt/s  late(win/tot)=49416/2435971  worst_late(win/tot)=179.188/194.512 ms  drop_timing(win/tot)=102279/3175558 pkt  drop_io(win/tot)=0/0 pkt  lost_samples(win/tot)=18410220/571600440  send_errors(win/tot)=0/0
2026-04-22 17:14:57 INFO STAT  crate=1  sent=2486984 pkt  1747.997 MB  win=5.013 Mbps 850.2 pkt/s  tot=6.431 Mbps 1090.8 pkt/s  late(win/tot)=51013/2486984  worst_late(win/tot)=164.911/194.512 ms  drop_timing(win/tot)=100675/3276233 pkt  drop_io(win/tot)=0/0 pkt  lost_samples(win/tot)=18121500/589721940  send_errors(win/tot)=0/0
2026-04-22 17:15:57 INFO STAT  crate=1  sent=2536515 pkt  1782.810 MB  win=4.867 Mbps 825.5 pkt/s  tot=6.391 Mbps 1084.0 pkt/s  late(win/tot)=49531/2536515  worst_late(win/tot)=177.239/194.512 ms  drop_timing(win/tot)=102146/3378379 pkt  drop_io(win/tot)=0/0 pkt  lost_samples(win/tot)=18386280/608108220  send_errors(win/tot)=0/0
2026-04-22 17:16:57 INFO STAT  crate=1  sent=2586868 pkt  1818.201 MB  win=4.948 Mbps 839.2 pkt/s  tot=6.355 Mbps 1077.9 pkt/s  late(win/tot)=50353/2586868  worst_late(win/tot)=178.201/194.512 ms  drop_timing(win/tot)=101316/3479695 pkt  drop_io(win/tot)=0/0 pkt  lost_samples(win/tot)=18236880/626345100  send_errors(win/tot)=0/0
2026-04-22 17:17:57 INFO STAT  crate=1  sent=2636806 pkt  1853.300 MB  win=4.907 Mbps 832.3 pkt/s  tot=6.320 Mbps 1071.9 pkt/s  late(win/tot)=49938/2636806  worst_late(win/tot)=181.826/194.512 ms  drop_timing(win/tot)=101673/3581368 pkt  drop_io(win/tot)=0/0 pkt  lost_samples(win/tot)=18301140/644646240  send_errors(win/tot)=0/0
2026-04-22 17:18:57 INFO STAT  crate=1  sent=2687519 pkt  1888.944 MB  win=4.983 Mbps 845.2 pkt/s  tot=6.288 Mbps 1066.5 pkt/s  late(win/tot)=50713/2687519  worst_late(win/tot)=181.659/194.512 ms  drop_timing(win/tot)=100980/3682348 pkt  drop_io(win/tot)=0/0 pkt  lost_samples(win/tot)=18176400/662822640  send_errors(win/tot)=0/0
2026-04-22 17:19:46 INFO STAT  crate=1  sent=2730000 pkt  1918.802 MB  win=5.041 Mbps 855.0 pkt/s  tot=6.264 Mbps 1062.4 pkt/s  late(win/tot)=42481/2730000  worst_late(win/tot)=177.822/194.512 ms  drop_timing(win/tot)=83080/3765428 pkt  drop_io(win/tot)=0/0 pkt  lost_samples(win/tot)=14954400/677777040  send_errors(win/tot)=0/0
2026-04-22 17:19:46 INFO Terminato
