2026-04-22 16:41:35 INFO Start crate=10 dst=131.154.99.225:6666
2026-04-22 16:41:35 INFO Streams=91  board=7  analog/board=12  digital_streams/board=1
2026-04-22 16:41:35 INFO Sample rate=5000 Hz  samples/pkt=180  pps/stream=27.777778  total_pps=2527.778
2026-04-22 16:41:35 INFO Packet len=737 B  expected throughput=14.904 Mbps
2026-04-22 16:41:35 INFO Analog FS=+/-10.000 V  noise_rms=0.010000 V  digital_flip_prob=0.002000
2026-04-22 16:42:35 INFO STAT  crate=10  sent=141307 pkt  99.319 MB  win=13.886 Mbps 2355.1 pkt/s  tot=13.886 Mbps 2355.1 pkt/s  late(win/tot)=141307/141307  worst_late(win/tot)=103.528/103.528 ms  drop_timing(win/tot)=10259/10259 pkt  drop_io(win/tot)=0/0 pkt  lost_samples(win/tot)=1846620/1846620  send_errors(win/tot)=0/0
2026-04-22 16:43:35 INFO STAT  crate=10  sent=231521 pkt  162.726 MB  win=8.865 Mbps 1503.6 pkt/s  tot=11.375 Mbps 1929.3 pkt/s  late(win/tot)=90214/231521  worst_late(win/tot)=115.536/115.536 ms  drop_timing(win/tot)=61476/71735 pkt  drop_io(win/tot)=0/0 pkt  lost_samples(win/tot)=11065680/12912300  send_errors(win/tot)=0/0
2026-04-22 16:44:35 INFO STAT  crate=10  sent=321583 pkt  226.027 MB  win=8.850 Mbps 1501.0 pkt/s  tot=10.534 Mbps 1786.6 pkt/s  late(win/tot)=90062/321583  worst_late(win/tot)=122.901/122.901 ms  drop_timing(win/tot)=61596/133331 pkt  drop_io(win/tot)=0/0 pkt  lost_samples(win/tot)=11087280/23999580  send_errors(win/tot)=0/0
2026-04-22 16:45:35 INFO STAT  crate=10  sent=410740 pkt  288.692 MB  win=8.761 Mbps 1485.9 pkt/s  tot=10.090 Mbps 1711.4 pkt/s  late(win/tot)=89157/410740  worst_late(win/tot)=116.655/122.901 ms  drop_timing(win/tot)=62506/195837 pkt  drop_io(win/tot)=0/0 pkt  lost_samples(win/tot)=11251080/35250660  send_errors(win/tot)=0/0
2026-04-22 16:46:35 INFO STAT  crate=10  sent=502278 pkt  353.030 MB  win=8.995 Mbps 1525.5 pkt/s  tot=9.871 Mbps 1674.2 pkt/s  late(win/tot)=91538/502278  worst_late(win/tot)=106.204/122.901 ms  drop_timing(win/tot)=60136/255973 pkt  drop_io(win/tot)=0/0 pkt  lost_samples(win/tot)=10824480/46075140  send_errors(win/tot)=0/0
2026-04-22 16:47:35 INFO STAT  crate=10  sent=592511 pkt  416.451 MB  win=8.866 Mbps 1503.7 pkt/s  tot=9.704 Mbps 1645.8 pkt/s  late(win/tot)=90233/592511  worst_late(win/tot)=121.525/122.901 ms  drop_timing(win/tot)=61413/317386 pkt  drop_io(win/tot)=0/0 pkt  lost_samples(win/tot)=11054340/57129480  send_errors(win/tot)=0/0
2026-04-22 16:48:35 INFO STAT  crate=10  sent=683713 pkt  480.553 MB  win=8.964 Mbps 1520.3 pkt/s  tot=9.598 Mbps 1627.9 pkt/s  late(win/tot)=91202/683713  worst_late(win/tot)=118.953/122.901 ms  drop_timing(win/tot)=60478/377864 pkt  drop_io(win/tot)=0/0 pkt  lost_samples(win/tot)=10886040/68015520  send_errors(win/tot)=0/0
2026-04-22 16:49:35 INFO STAT  crate=10  sent=776158 pkt  545.529 MB  win=9.084 Mbps 1540.8 pkt/s  tot=9.534 Mbps 1617.0 pkt/s  late(win/tot)=92445/776158  worst_late(win/tot)=108.625/122.901 ms  drop_timing(win/tot)=59224/437088 pkt  drop_io(win/tot)=0/0 pkt  lost_samples(win/tot)=10660320/78675840  send_errors(win/tot)=0/0
2026-04-22 16:50:35 INFO STAT  crate=10  sent=867024 pkt  609.395 MB  win=8.929 Mbps 1514.4 pkt/s  tot=9.467 Mbps 1605.6 pkt/s  late(win/tot)=90866/867024  worst_late(win/tot)=119.190/122.901 ms  drop_timing(win/tot)=60782/497870 pkt  drop_io(win/tot)=0/0 pkt  lost_samples(win/tot)=10940760/89616600  send_errors(win/tot)=0/0
2026-04-22 16:51:35 INFO STAT  crate=10  sent=957882 pkt  673.255 MB  win=8.928 Mbps 1514.2 pkt/s  tot=9.413 Mbps 1596.5 pkt/s  late(win/tot)=90858/957882  worst_late(win/tot)=106.786/122.901 ms  drop_timing(win/tot)=60820/558690 pkt  drop_io(win/tot)=0/0 pkt  lost_samples(win/tot)=10947600/100564200  send_errors(win/tot)=0/0
2026-04-22 16:52:35 INFO STAT  crate=10  sent=1048775 pkt  737.140 MB  win=8.931 Mbps 1514.8 pkt/s  tot=9.369 Mbps 1589.0 pkt/s  late(win/tot)=90893/1048775  worst_late(win/tot)=107.271/122.901 ms  drop_timing(win/tot)=60756/619446 pkt  drop_io(win/tot)=0/0 pkt  lost_samples(win/tot)=10936080/111500280  send_errors(win/tot)=0/0
2026-04-22 16:53:35 INFO STAT  crate=10  sent=1139169 pkt  800.674 MB  win=8.884 Mbps 1506.8 pkt/s  tot=9.329 Mbps 1582.2 pkt/s  late(win/tot)=90394/1139169  worst_late(win/tot)=98.995/122.901 ms  drop_timing(win/tot)=61287/680733 pkt  drop_io(win/tot)=0/0 pkt  lost_samples(win/tot)=11031660/122531940  send_errors(win/tot)=0/0
2026-04-22 16:54:35 INFO STAT  crate=10  sent=1231437 pkt  865.525 MB  win=9.066 Mbps 1537.7 pkt/s  tot=9.308 Mbps 1578.8 pkt/s  late(win/tot)=92268/1231437  worst_late(win/tot)=115.977/122.901 ms  drop_timing(win/tot)=59420/740153 pkt  drop_io(win/tot)=0/0 pkt  lost_samples(win/tot)=10695600/133227540  send_errors(win/tot)=0/0
2026-04-22 16:55:35 INFO STAT  crate=10  sent=1321866 pkt  929.084 MB  win=8.887 Mbps 1507.2 pkt/s  tot=9.278 Mbps 1573.6 pkt/s  late(win/tot)=90429/1321866  worst_late(win/tot)=117.285/122.901 ms  drop_timing(win/tot)=61191/801344 pkt  drop_io(win/tot)=0/0 pkt  lost_samples(win/tot)=11014380/144241920  send_errors(win/tot)=0/0
2026-04-22 16:56:35 INFO STAT  crate=10  sent=1413142 pkt  993.238 MB  win=8.969 Mbps 1521.3 pkt/s  tot=9.258 Mbps 1570.2 pkt/s  late(win/tot)=91276/1413142  worst_late(win/tot)=130.520/130.520 ms  drop_timing(win/tot)=60417/861761 pkt  drop_io(win/tot)=0/0 pkt  lost_samples(win/tot)=10875060/155116980  send_errors(win/tot)=0/0
2026-04-22 16:57:35 INFO STAT  crate=10  sent=1504457 pkt  1057.420 MB  win=8.973 Mbps 1521.9 pkt/s  tot=9.240 Mbps 1567.1 pkt/s  late(win/tot)=91315/1504457  worst_late(win/tot)=125.024/130.520 ms  drop_timing(win/tot)=60356/922117 pkt  drop_io(win/tot)=0/0 pkt  lost_samples(win/tot)=10864080/165981060  send_errors(win/tot)=0/0
2026-04-22 16:58:35 INFO STAT  crate=10  sent=1598222 pkt  1123.323 MB  win=9.213 Mbps 1562.7 pkt/s  tot=9.238 Mbps 1566.9 pkt/s  late(win/tot)=93765/1598222  worst_late(win/tot)=124.066/130.520 ms  drop_timing(win/tot)=57892/980009 pkt  drop_io(win/tot)=0/0 pkt  lost_samples(win/tot)=10420560/176401620  send_errors(win/tot)=0/0
2026-04-22 16:59:35 INFO STAT  crate=10  sent=1689540 pkt  1187.507 MB  win=8.974 Mbps 1522.0 pkt/s  tot=9.224 Mbps 1564.4 pkt/s  late(win/tot)=91318/1689540  worst_late(win/tot)=112.597/130.520 ms  drop_timing(win/tot)=60350/1040359 pkt  drop_io(win/tot)=0/0 pkt  lost_samples(win/tot)=10863000/187264620  send_errors(win/tot)=0/0
2026-04-22 17:00:35 INFO STAT  crate=10  sent=1779654 pkt  1250.844 MB  win=8.855 Mbps 1501.9 pkt/s  tot=9.204 Mbps 1561.1 pkt/s  late(win/tot)=90114/1779654  worst_late(win/tot)=118.929/130.520 ms  drop_timing(win/tot)=61550/1101909 pkt  drop_io(win/tot)=0/0 pkt  lost_samples(win/tot)=11079000/198343620  send_errors(win/tot)=0/0
2026-04-22 17:01:35 INFO STAT  crate=10  sent=1870426 pkt  1314.644 MB  win=8.920 Mbps 1512.8 pkt/s  tot=9.190 Mbps 1558.7 pkt/s  late(win/tot)=90772/1870426  worst_late(win/tot)=117.883/130.520 ms  drop_timing(win/tot)=60900/1162809 pkt  drop_io(win/tot)=0/0 pkt  lost_samples(win/tot)=10962000/209305620  send_errors(win/tot)=0/0
2026-04-22 17:02:35 INFO STAT  crate=10  sent=1961712 pkt  1378.805 MB  win=8.971 Mbps 1521.5 pkt/s  tot=9.180 Mbps 1556.9 pkt/s  late(win/tot)=91286/1961712  worst_late(win/tot)=115.608/130.520 ms  drop_timing(win/tot)=60396/1223205 pkt  drop_io(win/tot)=0/0 pkt  lost_samples(win/tot)=10871280/220176900  send_errors(win/tot)=0/0
2026-04-22 17:03:35 INFO STAT  crate=10  sent=2050452 pkt  1441.177 MB  win=8.720 Mbps 1479.0 pkt/s  tot=9.159 Mbps 1553.4 pkt/s  late(win/tot)=88740/2050452  worst_late(win/tot)=108.745/130.520 ms  drop_timing(win/tot)=62914/1286119 pkt  drop_io(win/tot)=0/0 pkt  lost_samples(win/tot)=11324520/231501420  send_errors(win/tot)=0/0
2026-04-22 17:04:35 INFO STAT  crate=10  sent=2139592 pkt  1503.829 MB  win=8.759 Mbps 1485.7 pkt/s  tot=9.141 Mbps 1550.4 pkt/s  late(win/tot)=89140/2139592  worst_late(win/tot)=139.916/139.916 ms  drop_timing(win/tot)=62514/1348633 pkt  drop_io(win/tot)=0/0 pkt  lost_samples(win/tot)=11252520/242753940  send_errors(win/tot)=0/0
2026-04-22 17:05:35 INFO STAT  crate=10  sent=2228786 pkt  1566.520 MB  win=8.765 Mbps 1486.6 pkt/s  tot=9.126 Mbps 1547.8 pkt/s  late(win/tot)=89194/2228786  worst_late(win/tot)=101.496/139.916 ms  drop_timing(win/tot)=62485/1411118 pkt  drop_io(win/tot)=0/0 pkt  lost_samples(win/tot)=11247300/254001240  send_errors(win/tot)=0/0
2026-04-22 17:06:35 INFO STAT  crate=10  sent=2319509 pkt  1630.285 MB  win=8.915 Mbps 1512.0 pkt/s  tot=9.117 Mbps 1546.3 pkt/s  late(win/tot)=90723/2319509  worst_late(win/tot)=124.283/139.916 ms  drop_timing(win/tot)=60952/1472070 pkt  drop_io(win/tot)=0/0 pkt  lost_samples(win/tot)=10971360/264972600  send_errors(win/tot)=0/0
2026-04-22 17:07:35 INFO STAT  crate=10  sent=2409738 pkt  1693.704 MB  win=8.866 Mbps 1503.8 pkt/s  tot=9.108 Mbps 1544.7 pkt/s  late(win/tot)=90229/2409738  worst_late(win/tot)=123.497/139.916 ms  drop_timing(win/tot)=61411/1533481 pkt  drop_io(win/tot)=0/0 pkt  lost_samples(win/tot)=11053980/276026580  send_errors(win/tot)=0/0
2026-04-22 17:08:35 INFO STAT  crate=10  sent=2499207 pkt  1756.588 MB  win=8.792 Mbps 1491.1 pkt/s  tot=9.096 Mbps 1542.7 pkt/s  late(win/tot)=89469/2499207  worst_late(win/tot)=119.958/139.916 ms  drop_timing(win/tot)=62213/1595694 pkt  drop_io(win/tot)=0/0 pkt  lost_samples(win/tot)=11198340/287224920  send_errors(win/tot)=0/0
2026-04-22 17:09:35 INFO STAT  crate=10  sent=2608365 pkt  1833.310 MB  win=10.727 Mbps 1819.3 pkt/s  tot=9.154 Mbps 1552.6 pkt/s  late(win/tot)=109158/2608365  worst_late(win/tot)=104.071/139.916 ms  drop_timing(win/tot)=42517/1638211 pkt  drop_io(win/tot)=0/0 pkt  lost_samples(win/tot)=7653060/294877980  send_errors(win/tot)=0/0
2026-04-22 17:10:35 INFO STAT  crate=10  sent=2727601 pkt  1917.116 MB  win=11.717 Mbps 1987.2 pkt/s  tot=9.242 Mbps 1567.6 pkt/s  late(win/tot)=119236/2727601  worst_late(win/tot)=98.509/139.916 ms  drop_timing(win/tot)=32426/1670637 pkt  drop_io(win/tot)=0/0 pkt  lost_samples(win/tot)=5836680/300714660  send_errors(win/tot)=0/0
2026-04-22 17:10:36 INFO STAT  crate=10  sent=2730000 pkt  1918.802 MB  win=9.959 Mbps 1689.1 pkt/s  tot=9.243 Mbps 1567.7 pkt/s  late(win/tot)=2399/2730000  worst_late(win/tot)=62.215/139.916 ms  drop_timing(win/tot)=295/1670932 pkt  drop_io(win/tot)=0/0 pkt  lost_samples(win/tot)=53100/300767760  send_errors(win/tot)=0/0
2026-04-22 17:10:36 INFO Terminato
