2026-04-22 14:51:04 INFO Start crate=10 dst=131.154.99.225:6666
2026-04-22 14:51:04 INFO Streams=91  board=7  analog/board=12  digital_streams/board=1
2026-04-22 14:51:04 INFO Sample rate=5000 Hz  samples/pkt=180  pps/stream=27.777778  total_pps=2527.778
2026-04-22 14:51:04 INFO Packet len=737 B  expected throughput=14.904 Mbps
2026-04-22 14:51:04 INFO Analog FS=+/-10.000 V  noise_rms=0.010000 V  digital_flip_prob=0.002000
2026-04-22 14:52:04 INFO STAT  crate=10  sent=119624 pkt  84.079 MB  win=11.754 Mbps 1993.6 pkt/s  tot=11.754 Mbps 1993.6 pkt/s  late(win/tot)=119624/119624  worst_late(win/tot)=130.311/130.311 ms  drop_timing(win/tot)=31985/31985 pkt  drop_io(win/tot)=0/0 pkt  lost_samples(win/tot)=5757300/5757300  send_errors(win/tot)=0/0
2026-04-22 14:53:04 INFO STAT  crate=10  sent=209873 pkt  147.511 MB  win=8.869 Mbps 1504.2 pkt/s  tot=10.312 Mbps 1748.9 pkt/s  late(win/tot)=90249/209873  worst_late(win/tot)=111.099/130.311 ms  drop_timing(win/tot)=61393/93378 pkt  drop_io(win/tot)=0/0 pkt  lost_samples(win/tot)=11050740/16808040  send_errors(win/tot)=0/0
2026-04-22 14:54:04 INFO STAT  crate=10  sent=300037 pkt  210.883 MB  win=8.860 Mbps 1502.7 pkt/s  tot=9.828 Mbps 1666.8 pkt/s  late(win/tot)=90164/300037  worst_late(win/tot)=138.803/138.803 ms  drop_timing(win/tot)=61517/154895 pkt  drop_io(win/tot)=0/0 pkt  lost_samples(win/tot)=11073060/27881100  send_errors(win/tot)=0/0
2026-04-22 14:55:04 INFO STAT  crate=10  sent=392141 pkt  275.619 MB  win=9.051 Mbps 1535.1 pkt/s  tot=9.634 Mbps 1633.9 pkt/s  late(win/tot)=92104/392141  worst_late(win/tot)=121.708/138.803 ms  drop_timing(win/tot)=59551/214446 pkt  drop_io(win/tot)=0/0 pkt  lost_samples(win/tot)=10719180/38600280  send_errors(win/tot)=0/0
2026-04-22 14:56:04 INFO STAT  crate=10  sent=483279 pkt  339.676 MB  win=8.955 Mbps 1518.8 pkt/s  tot=9.498 Mbps 1610.9 pkt/s  late(win/tot)=91138/483279  worst_late(win/tot)=118.316/138.803 ms  drop_timing(win/tot)=60519/274965 pkt  drop_io(win/tot)=0/0 pkt  lost_samples(win/tot)=10893420/49493700  send_errors(win/tot)=0/0
2026-04-22 14:57:04 INFO STAT  crate=10  sent=574263 pkt  403.625 MB  win=8.942 Mbps 1516.6 pkt/s  tot=9.405 Mbps 1595.2 pkt/s  late(win/tot)=90984/574263  worst_late(win/tot)=119.482/138.803 ms  drop_timing(win/tot)=60697/335662 pkt  drop_io(win/tot)=0/0 pkt  lost_samples(win/tot)=10925460/60419160  send_errors(win/tot)=0/0
2026-04-22 14:58:04 INFO STAT  crate=10  sent=664044 pkt  466.729 MB  win=8.822 Mbps 1496.3 pkt/s  tot=9.322 Mbps 1581.0 pkt/s  late(win/tot)=89781/664044  worst_late(win/tot)=123.412/138.803 ms  drop_timing(win/tot)=61851/397513 pkt  drop_io(win/tot)=0/0 pkt  lost_samples(win/tot)=11133180/71552340  send_errors(win/tot)=0/0
2026-04-22 14:59:04 INFO STAT  crate=10  sent=754635 pkt  530.401 MB  win=8.902 Mbps 1509.9 pkt/s  tot=9.269 Mbps 1572.2 pkt/s  late(win/tot)=90591/754635  worst_late(win/tot)=122.942/138.803 ms  drop_timing(win/tot)=61121/458634 pkt  drop_io(win/tot)=0/0 pkt  lost_samples(win/tot)=11001780/82554120  send_errors(win/tot)=0/0
2026-04-22 15:00:04 INFO STAT  crate=10  sent=845591 pkt  594.330 MB  win=8.938 Mbps 1515.9 pkt/s  tot=9.233 Mbps 1565.9 pkt/s  late(win/tot)=90956/845591  worst_late(win/tot)=124.619/138.803 ms  drop_timing(win/tot)=60688/519322 pkt  drop_io(win/tot)=0/0 pkt  lost_samples(win/tot)=10923840/93477960  send_errors(win/tot)=0/0
2026-04-22 15:01:04 INFO STAT  crate=10  sent=934805 pkt  657.035 MB  win=8.766 Mbps 1486.8 pkt/s  tot=9.186 Mbps 1558.0 pkt/s  late(win/tot)=89214/934805  worst_late(win/tot)=122.049/138.803 ms  drop_timing(win/tot)=62475/581797 pkt  drop_io(win/tot)=0/0 pkt  lost_samples(win/tot)=11245500/104723460  send_errors(win/tot)=0/0
2026-04-22 15:02:04 INFO STAT  crate=10  sent=1025095 pkt  720.496 MB  win=8.872 Mbps 1504.8 pkt/s  tot=9.157 Mbps 1553.2 pkt/s  late(win/tot)=90290/1025095  worst_late(win/tot)=115.368/138.803 ms  drop_timing(win/tot)=61368/643165 pkt  drop_io(win/tot)=0/0 pkt  lost_samples(win/tot)=11046240/115769700  send_errors(win/tot)=0/0
2026-04-22 15:03:04 INFO STAT  crate=10  sent=1116197 pkt  784.528 MB  win=8.952 Mbps 1518.4 pkt/s  tot=9.140 Mbps 1550.3 pkt/s  late(win/tot)=91102/1116197  worst_late(win/tot)=112.139/138.803 ms  drop_timing(win/tot)=60558/703723 pkt  drop_io(win/tot)=0/0 pkt  lost_samples(win/tot)=10900440/126670140  send_errors(win/tot)=0/0
2026-04-22 15:04:04 INFO STAT  crate=10  sent=1205038 pkt  846.971 MB  win=8.731 Mbps 1480.8 pkt/s  tot=9.109 Mbps 1544.9 pkt/s  late(win/tot)=88841/1205038  worst_late(win/tot)=136.294/138.803 ms  drop_timing(win/tot)=62845/766568 pkt  drop_io(win/tot)=0/0 pkt  lost_samples(win/tot)=11312100/137982240  send_errors(win/tot)=0/0
2026-04-22 15:05:04 INFO STAT  crate=10  sent=1296078 pkt  910.959 MB  win=8.946 Mbps 1517.3 pkt/s  tot=9.097 Mbps 1542.9 pkt/s  late(win/tot)=91040/1296078  worst_late(win/tot)=123.552/138.803 ms  drop_timing(win/tot)=60597/827165 pkt  drop_io(win/tot)=0/0 pkt  lost_samples(win/tot)=10907460/148889700  send_errors(win/tot)=0/0
2026-04-22 15:06:04 INFO STAT  crate=10  sent=1387207 pkt  975.009 MB  win=8.955 Mbps 1518.8 pkt/s  tot=9.088 Mbps 1541.3 pkt/s  late(win/tot)=91129/1387207  worst_late(win/tot)=111.797/138.803 ms  drop_timing(win/tot)=60552/887717 pkt  drop_io(win/tot)=0/0 pkt  lost_samples(win/tot)=10899360/159789060  send_errors(win/tot)=0/0
2026-04-22 15:07:04 INFO STAT  crate=10  sent=1478388 pkt  1039.097 MB  win=8.960 Mbps 1519.7 pkt/s  tot=9.080 Mbps 1540.0 pkt/s  late(win/tot)=91181/1478388  worst_late(win/tot)=141.308/141.308 ms  drop_timing(win/tot)=60497/948214 pkt  drop_io(win/tot)=0/0 pkt  lost_samples(win/tot)=10889460/170678520  send_errors(win/tot)=0/0
2026-04-22 15:08:04 INFO STAT  crate=10  sent=1568484 pkt  1102.421 MB  win=8.853 Mbps 1501.5 pkt/s  tot=9.066 Mbps 1537.7 pkt/s  late(win/tot)=90096/1568484  worst_late(win/tot)=105.638/141.308 ms  drop_timing(win/tot)=61549/1009763 pkt  drop_io(win/tot)=0/0 pkt  lost_samples(win/tot)=11078820/181757340  send_errors(win/tot)=0/0
2026-04-22 15:09:04 INFO STAT  crate=10  sent=1658385 pkt  1165.609 MB  win=8.835 Mbps 1498.4 pkt/s  tot=9.054 Mbps 1535.5 pkt/s  late(win/tot)=89901/1658385  worst_late(win/tot)=115.763/141.308 ms  drop_timing(win/tot)=61785/1071548 pkt  drop_io(win/tot)=0/0 pkt  lost_samples(win/tot)=11121300/192878640  send_errors(win/tot)=0/0
2026-04-22 15:10:04 INFO STAT  crate=10  sent=1747324 pkt  1228.121 MB  win=8.739 Mbps 1482.3 pkt/s  tot=9.037 Mbps 1532.7 pkt/s  late(win/tot)=88939/1747324  worst_late(win/tot)=126.236/141.308 ms  drop_timing(win/tot)=62718/1134266 pkt  drop_io(win/tot)=0/0 pkt  lost_samples(win/tot)=11289240/204167880  send_errors(win/tot)=0/0
2026-04-22 15:11:04 INFO STAT  crate=10  sent=1837251 pkt  1291.327 MB  win=8.837 Mbps 1498.8 pkt/s  tot=9.027 Mbps 1531.0 pkt/s  late(win/tot)=89927/1837251  worst_late(win/tot)=117.592/141.308 ms  drop_timing(win/tot)=61749/1196015 pkt  drop_io(win/tot)=0/0 pkt  lost_samples(win/tot)=11114820/215282700  send_errors(win/tot)=0/0
2026-04-22 15:12:04 INFO STAT  crate=10  sent=1927336 pkt  1354.643 MB  win=8.853 Mbps 1501.5 pkt/s  tot=9.019 Mbps 1529.6 pkt/s  late(win/tot)=90085/1927336  worst_late(win/tot)=112.138/141.308 ms  drop_timing(win/tot)=61568/1257583 pkt  drop_io(win/tot)=0/0 pkt  lost_samples(win/tot)=11082240/226364940  send_errors(win/tot)=0/0
2026-04-22 15:13:04 INFO STAT  crate=10  sent=2019178 pkt  1419.195 MB  win=9.025 Mbps 1530.6 pkt/s  tot=9.019 Mbps 1529.7 pkt/s  late(win/tot)=91842/2019178  worst_late(win/tot)=120.911/141.308 ms  drop_timing(win/tot)=59829/1317412 pkt  drop_io(win/tot)=0/0 pkt  lost_samples(win/tot)=10769220/237134160  send_errors(win/tot)=0/0
2026-04-22 15:14:04 INFO STAT  crate=10  sent=2107640 pkt  1481.372 MB  win=8.693 Mbps 1474.4 pkt/s  tot=9.005 Mbps 1527.3 pkt/s  late(win/tot)=88462/2107640  worst_late(win/tot)=110.799/141.308 ms  drop_timing(win/tot)=63209/1380621 pkt  drop_io(win/tot)=0/0 pkt  lost_samples(win/tot)=11377620/248511780  send_errors(win/tot)=0/0
2026-04-22 15:15:04 INFO STAT  crate=10  sent=2196561 pkt  1543.870 MB  win=8.738 Mbps 1482.1 pkt/s  tot=8.994 Mbps 1525.4 pkt/s  late(win/tot)=88921/2196561  worst_late(win/tot)=120.337/141.308 ms  drop_timing(win/tot)=62739/1443360 pkt  drop_io(win/tot)=0/0 pkt  lost_samples(win/tot)=11293020/259804800  send_errors(win/tot)=0/0
2026-04-22 15:16:04 INFO STAT  crate=10  sent=2286051 pkt  1606.769 MB  win=8.794 Mbps 1491.5 pkt/s  tot=8.986 Mbps 1524.0 pkt/s  late(win/tot)=89490/2286051  worst_late(win/tot)=139.759/141.308 ms  drop_timing(win/tot)=62184/1505544 pkt  drop_io(win/tot)=0/0 pkt  lost_samples(win/tot)=11193120/270997920  send_errors(win/tot)=0/0
2026-04-22 15:17:04 INFO STAT  crate=10  sent=2373864 pkt  1668.489 MB  win=8.629 Mbps 1463.5 pkt/s  tot=8.972 Mbps 1521.7 pkt/s  late(win/tot)=87813/2373864  worst_late(win/tot)=127.189/141.308 ms  drop_timing(win/tot)=63846/1569390 pkt  drop_io(win/tot)=0/0 pkt  lost_samples(win/tot)=11492280/282490200  send_errors(win/tot)=0/0
2026-04-22 15:18:04 INFO STAT  crate=10  sent=2464661 pkt  1732.307 MB  win=8.922 Mbps 1513.2 pkt/s  tot=8.970 Mbps 1521.4 pkt/s  late(win/tot)=90797/2464661  worst_late(win/tot)=109.785/141.308 ms  drop_timing(win/tot)=60866/1630256 pkt  drop_io(win/tot)=0/0 pkt  lost_samples(win/tot)=10955880/293446080  send_errors(win/tot)=0/0
2026-04-22 15:19:04 INFO STAT  crate=10  sent=2557482 pkt  1797.547 MB  win=9.122 Mbps 1547.1 pkt/s  tot=8.976 Mbps 1522.3 pkt/s  late(win/tot)=92821/2557482  worst_late(win/tot)=118.562/141.308 ms  drop_timing(win/tot)=58846/1689102 pkt  drop_io(win/tot)=0/0 pkt  lost_samples(win/tot)=10592280/304038360  send_errors(win/tot)=0/0
2026-04-22 15:20:04 INFO STAT  crate=10  sent=2646790 pkt  1860.317 MB  win=8.776 Mbps 1488.4 pkt/s  tot=8.969 Mbps 1521.1 pkt/s  late(win/tot)=89308/2646790  worst_late(win/tot)=122.706/141.308 ms  drop_timing(win/tot)=62378/1751480 pkt  drop_io(win/tot)=0/0 pkt  lost_samples(win/tot)=11228040/315266400  send_errors(win/tot)=0/0
2026-04-22 15:21:01 INFO STAT  crate=10  sent=2730000 pkt  1918.802 MB  win=8.666 Mbps 1469.8 pkt/s  tot=8.959 Mbps 1519.5 pkt/s  late(win/tot)=83210/2730000  worst_late(win/tot)=123.749/141.308 ms  drop_timing(win/tot)=59217/1810697 pkt  drop_io(win/tot)=0/0 pkt  lost_samples(win/tot)=10659060/325925460  send_errors(win/tot)=0/0
2026-04-22 15:21:01 INFO Terminato
