2026-04-22 17:42:30 INFO Start crate=12 dst=131.154.99.225:6666
2026-04-22 17:42:30 INFO Streams=91  board=7  analog/board=12  digital_streams/board=1
2026-04-22 17:42:30 INFO Sample rate=5000 Hz  samples/pkt=180  pps/stream=27.777778  total_pps=2527.778
2026-04-22 17:42:30 INFO Packet len=737 B  expected throughput=14.904 Mbps
2026-04-22 17:42:30 INFO Analog FS=+/-10.000 V  noise_rms=0.010000 V  digital_flip_prob=0.002000
2026-04-22 17:43:30 INFO STAT  crate=12  sent=92306 pkt  64.878 MB  win=9.071 Mbps 1538.4 pkt/s  tot=9.071 Mbps 1538.4 pkt/s  late(win/tot)=92306/92306  worst_late(win/tot)=133.418/133.418 ms  drop_timing(win/tot)=59249/59249 pkt  drop_io(win/tot)=0/0 pkt  lost_samples(win/tot)=10664820/10664820  send_errors(win/tot)=0/0
2026-04-22 17:44:30 INFO STAT  crate=12  sent=184077 pkt  129.380 MB  win=9.018 Mbps 1529.4 pkt/s  tot=9.044 Mbps 1533.9 pkt/s  late(win/tot)=91771/184077  worst_late(win/tot)=120.799/133.418 ms  drop_timing(win/tot)=59925/119174 pkt  drop_io(win/tot)=0/0 pkt  lost_samples(win/tot)=10786500/21451320  send_errors(win/tot)=0/0
2026-04-22 17:45:30 INFO STAT  crate=12  sent=274398 pkt  192.863 MB  win=8.876 Mbps 1505.4 pkt/s  tot=8.988 Mbps 1524.4 pkt/s  late(win/tot)=90321/274398  worst_late(win/tot)=123.689/133.418 ms  drop_timing(win/tot)=61361/180535 pkt  drop_io(win/tot)=0/0 pkt  lost_samples(win/tot)=11044980/32496300  send_errors(win/tot)=0/0
2026-04-22 17:46:30 INFO STAT  crate=12  sent=365469 pkt  256.873 MB  win=8.949 Mbps 1517.8 pkt/s  tot=8.978 Mbps 1522.8 pkt/s  late(win/tot)=91071/365469  worst_late(win/tot)=110.503/133.418 ms  drop_timing(win/tot)=60607/241142 pkt  drop_io(win/tot)=0/0 pkt  lost_samples(win/tot)=10909260/43405560  send_errors(win/tot)=0/0
2026-04-22 17:47:30 INFO STAT  crate=12  sent=456539 pkt  320.882 MB  win=8.949 Mbps 1517.7 pkt/s  tot=8.972 Mbps 1521.8 pkt/s  late(win/tot)=91070/456539  worst_late(win/tot)=117.062/133.418 ms  drop_timing(win/tot)=60590/301732 pkt  drop_io(win/tot)=0/0 pkt  lost_samples(win/tot)=10906200/54311760  send_errors(win/tot)=0/0
2026-04-22 17:48:30 INFO STAT  crate=12  sent=546685 pkt  384.242 MB  win=8.859 Mbps 1502.6 pkt/s  tot=8.953 Mbps 1518.6 pkt/s  late(win/tot)=90146/546685  worst_late(win/tot)=136.114/136.114 ms  drop_timing(win/tot)=61520/363252 pkt  drop_io(win/tot)=0/0 pkt  lost_samples(win/tot)=11073600/65385360  send_errors(win/tot)=0/0
2026-04-22 17:49:30 INFO STAT  crate=12  sent=638171 pkt  448.544 MB  win=8.990 Mbps 1524.8 pkt/s  tot=8.959 Mbps 1519.5 pkt/s  late(win/tot)=91486/638171  worst_late(win/tot)=128.654/136.114 ms  drop_timing(win/tot)=60190/423442 pkt  drop_io(win/tot)=0/0 pkt  lost_samples(win/tot)=10834200/76219560  send_errors(win/tot)=0/0
2026-04-22 17:50:30 INFO STAT  crate=12  sent=729172 pkt  512.504 MB  win=8.942 Mbps 1516.7 pkt/s  tot=8.957 Mbps 1519.1 pkt/s  late(win/tot)=91001/729172  worst_late(win/tot)=121.778/136.114 ms  drop_timing(win/tot)=60628/484070 pkt  drop_io(win/tot)=0/0 pkt  lost_samples(win/tot)=10913040/87132600  send_errors(win/tot)=0/0
2026-04-22 17:51:30 INFO STAT  crate=12  sent=819327 pkt  575.871 MB  win=8.859 Mbps 1502.5 pkt/s  tot=8.946 Mbps 1517.3 pkt/s  late(win/tot)=90155/819327  worst_late(win/tot)=111.168/136.114 ms  drop_timing(win/tot)=61515/545585 pkt  drop_io(win/tot)=0/0 pkt  lost_samples(win/tot)=11072700/98205300  send_errors(win/tot)=0/0
2026-04-22 17:52:30 INFO STAT  crate=12  sent=910686 pkt  640.083 MB  win=8.978 Mbps 1522.8 pkt/s  tot=8.949 Mbps 1517.8 pkt/s  late(win/tot)=91359/910686  worst_late(win/tot)=126.915/136.114 ms  drop_timing(win/tot)=60302/605887 pkt  drop_io(win/tot)=0/0 pkt  lost_samples(win/tot)=10854360/109059660  send_errors(win/tot)=0/0
2026-04-22 17:53:30 INFO STAT  crate=12  sent=1000865 pkt  703.466 MB  win=8.862 Mbps 1503.0 pkt/s  tot=8.941 Mbps 1516.5 pkt/s  late(win/tot)=90179/1000865  worst_late(win/tot)=133.919/136.114 ms  drop_timing(win/tot)=61505/667392 pkt  drop_io(win/tot)=0/0 pkt  lost_samples(win/tot)=11070900/120130560  send_errors(win/tot)=0/0
2026-04-22 17:54:30 INFO STAT  crate=12  sent=1092335 pkt  767.756 MB  win=8.989 Mbps 1524.5 pkt/s  tot=8.945 Mbps 1517.1 pkt/s  late(win/tot)=91470/1092335  worst_late(win/tot)=116.457/136.114 ms  drop_timing(win/tot)=60222/727614 pkt  drop_io(win/tot)=0/0 pkt  lost_samples(win/tot)=10839960/130970520  send_errors(win/tot)=0/0
2026-04-22 17:55:30 INFO STAT  crate=12  sent=1184424 pkt  832.482 MB  win=9.049 Mbps 1534.8 pkt/s  tot=8.953 Mbps 1518.5 pkt/s  late(win/tot)=92089/1184424  worst_late(win/tot)=129.839/136.114 ms  drop_timing(win/tot)=59557/787171 pkt  drop_io(win/tot)=0/0 pkt  lost_samples(win/tot)=10720260/141690780  send_errors(win/tot)=0/0
2026-04-22 17:56:30 INFO STAT  crate=12  sent=1275430 pkt  896.446 MB  win=8.942 Mbps 1516.6 pkt/s  tot=8.952 Mbps 1518.4 pkt/s  late(win/tot)=91006/1275430  worst_late(win/tot)=115.053/136.114 ms  drop_timing(win/tot)=60664/847835 pkt  drop_io(win/tot)=0/0 pkt  lost_samples(win/tot)=10919520/152610300  send_errors(win/tot)=0/0
2026-04-22 17:57:30 INFO STAT  crate=12  sent=1366035 pkt  960.129 MB  win=8.904 Mbps 1510.2 pkt/s  tot=8.949 Mbps 1517.8 pkt/s  late(win/tot)=90605/1366035  worst_late(win/tot)=108.943/136.114 ms  drop_timing(win/tot)=61067/908902 pkt  drop_io(win/tot)=0/0 pkt  lost_samples(win/tot)=10992060/163602360  send_errors(win/tot)=0/0
2026-04-22 17:58:30 INFO STAT  crate=12  sent=1458805 pkt  1025.333 MB  win=9.116 Mbps 1546.2 pkt/s  tot=8.959 Mbps 1519.6 pkt/s  late(win/tot)=92770/1458805  worst_late(win/tot)=111.316/136.114 ms  drop_timing(win/tot)=58886/967788 pkt  drop_io(win/tot)=0/0 pkt  lost_samples(win/tot)=10599480/174201840  send_errors(win/tot)=0/0
2026-04-22 17:59:30 INFO STAT  crate=12  sent=1550152 pkt  1089.537 MB  win=8.976 Mbps 1522.5 pkt/s  tot=8.960 Mbps 1519.8 pkt/s  late(win/tot)=91347/1550152  worst_late(win/tot)=117.669/136.114 ms  drop_timing(win/tot)=60301/1028089 pkt  drop_io(win/tot)=0/0 pkt  lost_samples(win/tot)=10854180/185056020  send_errors(win/tot)=0/0
2026-04-22 18:00:30 INFO STAT  crate=12  sent=1641084 pkt  1153.449 MB  win=8.936 Mbps 1515.5 pkt/s  tot=8.959 Mbps 1519.5 pkt/s  late(win/tot)=90932/1641084  worst_late(win/tot)=121.046/136.114 ms  drop_timing(win/tot)=60750/1088839 pkt  drop_io(win/tot)=0/0 pkt  lost_samples(win/tot)=10935000/195991020  send_errors(win/tot)=0/0
2026-04-22 18:01:30 INFO STAT  crate=12  sent=1730338 pkt  1216.182 MB  win=8.770 Mbps 1487.4 pkt/s  tot=8.949 Mbps 1517.8 pkt/s  late(win/tot)=89254/1730338  worst_late(win/tot)=115.408/136.114 ms  drop_timing(win/tot)=62410/1151249 pkt  drop_io(win/tot)=0/0 pkt  lost_samples(win/tot)=11233800/207224820  send_errors(win/tot)=0/0
2026-04-22 18:02:30 INFO STAT  crate=12  sent=1822152 pkt  1280.714 MB  win=9.024 Mbps 1530.5 pkt/s  tot=8.953 Mbps 1518.5 pkt/s  late(win/tot)=91814/1822152  worst_late(win/tot)=126.463/136.114 ms  drop_timing(win/tot)=59860/1211109 pkt  drop_io(win/tot)=0/0 pkt  lost_samples(win/tot)=10774800/217999620  send_errors(win/tot)=0/0
2026-04-22 18:03:30 INFO STAT  crate=12  sent=1914099 pkt  1345.340 MB  win=9.035 Mbps 1532.4 pkt/s  tot=8.957 Mbps 1519.1 pkt/s  late(win/tot)=91947/1914099  worst_late(win/tot)=116.061/136.114 ms  drop_timing(win/tot)=59706/1270815 pkt  drop_io(win/tot)=0/0 pkt  lost_samples(win/tot)=10747080/228746700  send_errors(win/tot)=0/0
2026-04-22 18:04:30 INFO STAT  crate=12  sent=2004160 pkt  1408.640 MB  win=8.849 Mbps 1500.9 pkt/s  tot=8.952 Mbps 1518.3 pkt/s  late(win/tot)=90061/2004160  worst_late(win/tot)=118.182/136.114 ms  drop_timing(win/tot)=61612/1332427 pkt  drop_io(win/tot)=0/0 pkt  lost_samples(win/tot)=11090160/239836860  send_errors(win/tot)=0/0
2026-04-22 18:05:30 INFO STAT  crate=12  sent=2093755 pkt  1471.612 MB  win=8.805 Mbps 1493.4 pkt/s  tot=8.945 Mbps 1517.2 pkt/s  late(win/tot)=89595/2093755  worst_late(win/tot)=103.873/136.114 ms  drop_timing(win/tot)=62065/1394492 pkt  drop_io(win/tot)=0/0 pkt  lost_samples(win/tot)=11171700/251008560  send_errors(win/tot)=0/0
2026-04-22 18:06:30 INFO STAT  crate=12  sent=2185153 pkt  1535.852 MB  win=8.981 Mbps 1523.3 pkt/s  tot=8.947 Mbps 1517.5 pkt/s  late(win/tot)=91398/2185153  worst_late(win/tot)=122.370/136.114 ms  drop_timing(win/tot)=60287/1454779 pkt  drop_io(win/tot)=0/0 pkt  lost_samples(win/tot)=10851660/261860220  send_errors(win/tot)=0/0
2026-04-22 18:07:30 INFO STAT  crate=12  sent=2275706 pkt  1599.498 MB  win=8.898 Mbps 1509.2 pkt/s  tot=8.945 Mbps 1517.1 pkt/s  late(win/tot)=90553/2275706  worst_late(win/tot)=130.744/136.114 ms  drop_timing(win/tot)=61094/1515873 pkt  drop_io(win/tot)=0/0 pkt  lost_samples(win/tot)=10996920/272857140  send_errors(win/tot)=0/0
2026-04-22 18:08:30 INFO STAT  crate=12  sent=2364646 pkt  1662.010 MB  win=8.740 Mbps 1482.4 pkt/s  tot=8.937 Mbps 1515.8 pkt/s  late(win/tot)=88940/2364646  worst_late(win/tot)=129.054/136.114 ms  drop_timing(win/tot)=62747/1578620 pkt  drop_io(win/tot)=0/0 pkt  lost_samples(win/tot)=11294460/284151600  send_errors(win/tot)=0/0
2026-04-22 18:09:30 INFO STAT  crate=12  sent=2467752 pkt  1734.479 MB  win=10.132 Mbps 1718.4 pkt/s  tot=8.981 Mbps 1523.3 pkt/s  late(win/tot)=103106/2467752  worst_late(win/tot)=128.622/136.114 ms  drop_timing(win/tot)=48562/1627182 pkt  drop_io(win/tot)=0/0 pkt  lost_samples(win/tot)=8741160/292892760  send_errors(win/tot)=0/0
2026-04-22 18:10:30 INFO STAT  crate=12  sent=2585785 pkt  1817.440 MB  win=11.598 Mbps 1967.2 pkt/s  tot=9.075 Mbps 1539.2 pkt/s  late(win/tot)=118033/2585785  worst_late(win/tot)=94.056/136.114 ms  drop_timing(win/tot)=33615/1660797 pkt  drop_io(win/tot)=0/0 pkt  lost_samples(win/tot)=6050700/298943460  send_errors(win/tot)=0/0
2026-04-22 18:11:28 INFO STAT  crate=12  sent=2730000 pkt  1918.802 MB  win=14.576 Mbps 2472.1 pkt/s  tot=9.259 Mbps 1570.5 pkt/s  late(win/tot)=144215/2730000  worst_late(win/tot)=84.780/136.114 ms  drop_timing(win/tot)=2460/1663257 pkt  drop_io(win/tot)=0/0 pkt  lost_samples(win/tot)=442800/299386260  send_errors(win/tot)=0/0
2026-04-22 18:11:28 INFO Terminato
