2026-04-22 17:46:25 INFO Start crate=19 dst=131.154.99.225:6666
2026-04-22 17:46:25 INFO Streams=91  board=7  analog/board=12  digital_streams/board=1
2026-04-22 17:46:25 INFO Sample rate=5000 Hz  samples/pkt=180  pps/stream=27.777778  total_pps=2527.778
2026-04-22 17:46:25 INFO Packet len=737 B  expected throughput=14.904 Mbps
2026-04-22 17:46:25 INFO Analog FS=+/-10.000 V  noise_rms=0.010000 V  digital_flip_prob=0.002000
2026-04-22 17:47:25 INFO STAT  crate=19  sent=53107 pkt  37.327 MB  win=5.219 Mbps 885.1 pkt/s  tot=5.219 Mbps 885.1 pkt/s  late(win/tot)=53107/53107  worst_late(win/tot)=173.184/173.184 ms  drop_timing(win/tot)=98401/98401 pkt  drop_io(win/tot)=0/0 pkt  lost_samples(win/tot)=17712180/17712180  send_errors(win/tot)=0/0
2026-04-22 17:48:25 INFO STAT  crate=19  sent=99636 pkt  70.030 MB  win=4.572 Mbps 775.5 pkt/s  tot=4.895 Mbps 830.3 pkt/s  late(win/tot)=46529/99636  worst_late(win/tot)=197.858/197.858 ms  drop_timing(win/tot)=105160/203561 pkt  drop_io(win/tot)=0/0 pkt  lost_samples(win/tot)=18928800/36640980  send_errors(win/tot)=0/0
2026-04-22 17:49:25 INFO STAT  crate=19  sent=148752 pkt  104.552 MB  win=4.826 Mbps 818.6 pkt/s  tot=4.872 Mbps 826.4 pkt/s  late(win/tot)=49116/148752  worst_late(win/tot)=180.595/197.858 ms  drop_timing(win/tot)=102547/306108 pkt  drop_io(win/tot)=0/0 pkt  lost_samples(win/tot)=18458460/55099440  send_errors(win/tot)=0/0
2026-04-22 17:50:25 INFO STAT  crate=19  sent=198089 pkt  139.228 MB  win=4.848 Mbps 822.3 pkt/s  tot=4.866 Mbps 825.4 pkt/s  late(win/tot)=49337/198089  worst_late(win/tot)=176.934/197.858 ms  drop_timing(win/tot)=102319/408427 pkt  drop_io(win/tot)=0/0 pkt  lost_samples(win/tot)=18417420/73516860  send_errors(win/tot)=0/0
2026-04-22 17:51:25 INFO STAT  crate=19  sent=244271 pkt  171.688 MB  win=4.538 Mbps 769.7 pkt/s  tot=4.801 Mbps 814.2 pkt/s  late(win/tot)=46182/244271  worst_late(win/tot)=168.180/197.858 ms  drop_timing(win/tot)=105470/513897 pkt  drop_io(win/tot)=0/0 pkt  lost_samples(win/tot)=18984600/92501460  send_errors(win/tot)=0/0
2026-04-22 17:52:25 INFO STAT  crate=19  sent=294068 pkt  206.688 MB  win=4.894 Mbps 830.0 pkt/s  tot=4.816 Mbps 816.9 pkt/s  late(win/tot)=49797/294068  worst_late(win/tot)=173.195/197.858 ms  drop_timing(win/tot)=101880/615777 pkt  drop_io(win/tot)=0/0 pkt  lost_samples(win/tot)=18338400/110839860  send_errors(win/tot)=0/0
2026-04-22 17:53:25 INFO STAT  crate=19  sent=343762 pkt  241.616 MB  win=4.883 Mbps 828.2 pkt/s  tot=4.826 Mbps 818.5 pkt/s  late(win/tot)=49694/343762  worst_late(win/tot)=192.407/197.858 ms  drop_timing(win/tot)=101988/717765 pkt  drop_io(win/tot)=0/0 pkt  lost_samples(win/tot)=18357840/129197700  send_errors(win/tot)=0/0
2026-04-22 17:54:25 INFO STAT  crate=19  sent=393552 pkt  276.611 MB  win=4.892 Mbps 829.8 pkt/s  tot=4.834 Mbps 819.9 pkt/s  late(win/tot)=49790/393552  worst_late(win/tot)=185.710/197.858 ms  drop_timing(win/tot)=101855/819620 pkt  drop_io(win/tot)=0/0 pkt  lost_samples(win/tot)=18333900/147531600  send_errors(win/tot)=0/0
2026-04-22 17:55:25 INFO STAT  crate=19  sent=440190 pkt  309.391 MB  win=4.583 Mbps 777.3 pkt/s  tot=4.806 Mbps 815.2 pkt/s  late(win/tot)=46638/440190  worst_late(win/tot)=173.410/197.858 ms  drop_timing(win/tot)=105024/924644 pkt  drop_io(win/tot)=0/0 pkt  lost_samples(win/tot)=18904320/166435920  send_errors(win/tot)=0/0
2026-04-22 17:56:25 INFO STAT  crate=19  sent=491224 pkt  345.261 MB  win=5.015 Mbps 850.6 pkt/s  tot=4.827 Mbps 818.7 pkt/s  late(win/tot)=51034/491224  worst_late(win/tot)=188.418/197.858 ms  drop_timing(win/tot)=100628/1025272 pkt  drop_io(win/tot)=0/0 pkt  lost_samples(win/tot)=18113040/184548960  send_errors(win/tot)=0/0
2026-04-22 17:57:25 INFO STAT  crate=19  sent=540882 pkt  380.163 MB  win=4.879 Mbps 827.5 pkt/s  tot=4.832 Mbps 819.5 pkt/s  late(win/tot)=49658/540882  worst_late(win/tot)=168.341/197.858 ms  drop_timing(win/tot)=102047/1127319 pkt  drop_io(win/tot)=0/0 pkt  lost_samples(win/tot)=18368460/202917420  send_errors(win/tot)=0/0
2026-04-22 17:58:25 INFO STAT  crate=19  sent=589130 pkt  414.075 MB  win=4.742 Mbps 804.3 pkt/s  tot=4.824 Mbps 818.2 pkt/s  late(win/tot)=48248/589130  worst_late(win/tot)=188.013/197.858 ms  drop_timing(win/tot)=103440/1230759 pkt  drop_io(win/tot)=0/0 pkt  lost_samples(win/tot)=18619200/221536620  send_errors(win/tot)=0/0
2026-04-22 17:59:25 INFO STAT  crate=19  sent=638430 pkt  448.726 MB  win=4.844 Mbps 821.6 pkt/s  tot=4.826 Mbps 818.5 pkt/s  late(win/tot)=49300/638430  worst_late(win/tot)=184.202/197.858 ms  drop_timing(win/tot)=102364/1333123 pkt  drop_io(win/tot)=0/0 pkt  lost_samples(win/tot)=18425520/239962140  send_errors(win/tot)=0/0
2026-04-22 18:00:25 INFO STAT  crate=19  sent=687454 pkt  483.183 MB  win=4.818 Mbps 817.1 pkt/s  tot=4.825 Mbps 818.4 pkt/s  late(win/tot)=49024/687454  worst_late(win/tot)=173.952/197.858 ms  drop_timing(win/tot)=102640/1435763 pkt  drop_io(win/tot)=0/0 pkt  lost_samples(win/tot)=18475200/258437340  send_errors(win/tot)=0/0
2026-04-22 18:01:25 INFO STAT  crate=19  sent=738375 pkt  518.973 MB  win=5.003 Mbps 848.5 pkt/s  tot=4.837 Mbps 820.4 pkt/s  late(win/tot)=50921/738375  worst_late(win/tot)=174.649/197.858 ms  drop_timing(win/tot)=100707/1536470 pkt  drop_io(win/tot)=0/0 pkt  lost_samples(win/tot)=18127260/276564600  send_errors(win/tot)=0/0
2026-04-22 18:02:25 INFO STAT  crate=19  sent=788140 pkt  553.950 MB  win=4.891 Mbps 829.5 pkt/s  tot=4.840 Mbps 821.0 pkt/s  late(win/tot)=49765/788140  worst_late(win/tot)=159.974/197.858 ms  drop_timing(win/tot)=101902/1638372 pkt  drop_io(win/tot)=0/0 pkt  lost_samples(win/tot)=18342360/294906960  send_errors(win/tot)=0/0
2026-04-22 18:03:25 INFO STAT  crate=19  sent=838752 pkt  589.524 MB  win=4.973 Mbps 843.5 pkt/s  tot=4.848 Mbps 822.3 pkt/s  late(win/tot)=50612/838752  worst_late(win/tot)=178.561/197.858 ms  drop_timing(win/tot)=101062/1739434 pkt  drop_io(win/tot)=0/0 pkt  lost_samples(win/tot)=18191160/313098120  send_errors(win/tot)=0/0
2026-04-22 18:04:25 INFO STAT  crate=19  sent=888966 pkt  624.817 MB  win=4.934 Mbps 836.9 pkt/s  tot=4.853 Mbps 823.1 pkt/s  late(win/tot)=50214/888966  worst_late(win/tot)=192.158/197.858 ms  drop_timing(win/tot)=101450/1840884 pkt  drop_io(win/tot)=0/0 pkt  lost_samples(win/tot)=18261000/331359120  send_errors(win/tot)=0/0
2026-04-22 18:05:25 INFO STAT  crate=19  sent=941601 pkt  661.812 MB  win=5.173 Mbps 877.4 pkt/s  tot=4.870 Mbps 826.0 pkt/s  late(win/tot)=52635/941601  worst_late(win/tot)=181.870/197.858 ms  drop_timing(win/tot)=99028/1939912 pkt  drop_io(win/tot)=0/0 pkt  lost_samples(win/tot)=17825040/349184160  send_errors(win/tot)=0/0
2026-04-22 18:06:25 INFO STAT  crate=19  sent=993516 pkt  698.301 MB  win=5.101 Mbps 865.2 pkt/s  tot=4.881 Mbps 827.9 pkt/s  late(win/tot)=51915/993516  worst_late(win/tot)=168.874/197.858 ms  drop_timing(win/tot)=99742/2039654 pkt  drop_io(win/tot)=0/0 pkt  lost_samples(win/tot)=17953560/367137720  send_errors(win/tot)=0/0
2026-04-22 18:07:25 INFO STAT  crate=19  sent=1043415 pkt  733.373 MB  win=4.903 Mbps 831.7 pkt/s  tot=4.883 Mbps 828.1 pkt/s  late(win/tot)=49899/1043415  worst_late(win/tot)=188.374/197.858 ms  drop_timing(win/tot)=101796/2141450 pkt  drop_io(win/tot)=0/0 pkt  lost_samples(win/tot)=18323280/385461000  send_errors(win/tot)=0/0
2026-04-22 18:08:25 INFO STAT  crate=19  sent=1094392 pkt  769.202 MB  win=5.010 Mbps 849.7 pkt/s  tot=4.888 Mbps 829.1 pkt/s  late(win/tot)=50977/1094392  worst_late(win/tot)=175.162/197.858 ms  drop_timing(win/tot)=100725/2242175 pkt  drop_io(win/tot)=0/0 pkt  lost_samples(win/tot)=18130500/403591500  send_errors(win/tot)=0/0
2026-04-22 18:09:25 INFO STAT  crate=19  sent=1145274 pkt  804.965 MB  win=5.000 Mbps 848.0 pkt/s  tot=4.893 Mbps 829.9 pkt/s  late(win/tot)=50882/1145274  worst_late(win/tot)=181.372/197.858 ms  drop_timing(win/tot)=100771/2342946 pkt  drop_io(win/tot)=0/0 pkt  lost_samples(win/tot)=18138780/421730280  send_errors(win/tot)=0/0
2026-04-22 18:10:25 INFO STAT  crate=19  sent=1195288 pkt  840.118 MB  win=4.915 Mbps 833.5 pkt/s  tot=4.894 Mbps 830.1 pkt/s  late(win/tot)=50014/1195288  worst_late(win/tot)=160.836/197.858 ms  drop_timing(win/tot)=101626/2444572 pkt  drop_io(win/tot)=0/0 pkt  lost_samples(win/tot)=18292680/440022960  send_errors(win/tot)=0/0
2026-04-22 18:11:25 INFO STAT  crate=19  sent=1244646 pkt  874.809 MB  win=4.850 Mbps 822.7 pkt/s  tot=4.892 Mbps 829.8 pkt/s  late(win/tot)=49358/1244646  worst_late(win/tot)=197.472/197.858 ms  drop_timing(win/tot)=102290/2546862 pkt  drop_io(win/tot)=0/0 pkt  lost_samples(win/tot)=18412200/458435160  send_errors(win/tot)=0/0
2026-04-22 18:12:25 INFO STAT  crate=19  sent=1292588 pkt  908.506 MB  win=4.711 Mbps 799.0 pkt/s  tot=4.885 Mbps 828.6 pkt/s  late(win/tot)=47942/1292588  worst_late(win/tot)=179.922/197.858 ms  drop_timing(win/tot)=103747/2650609 pkt  drop_io(win/tot)=0/0 pkt  lost_samples(win/tot)=18674460/477109620  send_errors(win/tot)=0/0
2026-04-22 18:13:25 INFO STAT  crate=19  sent=1341808 pkt  943.100 MB  win=4.836 Mbps 820.3 pkt/s  tot=4.884 Mbps 828.3 pkt/s  late(win/tot)=49220/1341808  worst_late(win/tot)=187.963/197.858 ms  drop_timing(win/tot)=102431/2753040 pkt  drop_io(win/tot)=0/0 pkt  lost_samples(win/tot)=18437580/495547200  send_errors(win/tot)=0/0
2026-04-22 18:14:25 INFO STAT  crate=19  sent=1390730 pkt  977.486 MB  win=4.807 Mbps 815.4 pkt/s  tot=4.881 Mbps 827.8 pkt/s  late(win/tot)=48922/1390730  worst_late(win/tot)=177.304/197.858 ms  drop_timing(win/tot)=102739/2855779 pkt  drop_io(win/tot)=0/0 pkt  lost_samples(win/tot)=18493020/514040220  send_errors(win/tot)=0/0
2026-04-22 18:15:25 INFO STAT  crate=19  sent=1440133 pkt  1012.209 MB  win=4.855 Mbps 823.4 pkt/s  tot=4.880 Mbps 827.7 pkt/s  late(win/tot)=49403/1440133  worst_late(win/tot)=175.558/197.858 ms  drop_timing(win/tot)=102313/2958092 pkt  drop_io(win/tot)=0/0 pkt  lost_samples(win/tot)=18416340/532456560  send_errors(win/tot)=0/0
2026-04-22 18:16:25 INFO STAT  crate=19  sent=1489370 pkt  1046.816 MB  win=4.838 Mbps 820.6 pkt/s  tot=4.879 Mbps 827.4 pkt/s  late(win/tot)=49237/1489370  worst_late(win/tot)=175.373/197.858 ms  drop_timing(win/tot)=102449/3060541 pkt  drop_io(win/tot)=0/0 pkt  lost_samples(win/tot)=18440820/550897380  send_errors(win/tot)=0/0
2026-04-22 18:17:25 INFO STAT  crate=19  sent=1537336 pkt  1080.529 MB  win=4.713 Mbps 799.3 pkt/s  tot=4.873 Mbps 826.5 pkt/s  late(win/tot)=47966/1537336  worst_late(win/tot)=186.852/197.858 ms  drop_timing(win/tot)=103690/3164231 pkt  drop_io(win/tot)=0/0 pkt  lost_samples(win/tot)=18664200/569561580  send_errors(win/tot)=0/0
2026-04-22 18:18:25 INFO STAT  crate=19  sent=1585742 pkt  1114.551 MB  win=4.757 Mbps 806.9 pkt/s  tot=4.870 Mbps 825.9 pkt/s  late(win/tot)=48406/1585742  worst_late(win/tot)=181.340/197.858 ms  drop_timing(win/tot)=103196/3267427 pkt  drop_io(win/tot)=0/0 pkt  lost_samples(win/tot)=18575280/588136860  send_errors(win/tot)=0/0
2026-04-22 18:19:25 INFO STAT  crate=19  sent=1634117 pkt  1148.552 MB  win=4.753 Mbps 806.2 pkt/s  tot=4.866 Mbps 825.3 pkt/s  late(win/tot)=48375/1634117  worst_late(win/tot)=162.451/197.858 ms  drop_timing(win/tot)=103347/3370774 pkt  drop_io(win/tot)=0/0 pkt  lost_samples(win/tot)=18602460/606739320  send_errors(win/tot)=0/0
2026-04-22 18:20:25 INFO STAT  crate=19  sent=1693168 pkt  1190.057 MB  win=5.803 Mbps 984.2 pkt/s  tot=4.894 Mbps 830.0 pkt/s  late(win/tot)=59051/1693168  worst_late(win/tot)=161.383/197.858 ms  drop_timing(win/tot)=92619/3463393 pkt  drop_io(win/tot)=0/0 pkt  lost_samples(win/tot)=16671420/623410740  send_errors(win/tot)=0/0
2026-04-22 18:21:25 INFO STAT  crate=19  sent=1760877 pkt  1237.646 MB  win=6.654 Mbps 1128.5 pkt/s  tot=4.944 Mbps 838.5 pkt/s  late(win/tot)=67709/1760877  worst_late(win/tot)=168.558/197.858 ms  drop_timing(win/tot)=83946/3547339 pkt  drop_io(win/tot)=0/0 pkt  lost_samples(win/tot)=15110280/638521020  send_errors(win/tot)=0/0
2026-04-22 18:22:25 INFO STAT  crate=19  sent=1844064 pkt  1296.115 MB  win=8.174 Mbps 1386.4 pkt/s  tot=5.034 Mbps 853.7 pkt/s  late(win/tot)=83187/1844064  worst_late(win/tot)=183.465/197.858 ms  drop_timing(win/tot)=68546/3615885 pkt  drop_io(win/tot)=0/0 pkt  lost_samples(win/tot)=12338280/650859300  send_errors(win/tot)=0/0
2026-04-22 18:23:25 INFO STAT  crate=19  sent=1929095 pkt  1355.880 MB  win=8.356 Mbps 1417.2 pkt/s  tot=5.123 Mbps 869.0 pkt/s  late(win/tot)=85031/1929095  worst_late(win/tot)=128.406/197.858 ms  drop_timing(win/tot)=66612/3682497 pkt  drop_io(win/tot)=0/0 pkt  lost_samples(win/tot)=11990160/662849460  send_errors(win/tot)=0/0
2026-04-22 18:24:25 INFO STAT  crate=19  sent=2018901 pkt  1419.001 MB  win=8.825 Mbps 1496.7 pkt/s  tot=5.221 Mbps 885.5 pkt/s  late(win/tot)=89806/2018901  worst_late(win/tot)=110.151/197.858 ms  drop_timing(win/tot)=61880/3744377 pkt  drop_io(win/tot)=0/0 pkt  lost_samples(win/tot)=11138400/673987860  send_errors(win/tot)=0/0
2026-04-22 18:25:25 INFO STAT  crate=19  sent=2107182 pkt  1481.050 MB  win=8.676 Mbps 1471.4 pkt/s  tot=5.309 Mbps 900.5 pkt/s  late(win/tot)=88281/2107182  worst_late(win/tot)=128.134/197.858 ms  drop_timing(win/tot)=63339/3807716 pkt  drop_io(win/tot)=0/0 pkt  lost_samples(win/tot)=11401020/685388880  send_errors(win/tot)=0/0
2026-04-22 18:26:25 INFO STAT  crate=19  sent=2188480 pkt  1538.191 MB  win=7.989 Mbps 1355.0 pkt/s  tot=5.376 Mbps 911.9 pkt/s  late(win/tot)=81298/2188480  worst_late(win/tot)=120.659/197.858 ms  drop_timing(win/tot)=70369/3878085 pkt  drop_io(win/tot)=0/0 pkt  lost_samples(win/tot)=12666420/698055300  send_errors(win/tot)=0/0
2026-04-22 18:27:25 INFO STAT  crate=19  sent=2276396 pkt  1599.983 MB  win=8.639 Mbps 1465.2 pkt/s  tot=5.456 Mbps 925.4 pkt/s  late(win/tot)=87916/2276396  worst_late(win/tot)=122.361/197.858 ms  drop_timing(win/tot)=63741/3941826 pkt  drop_io(win/tot)=0/0 pkt  lost_samples(win/tot)=11473380/709528680  send_errors(win/tot)=0/0
2026-04-22 18:28:25 INFO STAT  crate=19  sent=2358223 pkt  1657.496 MB  win=8.041 Mbps 1363.9 pkt/s  tot=5.517 Mbps 935.8 pkt/s  late(win/tot)=81827/2358223  worst_late(win/tot)=145.581/197.858 ms  drop_timing(win/tot)=69909/4011735 pkt  drop_io(win/tot)=0/0 pkt  lost_samples(win/tot)=12583620/722112300  send_errors(win/tot)=0/0
2026-04-22 18:29:25 INFO STAT  crate=19  sent=2439002 pkt  1714.272 MB  win=7.938 Mbps 1346.3 pkt/s  tot=5.574 Mbps 945.3 pkt/s  late(win/tot)=80779/2439002  worst_late(win/tot)=123.936/197.858 ms  drop_timing(win/tot)=70827/4082562 pkt  drop_io(win/tot)=0/0 pkt  lost_samples(win/tot)=12748860/734861160  send_errors(win/tot)=0/0
2026-04-22 18:30:25 INFO STAT  crate=19  sent=2555334 pkt  1796.037 MB  win=11.432 Mbps 1938.9 pkt/s  tot=5.707 Mbps 967.9 pkt/s  late(win/tot)=116332/2555334  worst_late(win/tot)=104.412/197.858 ms  drop_timing(win/tot)=35370/4117932 pkt  drop_io(win/tot)=0/0 pkt  lost_samples(win/tot)=6366600/741227760  send_errors(win/tot)=0/0
2026-04-22 18:31:25 INFO STAT  crate=19  sent=2680152 pkt  1883.766 MB  win=12.265 Mbps 2080.3 pkt/s  tot=5.853 Mbps 992.6 pkt/s  late(win/tot)=124818/2680152  worst_late(win/tot)=79.549/197.858 ms  drop_timing(win/tot)=26845/4144777 pkt  drop_io(win/tot)=0/0 pkt  lost_samples(win/tot)=4832100/746059860  send_errors(win/tot)=0/0
2026-04-22 18:31:48 INFO STAT  crate=19  sent=2730000 pkt  1918.802 MB  win=12.710 Mbps 2155.7 pkt/s  tot=5.911 Mbps 1002.5 pkt/s  late(win/tot)=49848/2730000  worst_late(win/tot)=66.185/197.858 ms  drop_timing(win/tot)=8645/4153422 pkt  drop_io(win/tot)=0/0 pkt  lost_samples(win/tot)=1556100/747615960  send_errors(win/tot)=0/0
2026-04-22 18:31:48 INFO Terminato
