2026-04-22 17:37:53 INFO Start crate=3 dst=131.154.99.225:6666
2026-04-22 17:37:53 INFO Streams=91  board=7  analog/board=12  digital_streams/board=1
2026-04-22 17:37:53 INFO Sample rate=5000 Hz  samples/pkt=180  pps/stream=27.777778  total_pps=2527.778
2026-04-22 17:37:53 INFO Packet len=737 B  expected throughput=14.904 Mbps
2026-04-22 17:37:53 INFO Analog FS=+/-10.000 V  noise_rms=0.010000 V  digital_flip_prob=0.002000
2026-04-22 17:38:53 INFO STAT  crate=3  sent=129007 pkt  90.674 MB  win=12.677 Mbps 2150.1 pkt/s  tot=12.677 Mbps 2150.1 pkt/s  late(win/tot)=129007/129007  worst_late(win/tot)=55.203/55.203 ms  drop_timing(win/tot)=22573/22573 pkt  drop_io(win/tot)=0/0 pkt  lost_samples(win/tot)=4063140/4063140  send_errors(win/tot)=0/0
2026-04-22 17:39:53 INFO STAT  crate=3  sent=252821 pkt  177.697 MB  win=12.167 Mbps 2063.6 pkt/s  tot=12.422 Mbps 2106.8 pkt/s  late(win/tot)=123814/252821  worst_late(win/tot)=69.871/69.871 ms  drop_timing(win/tot)=27867/50440 pkt  drop_io(win/tot)=0/0 pkt  lost_samples(win/tot)=5016060/9079200  send_errors(win/tot)=0/0
2026-04-22 17:40:53 INFO STAT  crate=3  sent=355887 pkt  250.138 MB  win=10.127 Mbps 1717.7 pkt/s  tot=11.657 Mbps 1977.1 pkt/s  late(win/tot)=103066/355887  worst_late(win/tot)=112.475/112.475 ms  drop_timing(win/tot)=48565/99005 pkt  drop_io(win/tot)=0/0 pkt  lost_samples(win/tot)=8741700/17820900  send_errors(win/tot)=0/0
2026-04-22 17:41:53 INFO STAT  crate=3  sent=440894 pkt  309.886 MB  win=8.354 Mbps 1416.9 pkt/s  tot=10.831 Mbps 1837.1 pkt/s  late(win/tot)=85007/440894  worst_late(win/tot)=118.784/118.784 ms  drop_timing(win/tot)=66663/165668 pkt  drop_io(win/tot)=0/0 pkt  lost_samples(win/tot)=11999340/29820240  send_errors(win/tot)=0/0
2026-04-22 17:42:53 INFO STAT  crate=3  sent=521555 pkt  366.579 MB  win=7.926 Mbps 1344.3 pkt/s  tot=10.250 Mbps 1738.5 pkt/s  late(win/tot)=80661/521555  worst_late(win/tot)=112.173/118.784 ms  drop_timing(win/tot)=71023/236691 pkt  drop_io(win/tot)=0/0 pkt  lost_samples(win/tot)=12784140/42604380  send_errors(win/tot)=0/0
2026-04-22 17:43:53 INFO STAT  crate=3  sent=592232 pkt  416.255 MB  win=6.945 Mbps 1177.9 pkt/s  tot=9.699 Mbps 1645.1 pkt/s  late(win/tot)=70677/592232  worst_late(win/tot)=112.874/118.784 ms  drop_timing(win/tot)=80968/317659 pkt  drop_io(win/tot)=0/0 pkt  lost_samples(win/tot)=14574240/57178620  send_errors(win/tot)=0/0
2026-04-22 17:44:53 INFO STAT  crate=3  sent=671381 pkt  471.885 MB  win=7.778 Mbps 1319.2 pkt/s  tot=9.425 Mbps 1598.5 pkt/s  late(win/tot)=79149/671381  worst_late(win/tot)=127.895/127.895 ms  drop_timing(win/tot)=72516/390175 pkt  drop_io(win/tot)=0/0 pkt  lost_samples(win/tot)=13052880/70231500  send_errors(win/tot)=0/0
2026-04-22 17:45:53 INFO STAT  crate=3  sent=756729 pkt  531.873 MB  win=8.387 Mbps 1422.5 pkt/s  tot=9.295 Mbps 1576.5 pkt/s  late(win/tot)=85348/756729  worst_late(win/tot)=109.753/127.895 ms  drop_timing(win/tot)=66372/456547 pkt  drop_io(win/tot)=0/0 pkt  lost_samples(win/tot)=11946960/82178460  send_errors(win/tot)=0/0
2026-04-22 17:46:53 INFO STAT  crate=3  sent=851814 pkt  598.704 MB  win=9.344 Mbps 1584.7 pkt/s  tot=9.301 Mbps 1577.4 pkt/s  late(win/tot)=95085/851814  worst_late(win/tot)=110.345/127.895 ms  drop_timing(win/tot)=56533/513080 pkt  drop_io(win/tot)=0/0 pkt  lost_samples(win/tot)=10175940/92354400  send_errors(win/tot)=0/0
2026-04-22 17:47:53 INFO STAT  crate=3  sent=936689 pkt  658.359 MB  win=8.340 Mbps 1414.6 pkt/s  tot=9.205 Mbps 1561.1 pkt/s  late(win/tot)=84875/936689  worst_late(win/tot)=120.675/127.895 ms  drop_timing(win/tot)=66795/579875 pkt  drop_io(win/tot)=0/0 pkt  lost_samples(win/tot)=12023100/104377500  send_errors(win/tot)=0/0
2026-04-22 17:48:53 INFO STAT  crate=3  sent=1027265 pkt  722.021 MB  win=8.901 Mbps 1509.6 pkt/s  tot=9.177 Mbps 1556.5 pkt/s  late(win/tot)=90576/1027265  worst_late(win/tot)=116.024/127.895 ms  drop_timing(win/tot)=61129/641004 pkt  drop_io(win/tot)=0/0 pkt  lost_samples(win/tot)=11003220/115380720  send_errors(win/tot)=0/0
2026-04-22 17:49:53 INFO STAT  crate=3  sent=1111406 pkt  781.161 MB  win=8.268 Mbps 1402.3 pkt/s  tot=9.101 Mbps 1543.6 pkt/s  late(win/tot)=84141/1111406  worst_late(win/tot)=120.674/127.895 ms  drop_timing(win/tot)=67482/708486 pkt  drop_io(win/tot)=0/0 pkt  lost_samples(win/tot)=12146760/127527480  send_errors(win/tot)=0/0
2026-04-22 17:50:53 INFO STAT  crate=3  sent=1195759 pkt  840.449 MB  win=8.289 Mbps 1405.9 pkt/s  tot=9.039 Mbps 1533.0 pkt/s  late(win/tot)=84353/1195759  worst_late(win/tot)=115.624/127.895 ms  drop_timing(win/tot)=67380/775866 pkt  drop_io(win/tot)=0/0 pkt  lost_samples(win/tot)=12128400/139655880  send_errors(win/tot)=0/0
2026-04-22 17:51:53 INFO STAT  crate=3  sent=1281191 pkt  900.495 MB  win=8.395 Mbps 1423.8 pkt/s  tot=8.993 Mbps 1525.2 pkt/s  late(win/tot)=85432/1281191  worst_late(win/tot)=115.398/127.895 ms  drop_timing(win/tot)=66178/842044 pkt  drop_io(win/tot)=0/0 pkt  lost_samples(win/tot)=11912040/151567920  send_errors(win/tot)=0/0
2026-04-22 17:52:53 INFO STAT  crate=3  sent=1360138 pkt  955.984 MB  win=7.758 Mbps 1315.8 pkt/s  tot=8.910 Mbps 1511.3 pkt/s  late(win/tot)=78947/1360138  worst_late(win/tot)=115.199/127.895 ms  drop_timing(win/tot)=72715/914759 pkt  drop_io(win/tot)=0/0 pkt  lost_samples(win/tot)=13088700/164656620  send_errors(win/tot)=0/0
2026-04-22 17:53:53 INFO STAT  crate=3  sent=1444426 pkt  1015.226 MB  win=8.283 Mbps 1404.8 pkt/s  tot=8.871 Mbps 1504.6 pkt/s  late(win/tot)=84288/1444426  worst_late(win/tot)=115.933/127.895 ms  drop_timing(win/tot)=67404/982163 pkt  drop_io(win/tot)=0/0 pkt  lost_samples(win/tot)=12132720/176789340  send_errors(win/tot)=0/0
2026-04-22 17:54:53 INFO STAT  crate=3  sent=1527798 pkt  1073.825 MB  win=8.193 Mbps 1389.6 pkt/s  tot=8.831 Mbps 1497.8 pkt/s  late(win/tot)=83372/1527798  worst_late(win/tot)=125.053/127.895 ms  drop_timing(win/tot)=68276/1050439 pkt  drop_io(win/tot)=0/0 pkt  lost_samples(win/tot)=12289680/189079020  send_errors(win/tot)=0/0
2026-04-22 17:55:53 INFO STAT  crate=3  sent=1614643 pkt  1134.865 MB  win=8.534 Mbps 1447.4 pkt/s  tot=8.815 Mbps 1495.0 pkt/s  late(win/tot)=86845/1614643  worst_late(win/tot)=113.810/127.895 ms  drop_timing(win/tot)=64820/1115259 pkt  drop_io(win/tot)=0/0 pkt  lost_samples(win/tot)=11667600/200746620  send_errors(win/tot)=0/0
2026-04-22 17:56:53 INFO STAT  crate=3  sent=1699945 pkt  1194.820 MB  win=8.382 Mbps 1421.7 pkt/s  tot=8.792 Mbps 1491.2 pkt/s  late(win/tot)=85302/1699945  worst_late(win/tot)=113.238/127.895 ms  drop_timing(win/tot)=66345/1181604 pkt  drop_io(win/tot)=0/0 pkt  lost_samples(win/tot)=11942100/212688720  send_errors(win/tot)=0/0
2026-04-22 17:57:53 INFO STAT  crate=3  sent=1783999 pkt  1253.898 MB  win=8.260 Mbps 1400.9 pkt/s  tot=8.765 Mbps 1486.7 pkt/s  late(win/tot)=84054/1783999  worst_late(win/tot)=109.726/127.895 ms  drop_timing(win/tot)=67644/1249248 pkt  drop_io(win/tot)=0/0 pkt  lost_samples(win/tot)=12175920/224864640  send_errors(win/tot)=0/0
2026-04-22 17:58:53 INFO STAT  crate=3  sent=1865521 pkt  1311.196 MB  win=8.011 Mbps 1358.7 pkt/s  tot=8.729 Mbps 1480.6 pkt/s  late(win/tot)=81522/1865521  worst_late(win/tot)=109.545/127.895 ms  drop_timing(win/tot)=70116/1319364 pkt  drop_io(win/tot)=0/0 pkt  lost_samples(win/tot)=12620880/237485520  send_errors(win/tot)=0/0
2026-04-22 17:59:53 INFO STAT  crate=3  sent=1953941 pkt  1373.343 MB  win=8.689 Mbps 1473.7 pkt/s  tot=8.728 Mbps 1480.3 pkt/s  late(win/tot)=88420/1953941  worst_late(win/tot)=118.071/127.895 ms  drop_timing(win/tot)=63290/1382654 pkt  drop_io(win/tot)=0/0 pkt  lost_samples(win/tot)=11392200/248877720  send_errors(win/tot)=0/0
2026-04-22 18:00:53 INFO STAT  crate=3  sent=2034584 pkt  1430.024 MB  win=7.924 Mbps 1343.9 pkt/s  tot=8.693 Mbps 1474.3 pkt/s  late(win/tot)=80643/2034584  worst_late(win/tot)=113.384/127.895 ms  drop_timing(win/tot)=70993/1453647 pkt  drop_io(win/tot)=0/0 pkt  lost_samples(win/tot)=12778740/261656460  send_errors(win/tot)=0/0
2026-04-22 18:01:53 INFO STAT  crate=3  sent=2122772 pkt  1492.007 MB  win=8.667 Mbps 1470.0 pkt/s  tot=8.692 Mbps 1474.1 pkt/s  late(win/tot)=88188/2122772  worst_late(win/tot)=113.352/127.895 ms  drop_timing(win/tot)=63505/1517152 pkt  drop_io(win/tot)=0/0 pkt  lost_samples(win/tot)=11430900/273087360  send_errors(win/tot)=0/0
2026-04-22 18:02:53 INFO STAT  crate=3  sent=2205218 pkt  1549.955 MB  win=8.102 Mbps 1374.1 pkt/s  tot=8.668 Mbps 1470.1 pkt/s  late(win/tot)=82446/2205218  worst_late(win/tot)=150.915/150.915 ms  drop_timing(win/tot)=69188/1586340 pkt  drop_io(win/tot)=0/0 pkt  lost_samples(win/tot)=12453840/285541200  send_errors(win/tot)=0/0
2026-04-22 18:03:53 INFO STAT  crate=3  sent=2284624 pkt  1605.766 MB  win=7.803 Mbps 1323.4 pkt/s  tot=8.635 Mbps 1464.5 pkt/s  late(win/tot)=79406/2284624  worst_late(win/tot)=123.003/150.915 ms  drop_timing(win/tot)=72264/1658604 pkt  drop_io(win/tot)=0/0 pkt  lost_samples(win/tot)=13007520/298548720  send_errors(win/tot)=0/0
2026-04-22 18:04:53 INFO STAT  crate=3  sent=2360691 pkt  1659.230 MB  win=7.475 Mbps 1267.8 pkt/s  tot=8.592 Mbps 1457.2 pkt/s  late(win/tot)=76067/2360691  worst_late(win/tot)=118.424/150.915 ms  drop_timing(win/tot)=75653/1734257 pkt  drop_io(win/tot)=0/0 pkt  lost_samples(win/tot)=13617540/312166260  send_errors(win/tot)=0/0
2026-04-22 18:05:53 INFO STAT  crate=3  sent=2439633 pkt  1714.716 MB  win=7.757 Mbps 1315.7 pkt/s  tot=8.562 Mbps 1452.2 pkt/s  late(win/tot)=78942/2439633  worst_late(win/tot)=112.033/150.915 ms  drop_timing(win/tot)=72675/1806932 pkt  drop_io(win/tot)=0/0 pkt  lost_samples(win/tot)=13081500/325247760  send_errors(win/tot)=0/0
2026-04-22 18:06:53 INFO STAT  crate=3  sent=2519799 pkt  1771.061 MB  win=7.878 Mbps 1336.1 pkt/s  tot=8.538 Mbps 1448.2 pkt/s  late(win/tot)=80166/2519799  worst_late(win/tot)=118.398/150.915 ms  drop_timing(win/tot)=71528/1878460 pkt  drop_io(win/tot)=0/0 pkt  lost_samples(win/tot)=12875040/338122800  send_errors(win/tot)=0/0
2026-04-22 18:07:53 INFO STAT  crate=3  sent=2602306 pkt  1829.052 MB  win=8.108 Mbps 1375.1 pkt/s  tot=8.524 Mbps 1445.7 pkt/s  late(win/tot)=82507/2602306  worst_late(win/tot)=126.870/150.915 ms  drop_timing(win/tot)=69114/1947574 pkt  drop_io(win/tot)=0/0 pkt  lost_samples(win/tot)=12440520/350563320  send_errors(win/tot)=0/0
2026-04-22 18:08:53 INFO STAT  crate=3  sent=2687946 pkt  1889.244 MB  win=8.416 Mbps 1427.3 pkt/s  tot=8.520 Mbps 1445.1 pkt/s  late(win/tot)=85640/2687946  worst_late(win/tot)=117.389/150.915 ms  drop_timing(win/tot)=66023/2013597 pkt  drop_io(win/tot)=0/0 pkt  lost_samples(win/tot)=11884140/362447460  send_errors(win/tot)=0/0
2026-04-22 18:09:24 INFO STAT  crate=3  sent=2730000 pkt  1918.802 MB  win=7.942 Mbps 1346.9 pkt/s  tot=8.511 Mbps 1443.5 pkt/s  late(win/tot)=42054/2730000  worst_late(win/tot)=122.249/150.915 ms  drop_timing(win/tot)=36876/2050473 pkt  drop_io(win/tot)=0/0 pkt  lost_samples(win/tot)=6637680/369085140  send_errors(win/tot)=0/0
2026-04-22 18:09:24 INFO Terminato
