2026-04-22 14:56:43 INFO Start crate=21 dst=131.154.99.225:6666
2026-04-22 14:56:43 INFO Streams=91  board=7  analog/board=12  digital_streams/board=1
2026-04-22 14:56:43 INFO Sample rate=5000 Hz  samples/pkt=180  pps/stream=27.777778  total_pps=2527.778
2026-04-22 14:56:43 INFO Packet len=737 B  expected throughput=14.904 Mbps
2026-04-22 14:56:43 INFO Analog FS=+/-10.000 V  noise_rms=0.010000 V  digital_flip_prob=0.002000
2026-04-22 14:57:43 INFO STAT  crate=21  sent=112021 pkt  78.735 MB  win=11.008 Mbps 1867.0 pkt/s  tot=11.008 Mbps 1867.0 pkt/s  late(win/tot)=112021/112021  worst_late(win/tot)=93.918/93.918 ms  drop_timing(win/tot)=39578/39578 pkt  drop_io(win/tot)=0/0 pkt  lost_samples(win/tot)=7124040/7124040  send_errors(win/tot)=0/0
2026-04-22 14:58:43 INFO STAT  crate=21  sent=225128 pkt  158.233 MB  win=11.115 Mbps 1885.1 pkt/s  tot=11.061 Mbps 1876.1 pkt/s  late(win/tot)=113107/225128  worst_late(win/tot)=94.989/94.989 ms  drop_timing(win/tot)=38628/78206 pkt  drop_io(win/tot)=0/0 pkt  lost_samples(win/tot)=6953040/14077080  send_errors(win/tot)=0/0
2026-04-22 14:59:43 INFO STAT  crate=21  sent=338668 pkt  238.036 MB  win=11.157 Mbps 1892.3 pkt/s  tot=11.093 Mbps 1881.5 pkt/s  late(win/tot)=113540/338668  worst_late(win/tot)=111.605/111.605 ms  drop_timing(win/tot)=38109/116315 pkt  drop_io(win/tot)=0/0 pkt  lost_samples(win/tot)=6859620/20936700  send_errors(win/tot)=0/0
2026-04-22 15:00:43 INFO STAT  crate=21  sent=423356 pkt  297.559 MB  win=8.322 Mbps 1411.5 pkt/s  tot=10.400 Mbps 1764.0 pkt/s  late(win/tot)=84688/423356  worst_late(win/tot)=125.256/125.256 ms  drop_timing(win/tot)=66912/183227 pkt  drop_io(win/tot)=0/0 pkt  lost_samples(win/tot)=12044160/32980860  send_errors(win/tot)=0/0
2026-04-22 15:01:43 INFO STAT  crate=21  sent=506203 pkt  355.789 MB  win=8.141 Mbps 1380.7 pkt/s  tot=9.948 Mbps 1687.3 pkt/s  late(win/tot)=82847/506203  worst_late(win/tot)=133.009/133.009 ms  drop_timing(win/tot)=68811/252038 pkt  drop_io(win/tot)=0/0 pkt  lost_samples(win/tot)=12385980/45366840  send_errors(win/tot)=0/0
2026-04-22 15:02:43 INFO STAT  crate=21  sent=577999 pkt  406.251 MB  win=7.055 Mbps 1196.6 pkt/s  tot=9.466 Mbps 1605.5 pkt/s  late(win/tot)=71796/577999  worst_late(win/tot)=138.633/138.633 ms  drop_timing(win/tot)=79873/331911 pkt  drop_io(win/tot)=0/0 pkt  lost_samples(win/tot)=14377140/59743980  send_errors(win/tot)=0/0
2026-04-22 15:03:43 INFO STAT  crate=21  sent=645386 pkt  453.615 MB  win=6.622 Mbps 1123.2 pkt/s  tot=9.060 Mbps 1536.6 pkt/s  late(win/tot)=67387/645386  worst_late(win/tot)=146.256/146.256 ms  drop_timing(win/tot)=84246/416157 pkt  drop_io(win/tot)=0/0 pkt  lost_samples(win/tot)=15164280/74908260  send_errors(win/tot)=0/0
2026-04-22 15:04:43 INFO STAT  crate=21  sent=711481 pkt  500.070 MB  win=6.495 Mbps 1101.6 pkt/s  tot=8.739 Mbps 1482.2 pkt/s  late(win/tot)=66095/711481  worst_late(win/tot)=156.933/156.933 ms  drop_timing(win/tot)=85610/501767 pkt  drop_io(win/tot)=0/0 pkt  lost_samples(win/tot)=15409800/90318060  send_errors(win/tot)=0/0
2026-04-22 15:05:43 INFO STAT  crate=21  sent=780149 pkt  548.334 MB  win=6.748 Mbps 1144.4 pkt/s  tot=8.518 Mbps 1444.7 pkt/s  late(win/tot)=68668/780149  worst_late(win/tot)=158.944/158.944 ms  drop_timing(win/tot)=82959/584726 pkt  drop_io(win/tot)=0/0 pkt  lost_samples(win/tot)=14932620/105250680  send_errors(win/tot)=0/0
2026-04-22 15:06:43 INFO STAT  crate=21  sent=848928 pkt  596.676 MB  win=6.759 Mbps 1146.4 pkt/s  tot=8.342 Mbps 1414.9 pkt/s  late(win/tot)=68779/848928  worst_late(win/tot)=130.000/158.944 ms  drop_timing(win/tot)=82925/667651 pkt  drop_io(win/tot)=0/0 pkt  lost_samples(win/tot)=14926500/120177180  send_errors(win/tot)=0/0
2026-04-22 15:07:43 INFO STAT  crate=21  sent=917732 pkt  645.035 MB  win=6.761 Mbps 1146.7 pkt/s  tot=8.198 Mbps 1390.5 pkt/s  late(win/tot)=68804/917732  worst_late(win/tot)=159.081/159.081 ms  drop_timing(win/tot)=82873/750524 pkt  drop_io(win/tot)=0/0 pkt  lost_samples(win/tot)=14917140/135094320  send_errors(win/tot)=0/0
2026-04-22 15:08:43 INFO STAT  crate=21  sent=981602 pkt  689.927 MB  win=6.276 Mbps 1064.5 pkt/s  tot=8.038 Mbps 1363.3 pkt/s  late(win/tot)=63870/981602  worst_late(win/tot)=149.194/159.081 ms  drop_timing(win/tot)=87779/838303 pkt  drop_io(win/tot)=0/0 pkt  lost_samples(win/tot)=15800220/150894540  send_errors(win/tot)=0/0
2026-04-22 15:09:43 INFO STAT  crate=21  sent=1046722 pkt  735.697 MB  win=6.399 Mbps 1085.3 pkt/s  tot=7.912 Mbps 1341.9 pkt/s  late(win/tot)=65120/1046722  worst_late(win/tot)=140.962/159.081 ms  drop_timing(win/tot)=86516/924819 pkt  drop_io(win/tot)=0/0 pkt  lost_samples(win/tot)=15572880/166467420  send_errors(win/tot)=0/0
2026-04-22 15:10:43 INFO STAT  crate=21  sent=1117652 pkt  785.551 MB  win=6.970 Mbps 1182.2 pkt/s  tot=7.845 Mbps 1330.5 pkt/s  late(win/tot)=70930/1117652  worst_late(win/tot)=153.260/159.081 ms  drop_timing(win/tot)=80771/1005590 pkt  drop_io(win/tot)=0/0 pkt  lost_samples(win/tot)=14538780/181006200  send_errors(win/tot)=0/0
2026-04-22 15:11:43 INFO STAT  crate=21  sent=1188373 pkt  835.257 MB  win=6.950 Mbps 1178.7 pkt/s  tot=7.785 Mbps 1320.4 pkt/s  late(win/tot)=70721/1188373  worst_late(win/tot)=165.546/165.546 ms  drop_timing(win/tot)=80927/1086517 pkt  drop_io(win/tot)=0/0 pkt  lost_samples(win/tot)=14566860/195573060  send_errors(win/tot)=0/0
2026-04-22 15:12:43 INFO STAT  crate=21  sent=1253556 pkt  881.072 MB  win=6.405 Mbps 1086.4 pkt/s  tot=7.699 Mbps 1305.8 pkt/s  late(win/tot)=65183/1253556  worst_late(win/tot)=146.435/165.546 ms  drop_timing(win/tot)=86491/1173008 pkt  drop_io(win/tot)=0/0 pkt  lost_samples(win/tot)=15568380/211141440  send_errors(win/tot)=0/0
2026-04-22 15:13:43 INFO STAT  crate=21  sent=1320807 pkt  928.340 MB  win=6.608 Mbps 1120.8 pkt/s  tot=7.635 Mbps 1294.9 pkt/s  late(win/tot)=67251/1320807  worst_late(win/tot)=154.501/165.546 ms  drop_timing(win/tot)=84419/1257427 pkt  drop_io(win/tot)=0/0 pkt  lost_samples(win/tot)=15195420/226336860  send_errors(win/tot)=0/0
2026-04-22 15:14:43 INFO STAT  crate=21  sent=1380142 pkt  970.044 MB  win=5.831 Mbps 988.9 pkt/s  tot=7.535 Mbps 1277.9 pkt/s  late(win/tot)=59335/1380142  worst_late(win/tot)=156.495/165.546 ms  drop_timing(win/tot)=92306/1349733 pkt  drop_io(win/tot)=0/0 pkt  lost_samples(win/tot)=16615080/242951940  send_errors(win/tot)=0/0
2026-04-22 15:15:43 INFO STAT  crate=21  sent=1445328 pkt  1015.860 MB  win=6.406 Mbps 1086.4 pkt/s  tot=7.475 Mbps 1267.8 pkt/s  late(win/tot)=65186/1445328  worst_late(win/tot)=177.426/177.426 ms  drop_timing(win/tot)=86483/1436216 pkt  drop_io(win/tot)=0/0 pkt  lost_samples(win/tot)=15566940/258518880  send_errors(win/tot)=0/0
2026-04-22 15:16:43 INFO STAT  crate=21  sent=1512466 pkt  1063.049 MB  win=6.597 Mbps 1119.0 pkt/s  tot=7.431 Mbps 1260.4 pkt/s  late(win/tot)=67138/1512466  worst_late(win/tot)=149.372/177.426 ms  drop_timing(win/tot)=84538/1520754 pkt  drop_io(win/tot)=0/0 pkt  lost_samples(win/tot)=15216840/273735720  send_errors(win/tot)=0/0
2026-04-22 15:17:43 INFO STAT  crate=21  sent=1580065 pkt  1110.561 MB  win=6.643 Mbps 1126.7 pkt/s  tot=7.394 Mbps 1254.0 pkt/s  late(win/tot)=67599/1580065  worst_late(win/tot)=141.707/177.426 ms  drop_timing(win/tot)=84052/1604806 pkt  drop_io(win/tot)=0/0 pkt  lost_samples(win/tot)=15129360/288865080  send_errors(win/tot)=0/0
2026-04-22 15:18:43 INFO STAT  crate=21  sent=1647768 pkt  1158.147 MB  win=6.653 Mbps 1128.3 pkt/s  tot=7.360 Mbps 1248.3 pkt/s  late(win/tot)=67703/1647768  worst_late(win/tot)=136.691/177.426 ms  drop_timing(win/tot)=83979/1688785 pkt  drop_io(win/tot)=0/0 pkt  lost_samples(win/tot)=15116220/303981300  send_errors(win/tot)=0/0
2026-04-22 15:19:43 INFO STAT  crate=21  sent=1720687 pkt  1209.399 MB  win=7.165 Mbps 1215.2 pkt/s  tot=7.352 Mbps 1246.9 pkt/s  late(win/tot)=72919/1720687  worst_late(win/tot)=143.000/177.426 ms  drop_timing(win/tot)=78742/1767527 pkt  drop_io(win/tot)=0/0 pkt  lost_samples(win/tot)=14173560/318154860  send_errors(win/tot)=0/0
2026-04-22 15:20:43 INFO STAT  crate=21  sent=1785557 pkt  1254.993 MB  win=6.375 Mbps 1081.2 pkt/s  tot=7.311 Mbps 1240.0 pkt/s  late(win/tot)=64870/1785557  worst_late(win/tot)=193.539/193.539 ms  drop_timing(win/tot)=86806/1854333 pkt  drop_io(win/tot)=0/0 pkt  lost_samples(win/tot)=15625080/333779940  send_errors(win/tot)=0/0
2026-04-22 15:21:43 INFO STAT  crate=21  sent=1847900 pkt  1298.811 MB  win=6.126 Mbps 1039.1 pkt/s  tot=7.263 Mbps 1231.9 pkt/s  late(win/tot)=62343/1847900  worst_late(win/tot)=158.673/193.539 ms  drop_timing(win/tot)=89296/1943629 pkt  drop_io(win/tot)=0/0 pkt  lost_samples(win/tot)=16073280/349853220  send_errors(win/tot)=0/0
2026-04-22 15:22:43 INFO STAT  crate=21  sent=1915371 pkt  1346.234 MB  win=6.630 Mbps 1124.5 pkt/s  tot=7.239 Mbps 1227.8 pkt/s  late(win/tot)=67471/1915371  worst_late(win/tot)=152.192/193.539 ms  drop_timing(win/tot)=84252/2027881 pkt  drop_io(win/tot)=0/0 pkt  lost_samples(win/tot)=15165360/365018580  send_errors(win/tot)=0/0
2026-04-22 15:23:43 INFO STAT  crate=21  sent=1983177 pkt  1393.892 MB  win=6.663 Mbps 1130.1 pkt/s  tot=7.218 Mbps 1224.2 pkt/s  late(win/tot)=67806/1983177  worst_late(win/tot)=157.832/193.539 ms  drop_timing(win/tot)=83849/2111730 pkt  drop_io(win/tot)=0/0 pkt  lost_samples(win/tot)=15092820/380111400  send_errors(win/tot)=0/0
2026-04-22 15:24:43 INFO STAT  crate=21  sent=2049894 pkt  1440.784 MB  win=6.556 Mbps 1111.9 pkt/s  tot=7.194 Mbps 1220.2 pkt/s  late(win/tot)=66717/2049894  worst_late(win/tot)=150.399/193.539 ms  drop_timing(win/tot)=84954/2196684 pkt  drop_io(win/tot)=0/0 pkt  lost_samples(win/tot)=15291720/395403120  send_errors(win/tot)=0/0
2026-04-22 15:25:43 INFO STAT  crate=21  sent=2117690 pkt  1488.435 MB  win=6.662 Mbps 1129.9 pkt/s  tot=7.176 Mbps 1217.1 pkt/s  late(win/tot)=67796/2117690  worst_late(win/tot)=132.477/193.539 ms  drop_timing(win/tot)=83887/2280571 pkt  drop_io(win/tot)=0/0 pkt  lost_samples(win/tot)=15099660/410502780  send_errors(win/tot)=0/0
2026-04-22 15:26:43 INFO STAT  crate=21  sent=2185415 pkt  1536.036 MB  win=6.655 Mbps 1128.8 pkt/s  tot=7.158 Mbps 1214.1 pkt/s  late(win/tot)=67725/2185415  worst_late(win/tot)=148.855/193.539 ms  drop_timing(win/tot)=83925/2364496 pkt  drop_io(win/tot)=0/0 pkt  lost_samples(win/tot)=15106500/425609280  send_errors(win/tot)=0/0
2026-04-22 15:27:43 INFO STAT  crate=21  sent=2263686 pkt  1591.050 MB  win=7.691 Mbps 1304.5 pkt/s  tot=7.176 Mbps 1217.0 pkt/s  late(win/tot)=78271/2263686  worst_late(win/tot)=138.969/193.539 ms  drop_timing(win/tot)=73415/2437911 pkt  drop_io(win/tot)=0/0 pkt  lost_samples(win/tot)=13214700/438823980  send_errors(win/tot)=0/0
2026-04-22 15:28:43 INFO STAT  crate=21  sent=2346443 pkt  1649.216 MB  win=8.133 Mbps 1379.3 pkt/s  tot=7.206 Mbps 1222.1 pkt/s  late(win/tot)=82757/2346443  worst_late(win/tot)=112.352/193.539 ms  drop_timing(win/tot)=68889/2506800 pkt  drop_io(win/tot)=0/0 pkt  lost_samples(win/tot)=12400020/451224000  send_errors(win/tot)=0/0
2026-04-22 15:29:43 INFO STAT  crate=21  sent=2430575 pkt  1708.349 MB  win=8.267 Mbps 1402.1 pkt/s  tot=7.238 Mbps 1227.6 pkt/s  late(win/tot)=84132/2430575  worst_late(win/tot)=125.827/193.539 ms  drop_timing(win/tot)=67535/2574335 pkt  drop_io(win/tot)=0/0 pkt  lost_samples(win/tot)=12156300/463380300  send_errors(win/tot)=0/0
2026-04-22 15:30:43 INFO STAT  crate=21  sent=2515800 pkt  1768.250 MB  win=8.375 Mbps 1420.4 pkt/s  tot=7.271 Mbps 1233.2 pkt/s  late(win/tot)=85225/2515800  worst_late(win/tot)=138.033/193.539 ms  drop_timing(win/tot)=66446/2640781 pkt  drop_io(win/tot)=0/0 pkt  lost_samples(win/tot)=11960280/475340580  send_errors(win/tot)=0/0
2026-04-22 15:31:43 INFO STAT  crate=21  sent=2601441 pkt  1828.444 MB  win=8.416 Mbps 1427.4 pkt/s  tot=7.304 Mbps 1238.8 pkt/s  late(win/tot)=85641/2601441  worst_late(win/tot)=117.302/193.539 ms  drop_timing(win/tot)=66027/2706808 pkt  drop_io(win/tot)=0/0 pkt  lost_samples(win/tot)=11884860/487225440  send_errors(win/tot)=0/0
2026-04-22 15:32:43 INFO STAT  crate=21  sent=2685725 pkt  1887.683 MB  win=8.282 Mbps 1404.7 pkt/s  tot=7.331 Mbps 1243.4 pkt/s  late(win/tot)=84284/2685725  worst_late(win/tot)=118.084/193.539 ms  drop_timing(win/tot)=67409/2774217 pkt  drop_io(win/tot)=0/0 pkt  lost_samples(win/tot)=12133620/499359060  send_errors(win/tot)=0/0
2026-04-22 15:33:15 INFO STAT  crate=21  sent=2730000 pkt  1918.802 MB  win=8.299 Mbps 1407.6 pkt/s  tot=7.345 Mbps 1245.7 pkt/s  late(win/tot)=44275/2730000  worst_late(win/tot)=111.070/193.539 ms  drop_timing(win/tot)=34023/2808240 pkt  drop_io(win/tot)=0/0 pkt  lost_samples(win/tot)=6124140/505483200  send_errors(win/tot)=0/0
2026-04-22 15:33:15 INFO Terminato
