2026-04-22 14:49:53 INFO Start crate=8 dst=131.154.99.225:6666
2026-04-22 14:49:53 INFO Streams=91  board=7  analog/board=12  digital_streams/board=1
2026-04-22 14:49:53 INFO Sample rate=5000 Hz  samples/pkt=180  pps/stream=27.777778  total_pps=2527.778
2026-04-22 14:49:53 INFO Packet len=737 B  expected throughput=14.904 Mbps
2026-04-22 14:49:53 INFO Analog FS=+/-10.000 V  noise_rms=0.010000 V  digital_flip_prob=0.002000
2026-04-22 14:50:53 INFO STAT  crate=8  sent=85785 pkt  60.295 MB  win=8.430 Mbps 1429.7 pkt/s  tot=8.430 Mbps 1429.7 pkt/s  late(win/tot)=85785/85785  worst_late(win/tot)=112.055/112.055 ms  drop_timing(win/tot)=65793/65793 pkt  drop_io(win/tot)=0/0 pkt  lost_samples(win/tot)=11842740/11842740  send_errors(win/tot)=0/0
2026-04-22 14:51:53 INFO STAT  crate=8  sent=161311 pkt  113.379 MB  win=7.422 Mbps 1258.8 pkt/s  tot=7.926 Mbps 1344.3 pkt/s  late(win/tot)=75526/161311  worst_late(win/tot)=115.890/115.890 ms  drop_timing(win/tot)=76167/141960 pkt  drop_io(win/tot)=0/0 pkt  lost_samples(win/tot)=13710060/25552800  send_errors(win/tot)=0/0
2026-04-22 14:52:53 INFO STAT  crate=8  sent=244216 pkt  171.649 MB  win=8.147 Mbps 1381.8 pkt/s  tot=7.999 Mbps 1356.8 pkt/s  late(win/tot)=82905/244216  worst_late(win/tot)=118.815/118.815 ms  drop_timing(win/tot)=68796/210756 pkt  drop_io(win/tot)=0/0 pkt  lost_samples(win/tot)=12383280/37936080  send_errors(win/tot)=0/0
2026-04-22 14:53:53 INFO STAT  crate=8  sent=327031 pkt  229.856 MB  win=8.138 Mbps 1380.2 pkt/s  tot=8.034 Mbps 1362.6 pkt/s  late(win/tot)=82815/327031  worst_late(win/tot)=118.536/118.815 ms  drop_timing(win/tot)=68760/279516 pkt  drop_io(win/tot)=0/0 pkt  lost_samples(win/tot)=12376800/50312880  send_errors(win/tot)=0/0
2026-04-22 14:54:53 INFO STAT  crate=8  sent=401534 pkt  282.221 MB  win=7.321 Mbps 1241.7 pkt/s  tot=7.891 Mbps 1338.4 pkt/s  late(win/tot)=74503/401534  worst_late(win/tot)=117.076/118.815 ms  drop_timing(win/tot)=77170/356686 pkt  drop_io(win/tot)=0/0 pkt  lost_samples(win/tot)=13890600/64203480  send_errors(win/tot)=0/0
2026-04-22 14:55:53 INFO STAT  crate=8  sent=482462 pkt  339.102 MB  win=7.953 Mbps 1348.8 pkt/s  tot=7.902 Mbps 1340.2 pkt/s  late(win/tot)=80928/482462  worst_late(win/tot)=115.816/118.815 ms  drop_timing(win/tot)=70829/427515 pkt  drop_io(win/tot)=0/0 pkt  lost_samples(win/tot)=12749220/76952700  send_errors(win/tot)=0/0
2026-04-22 14:56:53 INFO STAT  crate=8  sent=565552 pkt  397.503 MB  win=8.165 Mbps 1384.8 pkt/s  tot=7.939 Mbps 1346.6 pkt/s  late(win/tot)=83090/565552  worst_late(win/tot)=118.357/118.815 ms  drop_timing(win/tot)=68485/496000 pkt  drop_io(win/tot)=0/0 pkt  lost_samples(win/tot)=12327300/89280000  send_errors(win/tot)=0/0
2026-04-22 14:57:53 INFO STAT  crate=8  sent=640886 pkt  450.452 MB  win=7.402 Mbps 1255.5 pkt/s  tot=7.872 Mbps 1335.2 pkt/s  late(win/tot)=75334/640886  worst_late(win/tot)=126.766/126.766 ms  drop_timing(win/tot)=76340/572340 pkt  drop_io(win/tot)=0/0 pkt  lost_samples(win/tot)=13741200/103021200  send_errors(win/tot)=0/0
2026-04-22 14:58:53 INFO STAT  crate=8  sent=723260 pkt  508.349 MB  win=8.095 Mbps 1373.0 pkt/s  tot=7.897 Mbps 1339.4 pkt/s  late(win/tot)=82374/723260  worst_late(win/tot)=120.579/126.766 ms  drop_timing(win/tot)=69302/641642 pkt  drop_io(win/tot)=0/0 pkt  lost_samples(win/tot)=12474360/115495560  send_errors(win/tot)=0/0
2026-04-22 14:59:53 INFO STAT  crate=8  sent=802169 pkt  563.811 MB  win=7.754 Mbps 1315.1 pkt/s  tot=7.883 Mbps 1336.9 pkt/s  late(win/tot)=78909/802169  worst_late(win/tot)=120.013/126.766 ms  drop_timing(win/tot)=72795/714437 pkt  drop_io(win/tot)=0/0 pkt  lost_samples(win/tot)=13103100/128598660  send_errors(win/tot)=0/0
2026-04-22 15:00:53 INFO STAT  crate=8  sent=883744 pkt  621.147 MB  win=8.017 Mbps 1359.7 pkt/s  tot=7.895 Mbps 1339.0 pkt/s  late(win/tot)=81575/883744  worst_late(win/tot)=126.835/126.835 ms  drop_timing(win/tot)=70032/784469 pkt  drop_io(win/tot)=0/0 pkt  lost_samples(win/tot)=12605760/141204420  send_errors(win/tot)=0/0
2026-04-22 15:01:53 INFO STAT  crate=8  sent=969678 pkt  681.546 MB  win=8.444 Mbps 1432.1 pkt/s  tot=7.941 Mbps 1346.8 pkt/s  late(win/tot)=85934/969678  worst_late(win/tot)=112.488/126.835 ms  drop_timing(win/tot)=65750/850219 pkt  drop_io(win/tot)=0/0 pkt  lost_samples(win/tot)=11835000/153039420  send_errors(win/tot)=0/0
2026-04-22 15:02:53 INFO STAT  crate=8  sent=1055279 pkt  741.711 MB  win=8.411 Mbps 1426.6 pkt/s  tot=7.977 Mbps 1352.9 pkt/s  late(win/tot)=85601/1055279  worst_late(win/tot)=122.787/126.835 ms  drop_timing(win/tot)=66051/916270 pkt  drop_io(win/tot)=0/0 pkt  lost_samples(win/tot)=11889180/164928600  send_errors(win/tot)=0/0
2026-04-22 15:03:53 INFO STAT  crate=8  sent=1138571 pkt  800.254 MB  win=8.185 Mbps 1388.3 pkt/s  tot=7.992 Mbps 1355.4 pkt/s  late(win/tot)=83292/1138571  worst_late(win/tot)=115.354/126.835 ms  drop_timing(win/tot)=68384/984654 pkt  drop_io(win/tot)=0/0 pkt  lost_samples(win/tot)=12309120/177237720  send_errors(win/tot)=0/0
2026-04-22 15:04:53 INFO STAT  crate=8  sent=1221633 pkt  858.634 MB  win=8.163 Mbps 1384.4 pkt/s  tot=8.003 Mbps 1357.4 pkt/s  late(win/tot)=83062/1221633  worst_late(win/tot)=118.470/126.835 ms  drop_timing(win/tot)=68671/1053325 pkt  drop_io(win/tot)=0/0 pkt  lost_samples(win/tot)=12360780/189598500  send_errors(win/tot)=0/0
2026-04-22 15:05:53 INFO STAT  crate=8  sent=1307641 pkt  919.086 MB  win=8.452 Mbps 1433.5 pkt/s  tot=8.031 Mbps 1362.1 pkt/s  late(win/tot)=86008/1307641  worst_late(win/tot)=112.034/126.835 ms  drop_timing(win/tot)=65573/1118898 pkt  drop_io(win/tot)=0/0 pkt  lost_samples(win/tot)=11803140/201401640  send_errors(win/tot)=0/0
2026-04-22 15:06:53 INFO STAT  crate=8  sent=1398316 pkt  982.818 MB  win=8.910 Mbps 1511.3 pkt/s  tot=8.083 Mbps 1370.9 pkt/s  late(win/tot)=90675/1398316  worst_late(win/tot)=113.748/126.835 ms  drop_timing(win/tot)=60990/1179888 pkt  drop_io(win/tot)=0/0 pkt  lost_samples(win/tot)=10978200/212379840  send_errors(win/tot)=0/0
2026-04-22 15:07:53 INFO STAT  crate=8  sent=1479134 pkt  1039.621 MB  win=7.942 Mbps 1347.0 pkt/s  tot=8.075 Mbps 1369.6 pkt/s  late(win/tot)=80818/1479134  worst_late(win/tot)=108.260/126.835 ms  drop_timing(win/tot)=70907/1250795 pkt  drop_io(win/tot)=0/0 pkt  lost_samples(win/tot)=12763260/225143100  send_errors(win/tot)=0/0
2026-04-22 15:08:53 INFO STAT  crate=8  sent=1563763 pkt  1099.103 MB  win=8.316 Mbps 1410.4 pkt/s  tot=8.088 Mbps 1371.7 pkt/s  late(win/tot)=84629/1563763  worst_late(win/tot)=118.364/126.835 ms  drop_timing(win/tot)=67001/1317796 pkt  drop_io(win/tot)=0/0 pkt  lost_samples(win/tot)=12060180/237203280  send_errors(win/tot)=0/0
2026-04-22 15:09:53 INFO STAT  crate=8  sent=1647293 pkt  1157.813 MB  win=8.208 Mbps 1392.2 pkt/s  tot=8.094 Mbps 1372.7 pkt/s  late(win/tot)=83530/1647293  worst_late(win/tot)=116.212/126.835 ms  drop_timing(win/tot)=68119/1385915 pkt  drop_io(win/tot)=0/0 pkt  lost_samples(win/tot)=12261420/249464700  send_errors(win/tot)=0/0
2026-04-22 15:10:53 INFO STAT  crate=8  sent=1728870 pkt  1215.150 MB  win=8.017 Mbps 1359.7 pkt/s  tot=8.090 Mbps 1372.1 pkt/s  late(win/tot)=81577/1728870  worst_late(win/tot)=114.787/126.835 ms  drop_timing(win/tot)=70089/1456004 pkt  drop_io(win/tot)=0/0 pkt  lost_samples(win/tot)=12616020/262080720  send_errors(win/tot)=0/0
2026-04-22 15:11:53 INFO STAT  crate=8  sent=1811386 pkt  1273.147 MB  win=8.109 Mbps 1375.3 pkt/s  tot=8.091 Mbps 1372.3 pkt/s  late(win/tot)=82516/1811386  worst_late(win/tot)=117.417/126.835 ms  drop_timing(win/tot)=69213/1525217 pkt  drop_io(win/tot)=0/0 pkt  lost_samples(win/tot)=12458340/274539060  send_errors(win/tot)=0/0
2026-04-22 15:12:53 INFO STAT  crate=8  sent=1888690 pkt  1327.481 MB  win=7.596 Mbps 1288.4 pkt/s  tot=8.069 Mbps 1368.6 pkt/s  late(win/tot)=77304/1888690  worst_late(win/tot)=114.503/126.835 ms  drop_timing(win/tot)=74317/1599534 pkt  drop_io(win/tot)=0/0 pkt  lost_samples(win/tot)=13377060/287916120  send_errors(win/tot)=0/0
2026-04-22 15:13:53 INFO STAT  crate=8  sent=1974528 pkt  1387.813 MB  win=8.435 Mbps 1430.6 pkt/s  tot=8.085 Mbps 1371.2 pkt/s  late(win/tot)=85838/1974528  worst_late(win/tot)=120.925/126.835 ms  drop_timing(win/tot)=65826/1665360 pkt  drop_io(win/tot)=0/0 pkt  lost_samples(win/tot)=11848680/299764800  send_errors(win/tot)=0/0
2026-04-22 15:14:53 INFO STAT  crate=8  sent=2064625 pkt  1451.138 MB  win=8.854 Mbps 1501.6 pkt/s  tot=8.115 Mbps 1376.4 pkt/s  late(win/tot)=90097/2064625  worst_late(win/tot)=109.852/126.835 ms  drop_timing(win/tot)=61573/1726933 pkt  drop_io(win/tot)=0/0 pkt  lost_samples(win/tot)=11083140/310847940  send_errors(win/tot)=0/0
2026-04-22 15:15:53 INFO STAT  crate=8  sent=2151075 pkt  1511.900 MB  win=8.496 Mbps 1440.9 pkt/s  tot=8.130 Mbps 1378.9 pkt/s  late(win/tot)=86450/2151075  worst_late(win/tot)=119.371/126.835 ms  drop_timing(win/tot)=65288/1792221 pkt  drop_io(win/tot)=0/0 pkt  lost_samples(win/tot)=11751840/322599780  send_errors(win/tot)=0/0
2026-04-22 15:16:53 INFO STAT  crate=8  sent=2232859 pkt  1569.383 MB  win=8.037 Mbps 1363.1 pkt/s  tot=8.127 Mbps 1378.3 pkt/s  late(win/tot)=81784/2232859  worst_late(win/tot)=120.566/126.835 ms  drop_timing(win/tot)=69865/1862086 pkt  drop_io(win/tot)=0/0 pkt  lost_samples(win/tot)=12575700/335175480  send_errors(win/tot)=0/0
2026-04-22 15:17:53 INFO STAT  crate=8  sent=2309711 pkt  1623.399 MB  win=7.552 Mbps 1280.8 pkt/s  tot=8.106 Mbps 1374.8 pkt/s  late(win/tot)=76852/2309711  worst_late(win/tot)=111.265/126.835 ms  drop_timing(win/tot)=74760/1936846 pkt  drop_io(win/tot)=0/0 pkt  lost_samples(win/tot)=13456800/348632280  send_errors(win/tot)=0/0
2026-04-22 15:18:53 INFO STAT  crate=8  sent=2389258 pkt  1679.309 MB  win=7.817 Mbps 1325.8 pkt/s  tot=8.096 Mbps 1373.1 pkt/s  late(win/tot)=79547/2389258  worst_late(win/tot)=119.041/126.835 ms  drop_timing(win/tot)=72122/2008968 pkt  drop_io(win/tot)=0/0 pkt  lost_samples(win/tot)=12981960/361614240  send_errors(win/tot)=0/0
2026-04-22 15:19:53 INFO STAT  crate=8  sent=2502245 pkt  1758.723 MB  win=11.103 Mbps 1883.2 pkt/s  tot=8.196 Mbps 1390.1 pkt/s  late(win/tot)=112987/2502245  worst_late(win/tot)=133.364/133.364 ms  drop_timing(win/tot)=38714/2047682 pkt  drop_io(win/tot)=0/0 pkt  lost_samples(win/tot)=6968520/368582760  send_errors(win/tot)=0/0
2026-04-22 15:20:53 INFO STAT  crate=8  sent=2628978 pkt  1847.798 MB  win=12.454 Mbps 2112.2 pkt/s  tot=8.334 Mbps 1413.4 pkt/s  late(win/tot)=126733/2628978  worst_late(win/tot)=67.266/133.364 ms  drop_timing(win/tot)=24934/2072616 pkt  drop_io(win/tot)=0/0 pkt  lost_samples(win/tot)=4488120/373070880  send_errors(win/tot)=0/0
2026-04-22 15:21:41 INFO STAT  crate=8  sent=2730000 pkt  1918.802 MB  win=12.570 Mbps 2132.0 pkt/s  tot=8.439 Mbps 1431.3 pkt/s  late(win/tot)=101022/2730000  worst_late(win/tot)=51.311/133.364 ms  drop_timing(win/tot)=18746/2091362 pkt  drop_io(win/tot)=0/0 pkt  lost_samples(win/tot)=3374280/376445160  send_errors(win/tot)=0/0
2026-04-22 15:21:41 INFO Terminato
