2026-04-22 16:44:27 INFO Start crate=16 dst=131.154.99.225:6666
2026-04-22 16:44:27 INFO Streams=91  board=7  analog/board=12  digital_streams/board=1
2026-04-22 16:44:27 INFO Sample rate=5000 Hz  samples/pkt=180  pps/stream=27.777778  total_pps=2527.778
2026-04-22 16:44:27 INFO Packet len=737 B  expected throughput=14.904 Mbps
2026-04-22 16:44:27 INFO Analog FS=+/-10.000 V  noise_rms=0.010000 V  digital_flip_prob=0.002000
2026-04-22 16:45:27 INFO STAT  crate=16  sent=145655 pkt  102.375 MB  win=14.313 Mbps 2427.6 pkt/s  tot=14.313 Mbps 2427.6 pkt/s  late(win/tot)=145655/145655  worst_late(win/tot)=83.851/83.851 ms  drop_timing(win/tot)=5937/5937 pkt  drop_io(win/tot)=0/0 pkt  lost_samples(win/tot)=1068660/1068660  send_errors(win/tot)=0/0
2026-04-22 16:46:27 INFO STAT  crate=16  sent=261216 pkt  183.598 MB  win=11.356 Mbps 1926.0 pkt/s  tot=12.834 Mbps 2176.8 pkt/s  late(win/tot)=115561/261216  worst_late(win/tot)=107.696/107.696 ms  drop_timing(win/tot)=36097/42034 pkt  drop_io(win/tot)=0/0 pkt  lost_samples(win/tot)=6497460/7566120  send_errors(win/tot)=0/0
2026-04-22 16:47:27 INFO STAT  crate=16  sent=377162 pkt  265.091 MB  win=11.394 Mbps 1932.5 pkt/s  tot=12.354 Mbps 2095.3 pkt/s  late(win/tot)=115946/377162  worst_late(win/tot)=107.188/107.696 ms  drop_timing(win/tot)=35745/77779 pkt  drop_io(win/tot)=0/0 pkt  lost_samples(win/tot)=6434100/14000220  send_errors(win/tot)=0/0
2026-04-22 16:48:27 INFO STAT  crate=16  sent=493107 pkt  346.584 MB  win=11.393 Mbps 1932.4 pkt/s  tot=12.114 Mbps 2054.6 pkt/s  late(win/tot)=115945/493107  worst_late(win/tot)=95.083/107.696 ms  drop_timing(win/tot)=35720/113499 pkt  drop_io(win/tot)=0/0 pkt  lost_samples(win/tot)=6429600/20429820  send_errors(win/tot)=0/0
2026-04-22 16:49:27 INFO STAT  crate=16  sent=610429 pkt  429.045 MB  win=11.529 Mbps 1955.4 pkt/s  tot=11.997 Mbps 2034.8 pkt/s  late(win/tot)=117322/610429  worst_late(win/tot)=95.839/107.696 ms  drop_timing(win/tot)=34359/147858 pkt  drop_io(win/tot)=0/0 pkt  lost_samples(win/tot)=6184620/26614440  send_errors(win/tot)=0/0
2026-04-22 16:50:27 INFO STAT  crate=16  sent=725981 pkt  510.262 MB  win=11.355 Mbps 1925.8 pkt/s  tot=11.890 Mbps 2016.6 pkt/s  late(win/tot)=115552/725981  worst_late(win/tot)=104.630/107.696 ms  drop_timing(win/tot)=36086/183944 pkt  drop_io(win/tot)=0/0 pkt  lost_samples(win/tot)=6495480/33109920  send_errors(win/tot)=0/0
2026-04-22 16:51:27 INFO STAT  crate=16  sent=844486 pkt  593.554 MB  win=11.645 Mbps 1975.1 pkt/s  tot=11.855 Mbps 2010.7 pkt/s  late(win/tot)=118505/844486  worst_late(win/tot)=101.063/107.696 ms  drop_timing(win/tot)=33143/217087 pkt  drop_io(win/tot)=0/0 pkt  lost_samples(win/tot)=5965740/39075660  send_errors(win/tot)=0/0
2026-04-22 16:52:27 INFO STAT  crate=16  sent=961577 pkt  675.852 MB  win=11.506 Mbps 1951.5 pkt/s  tot=11.811 Mbps 2003.3 pkt/s  late(win/tot)=117091/961577  worst_late(win/tot)=99.143/107.696 ms  drop_timing(win/tot)=34582/251669 pkt  drop_io(win/tot)=0/0 pkt  lost_samples(win/tot)=6224760/45300420  send_errors(win/tot)=0/0
2026-04-22 16:53:27 INFO STAT  crate=16  sent=1078023 pkt  757.697 MB  win=11.443 Mbps 1940.8 pkt/s  tot=11.770 Mbps 1996.3 pkt/s  late(win/tot)=116446/1078023  worst_late(win/tot)=114.968/114.968 ms  drop_timing(win/tot)=35308/286977 pkt  drop_io(win/tot)=0/0 pkt  lost_samples(win/tot)=6355440/51655860  send_errors(win/tot)=0/0
2026-04-22 16:54:27 INFO STAT  crate=16  sent=1193508 pkt  838.867 MB  win=11.348 Mbps 1924.7 pkt/s  tot=11.728 Mbps 1989.2 pkt/s  late(win/tot)=115485/1193508  worst_late(win/tot)=108.600/114.968 ms  drop_timing(win/tot)=36081/323058 pkt  drop_io(win/tot)=0/0 pkt  lost_samples(win/tot)=6494580/58150440  send_errors(win/tot)=0/0
2026-04-22 16:55:27 INFO STAT  crate=16  sent=1306850 pkt  918.530 MB  win=11.138 Mbps 1889.1 pkt/s  tot=11.675 Mbps 1980.1 pkt/s  late(win/tot)=113342/1306850  worst_late(win/tot)=96.507/114.968 ms  drop_timing(win/tot)=38368/361426 pkt  drop_io(win/tot)=0/0 pkt  lost_samples(win/tot)=6906240/65056680  send_errors(win/tot)=0/0
2026-04-22 16:56:27 INFO STAT  crate=16  sent=1424691 pkt  1001.355 MB  win=11.580 Mbps 1964.0 pkt/s  tot=11.667 Mbps 1978.7 pkt/s  late(win/tot)=117841/1424691  worst_late(win/tot)=90.741/114.968 ms  drop_timing(win/tot)=33883/395309 pkt  drop_io(win/tot)=0/0 pkt  lost_samples(win/tot)=6098940/71155620  send_errors(win/tot)=0/0
2026-04-22 16:57:27 INFO STAT  crate=16  sent=1540160 pkt  1082.514 MB  win=11.347 Mbps 1924.5 pkt/s  tot=11.642 Mbps 1974.6 pkt/s  late(win/tot)=115469/1540160  worst_late(win/tot)=95.262/114.968 ms  drop_timing(win/tot)=36131/431440 pkt  drop_io(win/tot)=0/0 pkt  lost_samples(win/tot)=6503580/77659200  send_errors(win/tot)=0/0
2026-04-22 16:58:27 INFO STAT  crate=16  sent=1657568 pkt  1165.035 MB  win=11.537 Mbps 1956.8 pkt/s  tot=11.635 Mbps 1973.3 pkt/s  late(win/tot)=117408/1657568  worst_late(win/tot)=96.419/114.968 ms  drop_timing(win/tot)=34326/465766 pkt  drop_io(win/tot)=0/0 pkt  lost_samples(win/tot)=6178680/83837880  send_errors(win/tot)=0/0
2026-04-22 16:59:27 INFO STAT  crate=16  sent=1773089 pkt  1246.230 MB  win=11.352 Mbps 1925.4 pkt/s  tot=11.616 Mbps 1970.1 pkt/s  late(win/tot)=115521/1773089  worst_late(win/tot)=91.974/114.968 ms  drop_timing(win/tot)=36145/501911 pkt  drop_io(win/tot)=0/0 pkt  lost_samples(win/tot)=6506100/90343980  send_errors(win/tot)=0/0
2026-04-22 17:00:27 INFO STAT  crate=16  sent=1890593 pkt  1328.818 MB  win=11.547 Mbps 1958.4 pkt/s  tot=11.611 Mbps 1969.4 pkt/s  late(win/tot)=117504/1890593  worst_late(win/tot)=99.612/114.968 ms  drop_timing(win/tot)=34096/536007 pkt  drop_io(win/tot)=0/0 pkt  lost_samples(win/tot)=6137280/96481260  send_errors(win/tot)=0/0
2026-04-22 17:01:27 INFO STAT  crate=16  sent=2008862 pkt  1411.945 MB  win=11.622 Mbps 1971.2 pkt/s  tot=11.612 Mbps 1969.5 pkt/s  late(win/tot)=118269/2008862  worst_late(win/tot)=108.519/114.968 ms  drop_timing(win/tot)=33464/569471 pkt  drop_io(win/tot)=0/0 pkt  lost_samples(win/tot)=6023520/102504780  send_errors(win/tot)=0/0
2026-04-22 17:02:27 INFO STAT  crate=16  sent=2122352 pkt  1491.712 MB  win=11.152 Mbps 1891.5 pkt/s  tot=11.586 Mbps 1965.1 pkt/s  late(win/tot)=113490/2122352  worst_late(win/tot)=103.483/114.968 ms  drop_timing(win/tot)=38089/607560 pkt  drop_io(win/tot)=0/0 pkt  lost_samples(win/tot)=6856020/109360800  send_errors(win/tot)=0/0
2026-04-22 17:03:27 INFO STAT  crate=16  sent=2239744 pkt  1574.222 MB  win=11.536 Mbps 1956.5 pkt/s  tot=11.584 Mbps 1964.7 pkt/s  late(win/tot)=117392/2239744  worst_late(win/tot)=93.193/114.968 ms  drop_timing(win/tot)=34293/641853 pkt  drop_io(win/tot)=0/0 pkt  lost_samples(win/tot)=6172740/115533540  send_errors(win/tot)=0/0
2026-04-22 17:04:27 INFO STAT  crate=16  sent=2356835 pkt  1656.520 MB  win=11.506 Mbps 1951.5 pkt/s  tot=11.580 Mbps 1964.0 pkt/s  late(win/tot)=117091/2356835  worst_late(win/tot)=111.652/114.968 ms  drop_timing(win/tot)=34614/676467 pkt  drop_io(win/tot)=0/0 pkt  lost_samples(win/tot)=6230520/121764060  send_errors(win/tot)=0/0
2026-04-22 17:05:27 INFO STAT  crate=16  sent=2474041 pkt  1738.899 MB  win=11.517 Mbps 1953.4 pkt/s  tot=11.577 Mbps 1963.5 pkt/s  late(win/tot)=117206/2474041  worst_late(win/tot)=104.138/114.968 ms  drop_timing(win/tot)=34409/710876 pkt  drop_io(win/tot)=0/0 pkt  lost_samples(win/tot)=6193620/127957680  send_errors(win/tot)=0/0
2026-04-22 17:06:27 INFO STAT  crate=16  sent=2591402 pkt  1821.388 MB  win=11.532 Mbps 1955.9 pkt/s  tot=11.575 Mbps 1963.2 pkt/s  late(win/tot)=117361/2591402  worst_late(win/tot)=104.524/114.968 ms  drop_timing(win/tot)=34388/745264 pkt  drop_io(win/tot)=0/0 pkt  lost_samples(win/tot)=6189840/134147520  send_errors(win/tot)=0/0
2026-04-22 17:07:24 INFO STAT  crate=16  sent=2730000 pkt  1918.802 MB  win=14.445 Mbps 2450.0 pkt/s  tot=11.693 Mbps 1983.2 pkt/s  late(win/tot)=138598/2730000  worst_late(win/tot)=60.192/114.968 ms  drop_timing(win/tot)=610/745874 pkt  drop_io(win/tot)=0/0 pkt  lost_samples(win/tot)=109800/134257320  send_errors(win/tot)=0/0
2026-04-22 17:07:24 INFO Terminato
