2026-04-22 14:51:25 INFO Start crate=11 dst=131.154.99.225:6666
2026-04-22 14:51:25 INFO Streams=91  board=7  analog/board=12  digital_streams/board=1
2026-04-22 14:51:25 INFO Sample rate=5000 Hz  samples/pkt=180  pps/stream=27.777778  total_pps=2527.778
2026-04-22 14:51:25 INFO Packet len=737 B  expected throughput=14.904 Mbps
2026-04-22 14:51:25 INFO Analog FS=+/-10.000 V  noise_rms=0.010000 V  digital_flip_prob=0.002000
2026-04-22 14:52:25 INFO STAT  crate=11  sent=98213 pkt  69.030 MB  win=9.651 Mbps 1636.9 pkt/s  tot=9.651 Mbps 1636.9 pkt/s  late(win/tot)=98213/98213  worst_late(win/tot)=111.459/111.459 ms  drop_timing(win/tot)=53370/53370 pkt  drop_io(win/tot)=0/0 pkt  lost_samples(win/tot)=9606600/9606600  send_errors(win/tot)=0/0
2026-04-22 14:53:25 INFO STAT  crate=11  sent=189553 pkt  133.229 MB  win=8.975 Mbps 1522.2 pkt/s  tot=9.313 Mbps 1579.6 pkt/s  late(win/tot)=91340/189553  worst_late(win/tot)=112.981/112.981 ms  drop_timing(win/tot)=60337/113707 pkt  drop_io(win/tot)=0/0 pkt  lost_samples(win/tot)=10860660/20467260  send_errors(win/tot)=0/0
2026-04-22 14:54:25 INFO STAT  crate=11  sent=280668 pkt  197.270 MB  win=8.954 Mbps 1518.7 pkt/s  tot=9.193 Mbps 1559.3 pkt/s  late(win/tot)=91115/280668  worst_late(win/tot)=104.683/112.981 ms  drop_timing(win/tot)=60544/174251 pkt  drop_io(win/tot)=0/0 pkt  lost_samples(win/tot)=10897920/31365180  send_errors(win/tot)=0/0
2026-04-22 14:55:25 INFO STAT  crate=11  sent=371172 pkt  260.881 MB  win=8.893 Mbps 1508.3 pkt/s  tot=9.118 Mbps 1546.5 pkt/s  late(win/tot)=90504/371172  worst_late(win/tot)=110.312/112.981 ms  drop_timing(win/tot)=61202/235453 pkt  drop_io(win/tot)=0/0 pkt  lost_samples(win/tot)=11016360/42381540  send_errors(win/tot)=0/0
2026-04-22 14:56:25 INFO STAT  crate=11  sent=461816 pkt  324.591 MB  win=8.907 Mbps 1510.7 pkt/s  tot=9.076 Mbps 1539.4 pkt/s  late(win/tot)=90644/461816  worst_late(win/tot)=121.077/121.077 ms  drop_timing(win/tot)=60991/296444 pkt  drop_io(win/tot)=0/0 pkt  lost_samples(win/tot)=10978380/53359920  send_errors(win/tot)=0/0
2026-04-22 14:57:25 INFO STAT  crate=11  sent=552486 pkt  388.319 MB  win=8.910 Mbps 1511.2 pkt/s  tot=9.048 Mbps 1534.7 pkt/s  late(win/tot)=90670/552486  worst_late(win/tot)=121.416/121.416 ms  drop_timing(win/tot)=60987/357431 pkt  drop_io(win/tot)=0/0 pkt  lost_samples(win/tot)=10977660/64337580  send_errors(win/tot)=0/0
2026-04-22 14:58:25 INFO STAT  crate=11  sent=642098 pkt  451.304 MB  win=8.806 Mbps 1493.5 pkt/s  tot=9.014 Mbps 1528.8 pkt/s  late(win/tot)=89612/642098  worst_late(win/tot)=123.017/123.017 ms  drop_timing(win/tot)=62079/419510 pkt  drop_io(win/tot)=0/0 pkt  lost_samples(win/tot)=11174220/75511800  send_errors(win/tot)=0/0
2026-04-22 14:59:25 INFO STAT  crate=11  sent=732635 pkt  514.938 MB  win=8.897 Mbps 1509.0 pkt/s  tot=8.999 Mbps 1526.3 pkt/s  late(win/tot)=90537/732635  worst_late(win/tot)=124.350/124.350 ms  drop_timing(win/tot)=61128/480638 pkt  drop_io(win/tot)=0/0 pkt  lost_samples(win/tot)=11003040/86514840  send_errors(win/tot)=0/0
2026-04-22 15:00:25 INFO STAT  crate=11  sent=820925 pkt  576.994 MB  win=8.677 Mbps 1471.6 pkt/s  tot=8.963 Mbps 1520.2 pkt/s  late(win/tot)=88290/820925  worst_late(win/tot)=119.131/124.350 ms  drop_timing(win/tot)=63359/543997 pkt  drop_io(win/tot)=0/0 pkt  lost_samples(win/tot)=11404620/97919460  send_errors(win/tot)=0/0
2026-04-22 15:01:25 INFO STAT  crate=11  sent=912121 pkt  641.092 MB  win=8.961 Mbps 1519.9 pkt/s  tot=8.963 Mbps 1520.2 pkt/s  late(win/tot)=91196/912121  worst_late(win/tot)=111.729/124.350 ms  drop_timing(win/tot)=60473/604470 pkt  drop_io(win/tot)=0/0 pkt  lost_samples(win/tot)=10885140/108804600  send_errors(win/tot)=0/0
2026-04-22 15:02:25 INFO STAT  crate=11  sent=1002351 pkt  704.510 MB  win=8.867 Mbps 1503.9 pkt/s  tot=8.954 Mbps 1518.7 pkt/s  late(win/tot)=90230/1002351  worst_late(win/tot)=132.866/132.866 ms  drop_timing(win/tot)=61450/665920 pkt  drop_io(win/tot)=0/0 pkt  lost_samples(win/tot)=11061000/119865600  send_errors(win/tot)=0/0
2026-04-22 15:03:25 INFO STAT  crate=11  sent=1092242 pkt  767.691 MB  win=8.833 Mbps 1498.1 pkt/s  tot=8.944 Mbps 1517.0 pkt/s  late(win/tot)=89891/1092242  worst_late(win/tot)=111.657/132.866 ms  drop_timing(win/tot)=61787/727707 pkt  drop_io(win/tot)=0/0 pkt  lost_samples(win/tot)=11121660/130987260  send_errors(win/tot)=0/0
2026-04-22 15:04:25 INFO STAT  crate=11  sent=1181777 pkt  830.621 MB  win=8.799 Mbps 1492.3 pkt/s  tot=8.933 Mbps 1515.1 pkt/s  late(win/tot)=89535/1181777  worst_late(win/tot)=144.203/144.203 ms  drop_timing(win/tot)=62067/789774 pkt  drop_io(win/tot)=0/0 pkt  lost_samples(win/tot)=11172060/142159320  send_errors(win/tot)=0/0
2026-04-22 15:05:25 INFO STAT  crate=11  sent=1271576 pkt  893.737 MB  win=8.824 Mbps 1496.7 pkt/s  tot=8.925 Mbps 1513.8 pkt/s  late(win/tot)=89799/1271576  worst_late(win/tot)=132.377/144.203 ms  drop_timing(win/tot)=61907/851681 pkt  drop_io(win/tot)=0/0 pkt  lost_samples(win/tot)=11143260/153302580  send_errors(win/tot)=0/0
2026-04-22 15:06:25 INFO STAT  crate=11  sent=1362358 pkt  957.544 MB  win=8.921 Mbps 1513.0 pkt/s  tot=8.925 Mbps 1513.7 pkt/s  late(win/tot)=90782/1362358  worst_late(win/tot)=114.368/144.203 ms  drop_timing(win/tot)=60894/912575 pkt  drop_io(win/tot)=0/0 pkt  lost_samples(win/tot)=10960920/164263500  send_errors(win/tot)=0/0
2026-04-22 15:07:25 INFO STAT  crate=11  sent=1452187 pkt  1020.681 MB  win=8.827 Mbps 1497.1 pkt/s  tot=8.919 Mbps 1512.7 pkt/s  late(win/tot)=89829/1452187  worst_late(win/tot)=104.560/144.203 ms  drop_timing(win/tot)=61853/974428 pkt  drop_io(win/tot)=0/0 pkt  lost_samples(win/tot)=11133540/175397040  send_errors(win/tot)=0/0
2026-04-22 15:08:25 INFO STAT  crate=11  sent=1544155 pkt  1085.322 MB  win=9.037 Mbps 1532.8 pkt/s  tot=8.926 Mbps 1513.9 pkt/s  late(win/tot)=91968/1544155  worst_late(win/tot)=122.441/144.203 ms  drop_timing(win/tot)=59671/1034099 pkt  drop_io(win/tot)=0/0 pkt  lost_samples(win/tot)=10740780/186137820  send_errors(win/tot)=0/0
2026-04-22 15:09:25 INFO STAT  crate=11  sent=1633233 pkt  1147.931 MB  win=8.754 Mbps 1484.7 pkt/s  tot=8.916 Mbps 1512.3 pkt/s  late(win/tot)=89078/1633233  worst_late(win/tot)=136.840/144.203 ms  drop_timing(win/tot)=62574/1096673 pkt  drop_io(win/tot)=0/0 pkt  lost_samples(win/tot)=11263320/197401140  send_errors(win/tot)=0/0
2026-04-22 15:10:25 INFO STAT  crate=11  sent=1723289 pkt  1211.227 MB  win=8.849 Mbps 1500.9 pkt/s  tot=8.913 Mbps 1511.7 pkt/s  late(win/tot)=90056/1723289  worst_late(win/tot)=127.997/144.203 ms  drop_timing(win/tot)=61629/1158302 pkt  drop_io(win/tot)=0/0 pkt  lost_samples(win/tot)=11093220/208494360  send_errors(win/tot)=0/0
2026-04-22 15:11:25 INFO STAT  crate=11  sent=1813667 pkt  1274.750 MB  win=8.880 Mbps 1506.1 pkt/s  tot=8.911 Mbps 1511.4 pkt/s  late(win/tot)=90378/1813667  worst_late(win/tot)=119.343/144.203 ms  drop_timing(win/tot)=61293/1219595 pkt  drop_io(win/tot)=0/0 pkt  lost_samples(win/tot)=11032740/219527100  send_errors(win/tot)=0/0
2026-04-22 15:12:25 INFO STAT  crate=11  sent=1905052 pkt  1338.981 MB  win=8.981 Mbps 1523.2 pkt/s  tot=8.914 Mbps 1511.9 pkt/s  late(win/tot)=91385/1905052  worst_late(win/tot)=110.571/144.203 ms  drop_timing(win/tot)=60299/1279894 pkt  drop_io(win/tot)=0/0 pkt  lost_samples(win/tot)=10853820/230380920  send_errors(win/tot)=0/0
2026-04-22 15:13:25 INFO STAT  crate=11  sent=1996127 pkt  1402.994 MB  win=8.950 Mbps 1517.9 pkt/s  tot=8.916 Mbps 1512.2 pkt/s  late(win/tot)=91075/1996127  worst_late(win/tot)=115.055/144.203 ms  drop_timing(win/tot)=60579/1340473 pkt  drop_io(win/tot)=0/0 pkt  lost_samples(win/tot)=10904220/241285140  send_errors(win/tot)=0/0
2026-04-22 15:14:25 INFO STAT  crate=11  sent=2087095 pkt  1466.931 MB  win=8.939 Mbps 1516.1 pkt/s  tot=8.917 Mbps 1512.4 pkt/s  late(win/tot)=90968/2087095  worst_late(win/tot)=122.003/144.203 ms  drop_timing(win/tot)=60696/1401169 pkt  drop_io(win/tot)=0/0 pkt  lost_samples(win/tot)=10925280/252210420  send_errors(win/tot)=0/0
2026-04-22 15:15:25 INFO STAT  crate=11  sent=2176551 pkt  1529.806 MB  win=8.791 Mbps 1490.9 pkt/s  tot=8.912 Mbps 1511.5 pkt/s  late(win/tot)=89456/2176551  worst_late(win/tot)=130.944/144.203 ms  drop_timing(win/tot)=62205/1463374 pkt  drop_io(win/tot)=0/0 pkt  lost_samples(win/tot)=11196900/263407320  send_errors(win/tot)=0/0
2026-04-22 15:16:25 INFO STAT  crate=11  sent=2266008 pkt  1592.682 MB  win=8.791 Mbps 1491.0 pkt/s  tot=8.907 Mbps 1510.7 pkt/s  late(win/tot)=89457/2266008  worst_late(win/tot)=120.997/144.203 ms  drop_timing(win/tot)=62216/1525590 pkt  drop_io(win/tot)=0/0 pkt  lost_samples(win/tot)=11198880/274606200  send_errors(win/tot)=0/0
2026-04-22 15:17:25 INFO STAT  crate=11  sent=2355886 pkt  1655.853 MB  win=8.832 Mbps 1498.0 pkt/s  tot=8.904 Mbps 1510.2 pkt/s  late(win/tot)=89878/2355886  worst_late(win/tot)=119.521/144.203 ms  drop_timing(win/tot)=61797/1587387 pkt  drop_io(win/tot)=0/0 pkt  lost_samples(win/tot)=11123460/285729660  send_errors(win/tot)=0/0
2026-04-22 15:18:25 INFO STAT  crate=11  sent=2445553 pkt  1718.876 MB  win=8.811 Mbps 1494.5 pkt/s  tot=8.901 Mbps 1509.6 pkt/s  late(win/tot)=89667/2445553  worst_late(win/tot)=120.952/144.203 ms  drop_timing(win/tot)=61994/1649381 pkt  drop_io(win/tot)=0/0 pkt  lost_samples(win/tot)=11158920/296888580  send_errors(win/tot)=0/0
2026-04-22 15:19:25 INFO STAT  crate=11  sent=2540005 pkt  1785.263 MB  win=9.282 Mbps 1574.3 pkt/s  tot=8.914 Mbps 1511.9 pkt/s  late(win/tot)=94452/2540005  worst_late(win/tot)=125.186/144.203 ms  drop_timing(win/tot)=57194/1706575 pkt  drop_io(win/tot)=0/0 pkt  lost_samples(win/tot)=10294920/307183500  send_errors(win/tot)=0/0
2026-04-22 15:20:25 INFO STAT  crate=11  sent=2631065 pkt  1849.265 MB  win=8.948 Mbps 1517.6 pkt/s  tot=8.915 Mbps 1512.1 pkt/s  late(win/tot)=91060/2631065  worst_late(win/tot)=127.308/144.203 ms  drop_timing(win/tot)=60576/1767151 pkt  drop_io(win/tot)=0/0 pkt  lost_samples(win/tot)=10903680/318087180  send_errors(win/tot)=0/0
2026-04-22 15:21:24 INFO STAT  crate=11  sent=2730000 pkt  1918.802 MB  win=9.903 Mbps 1679.6 pkt/s  tot=8.948 Mbps 1517.6 pkt/s  late(win/tot)=98935/2730000  worst_late(win/tot)=105.126/144.203 ms  drop_timing(win/tot)=49404/1816555 pkt  drop_io(win/tot)=0/0 pkt  lost_samples(win/tot)=8892720/326979900  send_errors(win/tot)=0/0
2026-04-22 15:21:24 INFO Terminato
