2026-04-22 14:50:13 INFO Start crate=9 dst=131.154.99.225:6666
2026-04-22 14:50:13 INFO Streams=91  board=7  analog/board=12  digital_streams/board=1
2026-04-22 14:50:13 INFO Sample rate=5000 Hz  samples/pkt=180  pps/stream=27.777778  total_pps=2527.778
2026-04-22 14:50:13 INFO Packet len=737 B  expected throughput=14.904 Mbps
2026-04-22 14:50:13 INFO Analog FS=+/-10.000 V  noise_rms=0.010000 V  digital_flip_prob=0.002000
2026-04-22 14:51:13 INFO STAT  crate=9  sent=88254 pkt  62.030 MB  win=8.672 Mbps 1470.9 pkt/s  tot=8.672 Mbps 1470.9 pkt/s  late(win/tot)=88254/88254  worst_late(win/tot)=103.935/103.935 ms  drop_timing(win/tot)=63336/63336 pkt  drop_io(win/tot)=0/0 pkt  lost_samples(win/tot)=11400480/11400480  send_errors(win/tot)=0/0
2026-04-22 14:52:13 INFO STAT  crate=9  sent=169575 pkt  119.187 MB  win=7.991 Mbps 1355.4 pkt/s  tot=8.332 Mbps 1413.1 pkt/s  late(win/tot)=81321/169575  worst_late(win/tot)=109.905/109.905 ms  drop_timing(win/tot)=70343/133679 pkt  drop_io(win/tot)=0/0 pkt  lost_samples(win/tot)=12661740/24062220  send_errors(win/tot)=0/0
2026-04-22 14:53:13 INFO STAT  crate=9  sent=258733 pkt  181.853 MB  win=8.761 Mbps 1485.9 pkt/s  tot=8.475 Mbps 1437.4 pkt/s  late(win/tot)=89158/258733  worst_late(win/tot)=113.958/113.958 ms  drop_timing(win/tot)=62479/196158 pkt  drop_io(win/tot)=0/0 pkt  lost_samples(win/tot)=11246220/35308440  send_errors(win/tot)=0/0
2026-04-22 14:54:13 INFO STAT  crate=9  sent=343564 pkt  241.477 MB  win=8.336 Mbps 1413.9 pkt/s  tot=8.440 Mbps 1431.5 pkt/s  late(win/tot)=84831/343564  worst_late(win/tot)=118.365/118.365 ms  drop_timing(win/tot)=66841/262999 pkt  drop_io(win/tot)=0/0 pkt  lost_samples(win/tot)=12031380/47339820  send_errors(win/tot)=0/0
2026-04-22 14:55:13 INFO STAT  crate=9  sent=424322 pkt  298.238 MB  win=7.936 Mbps 1346.0 pkt/s  tot=8.339 Mbps 1414.4 pkt/s  late(win/tot)=80758/424322  worst_late(win/tot)=131.856/131.856 ms  drop_timing(win/tot)=70910/333909 pkt  drop_io(win/tot)=0/0 pkt  lost_samples(win/tot)=12763800/60103620  send_errors(win/tot)=0/0
2026-04-22 14:56:13 INFO STAT  crate=9  sent=510597 pkt  358.877 MB  win=8.478 Mbps 1437.9 pkt/s  tot=8.362 Mbps 1418.3 pkt/s  late(win/tot)=86275/510597  worst_late(win/tot)=122.909/131.856 ms  drop_timing(win/tot)=65434/399343 pkt  drop_io(win/tot)=0/0 pkt  lost_samples(win/tot)=11778120/71881740  send_errors(win/tot)=0/0
2026-04-22 14:57:13 INFO STAT  crate=9  sent=593986 pkt  417.488 MB  win=8.194 Mbps 1389.8 pkt/s  tot=8.338 Mbps 1414.3 pkt/s  late(win/tot)=83389/593986  worst_late(win/tot)=106.474/131.856 ms  drop_timing(win/tot)=68239/467582 pkt  drop_io(win/tot)=0/0 pkt  lost_samples(win/tot)=12283020/84164760  send_errors(win/tot)=0/0
2026-04-22 14:58:13 INFO STAT  crate=9  sent=677401 pkt  476.117 MB  win=8.197 Mbps 1390.2 pkt/s  tot=8.321 Mbps 1411.2 pkt/s  late(win/tot)=83415/677401  worst_late(win/tot)=117.009/131.856 ms  drop_timing(win/tot)=68247/535829 pkt  drop_io(win/tot)=0/0 pkt  lost_samples(win/tot)=12284460/96449220  send_errors(win/tot)=0/0
2026-04-22 14:59:13 INFO STAT  crate=9  sent=763535 pkt  536.657 MB  win=8.464 Mbps 1435.6 pkt/s  tot=8.337 Mbps 1414.0 pkt/s  late(win/tot)=86134/763535  worst_late(win/tot)=116.563/131.856 ms  drop_timing(win/tot)=65590/601419 pkt  drop_io(win/tot)=0/0 pkt  lost_samples(win/tot)=11806200/108255420  send_errors(win/tot)=0/0
2026-04-22 15:00:13 INFO STAT  crate=9  sent=850217 pkt  597.582 MB  win=8.518 Mbps 1444.7 pkt/s  tot=8.355 Mbps 1417.0 pkt/s  late(win/tot)=86682/850217  worst_late(win/tot)=108.414/131.856 ms  drop_timing(win/tot)=64974/666393 pkt  drop_io(win/tot)=0/0 pkt  lost_samples(win/tot)=11695320/119950740  send_errors(win/tot)=0/0
2026-04-22 15:01:13 INFO STAT  crate=9  sent=933292 pkt  655.972 MB  win=8.163 Mbps 1384.5 pkt/s  tot=8.337 Mbps 1414.1 pkt/s  late(win/tot)=83075/933292  worst_late(win/tot)=115.012/131.856 ms  drop_timing(win/tot)=68550/734943 pkt  drop_io(win/tot)=0/0 pkt  lost_samples(win/tot)=12339000/132289740  send_errors(win/tot)=0/0
2026-04-22 15:02:13 INFO STAT  crate=9  sent=1030374 pkt  724.207 MB  win=9.540 Mbps 1618.1 pkt/s  tot=8.438 Mbps 1431.1 pkt/s  late(win/tot)=97082/1030374  worst_late(win/tot)=114.605/131.856 ms  drop_timing(win/tot)=54576/789519 pkt  drop_io(win/tot)=0/0 pkt  lost_samples(win/tot)=9823680/142113420  send_errors(win/tot)=0/0
2026-04-22 15:03:13 INFO STAT  crate=9  sent=1112845 pkt  782.172 MB  win=8.104 Mbps 1374.5 pkt/s  tot=8.412 Mbps 1426.7 pkt/s  late(win/tot)=82471/1112845  worst_late(win/tot)=112.872/131.856 ms  drop_timing(win/tot)=69198/858717 pkt  drop_io(win/tot)=0/0 pkt  lost_samples(win/tot)=12455640/154569060  send_errors(win/tot)=0/0
2026-04-22 15:04:13 INFO STAT  crate=9  sent=1200108 pkt  843.505 MB  win=8.575 Mbps 1454.4 pkt/s  tot=8.424 Mbps 1428.7 pkt/s  late(win/tot)=87263/1200108  worst_late(win/tot)=109.466/131.856 ms  drop_timing(win/tot)=64478/923195 pkt  drop_io(win/tot)=0/0 pkt  lost_samples(win/tot)=11606040/166175100  send_errors(win/tot)=0/0
2026-04-22 15:05:13 INFO STAT  crate=9  sent=1284988 pkt  903.164 MB  win=8.341 Mbps 1414.7 pkt/s  tot=8.418 Mbps 1427.8 pkt/s  late(win/tot)=84880/1284988  worst_late(win/tot)=116.033/131.856 ms  drop_timing(win/tot)=66703/989898 pkt  drop_io(win/tot)=0/0 pkt  lost_samples(win/tot)=12006540/178181640  send_errors(win/tot)=0/0
2026-04-22 15:06:13 INFO STAT  crate=9  sent=1374904 pkt  966.362 MB  win=8.836 Mbps 1498.6 pkt/s  tot=8.444 Mbps 1432.2 pkt/s  late(win/tot)=89916/1374904  worst_late(win/tot)=113.192/131.856 ms  drop_timing(win/tot)=61789/1051687 pkt  drop_io(win/tot)=0/0 pkt  lost_samples(win/tot)=11122020/189303660  send_errors(win/tot)=0/0
2026-04-22 15:07:13 INFO STAT  crate=9  sent=1458439 pkt  1025.075 MB  win=8.208 Mbps 1392.2 pkt/s  tot=8.430 Mbps 1429.8 pkt/s  late(win/tot)=83535/1458439  worst_late(win/tot)=123.900/131.856 ms  drop_timing(win/tot)=68106/1119793 pkt  drop_io(win/tot)=0/0 pkt  lost_samples(win/tot)=12259080/201562740  send_errors(win/tot)=0/0
2026-04-22 15:08:13 INFO STAT  crate=9  sent=1548806 pkt  1088.591 MB  win=8.880 Mbps 1506.2 pkt/s  tot=8.455 Mbps 1434.1 pkt/s  late(win/tot)=90367/1548806  worst_late(win/tot)=118.236/131.856 ms  drop_timing(win/tot)=61380/1181173 pkt  drop_io(win/tot)=0/0 pkt  lost_samples(win/tot)=11048400/212611140  send_errors(win/tot)=0/0
2026-04-22 15:09:13 INFO STAT  crate=9  sent=1631543 pkt  1146.743 MB  win=8.130 Mbps 1378.9 pkt/s  tot=8.438 Mbps 1431.2 pkt/s  late(win/tot)=82737/1631543  worst_late(win/tot)=113.518/131.856 ms  drop_timing(win/tot)=68843/1250016 pkt  drop_io(win/tot)=0/0 pkt  lost_samples(win/tot)=12391740/225002880  send_errors(win/tot)=0/0
2026-04-22 15:10:13 INFO STAT  crate=9  sent=1714381 pkt  1204.966 MB  win=8.141 Mbps 1380.7 pkt/s  tot=8.423 Mbps 1428.7 pkt/s  late(win/tot)=82838/1714381  worst_late(win/tot)=120.151/131.856 ms  drop_timing(win/tot)=68847/1318863 pkt  drop_io(win/tot)=0/0 pkt  lost_samples(win/tot)=12392460/237395340  send_errors(win/tot)=0/0
2026-04-22 15:11:13 INFO STAT  crate=9  sent=1802813 pkt  1267.121 MB  win=8.689 Mbps 1473.7 pkt/s  tot=8.436 Mbps 1430.8 pkt/s  late(win/tot)=88432/1802813  worst_late(win/tot)=105.788/131.856 ms  drop_timing(win/tot)=63221/1382084 pkt  drop_io(win/tot)=0/0 pkt  lost_samples(win/tot)=11379780/248775120  send_errors(win/tot)=0/0
2026-04-22 15:12:13 INFO STAT  crate=9  sent=1885990 pkt  1325.583 MB  win=8.174 Mbps 1386.4 pkt/s  tot=8.424 Mbps 1428.8 pkt/s  late(win/tot)=83177/1885990  worst_late(win/tot)=114.764/131.856 ms  drop_timing(win/tot)=68547/1450631 pkt  drop_io(win/tot)=0/0 pkt  lost_samples(win/tot)=12338460/261113580  send_errors(win/tot)=0/0
2026-04-22 15:13:13 INFO STAT  crate=9  sent=1973336 pkt  1386.975 MB  win=8.583 Mbps 1455.8 pkt/s  tot=8.431 Mbps 1430.0 pkt/s  late(win/tot)=87346/1973336  worst_late(win/tot)=110.443/131.856 ms  drop_timing(win/tot)=64261/1514892 pkt  drop_io(win/tot)=0/0 pkt  lost_samples(win/tot)=11566980/272680560  send_errors(win/tot)=0/0
2026-04-22 15:14:13 INFO STAT  crate=9  sent=2053357 pkt  1443.218 MB  win=7.863 Mbps 1333.7 pkt/s  tot=8.407 Mbps 1425.9 pkt/s  late(win/tot)=80021/2053357  worst_late(win/tot)=106.495/131.856 ms  drop_timing(win/tot)=71647/1586539 pkt  drop_io(win/tot)=0/0 pkt  lost_samples(win/tot)=12896460/285577020  send_errors(win/tot)=0/0
2026-04-22 15:15:13 INFO STAT  crate=9  sent=2145066 pkt  1507.677 MB  win=9.012 Mbps 1528.5 pkt/s  tot=8.432 Mbps 1430.0 pkt/s  late(win/tot)=91709/2145066  worst_late(win/tot)=112.648/131.856 ms  drop_timing(win/tot)=59957/1646496 pkt  drop_io(win/tot)=0/0 pkt  lost_samples(win/tot)=10792260/296369280  send_errors(win/tot)=0/0
2026-04-22 15:16:13 INFO STAT  crate=9  sent=2232987 pkt  1569.473 MB  win=8.639 Mbps 1465.3 pkt/s  tot=8.440 Mbps 1431.4 pkt/s  late(win/tot)=87921/2232987  worst_late(win/tot)=115.473/131.856 ms  drop_timing(win/tot)=63730/1710226 pkt  drop_io(win/tot)=0/0 pkt  lost_samples(win/tot)=11471400/307840680  send_errors(win/tot)=0/0
2026-04-22 15:17:13 INFO STAT  crate=9  sent=2315059 pkt  1627.158 MB  win=8.065 Mbps 1367.9 pkt/s  tot=8.426 Mbps 1429.0 pkt/s  late(win/tot)=82072/2315059  worst_late(win/tot)=114.003/131.856 ms  drop_timing(win/tot)=69611/1779837 pkt  drop_io(win/tot)=0/0 pkt  lost_samples(win/tot)=12529980/320370660  send_errors(win/tot)=0/0
2026-04-22 15:18:13 INFO STAT  crate=9  sent=2400261 pkt  1687.043 MB  win=8.373 Mbps 1420.1 pkt/s  tot=8.424 Mbps 1428.7 pkt/s  late(win/tot)=85202/2400261  worst_late(win/tot)=117.271/131.856 ms  drop_timing(win/tot)=66553/1846390 pkt  drop_io(win/tot)=0/0 pkt  lost_samples(win/tot)=11979540/332350200  send_errors(win/tot)=0/0
2026-04-22 15:19:13 INFO STAT  crate=9  sent=2497410 pkt  1755.325 MB  win=9.546 Mbps 1619.1 pkt/s  tot=8.462 Mbps 1435.3 pkt/s  late(win/tot)=97149/2497410  worst_late(win/tot)=142.782/142.782 ms  drop_timing(win/tot)=54509/1900899 pkt  drop_io(win/tot)=0/0 pkt  lost_samples(win/tot)=9811620/342161820  send_errors(win/tot)=0/0
2026-04-22 15:20:13 INFO STAT  crate=9  sent=2624617 pkt  1844.733 MB  win=12.500 Mbps 2120.1 pkt/s  tot=8.597 Mbps 1458.1 pkt/s  late(win/tot)=127207/2624617  worst_late(win/tot)=82.682/142.782 ms  drop_timing(win/tot)=24424/1925323 pkt  drop_io(win/tot)=0/0 pkt  lost_samples(win/tot)=4396320/346558140  send_errors(win/tot)=0/0
2026-04-22 15:21:01 INFO STAT  crate=9  sent=2730000 pkt  1918.802 MB  win=13.013 Mbps 2207.2 pkt/s  tot=8.711 Mbps 1477.5 pkt/s  late(win/tot)=105383/2730000  worst_late(win/tot)=48.841/142.782 ms  drop_timing(win/tot)=15343/1940666 pkt  drop_io(win/tot)=0/0 pkt  lost_samples(win/tot)=2761740/349319880  send_errors(win/tot)=0/0
2026-04-22 15:21:01 INFO Terminato
