2026-04-22 16:41:14 INFO Start crate=9 dst=131.154.99.225:6666
2026-04-22 16:41:14 INFO Streams=91  board=7  analog/board=12  digital_streams/board=1
2026-04-22 16:41:14 INFO Sample rate=5000 Hz  samples/pkt=180  pps/stream=27.777778  total_pps=2527.778
2026-04-22 16:41:14 INFO Packet len=737 B  expected throughput=14.904 Mbps
2026-04-22 16:41:14 INFO Analog FS=+/-10.000 V  noise_rms=0.010000 V  digital_flip_prob=0.002000
2026-04-22 16:42:14 INFO STAT  crate=9  sent=84055 pkt  59.079 MB  win=8.260 Mbps 1400.9 pkt/s  tot=8.260 Mbps 1400.9 pkt/s  late(win/tot)=84055/84055  worst_late(win/tot)=119.798/119.798 ms  drop_timing(win/tot)=67522/67522 pkt  drop_io(win/tot)=0/0 pkt  lost_samples(win/tot)=12153960/12153960  send_errors(win/tot)=0/0
2026-04-22 16:43:14 INFO STAT  crate=9  sent=169358 pkt  119.035 MB  win=8.382 Mbps 1421.7 pkt/s  tot=8.321 Mbps 1411.3 pkt/s  late(win/tot)=85303/169358  worst_late(win/tot)=109.797/119.798 ms  drop_timing(win/tot)=66351/133873 pkt  drop_io(win/tot)=0/0 pkt  lost_samples(win/tot)=11943180/24097140  send_errors(win/tot)=0/0
2026-04-22 16:44:14 INFO STAT  crate=9  sent=251606 pkt  176.843 MB  win=8.082 Mbps 1370.8 pkt/s  tot=8.241 Mbps 1397.8 pkt/s  late(win/tot)=82248/251606  worst_late(win/tot)=119.022/119.798 ms  drop_timing(win/tot)=69419/203292 pkt  drop_io(win/tot)=0/0 pkt  lost_samples(win/tot)=12495420/36592560  send_errors(win/tot)=0/0
2026-04-22 16:45:14 INFO STAT  crate=9  sent=337398 pkt  237.143 MB  win=8.431 Mbps 1429.9 pkt/s  tot=8.289 Mbps 1405.8 pkt/s  late(win/tot)=85792/337398  worst_late(win/tot)=107.332/119.798 ms  drop_timing(win/tot)=65886/269178 pkt  drop_io(win/tot)=0/0 pkt  lost_samples(win/tot)=11859480/48452040  send_errors(win/tot)=0/0
2026-04-22 16:46:14 INFO STAT  crate=9  sent=419027 pkt  294.516 MB  win=8.021 Mbps 1360.5 pkt/s  tot=8.235 Mbps 1396.8 pkt/s  late(win/tot)=81629/419027  worst_late(win/tot)=121.271/121.271 ms  drop_timing(win/tot)=70024/339202 pkt  drop_io(win/tot)=0/0 pkt  lost_samples(win/tot)=12604320/61056360  send_errors(win/tot)=0/0
2026-04-22 16:47:14 INFO STAT  crate=9  sent=506155 pkt  355.755 MB  win=8.561 Mbps 1452.0 pkt/s  tot=8.290 Mbps 1406.0 pkt/s  late(win/tot)=87128/506155  worst_late(win/tot)=116.583/121.271 ms  drop_timing(win/tot)=64532/403734 pkt  drop_io(win/tot)=0/0 pkt  lost_samples(win/tot)=11615760/72672120  send_errors(win/tot)=0/0
2026-04-22 16:48:14 INFO STAT  crate=9  sent=590753 pkt  415.215 MB  win=8.313 Mbps 1410.0 pkt/s  tot=8.293 Mbps 1406.5 pkt/s  late(win/tot)=84598/590753  worst_late(win/tot)=118.688/121.271 ms  drop_timing(win/tot)=67073/470807 pkt  drop_io(win/tot)=0/0 pkt  lost_samples(win/tot)=12073140/84745260  send_errors(win/tot)=0/0
2026-04-22 16:49:14 INFO STAT  crate=9  sent=674725 pkt  474.236 MB  win=8.252 Mbps 1399.7 pkt/s  tot=8.288 Mbps 1405.7 pkt/s  late(win/tot)=83972/674725  worst_late(win/tot)=109.831/121.271 ms  drop_timing(win/tot)=67692/538499 pkt  drop_io(win/tot)=0/0 pkt  lost_samples(win/tot)=12184560/96929820  send_errors(win/tot)=0/0
2026-04-22 16:50:14 INFO STAT  crate=9  sent=763925 pkt  536.931 MB  win=8.765 Mbps 1486.7 pkt/s  tot=8.341 Mbps 1414.7 pkt/s  late(win/tot)=89200/763925  worst_late(win/tot)=117.155/121.271 ms  drop_timing(win/tot)=62465/600964 pkt  drop_io(win/tot)=0/0 pkt  lost_samples(win/tot)=11243700/108173520  send_errors(win/tot)=0/0
2026-04-22 16:51:14 INFO STAT  crate=9  sent=843201 pkt  592.651 MB  win=7.790 Mbps 1321.3 pkt/s  tot=8.286 Mbps 1405.3 pkt/s  late(win/tot)=79276/843201  worst_late(win/tot)=114.787/121.271 ms  drop_timing(win/tot)=72436/673400 pkt  drop_io(win/tot)=0/0 pkt  lost_samples(win/tot)=13038480/121212000  send_errors(win/tot)=0/0
2026-04-22 16:52:14 INFO STAT  crate=9  sent=925710 pkt  650.643 MB  win=8.108 Mbps 1375.1 pkt/s  tot=8.270 Mbps 1402.6 pkt/s  late(win/tot)=82509/925710  worst_late(win/tot)=108.526/121.271 ms  drop_timing(win/tot)=69160/742560 pkt  drop_io(win/tot)=0/0 pkt  lost_samples(win/tot)=12448800/133660800  send_errors(win/tot)=0/0
2026-04-22 16:53:14 INFO STAT  crate=9  sent=1007570 pkt  708.179 MB  win=8.044 Mbps 1364.3 pkt/s  tot=8.251 Mbps 1399.4 pkt/s  late(win/tot)=81860/1007570  worst_late(win/tot)=126.498/126.498 ms  drop_timing(win/tot)=69783/812343 pkt  drop_io(win/tot)=0/0 pkt  lost_samples(win/tot)=12560940/146221740  send_errors(win/tot)=0/0
2026-04-22 16:54:14 INFO STAT  crate=9  sent=1093018 pkt  768.236 MB  win=8.397 Mbps 1424.1 pkt/s  tot=8.262 Mbps 1401.3 pkt/s  late(win/tot)=85448/1093018  worst_late(win/tot)=109.706/126.498 ms  drop_timing(win/tot)=66262/878605 pkt  drop_io(win/tot)=0/0 pkt  lost_samples(win/tot)=11927160/158148900  send_errors(win/tot)=0/0
2026-04-22 16:55:14 INFO STAT  crate=9  sent=1175183 pkt  825.987 MB  win=8.074 Mbps 1369.4 pkt/s  tot=8.249 Mbps 1399.0 pkt/s  late(win/tot)=82165/1175183  worst_late(win/tot)=116.184/126.498 ms  drop_timing(win/tot)=69487/948092 pkt  drop_io(win/tot)=0/0 pkt  lost_samples(win/tot)=12507660/170656560  send_errors(win/tot)=0/0
2026-04-22 16:56:14 INFO STAT  crate=9  sent=1263432 pkt  888.013 MB  win=8.672 Mbps 1470.8 pkt/s  tot=8.277 Mbps 1403.8 pkt/s  late(win/tot)=88249/1263432  worst_late(win/tot)=108.854/126.498 ms  drop_timing(win/tot)=63375/1011467 pkt  drop_io(win/tot)=0/0 pkt  lost_samples(win/tot)=11407500/182064060  send_errors(win/tot)=0/0
2026-04-22 16:57:14 INFO STAT  crate=9  sent=1344122 pkt  944.727 MB  win=7.929 Mbps 1344.9 pkt/s  tot=8.255 Mbps 1400.1 pkt/s  late(win/tot)=80690/1344122  worst_late(win/tot)=127.050/127.050 ms  drop_timing(win/tot)=71037/1082504 pkt  drop_io(win/tot)=0/0 pkt  lost_samples(win/tot)=12786660/194850720  send_errors(win/tot)=0/0
2026-04-22 16:58:14 INFO STAT  crate=9  sent=1426934 pkt  1002.932 MB  win=8.137 Mbps 1380.1 pkt/s  tot=8.248 Mbps 1399.0 pkt/s  late(win/tot)=82812/1426934  worst_late(win/tot)=106.562/127.050 ms  drop_timing(win/tot)=68803/1151307 pkt  drop_io(win/tot)=0/0 pkt  lost_samples(win/tot)=12384540/207235260  send_errors(win/tot)=0/0
2026-04-22 16:59:14 INFO STAT  crate=9  sent=1511174 pkt  1062.141 MB  win=8.278 Mbps 1404.1 pkt/s  tot=8.250 Mbps 1399.2 pkt/s  late(win/tot)=84240/1511174  worst_late(win/tot)=114.485/127.050 ms  drop_timing(win/tot)=67414/1218721 pkt  drop_io(win/tot)=0/0 pkt  lost_samples(win/tot)=12134520/219369780  send_errors(win/tot)=0/0
2026-04-22 17:00:14 INFO STAT  crate=9  sent=1589727 pkt  1117.352 MB  win=7.719 Mbps 1309.2 pkt/s  tot=8.222 Mbps 1394.5 pkt/s  late(win/tot)=78553/1589727  worst_late(win/tot)=106.682/127.050 ms  drop_timing(win/tot)=73103/1291824 pkt  drop_io(win/tot)=0/0 pkt  lost_samples(win/tot)=13158540/232528320  send_errors(win/tot)=0/0
2026-04-22 17:01:14 INFO STAT  crate=9  sent=1680128 pkt  1180.891 MB  win=8.883 Mbps 1506.7 pkt/s  tot=8.255 Mbps 1400.1 pkt/s  late(win/tot)=90401/1680128  worst_late(win/tot)=106.584/127.050 ms  drop_timing(win/tot)=61346/1353170 pkt  drop_io(win/tot)=0/0 pkt  lost_samples(win/tot)=11042280/243570600  send_errors(win/tot)=0/0
2026-04-22 17:02:14 INFO STAT  crate=9  sent=1767941 pkt  1242.611 MB  win=8.629 Mbps 1463.5 pkt/s  tot=8.273 Mbps 1403.1 pkt/s  late(win/tot)=87813/1767941  worst_late(win/tot)=122.973/127.050 ms  drop_timing(win/tot)=63775/1416945 pkt  drop_io(win/tot)=0/0 pkt  lost_samples(win/tot)=11479500/255050100  send_errors(win/tot)=0/0
2026-04-22 17:03:14 INFO STAT  crate=9  sent=1850096 pkt  1300.355 MB  win=8.073 Mbps 1369.2 pkt/s  tot=8.264 Mbps 1401.6 pkt/s  late(win/tot)=82155/1850096  worst_late(win/tot)=112.938/127.050 ms  drop_timing(win/tot)=69540/1486485 pkt  drop_io(win/tot)=0/0 pkt  lost_samples(win/tot)=12517200/267567300  send_errors(win/tot)=0/0
2026-04-22 17:04:14 INFO STAT  crate=9  sent=1934374 pkt  1359.590 MB  win=8.282 Mbps 1404.7 pkt/s  tot=8.265 Mbps 1401.7 pkt/s  late(win/tot)=84278/1934374  worst_late(win/tot)=119.709/127.050 ms  drop_timing(win/tot)=67367/1553852 pkt  drop_io(win/tot)=0/0 pkt  lost_samples(win/tot)=12126060/279693360  send_errors(win/tot)=0/0
2026-04-22 17:05:14 INFO STAT  crate=9  sent=2011291 pkt  1413.652 MB  win=7.558 Mbps 1282.0 pkt/s  tot=8.235 Mbps 1396.7 pkt/s  late(win/tot)=76917/2011291  worst_late(win/tot)=120.404/127.050 ms  drop_timing(win/tot)=74733/1628585 pkt  drop_io(win/tot)=0/0 pkt  lost_samples(win/tot)=13451940/293145300  send_errors(win/tot)=0/0
2026-04-22 17:06:14 INFO STAT  crate=9  sent=2093506 pkt  1471.437 MB  win=8.078 Mbps 1370.1 pkt/s  tot=8.229 Mbps 1395.7 pkt/s  late(win/tot)=82215/2093506  worst_late(win/tot)=116.809/127.050 ms  drop_timing(win/tot)=69476/1698061 pkt  drop_io(win/tot)=0/0 pkt  lost_samples(win/tot)=12505680/305650980  send_errors(win/tot)=0/0
2026-04-22 17:07:14 INFO STAT  crate=9  sent=2181343 pkt  1533.174 MB  win=8.632 Mbps 1464.1 pkt/s  tot=8.244 Mbps 1398.3 pkt/s  late(win/tot)=87837/2181343  worst_late(win/tot)=112.261/127.050 ms  drop_timing(win/tot)=63843/1761904 pkt  drop_io(win/tot)=0/0 pkt  lost_samples(win/tot)=11491740/317142720  send_errors(win/tot)=0/0
2026-04-22 17:08:14 INFO STAT  crate=9  sent=2269875 pkt  1595.400 MB  win=8.700 Mbps 1475.6 pkt/s  tot=8.261 Mbps 1401.2 pkt/s  late(win/tot)=88532/2269875  worst_late(win/tot)=127.689/127.689 ms  drop_timing(win/tot)=63192/1825096 pkt  drop_io(win/tot)=0/0 pkt  lost_samples(win/tot)=11374560/328517280  send_errors(win/tot)=0/0
2026-04-22 17:09:14 INFO STAT  crate=9  sent=2352774 pkt  1653.666 MB  win=8.146 Mbps 1381.6 pkt/s  tot=8.257 Mbps 1400.5 pkt/s  late(win/tot)=82899/2352774  worst_late(win/tot)=119.505/127.689 ms  drop_timing(win/tot)=68679/1893775 pkt  drop_io(win/tot)=0/0 pkt  lost_samples(win/tot)=12362220/340879500  send_errors(win/tot)=0/0
2026-04-22 17:10:14 INFO STAT  crate=9  sent=2442948 pkt  1717.045 MB  win=8.861 Mbps 1502.9 pkt/s  tot=8.278 Mbps 1404.0 pkt/s  late(win/tot)=90174/2442948  worst_late(win/tot)=119.571/127.689 ms  drop_timing(win/tot)=61542/1955317 pkt  drop_io(win/tot)=0/0 pkt  lost_samples(win/tot)=11077560/351957060  send_errors(win/tot)=0/0
2026-04-22 17:11:14 INFO STAT  crate=9  sent=2569409 pkt  1805.930 MB  win=12.427 Mbps 2107.7 pkt/s  tot=8.416 Mbps 1427.4 pkt/s  late(win/tot)=126461/2569409  worst_late(win/tot)=71.367/127.689 ms  drop_timing(win/tot)=25207/1980524 pkt  drop_io(win/tot)=0/0 pkt  lost_samples(win/tot)=4537260/356494320  send_errors(win/tot)=0/0
2026-04-22 17:12:14 INFO STAT  crate=9  sent=2700210 pkt  1897.864 MB  win=12.853 Mbps 2180.0 pkt/s  tot=8.559 Mbps 1451.7 pkt/s  late(win/tot)=130801/2700210  worst_late(win/tot)=51.084/127.689 ms  drop_timing(win/tot)=20865/2001389 pkt  drop_io(win/tot)=0/0 pkt  lost_samples(win/tot)=3755700/360250020  send_errors(win/tot)=0/0
2026-04-22 17:12:28 INFO STAT  crate=9  sent=2730000 pkt  1918.802 MB  win=12.850 Mbps 2179.5 pkt/s  tot=8.591 Mbps 1457.0 pkt/s  late(win/tot)=29790/2730000  worst_late(win/tot)=50.774/127.689 ms  drop_timing(win/tot)=4797/2006186 pkt  drop_io(win/tot)=0/0 pkt  lost_samples(win/tot)=863460/361113480  send_errors(win/tot)=0/0
2026-04-22 17:12:28 INFO Terminato
