2026-04-22 14:57:24 INFO Start crate=23 dst=131.154.99.225:6666
2026-04-22 14:57:24 INFO Streams=91  board=7  analog/board=12  digital_streams/board=1
2026-04-22 14:57:24 INFO Sample rate=5000 Hz  samples/pkt=180  pps/stream=27.777778  total_pps=2527.778
2026-04-22 14:57:24 INFO Packet len=737 B  expected throughput=14.904 Mbps
2026-04-22 14:57:24 INFO Analog FS=+/-10.000 V  noise_rms=0.010000 V  digital_flip_prob=0.002000
2026-04-22 14:58:24 INFO STAT  crate=23  sent=73127 pkt  51.398 MB  win=7.185 Mbps 1218.6 pkt/s  tot=7.185 Mbps 1218.6 pkt/s  late(win/tot)=73127/73127  worst_late(win/tot)=158.322/158.322 ms  drop_timing(win/tot)=78433/78433 pkt  drop_io(win/tot)=0/0 pkt  lost_samples(win/tot)=14117940/14117940  send_errors(win/tot)=0/0
2026-04-22 14:59:24 INFO STAT  crate=23  sent=141214 pkt  99.253 MB  win=6.691 Mbps 1134.8 pkt/s  tot=6.938 Mbps 1176.7 pkt/s  late(win/tot)=68087/141214  worst_late(win/tot)=144.132/158.322 ms  drop_timing(win/tot)=83589/162022 pkt  drop_io(win/tot)=0/0 pkt  lost_samples(win/tot)=15046020/29163960  send_errors(win/tot)=0/0
2026-04-22 15:00:24 INFO STAT  crate=23  sent=215020 pkt  151.129 MB  win=7.253 Mbps 1230.2 pkt/s  tot=7.043 Mbps 1194.5 pkt/s  late(win/tot)=73806/215020  worst_late(win/tot)=150.208/158.322 ms  drop_timing(win/tot)=77847/239869 pkt  drop_io(win/tot)=0/0 pkt  lost_samples(win/tot)=14012460/43176420  send_errors(win/tot)=0/0
2026-04-22 15:01:24 INFO STAT  crate=23  sent=283525 pkt  199.278 MB  win=6.732 Mbps 1141.8 pkt/s  tot=6.965 Mbps 1181.3 pkt/s  late(win/tot)=68505/283525  worst_late(win/tot)=156.573/158.322 ms  drop_timing(win/tot)=83187/323056 pkt  drop_io(win/tot)=0/0 pkt  lost_samples(win/tot)=14973660/58150080  send_errors(win/tot)=0/0
2026-04-22 15:02:24 INFO STAT  crate=23  sent=355956 pkt  250.187 MB  win=7.118 Mbps 1207.2 pkt/s  tot=6.996 Mbps 1186.5 pkt/s  late(win/tot)=72431/355956  worst_late(win/tot)=153.158/158.322 ms  drop_timing(win/tot)=79245/402301 pkt  drop_io(win/tot)=0/0 pkt  lost_samples(win/tot)=14264100/72414180  send_errors(win/tot)=0/0
2026-04-22 15:03:24 INFO STAT  crate=23  sent=431935 pkt  303.589 MB  win=7.465 Mbps 1266.2 pkt/s  tot=7.074 Mbps 1199.8 pkt/s  late(win/tot)=75979/431935  worst_late(win/tot)=158.901/158.901 ms  drop_timing(win/tot)=75658/477959 pkt  drop_io(win/tot)=0/0 pkt  lost_samples(win/tot)=13618440/86032620  send_errors(win/tot)=0/0
2026-04-22 15:04:24 INFO STAT  crate=23  sent=501067 pkt  352.179 MB  win=6.794 Mbps 1152.3 pkt/s  tot=7.034 Mbps 1193.0 pkt/s  late(win/tot)=69132/501067  worst_late(win/tot)=151.341/158.901 ms  drop_timing(win/tot)=82517/560476 pkt  drop_io(win/tot)=0/0 pkt  lost_samples(win/tot)=14853060/100885680  send_errors(win/tot)=0/0
2026-04-22 15:05:24 INFO STAT  crate=23  sent=571877 pkt  401.948 MB  win=6.959 Mbps 1180.2 pkt/s  tot=7.025 Mbps 1191.4 pkt/s  late(win/tot)=70810/571877  worst_late(win/tot)=145.749/158.901 ms  drop_timing(win/tot)=80885/641361 pkt  drop_io(win/tot)=0/0 pkt  lost_samples(win/tot)=14559300/115444980  send_errors(win/tot)=0/0
2026-04-22 15:06:24 INFO STAT  crate=23  sent=643147 pkt  452.041 MB  win=7.003 Mbps 1187.7 pkt/s  tot=7.022 Mbps 1191.0 pkt/s  late(win/tot)=71270/643147  worst_late(win/tot)=161.201/161.201 ms  drop_timing(win/tot)=80383/721744 pkt  drop_io(win/tot)=0/0 pkt  lost_samples(win/tot)=14468940/129913920  send_errors(win/tot)=0/0
2026-04-22 15:07:24 INFO STAT  crate=23  sent=717223 pkt  504.106 MB  win=7.280 Mbps 1234.7 pkt/s  tot=7.048 Mbps 1195.4 pkt/s  late(win/tot)=74076/717223  worst_late(win/tot)=145.534/161.201 ms  drop_timing(win/tot)=77624/799368 pkt  drop_io(win/tot)=0/0 pkt  lost_samples(win/tot)=13972320/143886240  send_errors(win/tot)=0/0
2026-04-22 15:08:24 INFO STAT  crate=23  sent=787555 pkt  553.539 MB  win=6.911 Mbps 1172.1 pkt/s  tot=7.035 Mbps 1193.3 pkt/s  late(win/tot)=70332/787555  worst_late(win/tot)=138.169/161.201 ms  drop_timing(win/tot)=81298/880666 pkt  drop_io(win/tot)=0/0 pkt  lost_samples(win/tot)=14633640/158519880  send_errors(win/tot)=0/0
2026-04-22 15:09:24 INFO STAT  crate=23  sent=856149 pkt  601.751 MB  win=6.740 Mbps 1143.2 pkt/s  tot=7.011 Mbps 1189.1 pkt/s  late(win/tot)=68594/856149  worst_late(win/tot)=142.770/161.201 ms  drop_timing(win/tot)=83097/963763 pkt  drop_io(win/tot)=0/0 pkt  lost_samples(win/tot)=14957460/173477340  send_errors(win/tot)=0/0
2026-04-22 15:10:24 INFO STAT  crate=23  sent=928911 pkt  652.893 MB  win=7.150 Mbps 1212.7 pkt/s  tot=7.022 Mbps 1190.9 pkt/s  late(win/tot)=72762/928911  worst_late(win/tot)=158.061/161.201 ms  drop_timing(win/tot)=78888/1042651 pkt  drop_io(win/tot)=0/0 pkt  lost_samples(win/tot)=14199840/187677180  send_errors(win/tot)=0/0
2026-04-22 15:11:24 INFO STAT  crate=23  sent=997670 pkt  701.220 MB  win=6.757 Mbps 1146.0 pkt/s  tot=7.003 Mbps 1187.7 pkt/s  late(win/tot)=68759/997670  worst_late(win/tot)=164.106/164.106 ms  drop_timing(win/tot)=82916/1125567 pkt  drop_io(win/tot)=0/0 pkt  lost_samples(win/tot)=14924880/202602060  send_errors(win/tot)=0/0
2026-04-22 15:12:24 INFO STAT  crate=23  sent=1071498 pkt  753.111 MB  win=7.255 Mbps 1230.5 pkt/s  tot=7.019 Mbps 1190.5 pkt/s  late(win/tot)=73828/1071498  worst_late(win/tot)=150.341/164.106 ms  drop_timing(win/tot)=77840/1203407 pkt  drop_io(win/tot)=0/0 pkt  lost_samples(win/tot)=14011200/216613260  send_errors(win/tot)=0/0
2026-04-22 15:13:24 INFO STAT  crate=23  sent=1140992 pkt  801.955 MB  win=6.829 Mbps 1158.2 pkt/s  tot=7.008 Mbps 1188.5 pkt/s  late(win/tot)=69494/1140992  worst_late(win/tot)=157.828/164.106 ms  drop_timing(win/tot)=82157/1285564 pkt  drop_io(win/tot)=0/0 pkt  lost_samples(win/tot)=14788260/231401520  send_errors(win/tot)=0/0
2026-04-22 15:14:24 INFO STAT  crate=23  sent=1215612 pkt  854.403 MB  win=7.332 Mbps 1243.6 pkt/s  tot=7.027 Mbps 1191.8 pkt/s  late(win/tot)=74620/1215612  worst_late(win/tot)=139.119/164.106 ms  drop_timing(win/tot)=77048/1362612 pkt  drop_io(win/tot)=0/0 pkt  lost_samples(win/tot)=13868640/245270160  send_errors(win/tot)=0/0
2026-04-22 15:15:24 INFO STAT  crate=23  sent=1286470 pkt  904.206 MB  win=6.964 Mbps 1181.1 pkt/s  tot=7.023 Mbps 1191.2 pkt/s  late(win/tot)=70858/1286470  worst_late(win/tot)=144.467/164.106 ms  drop_timing(win/tot)=80840/1443452 pkt  drop_io(win/tot)=0/0 pkt  lost_samples(win/tot)=14551200/259821360  send_errors(win/tot)=0/0
2026-04-22 15:16:24 INFO STAT  crate=23  sent=1357224 pkt  953.936 MB  win=6.952 Mbps 1179.2 pkt/s  tot=7.019 Mbps 1190.5 pkt/s  late(win/tot)=70754/1357224  worst_late(win/tot)=157.233/164.106 ms  drop_timing(win/tot)=80915/1524367 pkt  drop_io(win/tot)=0/0 pkt  lost_samples(win/tot)=14564700/274386060  send_errors(win/tot)=0/0
2026-04-22 15:17:24 INFO STAT  crate=23  sent=1429287 pkt  1004.586 MB  win=7.081 Mbps 1201.0 pkt/s  tot=7.023 Mbps 1191.1 pkt/s  late(win/tot)=72063/1429287  worst_late(win/tot)=153.544/164.106 ms  drop_timing(win/tot)=79593/1603960 pkt  drop_io(win/tot)=0/0 pkt  lost_samples(win/tot)=14326740/288712800  send_errors(win/tot)=0/0
2026-04-22 15:18:24 INFO STAT  crate=23  sent=1500762 pkt  1054.823 MB  win=7.024 Mbps 1191.2 pkt/s  tot=7.023 Mbps 1191.1 pkt/s  late(win/tot)=71475/1500762  worst_late(win/tot)=147.004/164.106 ms  drop_timing(win/tot)=80163/1684123 pkt  drop_io(win/tot)=0/0 pkt  lost_samples(win/tot)=14429340/303142140  send_errors(win/tot)=0/0
2026-04-22 15:19:24 INFO STAT  crate=23  sent=1573688 pkt  1106.079 MB  win=7.166 Mbps 1215.3 pkt/s  tot=7.029 Mbps 1192.2 pkt/s  late(win/tot)=72926/1573688  worst_late(win/tot)=142.875/164.106 ms  drop_timing(win/tot)=78734/1762857 pkt  drop_io(win/tot)=0/0 pkt  lost_samples(win/tot)=14172120/317314260  send_errors(win/tot)=0/0
2026-04-22 15:20:24 INFO STAT  crate=23  sent=1643885 pkt  1155.418 MB  win=6.898 Mbps 1170.0 pkt/s  tot=7.023 Mbps 1191.2 pkt/s  late(win/tot)=70197/1643885  worst_late(win/tot)=141.748/164.106 ms  drop_timing(win/tot)=81487/1844344 pkt  drop_io(win/tot)=0/0 pkt  lost_samples(win/tot)=14667660/331981920  send_errors(win/tot)=0/0
2026-04-22 15:21:24 INFO STAT  crate=23  sent=1717753 pkt  1207.336 MB  win=7.260 Mbps 1231.3 pkt/s  tot=7.033 Mbps 1192.9 pkt/s  late(win/tot)=73868/1717753  worst_late(win/tot)=129.658/164.106 ms  drop_timing(win/tot)=77795/1922139 pkt  drop_io(win/tot)=0/0 pkt  lost_samples(win/tot)=14003100/345985020  send_errors(win/tot)=0/0
2026-04-22 15:22:24 INFO STAT  crate=23  sent=1791818 pkt  1259.394 MB  win=7.278 Mbps 1234.4 pkt/s  tot=7.043 Mbps 1194.5 pkt/s  late(win/tot)=74065/1791818  worst_late(win/tot)=134.689/164.106 ms  drop_timing(win/tot)=77608/1999747 pkt  drop_io(win/tot)=0/0 pkt  lost_samples(win/tot)=13969440/359954460  send_errors(win/tot)=0/0
2026-04-22 15:23:24 INFO STAT  crate=23  sent=1863366 pkt  1309.682 MB  win=7.031 Mbps 1192.5 pkt/s  tot=7.043 Mbps 1194.5 pkt/s  late(win/tot)=71548/1863366  worst_late(win/tot)=132.286/164.106 ms  drop_timing(win/tot)=80143/2079890 pkt  drop_io(win/tot)=0/0 pkt  lost_samples(win/tot)=14425740/374380200  send_errors(win/tot)=0/0
2026-04-22 15:24:24 INFO STAT  crate=23  sent=1935735 pkt  1360.547 MB  win=7.111 Mbps 1206.1 pkt/s  tot=7.045 Mbps 1194.9 pkt/s  late(win/tot)=72369/1935735  worst_late(win/tot)=144.067/164.106 ms  drop_timing(win/tot)=79264/2159154 pkt  drop_io(win/tot)=0/0 pkt  lost_samples(win/tot)=14267520/388647720  send_errors(win/tot)=0/0
2026-04-22 15:25:24 INFO STAT  crate=23  sent=2006658 pkt  1410.396 MB  win=6.969 Mbps 1182.0 pkt/s  tot=7.042 Mbps 1194.4 pkt/s  late(win/tot)=70923/2006658  worst_late(win/tot)=160.528/164.106 ms  drop_timing(win/tot)=80774/2239928 pkt  drop_io(win/tot)=0/0 pkt  lost_samples(win/tot)=14539320/403187040  send_errors(win/tot)=0/0
2026-04-22 15:26:24 INFO STAT  crate=23  sent=2078903 pkt  1461.174 MB  win=7.100 Mbps 1204.1 pkt/s  tot=7.044 Mbps 1194.8 pkt/s  late(win/tot)=72245/2078903  worst_late(win/tot)=144.705/164.106 ms  drop_timing(win/tot)=79411/2319339 pkt  drop_io(win/tot)=0/0 pkt  lost_samples(win/tot)=14293980/417481020  send_errors(win/tot)=0/0
2026-04-22 15:27:24 INFO STAT  crate=23  sent=2151576 pkt  1512.252 MB  win=7.141 Mbps 1211.2 pkt/s  tot=7.048 Mbps 1195.3 pkt/s  late(win/tot)=72673/2151576  worst_late(win/tot)=153.619/164.106 ms  drop_timing(win/tot)=78962/2398301 pkt  drop_io(win/tot)=0/0 pkt  lost_samples(win/tot)=14213160/431694180  send_errors(win/tot)=0/0
2026-04-22 15:28:24 INFO STAT  crate=23  sent=2225035 pkt  1563.884 MB  win=7.219 Mbps 1224.3 pkt/s  tot=7.053 Mbps 1196.3 pkt/s  late(win/tot)=73459/2225035  worst_late(win/tot)=145.265/164.106 ms  drop_timing(win/tot)=78263/2476564 pkt  drop_io(win/tot)=0/0 pkt  lost_samples(win/tot)=14087340/445781520  send_errors(win/tot)=0/0
2026-04-22 15:29:24 INFO STAT  crate=23  sent=2301907 pkt  1617.914 MB  win=7.554 Mbps 1281.2 pkt/s  tot=7.069 Mbps 1198.9 pkt/s  late(win/tot)=76872/2301907  worst_late(win/tot)=148.832/164.106 ms  drop_timing(win/tot)=74786/2551350 pkt  drop_io(win/tot)=0/0 pkt  lost_samples(win/tot)=13461480/459243000  send_errors(win/tot)=0/0
2026-04-22 15:30:24 INFO STAT  crate=23  sent=2394751 pkt  1683.170 MB  win=9.123 Mbps 1547.4 pkt/s  tot=7.131 Mbps 1209.5 pkt/s  late(win/tot)=92844/2394751  worst_late(win/tot)=109.693/164.106 ms  drop_timing(win/tot)=58861/2610211 pkt  drop_io(win/tot)=0/0 pkt  lost_samples(win/tot)=10594980/469837980  send_errors(win/tot)=0/0
2026-04-22 15:31:24 INFO STAT  crate=23  sent=2532172 pkt  1779.757 MB  win=13.504 Mbps 2290.4 pkt/s  tot=7.318 Mbps 1241.3 pkt/s  late(win/tot)=137421/2532172  worst_late(win/tot)=74.678/164.106 ms  drop_timing(win/tot)=14284/2624495 pkt  drop_io(win/tot)=0/0 pkt  lost_samples(win/tot)=2571120/472409100  send_errors(win/tot)=0/0
2026-04-22 15:32:24 INFO STAT  crate=23  sent=2683578 pkt  1886.174 MB  win=14.878 Mbps 2523.4 pkt/s  tot=7.534 Mbps 1277.9 pkt/s  late(win/tot)=151406/2683578  worst_late(win/tot)=58.508/164.106 ms  drop_timing(win/tot)=261/2624756 pkt  drop_io(win/tot)=0/0 pkt  lost_samples(win/tot)=46980/472456080  send_errors(win/tot)=0/0
2026-04-22 15:32:43 INFO STAT  crate=23  sent=2730000 pkt  1918.802 MB  win=14.696 Mbps 2492.6 pkt/s  tot=7.597 Mbps 1288.6 pkt/s  late(win/tot)=46421/2729999  worst_late(win/tot)=12.564/164.106 ms  drop_timing(win/tot)=0/2624756 pkt  drop_io(win/tot)=0/0 pkt  lost_samples(win/tot)=0/472456080  send_errors(win/tot)=0/0
2026-04-22 15:32:43 INFO Terminato
