2026-04-22 14:58:14 INFO Start crate=24 dst=131.154.99.225:6666
2026-04-22 14:58:14 INFO Streams=91  board=7  analog/board=12  digital_streams/board=1
2026-04-22 14:58:14 INFO Sample rate=5000 Hz  samples/pkt=180  pps/stream=27.777778  total_pps=2527.778
2026-04-22 14:58:14 INFO Packet len=737 B  expected throughput=14.904 Mbps
2026-04-22 14:58:14 INFO Analog FS=+/-10.000 V  noise_rms=0.010000 V  digital_flip_prob=0.002000
2026-04-22 14:59:14 INFO STAT  crate=24  sent=122225 pkt  85.907 MB  win=12.011 Mbps 2037.1 pkt/s  tot=12.011 Mbps 2037.1 pkt/s  late(win/tot)=122225/122225  worst_late(win/tot)=97.261/97.261 ms  drop_timing(win/tot)=29440/29440 pkt  drop_io(win/tot)=0/0 pkt  lost_samples(win/tot)=5299200/5299200  send_errors(win/tot)=0/0
2026-04-22 15:00:14 INFO STAT  crate=24  sent=228010 pkt  160.259 MB  win=10.395 Mbps 1763.1 pkt/s  tot=11.203 Mbps 1900.1 pkt/s  late(win/tot)=105785/228010  worst_late(win/tot)=125.048/125.048 ms  drop_timing(win/tot)=45806/75246 pkt  drop_io(win/tot)=0/0 pkt  lost_samples(win/tot)=8245080/13544280  send_errors(win/tot)=0/0
2026-04-22 15:01:14 INFO STAT  crate=24  sent=322698 pkt  226.811 MB  win=9.305 Mbps 1578.2 pkt/s  tot=10.570 Mbps 1792.8 pkt/s  late(win/tot)=94688/322698  worst_late(win/tot)=132.570/132.570 ms  drop_timing(win/tot)=56998/132244 pkt  drop_io(win/tot)=0/0 pkt  lost_samples(win/tot)=10259640/23803920  send_errors(win/tot)=0/0
2026-04-22 15:02:14 INFO STAT  crate=24  sent=399692 pkt  280.927 MB  win=7.566 Mbps 1283.2 pkt/s  tot=9.819 Mbps 1665.4 pkt/s  late(win/tot)=76994/399692  worst_late(win/tot)=157.405/157.405 ms  drop_timing(win/tot)=74644/206888 pkt  drop_io(win/tot)=0/0 pkt  lost_samples(win/tot)=13435920/37239840  send_errors(win/tot)=0/0
2026-04-22 15:03:14 INFO STAT  crate=24  sent=465347 pkt  327.073 MB  win=6.451 Mbps 1094.1 pkt/s  tot=9.145 Mbps 1551.1 pkt/s  late(win/tot)=65655/465347  worst_late(win/tot)=162.538/162.538 ms  drop_timing(win/tot)=85920/292808 pkt  drop_io(win/tot)=0/0 pkt  lost_samples(win/tot)=15465600/52705440  send_errors(win/tot)=0/0
2026-04-22 15:04:14 INFO STAT  crate=24  sent=532902 pkt  374.554 MB  win=6.639 Mbps 1126.0 pkt/s  tot=8.728 Mbps 1480.3 pkt/s  late(win/tot)=67555/532902  worst_late(win/tot)=152.450/162.538 ms  drop_timing(win/tot)=84160/376968 pkt  drop_io(win/tot)=0/0 pkt  lost_samples(win/tot)=15148800/67854240  send_errors(win/tot)=0/0
2026-04-22 15:05:14 INFO STAT  crate=24  sent=594613 pkt  417.928 MB  win=6.064 Mbps 1028.5 pkt/s  tot=8.347 Mbps 1415.7 pkt/s  late(win/tot)=61711/594613  worst_late(win/tot)=153.240/162.538 ms  drop_timing(win/tot)=89974/466942 pkt  drop_io(win/tot)=0/0 pkt  lost_samples(win/tot)=16195320/84049560  send_errors(win/tot)=0/0
2026-04-22 15:06:14 INFO STAT  crate=24  sent=661981 pkt  465.279 MB  win=6.620 Mbps 1122.7 pkt/s  tot=8.131 Mbps 1379.1 pkt/s  late(win/tot)=67368/661981  worst_late(win/tot)=132.113/162.538 ms  drop_timing(win/tot)=84295/551237 pkt  drop_io(win/tot)=0/0 pkt  lost_samples(win/tot)=15173100/99222660  send_errors(win/tot)=0/0
2026-04-22 15:07:14 INFO STAT  crate=24  sent=725573 pkt  509.975 MB  win=6.249 Mbps 1060.0 pkt/s  tot=7.922 Mbps 1343.7 pkt/s  late(win/tot)=63592/725573  worst_late(win/tot)=150.564/162.538 ms  drop_timing(win/tot)=88073/639310 pkt  drop_io(win/tot)=0/0 pkt  lost_samples(win/tot)=15853140/115075800  send_errors(win/tot)=0/0
2026-04-22 15:08:14 INFO STAT  crate=24  sent=788157 pkt  553.962 MB  win=6.150 Mbps 1043.1 pkt/s  tot=7.745 Mbps 1313.6 pkt/s  late(win/tot)=62584/788157  worst_late(win/tot)=156.990/162.538 ms  drop_timing(win/tot)=89096/728406 pkt  drop_io(win/tot)=0/0 pkt  lost_samples(win/tot)=16037280/131113080  send_errors(win/tot)=0/0
2026-04-22 15:09:14 INFO STAT  crate=24  sent=854440 pkt  600.550 MB  win=6.513 Mbps 1104.7 pkt/s  tot=7.633 Mbps 1294.6 pkt/s  late(win/tot)=66283/854440  worst_late(win/tot)=165.392/165.392 ms  drop_timing(win/tot)=85312/813718 pkt  drop_io(win/tot)=0/0 pkt  lost_samples(win/tot)=15356160/146469240  send_errors(win/tot)=0/0
2026-04-22 15:10:14 INFO STAT  crate=24  sent=925836 pkt  650.731 MB  win=7.016 Mbps 1189.9 pkt/s  tot=7.582 Mbps 1285.9 pkt/s  late(win/tot)=71396/925836  worst_late(win/tot)=150.054/165.392 ms  drop_timing(win/tot)=80368/894086 pkt  drop_io(win/tot)=0/0 pkt  lost_samples(win/tot)=14466240/160935480  send_errors(win/tot)=0/0
2026-04-22 15:11:14 INFO STAT  crate=24  sent=993193 pkt  698.074 MB  win=6.619 Mbps 1122.6 pkt/s  tot=7.508 Mbps 1273.3 pkt/s  late(win/tot)=67357/993193  worst_late(win/tot)=165.077/165.392 ms  drop_timing(win/tot)=84277/978363 pkt  drop_io(win/tot)=0/0 pkt  lost_samples(win/tot)=15169860/176105340  send_errors(win/tot)=0/0
2026-04-22 15:12:14 INFO STAT  crate=24  sent=1054836 pkt  741.400 MB  win=6.057 Mbps 1027.4 pkt/s  tot=7.404 Mbps 1255.8 pkt/s  late(win/tot)=61643/1054836  worst_late(win/tot)=162.452/165.392 ms  drop_timing(win/tot)=89985/1068348 pkt  drop_io(win/tot)=0/0 pkt  lost_samples(win/tot)=16197300/192302640  send_errors(win/tot)=0/0
2026-04-22 15:13:14 INFO STAT  crate=24  sent=1115554 pkt  784.076 MB  win=5.966 Mbps 1011.9 pkt/s  tot=7.308 Mbps 1239.5 pkt/s  late(win/tot)=60718/1115554  worst_late(win/tot)=160.327/165.392 ms  drop_timing(win/tot)=90967/1159315 pkt  drop_io(win/tot)=0/0 pkt  lost_samples(win/tot)=16374060/208676700  send_errors(win/tot)=0/0
2026-04-22 15:14:14 INFO STAT  crate=24  sent=1178392 pkt  828.242 MB  win=6.175 Mbps 1047.4 pkt/s  tot=7.237 Mbps 1227.5 pkt/s  late(win/tot)=62838/1178392  worst_late(win/tot)=151.689/165.392 ms  drop_timing(win/tot)=88885/1248200 pkt  drop_io(win/tot)=0/0 pkt  lost_samples(win/tot)=15999300/224676000  send_errors(win/tot)=0/0
2026-04-22 15:15:14 INFO STAT  crate=24  sent=1242958 pkt  873.623 MB  win=6.345 Mbps 1076.1 pkt/s  tot=7.185 Mbps 1218.6 pkt/s  late(win/tot)=64566/1242958  worst_late(win/tot)=154.586/165.392 ms  drop_timing(win/tot)=87103/1335303 pkt  drop_io(win/tot)=0/0 pkt  lost_samples(win/tot)=15678540/240354540  send_errors(win/tot)=0/0
2026-04-22 15:16:14 INFO STAT  crate=24  sent=1308990 pkt  920.034 MB  win=6.489 Mbps 1100.5 pkt/s  tot=7.146 Mbps 1212.0 pkt/s  late(win/tot)=66032/1308990  worst_late(win/tot)=162.443/165.392 ms  drop_timing(win/tot)=85547/1420850 pkt  drop_io(win/tot)=0/0 pkt  lost_samples(win/tot)=15398460/255753000  send_errors(win/tot)=0/0
2026-04-22 15:17:14 INFO STAT  crate=24  sent=1372931 pkt  964.975 MB  win=6.283 Mbps 1065.7 pkt/s  tot=7.101 Mbps 1204.3 pkt/s  late(win/tot)=63941/1372931  worst_late(win/tot)=155.313/165.392 ms  drop_timing(win/tot)=87742/1508592 pkt  drop_io(win/tot)=0/0 pkt  lost_samples(win/tot)=15793560/271546560  send_errors(win/tot)=0/0
2026-04-22 15:18:14 INFO STAT  crate=24  sent=1437901 pkt  1010.640 MB  win=6.384 Mbps 1082.8 pkt/s  tot=7.065 Mbps 1198.2 pkt/s  late(win/tot)=64970/1437901  worst_late(win/tot)=155.754/165.392 ms  drop_timing(win/tot)=86701/1595293 pkt  drop_io(win/tot)=0/0 pkt  lost_samples(win/tot)=15606180/287152740  send_errors(win/tot)=0/0
2026-04-22 15:19:14 INFO STAT  crate=24  sent=1502857 pkt  1056.295 MB  win=6.383 Mbps 1082.6 pkt/s  tot=7.032 Mbps 1192.7 pkt/s  late(win/tot)=64956/1502857  worst_late(win/tot)=150.486/165.392 ms  drop_timing(win/tot)=86736/1682029 pkt  drop_io(win/tot)=0/0 pkt  lost_samples(win/tot)=15612480/302765220  send_errors(win/tot)=0/0
2026-04-22 15:20:14 INFO STAT  crate=24  sent=1567495 pkt  1101.726 MB  win=6.352 Mbps 1077.3 pkt/s  tot=7.001 Mbps 1187.5 pkt/s  late(win/tot)=64638/1567495  worst_late(win/tot)=160.494/165.392 ms  drop_timing(win/tot)=87041/1769070 pkt  drop_io(win/tot)=0/0 pkt  lost_samples(win/tot)=15667380/318432600  send_errors(win/tot)=0/0
2026-04-22 15:21:14 INFO STAT  crate=24  sent=1629742 pkt  1145.477 MB  win=6.116 Mbps 1037.4 pkt/s  tot=6.963 Mbps 1181.0 pkt/s  late(win/tot)=62247/1629742  worst_late(win/tot)=152.176/165.392 ms  drop_timing(win/tot)=89385/1858455 pkt  drop_io(win/tot)=0/0 pkt  lost_samples(win/tot)=16089300/334521900  send_errors(win/tot)=0/0
2026-04-22 15:22:14 INFO STAT  crate=24  sent=1698130 pkt  1193.544 MB  win=6.721 Mbps 1139.9 pkt/s  tot=6.953 Mbps 1179.3 pkt/s  late(win/tot)=68388/1698130  worst_late(win/tot)=155.994/165.392 ms  drop_timing(win/tot)=83331/1941786 pkt  drop_io(win/tot)=0/0 pkt  lost_samples(win/tot)=14999580/349521480  send_errors(win/tot)=0/0
2026-04-22 15:23:14 INFO STAT  crate=24  sent=1766935 pkt  1241.904 MB  win=6.761 Mbps 1146.8 pkt/s  tot=6.945 Mbps 1178.0 pkt/s  late(win/tot)=68805/1766935  worst_late(win/tot)=138.892/165.392 ms  drop_timing(win/tot)=82823/2024609 pkt  drop_io(win/tot)=0/0 pkt  lost_samples(win/tot)=14908140/364429620  send_errors(win/tot)=0/0
2026-04-22 15:24:14 INFO STAT  crate=24  sent=1835516 pkt  1290.107 MB  win=6.739 Mbps 1142.9 pkt/s  tot=6.937 Mbps 1176.6 pkt/s  late(win/tot)=68581/1835516  worst_late(win/tot)=151.127/165.392 ms  drop_timing(win/tot)=83069/2107678 pkt  drop_io(win/tot)=0/0 pkt  lost_samples(win/tot)=14952420/379382040  send_errors(win/tot)=0/0
2026-04-22 15:25:14 INFO STAT  crate=24  sent=1903711 pkt  1338.038 MB  win=6.702 Mbps 1136.7 pkt/s  tot=6.929 Mbps 1175.1 pkt/s  late(win/tot)=68195/1903711  worst_late(win/tot)=154.166/165.392 ms  drop_timing(win/tot)=83611/2191289 pkt  drop_io(win/tot)=0/0 pkt  lost_samples(win/tot)=15049980/394432020  send_errors(win/tot)=0/0
2026-04-22 15:26:14 INFO STAT  crate=24  sent=1970833 pkt  1385.216 MB  win=6.595 Mbps 1118.6 pkt/s  tot=6.917 Mbps 1173.1 pkt/s  late(win/tot)=67122/1970833  worst_late(win/tot)=161.810/165.392 ms  drop_timing(win/tot)=84423/2275712 pkt  drop_io(win/tot)=0/0 pkt  lost_samples(win/tot)=15196140/409628160  send_errors(win/tot)=0/0
2026-04-22 15:27:14 INFO STAT  crate=24  sent=2040085 pkt  1433.890 MB  win=6.805 Mbps 1154.2 pkt/s  tot=6.913 Mbps 1172.5 pkt/s  late(win/tot)=69252/2040085  worst_late(win/tot)=166.432/166.432 ms  drop_timing(win/tot)=82431/2358143 pkt  drop_io(win/tot)=0/0 pkt  lost_samples(win/tot)=14837580/424465740  send_errors(win/tot)=0/0
2026-04-22 15:28:14 INFO STAT  crate=24  sent=2107435 pkt  1481.227 MB  win=6.619 Mbps 1122.6 pkt/s  tot=6.903 Mbps 1170.8 pkt/s  late(win/tot)=67350/2107435  worst_late(win/tot)=135.327/166.432 ms  drop_timing(win/tot)=84302/2442445 pkt  drop_io(win/tot)=0/0 pkt  lost_samples(win/tot)=15174360/439640100  send_errors(win/tot)=0/0
2026-04-22 15:29:14 INFO STAT  crate=24  sent=2170845 pkt  1525.796 MB  win=6.231 Mbps 1056.8 pkt/s  tot=6.881 Mbps 1167.1 pkt/s  late(win/tot)=63410/2170845  worst_late(win/tot)=180.969/180.969 ms  drop_timing(win/tot)=88285/2530730 pkt  drop_io(win/tot)=0/0 pkt  lost_samples(win/tot)=15891300/455531400  send_errors(win/tot)=0/0
2026-04-22 15:30:14 INFO STAT  crate=24  sent=2235916 pkt  1571.531 MB  win=6.394 Mbps 1084.5 pkt/s  tot=6.866 Mbps 1164.5 pkt/s  late(win/tot)=65071/2235916  worst_late(win/tot)=150.391/180.969 ms  drop_timing(win/tot)=86618/2617348 pkt  drop_io(win/tot)=0/0 pkt  lost_samples(win/tot)=15591240/471122640  send_errors(win/tot)=0/0
2026-04-22 15:31:14 INFO STAT  crate=24  sent=2299871 pkt  1616.483 MB  win=6.284 Mbps 1065.8 pkt/s  tot=6.848 Mbps 1161.5 pkt/s  late(win/tot)=63955/2299871  worst_late(win/tot)=147.835/180.969 ms  drop_timing(win/tot)=87690/2705038 pkt  drop_io(win/tot)=0/0 pkt  lost_samples(win/tot)=15784200/486906840  send_errors(win/tot)=0/0
2026-04-22 15:32:14 INFO STAT  crate=24  sent=2365854 pkt  1662.859 MB  win=6.484 Mbps 1099.8 pkt/s  tot=6.838 Mbps 1159.7 pkt/s  late(win/tot)=65983/2365854  worst_late(win/tot)=158.386/180.969 ms  drop_timing(win/tot)=85646/2790684 pkt  drop_io(win/tot)=0/0 pkt  lost_samples(win/tot)=15416280/502323120  send_errors(win/tot)=0/0
2026-04-22 15:33:14 INFO STAT  crate=24  sent=2428902 pkt  1707.173 MB  win=6.196 Mbps 1050.8 pkt/s  tot=6.819 Mbps 1156.6 pkt/s  late(win/tot)=63048/2428902  worst_late(win/tot)=147.735/180.969 ms  drop_timing(win/tot)=88670/2879354 pkt  drop_io(win/tot)=0/0 pkt  lost_samples(win/tot)=15960600/518283720  send_errors(win/tot)=0/0
2026-04-22 15:34:14 INFO STAT  crate=24  sent=2494401 pkt  1753.210 MB  win=6.436 Mbps 1091.7 pkt/s  tot=6.809 Mbps 1154.8 pkt/s  late(win/tot)=65499/2494401  worst_late(win/tot)=177.047/180.969 ms  drop_timing(win/tot)=86149/2965503 pkt  drop_io(win/tot)=0/0 pkt  lost_samples(win/tot)=15506820/533790540  send_errors(win/tot)=0/0
2026-04-22 15:35:14 INFO STAT  crate=24  sent=2558740 pkt  1798.431 MB  win=6.322 Mbps 1072.3 pkt/s  tot=6.796 Mbps 1152.6 pkt/s  late(win/tot)=64339/2558740  worst_late(win/tot)=202.246/202.246 ms  drop_timing(win/tot)=87307/3052810 pkt  drop_io(win/tot)=0/0 pkt  lost_samples(win/tot)=15715260/549505800  send_errors(win/tot)=0/0
2026-04-22 15:36:14 INFO STAT  crate=24  sent=2637741 pkt  1853.957 MB  win=7.763 Mbps 1316.6 pkt/s  tot=6.821 Mbps 1156.9 pkt/s  late(win/tot)=79001/2637741  worst_late(win/tot)=125.149/202.246 ms  drop_timing(win/tot)=72664/3125474 pkt  drop_io(win/tot)=0/0 pkt  lost_samples(win/tot)=13079520/562585320  send_errors(win/tot)=0/0
2026-04-22 15:37:14 INFO STAT  crate=24  sent=2718592 pkt  1910.784 MB  win=7.945 Mbps 1347.6 pkt/s  tot=6.850 Mbps 1161.8 pkt/s  late(win/tot)=80851/2718592  worst_late(win/tot)=132.559/202.246 ms  drop_timing(win/tot)=70791/3196265 pkt  drop_io(win/tot)=0/0 pkt  lost_samples(win/tot)=12742380/575327700  send_errors(win/tot)=0/0
2026-04-22 15:37:23 INFO STAT  crate=24  sent=2730000 pkt  1918.802 MB  win=7.533 Mbps 1277.6 pkt/s  tot=6.853 Mbps 1162.2 pkt/s  late(win/tot)=11408/2730000  worst_late(win/tot)=97.816/202.246 ms  drop_timing(win/tot)=10358/3206623 pkt  drop_io(win/tot)=0/0 pkt  lost_samples(win/tot)=1864440/577192140  send_errors(win/tot)=0/0
2026-04-22 15:37:23 INFO Terminato
