2026-04-22 17:37:33 INFO Start crate=2 dst=131.154.99.225:6666
2026-04-22 17:37:33 INFO Streams=91  board=7  analog/board=12  digital_streams/board=1
2026-04-22 17:37:33 INFO Sample rate=5000 Hz  samples/pkt=180  pps/stream=27.777778  total_pps=2527.778
2026-04-22 17:37:33 INFO Packet len=737 B  expected throughput=14.904 Mbps
2026-04-22 17:37:33 INFO Analog FS=+/-10.000 V  noise_rms=0.010000 V  digital_flip_prob=0.002000
2026-04-22 17:38:33 INFO STAT  crate=2  sent=126955 pkt  89.231 MB  win=12.475 Mbps 2115.9 pkt/s  tot=12.475 Mbps 2115.9 pkt/s  late(win/tot)=126955/126955  worst_late(win/tot)=96.367/96.367 ms  drop_timing(win/tot)=24661/24661 pkt  drop_io(win/tot)=0/0 pkt  lost_samples(win/tot)=4438980/4438980  send_errors(win/tot)=0/0
2026-04-22 17:39:33 INFO STAT  crate=2  sent=253390 pkt  178.097 MB  win=12.424 Mbps 2107.3 pkt/s  tot=12.450 Mbps 2111.6 pkt/s  late(win/tot)=126435/253390  worst_late(win/tot)=74.062/96.367 ms  drop_timing(win/tot)=25207/49868 pkt  drop_io(win/tot)=0/0 pkt  lost_samples(win/tot)=4537260/8976240  send_errors(win/tot)=0/0
2026-04-22 17:40:33 INFO STAT  crate=2  sent=379488 pkt  266.726 MB  win=12.391 Mbps 2101.6 pkt/s  tot=12.430 Mbps 2108.3 pkt/s  late(win/tot)=126098/379488  worst_late(win/tot)=89.725/96.367 ms  drop_timing(win/tot)=25571/75439 pkt  drop_io(win/tot)=0/0 pkt  lost_samples(win/tot)=4602780/13579020  send_errors(win/tot)=0/0
2026-04-22 17:41:33 INFO STAT  crate=2  sent=505577 pkt  355.349 MB  win=12.390 Mbps 2101.5 pkt/s  tot=12.420 Mbps 2106.6 pkt/s  late(win/tot)=126089/505577  worst_late(win/tot)=74.805/96.367 ms  drop_timing(win/tot)=25571/101010 pkt  drop_io(win/tot)=0/0 pkt  lost_samples(win/tot)=4602780/18181800  send_errors(win/tot)=0/0
2026-04-22 17:42:33 INFO STAT  crate=2  sent=632798 pkt  444.767 MB  win=12.502 Mbps 2120.4 pkt/s  tot=12.437 Mbps 2109.3 pkt/s  late(win/tot)=127221/632798  worst_late(win/tot)=83.178/96.367 ms  drop_timing(win/tot)=24479/125489 pkt  drop_io(win/tot)=0/0 pkt  lost_samples(win/tot)=4406220/22588020  send_errors(win/tot)=0/0
2026-04-22 17:43:33 INFO STAT  crate=2  sent=750139 pkt  527.241 MB  win=11.531 Mbps 1955.7 pkt/s  tot=12.286 Mbps 2083.7 pkt/s  late(win/tot)=117341/750139  worst_late(win/tot)=97.846/97.846 ms  drop_timing(win/tot)=34264/159753 pkt  drop_io(win/tot)=0/0 pkt  lost_samples(win/tot)=6167520/28755540  send_errors(win/tot)=0/0
2026-04-22 17:44:33 INFO STAT  crate=2  sent=831986 pkt  584.768 MB  win=8.043 Mbps 1364.1 pkt/s  tot=11.679 Mbps 1980.9 pkt/s  late(win/tot)=81847/831986  worst_late(win/tot)=125.229/125.229 ms  drop_timing(win/tot)=69840/229593 pkt  drop_io(win/tot)=0/0 pkt  lost_samples(win/tot)=12571200/41326740  send_errors(win/tot)=0/0
2026-04-22 17:45:33 INFO STAT  crate=2  sent=915229 pkt  643.276 MB  win=8.180 Mbps 1387.4 pkt/s  tot=11.242 Mbps 1906.7 pkt/s  late(win/tot)=83243/915229  worst_late(win/tot)=128.160/128.160 ms  drop_timing(win/tot)=68396/297989 pkt  drop_io(win/tot)=0/0 pkt  lost_samples(win/tot)=12311280/53638020  send_errors(win/tot)=0/0
2026-04-22 17:46:33 INFO STAT  crate=2  sent=975217 pkt  685.439 MB  win=5.894 Mbps 999.7 pkt/s  tot=10.648 Mbps 1805.9 pkt/s  late(win/tot)=59988/975217  worst_late(win/tot)=157.966/157.966 ms  drop_timing(win/tot)=91655/389644 pkt  drop_io(win/tot)=0/0 pkt  lost_samples(win/tot)=16497900/70135920  send_errors(win/tot)=0/0
2026-04-22 17:47:33 INFO STAT  crate=2  sent=1026501 pkt  721.484 MB  win=5.040 Mbps 854.8 pkt/s  tot=10.087 Mbps 1710.8 pkt/s  late(win/tot)=51284/1026501  worst_late(win/tot)=192.379/192.379 ms  drop_timing(win/tot)=100418/490062 pkt  drop_io(win/tot)=0/0 pkt  lost_samples(win/tot)=18075240/88211160  send_errors(win/tot)=0/0
2026-04-22 17:48:33 INFO STAT  crate=2  sent=1077747 pkt  757.503 MB  win=5.036 Mbps 854.1 pkt/s  tot=9.628 Mbps 1632.9 pkt/s  late(win/tot)=51246/1077747  worst_late(win/tot)=197.214/197.214 ms  drop_timing(win/tot)=100409/590471 pkt  drop_io(win/tot)=0/0 pkt  lost_samples(win/tot)=18073620/106284780  send_errors(win/tot)=0/0
2026-04-22 17:49:33 INFO STAT  crate=2  sent=1127412 pkt  792.411 MB  win=4.880 Mbps 827.7 pkt/s  tot=9.232 Mbps 1565.8 pkt/s  late(win/tot)=49665/1127412  worst_late(win/tot)=188.242/197.214 ms  drop_timing(win/tot)=102008/692479 pkt  drop_io(win/tot)=0/0 pkt  lost_samples(win/tot)=18361440/124646220  send_errors(win/tot)=0/0
2026-04-22 17:50:33 INFO STAT  crate=2  sent=1176130 pkt  826.652 MB  win=4.788 Mbps 812.0 pkt/s  tot=8.890 Mbps 1507.9 pkt/s  late(win/tot)=48718/1176130  worst_late(win/tot)=178.518/197.214 ms  drop_timing(win/tot)=102926/795405 pkt  drop_io(win/tot)=0/0 pkt  lost_samples(win/tot)=18526680/143172900  send_errors(win/tot)=0/0
2026-04-22 17:51:33 INFO STAT  crate=2  sent=1227447 pkt  862.721 MB  win=5.043 Mbps 855.3 pkt/s  tot=8.615 Mbps 1461.2 pkt/s  late(win/tot)=51317/1227447  worst_late(win/tot)=187.139/197.214 ms  drop_timing(win/tot)=100302/895707 pkt  drop_io(win/tot)=0/0 pkt  lost_samples(win/tot)=18054360/161227260  send_errors(win/tot)=0/0
2026-04-22 17:52:33 INFO STAT  crate=2  sent=1278539 pkt  898.631 MB  win=5.021 Mbps 851.5 pkt/s  tot=8.376 Mbps 1420.6 pkt/s  late(win/tot)=51092/1278539  worst_late(win/tot)=180.421/197.214 ms  drop_timing(win/tot)=100642/996349 pkt  drop_io(win/tot)=0/0 pkt  lost_samples(win/tot)=18115560/179342820  send_errors(win/tot)=0/0
2026-04-22 17:53:33 INFO STAT  crate=2  sent=1331174 pkt  935.626 MB  win=5.172 Mbps 877.2 pkt/s  tot=8.176 Mbps 1386.6 pkt/s  late(win/tot)=52635/1331174  worst_late(win/tot)=190.616/197.214 ms  drop_timing(win/tot)=98983/1095332 pkt  drop_io(win/tot)=0/0 pkt  lost_samples(win/tot)=17816940/197159760  send_errors(win/tot)=0/0
2026-04-22 17:54:33 INFO STAT  crate=2  sent=1380572 pkt  970.346 MB  win=4.854 Mbps 823.3 pkt/s  tot=7.980 Mbps 1353.5 pkt/s  late(win/tot)=49398/1380572  worst_late(win/tot)=180.653/197.214 ms  drop_timing(win/tot)=102253/1197585 pkt  drop_io(win/tot)=0/0 pkt  lost_samples(win/tot)=18405540/215565300  send_errors(win/tot)=0/0
2026-04-22 17:55:33 INFO STAT  crate=2  sent=1429501 pkt  1004.736 MB  win=4.808 Mbps 815.5 pkt/s  tot=7.804 Mbps 1323.6 pkt/s  late(win/tot)=48929/1429501  worst_late(win/tot)=174.690/197.214 ms  drop_timing(win/tot)=102764/1300349 pkt  drop_io(win/tot)=0/0 pkt  lost_samples(win/tot)=18497520/234062820  send_errors(win/tot)=0/0
2026-04-22 17:56:33 INFO STAT  crate=2  sent=1476770 pkt  1037.960 MB  win=4.645 Mbps 787.8 pkt/s  tot=7.638 Mbps 1295.4 pkt/s  late(win/tot)=47269/1476770  worst_late(win/tot)=179.721/197.214 ms  drop_timing(win/tot)=104399/1404748 pkt  drop_io(win/tot)=0/0 pkt  lost_samples(win/tot)=18791820/252854640  send_errors(win/tot)=0/0
2026-04-22 17:57:33 INFO STAT  crate=2  sent=1528592 pkt  1074.383 MB  win=5.092 Mbps 863.6 pkt/s  tot=7.510 Mbps 1273.8 pkt/s  late(win/tot)=51822/1528592  worst_late(win/tot)=170.038/197.214 ms  drop_timing(win/tot)=99853/1504601 pkt  drop_io(win/tot)=0/0 pkt  lost_samples(win/tot)=17973540/270828180  send_errors(win/tot)=0/0
2026-04-22 17:58:33 INFO STAT  crate=2  sent=1580722 pkt  1111.023 MB  win=5.123 Mbps 868.9 pkt/s  tot=7.397 Mbps 1254.5 pkt/s  late(win/tot)=52130/1580722  worst_late(win/tot)=176.370/197.214 ms  drop_timing(win/tot)=99528/1604129 pkt  drop_io(win/tot)=0/0 pkt  lost_samples(win/tot)=17915040/288743220  send_errors(win/tot)=0/0
2026-04-22 17:59:33 INFO STAT  crate=2  sent=1628403 pkt  1144.536 MB  win=4.686 Mbps 794.7 pkt/s  tot=7.274 Mbps 1233.6 pkt/s  late(win/tot)=47681/1628403  worst_late(win/tot)=170.776/197.214 ms  drop_timing(win/tot)=103989/1708118 pkt  drop_io(win/tot)=0/0 pkt  lost_samples(win/tot)=18718020/307461240  send_errors(win/tot)=0/0
2026-04-22 18:00:33 INFO STAT  crate=2  sent=1678859 pkt  1179.999 MB  win=4.958 Mbps 840.9 pkt/s  tot=7.173 Mbps 1216.6 pkt/s  late(win/tot)=50456/1678859  worst_late(win/tot)=173.421/197.214 ms  drop_timing(win/tot)=101246/1809364 pkt  drop_io(win/tot)=0/0 pkt  lost_samples(win/tot)=18224280/325685520  send_errors(win/tot)=0/0
2026-04-22 18:01:33 INFO STAT  crate=2  sent=1730959 pkt  1216.618 MB  win=5.120 Mbps 868.3 pkt/s  tot=7.087 Mbps 1202.1 pkt/s  late(win/tot)=52100/1730959  worst_late(win/tot)=178.277/197.214 ms  drop_timing(win/tot)=99520/1908884 pkt  drop_io(win/tot)=0/0 pkt  lost_samples(win/tot)=17913600/343599120  send_errors(win/tot)=0/0
2026-04-22 18:02:33 INFO STAT  crate=2  sent=1783381 pkt  1253.464 MB  win=5.151 Mbps 873.7 pkt/s  tot=7.010 Mbps 1188.9 pkt/s  late(win/tot)=52422/1783381  worst_late(win/tot)=173.827/197.214 ms  drop_timing(win/tot)=99284/2008168 pkt  drop_io(win/tot)=0/0 pkt  lost_samples(win/tot)=17871120/361470240  send_errors(win/tot)=0/0
2026-04-22 18:03:33 INFO STAT  crate=2  sent=1833730 pkt  1288.852 MB  win=4.948 Mbps 839.1 pkt/s  tot=6.931 Mbps 1175.5 pkt/s  late(win/tot)=50349/1833730  worst_late(win/tot)=169.551/197.214 ms  drop_timing(win/tot)=101333/2109501 pkt  drop_io(win/tot)=0/0 pkt  lost_samples(win/tot)=18239940/379710180  send_errors(win/tot)=0/0
2026-04-22 18:04:33 INFO STAT  crate=2  sent=1884040 pkt  1324.213 MB  win=4.944 Mbps 838.5 pkt/s  tot=6.857 Mbps 1163.0 pkt/s  late(win/tot)=50310/1884040  worst_late(win/tot)=177.428/197.214 ms  drop_timing(win/tot)=101360/2210861 pkt  drop_io(win/tot)=0/0 pkt  lost_samples(win/tot)=18244800/397954980  send_errors(win/tot)=0/0
2026-04-22 18:05:33 INFO STAT  crate=2  sent=1932200 pkt  1358.062 MB  win=4.733 Mbps 802.7 pkt/s  tot=6.781 Mbps 1150.1 pkt/s  late(win/tot)=48160/1932200  worst_late(win/tot)=177.483/197.214 ms  drop_timing(win/tot)=103438/2314299 pkt  drop_io(win/tot)=0/0 pkt  lost_samples(win/tot)=18618840/416573820  send_errors(win/tot)=0/0
2026-04-22 18:06:33 INFO STAT  crate=2  sent=1981118 pkt  1392.445 MB  win=4.807 Mbps 815.3 pkt/s  tot=6.713 Mbps 1138.6 pkt/s  late(win/tot)=48918/1981118  worst_late(win/tot)=213.266/213.266 ms  drop_timing(win/tot)=102789/2417088 pkt  drop_io(win/tot)=0/0 pkt  lost_samples(win/tot)=18502020/435075840  send_errors(win/tot)=0/0
2026-04-22 18:07:33 INFO STAT  crate=2  sent=2031066 pkt  1427.551 MB  win=4.908 Mbps 832.4 pkt/s  tot=6.653 Mbps 1128.4 pkt/s  late(win/tot)=49948/2031066  worst_late(win/tot)=171.335/213.266 ms  drop_timing(win/tot)=101704/2518792 pkt  drop_io(win/tot)=0/0 pkt  lost_samples(win/tot)=18306720/453382560  send_errors(win/tot)=0/0
2026-04-22 18:08:33 INFO STAT  crate=2  sent=2081610 pkt  1463.076 MB  win=4.967 Mbps 842.5 pkt/s  tot=6.598 Mbps 1119.1 pkt/s  late(win/tot)=50544/2081610  worst_late(win/tot)=162.856/213.266 ms  drop_timing(win/tot)=101113/2619905 pkt  drop_io(win/tot)=0/0 pkt  lost_samples(win/tot)=18200340/471582900  send_errors(win/tot)=0/0
2026-04-22 18:09:33 INFO STAT  crate=2  sent=2132357 pkt  1498.744 MB  win=4.987 Mbps 845.8 pkt/s  tot=6.548 Mbps 1110.6 pkt/s  late(win/tot)=50747/2132357  worst_late(win/tot)=164.212/213.266 ms  drop_timing(win/tot)=100916/2720821 pkt  drop_io(win/tot)=0/0 pkt  lost_samples(win/tot)=18164880/489747780  send_errors(win/tot)=0/0
2026-04-22 18:10:33 INFO STAT  crate=2  sent=2180753 pkt  1532.760 MB  win=4.756 Mbps 806.6 pkt/s  tot=6.494 Mbps 1101.4 pkt/s  late(win/tot)=48396/2180753  worst_late(win/tot)=168.385/213.266 ms  drop_timing(win/tot)=103318/2824139 pkt  drop_io(win/tot)=0/0 pkt  lost_samples(win/tot)=18597240/508345020  send_errors(win/tot)=0/0
2026-04-22 18:11:33 INFO STAT  crate=2  sent=2231501 pkt  1568.428 MB  win=4.987 Mbps 845.8 pkt/s  tot=6.449 Mbps 1093.9 pkt/s  late(win/tot)=50748/2231501  worst_late(win/tot)=196.475/213.266 ms  drop_timing(win/tot)=100851/2924990 pkt  drop_io(win/tot)=0/0 pkt  lost_samples(win/tot)=18153180/526498200  send_errors(win/tot)=0/0
2026-04-22 18:12:33 INFO STAT  crate=2  sent=2282883 pkt  1604.543 MB  win=5.049 Mbps 856.4 pkt/s  tot=6.409 Mbps 1087.1 pkt/s  late(win/tot)=51382/2282883  worst_late(win/tot)=172.384/213.266 ms  drop_timing(win/tot)=100328/3025318 pkt  drop_io(win/tot)=0/0 pkt  lost_samples(win/tot)=18059040/544557240  send_errors(win/tot)=0/0
2026-04-22 18:13:33 INFO STAT  crate=2  sent=2330955 pkt  1638.330 MB  win=4.724 Mbps 801.2 pkt/s  tot=6.363 Mbps 1079.1 pkt/s  late(win/tot)=48072/2330955  worst_late(win/tot)=176.049/213.266 ms  drop_timing(win/tot)=103609/3128927 pkt  drop_io(win/tot)=0/0 pkt  lost_samples(win/tot)=18649620/563206860  send_errors(win/tot)=0/0
2026-04-22 18:14:33 INFO STAT  crate=2  sent=2384394 pkt  1675.890 MB  win=5.251 Mbps 890.7 pkt/s  tot=6.333 Mbps 1074.1 pkt/s  late(win/tot)=53439/2384394  worst_late(win/tot)=169.965/213.266 ms  drop_timing(win/tot)=98235/3227162 pkt  drop_io(win/tot)=0/0 pkt  lost_samples(win/tot)=17682300/580889160  send_errors(win/tot)=0/0
2026-04-22 18:15:33 INFO STAT  crate=2  sent=2436902 pkt  1712.796 MB  win=5.160 Mbps 875.1 pkt/s  tot=6.302 Mbps 1068.8 pkt/s  late(win/tot)=52508/2436902  worst_late(win/tot)=163.466/213.266 ms  drop_timing(win/tot)=99125/3326287 pkt  drop_io(win/tot)=0/0 pkt  lost_samples(win/tot)=17842500/598731660  send_errors(win/tot)=0/0
2026-04-22 18:16:33 INFO STAT  crate=2  sent=2487569 pkt  1748.408 MB  win=4.979 Mbps 844.4 pkt/s  tot=6.268 Mbps 1063.1 pkt/s  late(win/tot)=50667/2487569  worst_late(win/tot)=180.389/213.266 ms  drop_timing(win/tot)=101028/3427315 pkt  drop_io(win/tot)=0/0 pkt  lost_samples(win/tot)=18185040/616916700  send_errors(win/tot)=0/0
2026-04-22 18:17:33 INFO STAT  crate=2  sent=2536232 pkt  1782.611 MB  win=4.782 Mbps 811.0 pkt/s  tot=6.231 Mbps 1056.8 pkt/s  late(win/tot)=48663/2536232  worst_late(win/tot)=173.618/213.266 ms  drop_timing(win/tot)=102955/3530270 pkt  drop_io(win/tot)=0/0 pkt  lost_samples(win/tot)=18531900/635448600  send_errors(win/tot)=0/0
2026-04-22 18:18:33 INFO STAT  crate=2  sent=2586400 pkt  1817.872 MB  win=4.930 Mbps 836.1 pkt/s  tot=6.199 Mbps 1051.4 pkt/s  late(win/tot)=50168/2586400  worst_late(win/tot)=177.479/213.266 ms  drop_timing(win/tot)=101567/3631837 pkt  drop_io(win/tot)=0/0 pkt  lost_samples(win/tot)=18282060/653730660  send_errors(win/tot)=0/0
2026-04-22 18:19:33 INFO STAT  crate=2  sent=2636273 pkt  1852.925 MB  win=4.900 Mbps 831.1 pkt/s  tot=6.168 Mbps 1046.1 pkt/s  late(win/tot)=49873/2636273  worst_late(win/tot)=165.548/213.266 ms  drop_timing(win/tot)=101738/3733575 pkt  drop_io(win/tot)=0/0 pkt  lost_samples(win/tot)=18312840/672043500  send_errors(win/tot)=0/0
2026-04-22 18:20:33 INFO STAT  crate=2  sent=2698299 pkt  1896.521 MB  win=6.096 Mbps 1033.9 pkt/s  tot=6.166 Mbps 1045.9 pkt/s  late(win/tot)=62026/2698299  worst_late(win/tot)=154.192/213.266 ms  drop_timing(win/tot)=89686/3823261 pkt  drop_io(win/tot)=0/0 pkt  lost_samples(win/tot)=16143480/688186980  send_errors(win/tot)=0/0
2026-04-22 18:21:03 INFO STAT  crate=2  sent=2730000 pkt  1918.802 MB  win=6.084 Mbps 1031.8 pkt/s  tot=6.165 Mbps 1045.7 pkt/s  late(win/tot)=31701/2730000  worst_late(win/tot)=146.483/213.266 ms  drop_timing(win/tot)=45948/3869209 pkt  drop_io(win/tot)=0/0 pkt  lost_samples(win/tot)=8270640/696457620  send_errors(win/tot)=0/0
2026-04-22 18:21:03 INFO Terminato
