2026-04-22 17:42:09 INFO Start crate=11 dst=131.154.99.225:6666
2026-04-22 17:42:09 INFO Streams=91  board=7  analog/board=12  digital_streams/board=1
2026-04-22 17:42:09 INFO Sample rate=5000 Hz  samples/pkt=180  pps/stream=27.777778  total_pps=2527.778
2026-04-22 17:42:09 INFO Packet len=737 B  expected throughput=14.904 Mbps
2026-04-22 17:42:09 INFO Analog FS=+/-10.000 V  noise_rms=0.010000 V  digital_flip_prob=0.002000
2026-04-22 17:43:09 INFO STAT  crate=11  sent=98154 pkt  68.988 MB  win=9.645 Mbps 1635.9 pkt/s  tot=9.645 Mbps 1635.9 pkt/s  late(win/tot)=98154/98154  worst_late(win/tot)=102.493/102.493 ms  drop_timing(win/tot)=53425/53425 pkt  drop_io(win/tot)=0/0 pkt  lost_samples(win/tot)=9616500/9616500  send_errors(win/tot)=0/0
2026-04-22 17:44:09 INFO STAT  crate=11  sent=187555 pkt  131.825 MB  win=8.785 Mbps 1489.9 pkt/s  tot=9.215 Mbps 1562.9 pkt/s  late(win/tot)=89401/187555  worst_late(win/tot)=121.613/121.613 ms  drop_timing(win/tot)=62281/115706 pkt  drop_io(win/tot)=0/0 pkt  lost_samples(win/tot)=11210580/20827080  send_errors(win/tot)=0/0
2026-04-22 17:45:09 INFO STAT  crate=11  sent=276760 pkt  194.523 MB  win=8.766 Mbps 1486.9 pkt/s  tot=9.065 Mbps 1537.5 pkt/s  late(win/tot)=89205/276760  worst_late(win/tot)=117.975/121.613 ms  drop_timing(win/tot)=62482/178188 pkt  drop_io(win/tot)=0/0 pkt  lost_samples(win/tot)=11246760/32073840  send_errors(win/tot)=0/0
2026-04-22 17:46:09 INFO STAT  crate=11  sent=366711 pkt  257.746 MB  win=8.839 Mbps 1499.2 pkt/s  tot=9.009 Mbps 1528.0 pkt/s  late(win/tot)=89951/366711  worst_late(win/tot)=112.220/121.613 ms  drop_timing(win/tot)=61684/239872 pkt  drop_io(win/tot)=0/0 pkt  lost_samples(win/tot)=11103120/43176960  send_errors(win/tot)=0/0
2026-04-22 17:47:09 INFO STAT  crate=11  sent=456265 pkt  320.689 MB  win=8.800 Mbps 1492.6 pkt/s  tot=8.967 Mbps 1520.9 pkt/s  late(win/tot)=89554/456265  worst_late(win/tot)=123.370/123.370 ms  drop_timing(win/tot)=62106/301978 pkt  drop_io(win/tot)=0/0 pkt  lost_samples(win/tot)=11179080/54356040  send_errors(win/tot)=0/0
2026-04-22 17:48:09 INFO STAT  crate=11  sent=547682 pkt  384.943 MB  win=8.983 Mbps 1523.6 pkt/s  tot=8.970 Mbps 1521.3 pkt/s  late(win/tot)=91417/547682  worst_late(win/tot)=105.940/123.370 ms  drop_timing(win/tot)=60272/362250 pkt  drop_io(win/tot)=0/0 pkt  lost_samples(win/tot)=10848960/65205000  send_errors(win/tot)=0/0
2026-04-22 17:49:09 INFO STAT  crate=11  sent=636732 pkt  447.532 MB  win=8.750 Mbps 1484.1 pkt/s  tot=8.938 Mbps 1516.0 pkt/s  late(win/tot)=89050/636732  worst_late(win/tot)=109.866/123.370 ms  drop_timing(win/tot)=62623/424873 pkt  drop_io(win/tot)=0/0 pkt  lost_samples(win/tot)=11272140/76477140  send_errors(win/tot)=0/0
2026-04-22 17:50:09 INFO STAT  crate=11  sent=726306 pkt  510.490 MB  win=8.803 Mbps 1493.0 pkt/s  tot=8.921 Mbps 1513.1 pkt/s  late(win/tot)=89574/726306  worst_late(win/tot)=132.004/132.004 ms  drop_timing(win/tot)=62073/486946 pkt  drop_io(win/tot)=0/0 pkt  lost_samples(win/tot)=11173140/87650280  send_errors(win/tot)=0/0
2026-04-22 17:51:09 INFO STAT  crate=11  sent=815330 pkt  573.061 MB  win=8.748 Mbps 1483.8 pkt/s  tot=8.902 Mbps 1509.9 pkt/s  late(win/tot)=89024/815330  worst_late(win/tot)=104.163/132.004 ms  drop_timing(win/tot)=62655/549601 pkt  drop_io(win/tot)=0/0 pkt  lost_samples(win/tot)=11277900/98928180  send_errors(win/tot)=0/0
2026-04-22 17:52:09 INFO STAT  crate=11  sent=904313 pkt  635.604 MB  win=8.744 Mbps 1483.0 pkt/s  tot=8.886 Mbps 1507.2 pkt/s  late(win/tot)=88983/904313  worst_late(win/tot)=133.640/133.640 ms  drop_timing(win/tot)=62690/612291 pkt  drop_io(win/tot)=0/0 pkt  lost_samples(win/tot)=11284200/110212380  send_errors(win/tot)=0/0
2026-04-22 17:53:09 INFO STAT  crate=11  sent=992304 pkt  697.449 MB  win=8.646 Mbps 1466.4 pkt/s  tot=8.865 Mbps 1503.5 pkt/s  late(win/tot)=87991/992304  worst_late(win/tot)=116.804/133.640 ms  drop_timing(win/tot)=63676/675967 pkt  drop_io(win/tot)=0/0 pkt  lost_samples(win/tot)=11461680/121674060  send_errors(win/tot)=0/0
2026-04-22 17:54:09 INFO STAT  crate=11  sent=1078903 pkt  758.316 MB  win=8.510 Mbps 1443.3 pkt/s  tot=8.835 Mbps 1498.5 pkt/s  late(win/tot)=86599/1078903  worst_late(win/tot)=117.861/133.640 ms  drop_timing(win/tot)=65069/741036 pkt  drop_io(win/tot)=0/0 pkt  lost_samples(win/tot)=11712420/133386480  send_errors(win/tot)=0/0
2026-04-22 17:55:09 INFO STAT  crate=11  sent=1167478 pkt  820.571 MB  win=8.705 Mbps 1476.4 pkt/s  tot=8.825 Mbps 1496.8 pkt/s  late(win/tot)=88575/1167478  worst_late(win/tot)=119.401/133.640 ms  drop_timing(win/tot)=63086/804122 pkt  drop_io(win/tot)=0/0 pkt  lost_samples(win/tot)=11355480/144741960  send_errors(win/tot)=0/0
2026-04-22 17:56:09 INFO STAT  crate=11  sent=1256002 pkt  882.791 MB  win=8.699 Mbps 1475.3 pkt/s  tot=8.816 Mbps 1495.2 pkt/s  late(win/tot)=88524/1256002  worst_late(win/tot)=131.106/133.640 ms  drop_timing(win/tot)=63143/867265 pkt  drop_io(win/tot)=0/0 pkt  lost_samples(win/tot)=11365740/156107700  send_errors(win/tot)=0/0
2026-04-22 17:57:09 INFO STAT  crate=11  sent=1345180 pkt  945.470 MB  win=8.763 Mbps 1486.3 pkt/s  tot=8.812 Mbps 1494.6 pkt/s  late(win/tot)=89178/1345180  worst_late(win/tot)=111.366/133.640 ms  drop_timing(win/tot)=62459/929724 pkt  drop_io(win/tot)=0/0 pkt  lost_samples(win/tot)=11242620/167350320  send_errors(win/tot)=0/0
2026-04-22 17:58:09 INFO STAT  crate=11  sent=1434522 pkt  1008.265 MB  win=8.779 Mbps 1489.1 pkt/s  tot=8.810 Mbps 1494.3 pkt/s  late(win/tot)=89342/1434522  worst_late(win/tot)=116.050/133.640 ms  drop_timing(win/tot)=62344/992068 pkt  drop_io(win/tot)=0/0 pkt  lost_samples(win/tot)=11221920/178572240  send_errors(win/tot)=0/0
2026-04-22 17:59:09 INFO STAT  crate=11  sent=1523995 pkt  1071.152 MB  win=8.792 Mbps 1491.2 pkt/s  tot=8.809 Mbps 1494.1 pkt/s  late(win/tot)=89473/1523995  worst_late(win/tot)=114.911/133.640 ms  drop_timing(win/tot)=62188/1054256 pkt  drop_io(win/tot)=0/0 pkt  lost_samples(win/tot)=11193840/189766080  send_errors(win/tot)=0/0
2026-04-22 18:00:09 INFO STAT  crate=11  sent=1611387 pkt  1132.576 MB  win=8.588 Mbps 1456.5 pkt/s  tot=8.797 Mbps 1492.0 pkt/s  late(win/tot)=87392/1611387  worst_late(win/tot)=149.453/149.453 ms  drop_timing(win/tot)=64265/1118521 pkt  drop_io(win/tot)=0/0 pkt  lost_samples(win/tot)=11567700/201333780  send_errors(win/tot)=0/0
2026-04-22 18:01:09 INFO STAT  crate=11  sent=1700541 pkt  1195.239 MB  win=8.761 Mbps 1485.9 pkt/s  tot=8.795 Mbps 1491.7 pkt/s  late(win/tot)=89154/1700541  worst_late(win/tot)=118.962/149.453 ms  drop_timing(win/tot)=62535/1181056 pkt  drop_io(win/tot)=0/0 pkt  lost_samples(win/tot)=11256300/212590080  send_errors(win/tot)=0/0
2026-04-22 18:02:09 INFO STAT  crate=11  sent=1789237 pkt  1257.579 MB  win=8.716 Mbps 1478.3 pkt/s  tot=8.791 Mbps 1491.0 pkt/s  late(win/tot)=88696/1789237  worst_late(win/tot)=122.727/149.453 ms  drop_timing(win/tot)=62972/1244028 pkt  drop_io(win/tot)=0/0 pkt  lost_samples(win/tot)=11334960/223925040  send_errors(win/tot)=0/0
2026-04-22 18:03:09 INFO STAT  crate=11  sent=1877753 pkt  1319.794 MB  win=8.698 Mbps 1475.2 pkt/s  tot=8.787 Mbps 1490.3 pkt/s  late(win/tot)=88516/1877753  worst_late(win/tot)=129.375/149.453 ms  drop_timing(win/tot)=63151/1307179 pkt  drop_io(win/tot)=0/0 pkt  lost_samples(win/tot)=11367180/235292220  send_errors(win/tot)=0/0
2026-04-22 18:04:09 INFO STAT  crate=11  sent=1965429 pkt  1381.417 MB  win=8.616 Mbps 1461.3 pkt/s  tot=8.779 Mbps 1489.0 pkt/s  late(win/tot)=87676/1965429  worst_late(win/tot)=127.758/149.453 ms  drop_timing(win/tot)=63968/1371147 pkt  drop_io(win/tot)=0/0 pkt  lost_samples(win/tot)=11514240/246806460  send_errors(win/tot)=0/0
2026-04-22 18:05:09 INFO STAT  crate=11  sent=2053967 pkt  1443.647 MB  win=8.700 Mbps 1475.6 pkt/s  tot=8.775 Mbps 1488.4 pkt/s  late(win/tot)=88538/2053967  worst_late(win/tot)=123.843/149.453 ms  drop_timing(win/tot)=63141/1434288 pkt  drop_io(win/tot)=0/0 pkt  lost_samples(win/tot)=11365380/258171840  send_errors(win/tot)=0/0
2026-04-22 18:06:09 INFO STAT  crate=11  sent=2142556 pkt  1505.913 MB  win=8.705 Mbps 1476.5 pkt/s  tot=8.773 Mbps 1487.9 pkt/s  late(win/tot)=88589/2142556  worst_late(win/tot)=134.644/149.453 ms  drop_timing(win/tot)=63073/1497361 pkt  drop_io(win/tot)=0/0 pkt  lost_samples(win/tot)=11353140/269524980  send_errors(win/tot)=0/0
2026-04-22 18:07:09 INFO STAT  crate=11  sent=2230107 pkt  1567.448 MB  win=8.603 Mbps 1459.2 pkt/s  tot=8.766 Mbps 1486.7 pkt/s  late(win/tot)=87551/2230107  worst_late(win/tot)=111.096/149.453 ms  drop_timing(win/tot)=64147/1561508 pkt  drop_io(win/tot)=0/0 pkt  lost_samples(win/tot)=11546460/281071440  send_errors(win/tot)=0/0
2026-04-22 18:08:09 INFO STAT  crate=11  sent=2318275 pkt  1629.418 MB  win=8.664 Mbps 1469.5 pkt/s  tot=8.762 Mbps 1486.1 pkt/s  late(win/tot)=88168/2318275  worst_late(win/tot)=122.171/149.453 ms  drop_timing(win/tot)=63469/1624977 pkt  drop_io(win/tot)=0/0 pkt  lost_samples(win/tot)=11424420/292495860  send_errors(win/tot)=0/0
2026-04-22 18:09:09 INFO STAT  crate=11  sent=2410713 pkt  1694.389 MB  win=9.083 Mbps 1540.6 pkt/s  tot=8.774 Mbps 1488.1 pkt/s  late(win/tot)=92438/2410713  worst_late(win/tot)=136.710/149.453 ms  drop_timing(win/tot)=59235/1684212 pkt  drop_io(win/tot)=0/0 pkt  lost_samples(win/tot)=10662300/303158160  send_errors(win/tot)=0/0
2026-04-22 18:10:09 INFO STAT  crate=11  sent=2527255 pkt  1776.301 MB  win=11.453 Mbps 1942.5 pkt/s  tot=8.869 Mbps 1504.3 pkt/s  late(win/tot)=116542/2527255  worst_late(win/tot)=105.629/149.453 ms  drop_timing(win/tot)=35106/1719318 pkt  drop_io(win/tot)=0/0 pkt  lost_samples(win/tot)=6319080/309477240  send_errors(win/tot)=0/0
2026-04-22 18:11:09 INFO STAT  crate=11  sent=2664934 pkt  1873.070 MB  win=13.529 Mbps 2294.6 pkt/s  tot=9.030 Mbps 1531.6 pkt/s  late(win/tot)=137679/2664934  worst_late(win/tot)=81.834/149.453 ms  drop_timing(win/tot)=14082/1733400 pkt  drop_io(win/tot)=0/0 pkt  lost_samples(win/tot)=2534760/312012000  send_errors(win/tot)=0/0
2026-04-22 18:11:35 INFO STAT  crate=11  sent=2730000 pkt  1918.802 MB  win=14.646 Mbps 2484.1 pkt/s  tot=9.113 Mbps 1545.7 pkt/s  late(win/tot)=65066/2730000  worst_late(win/tot)=39.027/149.453 ms  drop_timing(win/tot)=82/1733482 pkt  drop_io(win/tot)=0/0 pkt  lost_samples(win/tot)=14760/312026760  send_errors(win/tot)=0/0
2026-04-22 18:11:35 INFO Terminato
