2026-04-22 14:48:40 INFO Start crate=6 dst=131.154.99.225:6666
2026-04-22 14:48:40 INFO Streams=91  board=7  analog/board=12  digital_streams/board=1
2026-04-22 14:48:40 INFO Sample rate=5000 Hz  samples/pkt=180  pps/stream=27.777778  total_pps=2527.778
2026-04-22 14:48:40 INFO Packet len=737 B  expected throughput=14.904 Mbps
2026-04-22 14:48:40 INFO Analog FS=+/-10.000 V  noise_rms=0.010000 V  digital_flip_prob=0.002000
2026-04-22 14:49:40 INFO STAT  crate=6  sent=125755 pkt  88.388 MB  win=12.357 Mbps 2095.9 pkt/s  tot=12.357 Mbps 2095.9 pkt/s  late(win/tot)=125755/125755  worst_late(win/tot)=73.745/73.745 ms  drop_timing(win/tot)=25844/25844 pkt  drop_io(win/tot)=0/0 pkt  lost_samples(win/tot)=4651920/4651920  send_errors(win/tot)=0/0
2026-04-22 14:50:40 INFO STAT  crate=6  sent=230414 pkt  161.948 MB  win=10.285 Mbps 1744.3 pkt/s  tot=11.321 Mbps 1920.1 pkt/s  late(win/tot)=104659/230414  worst_late(win/tot)=117.469/117.469 ms  drop_timing(win/tot)=46935/72779 pkt  drop_io(win/tot)=0/0 pkt  lost_samples(win/tot)=8448300/13100220  send_errors(win/tot)=0/0
2026-04-22 14:51:40 INFO STAT  crate=6  sent=312330 pkt  219.524 MB  win=8.050 Mbps 1365.3 pkt/s  tot=10.231 Mbps 1735.2 pkt/s  late(win/tot)=81916/312330  worst_late(win/tot)=112.283/117.469 ms  drop_timing(win/tot)=69788/142567 pkt  drop_io(win/tot)=0/0 pkt  lost_samples(win/tot)=12561840/25662060  send_errors(win/tot)=0/0
2026-04-22 14:52:40 INFO STAT  crate=6  sent=400102 pkt  281.215 MB  win=8.625 Mbps 1462.9 pkt/s  tot=9.829 Mbps 1667.1 pkt/s  late(win/tot)=87772/400102  worst_late(win/tot)=119.483/119.483 ms  drop_timing(win/tot)=63912/206479 pkt  drop_io(win/tot)=0/0 pkt  lost_samples(win/tot)=11504160/37166220  send_errors(win/tot)=0/0
2026-04-22 14:53:40 INFO STAT  crate=6  sent=482623 pkt  339.215 MB  win=8.109 Mbps 1375.4 pkt/s  tot=9.485 Mbps 1608.7 pkt/s  late(win/tot)=82521/482623  worst_late(win/tot)=118.187/119.483 ms  drop_timing(win/tot)=69160/275639 pkt  drop_io(win/tot)=0/0 pkt  lost_samples(win/tot)=12448800/49615020  send_errors(win/tot)=0/0
2026-04-22 14:54:40 INFO STAT  crate=6  sent=568503 pkt  399.577 MB  win=8.439 Mbps 1431.3 pkt/s  tot=9.311 Mbps 1579.2 pkt/s  late(win/tot)=85880/568503  worst_late(win/tot)=122.725/122.725 ms  drop_timing(win/tot)=65793/341432 pkt  drop_io(win/tot)=0/0 pkt  lost_samples(win/tot)=11842740/61457760  send_errors(win/tot)=0/0
2026-04-22 14:55:40 INFO STAT  crate=6  sent=658063 pkt  462.525 MB  win=8.801 Mbps 1492.7 pkt/s  tot=9.238 Mbps 1566.8 pkt/s  late(win/tot)=89560/658063  worst_late(win/tot)=125.161/125.161 ms  drop_timing(win/tot)=62069/403501 pkt  drop_io(win/tot)=0/0 pkt  lost_samples(win/tot)=11172420/72630180  send_errors(win/tot)=0/0
2026-04-22 14:56:40 INFO STAT  crate=6  sent=741370 pkt  521.078 MB  win=8.186 Mbps 1388.4 pkt/s  tot=9.106 Mbps 1544.5 pkt/s  late(win/tot)=83307/741370  worst_late(win/tot)=114.578/125.161 ms  drop_timing(win/tot)=68388/471889 pkt  drop_io(win/tot)=0/0 pkt  lost_samples(win/tot)=12309840/84940020  send_errors(win/tot)=0/0
2026-04-22 14:57:40 INFO STAT  crate=6  sent=826923 pkt  581.209 MB  win=8.407 Mbps 1425.9 pkt/s  tot=9.029 Mbps 1531.3 pkt/s  late(win/tot)=85553/826923  worst_late(win/tot)=118.839/125.161 ms  drop_timing(win/tot)=66061/537950 pkt  drop_io(win/tot)=0/0 pkt  lost_samples(win/tot)=11890980/96831000  send_errors(win/tot)=0/0
2026-04-22 14:58:40 INFO STAT  crate=6  sent=909881 pkt  639.517 MB  win=8.152 Mbps 1382.7 pkt/s  tot=8.941 Mbps 1516.5 pkt/s  late(win/tot)=82958/909881  worst_late(win/tot)=115.981/125.161 ms  drop_timing(win/tot)=68718/606668 pkt  drop_io(win/tot)=0/0 pkt  lost_samples(win/tot)=12369240/109200240  send_errors(win/tot)=0/0
2026-04-22 14:59:40 INFO STAT  crate=6  sent=990186 pkt  695.960 MB  win=7.891 Mbps 1338.4 pkt/s  tot=8.846 Mbps 1500.3 pkt/s  late(win/tot)=80305/990186  worst_late(win/tot)=128.330/128.330 ms  drop_timing(win/tot)=71384/678052 pkt  drop_io(win/tot)=0/0 pkt  lost_samples(win/tot)=12849120/122049360  send_errors(win/tot)=0/0
2026-04-22 15:00:40 INFO STAT  crate=6  sent=1071870 pkt  753.372 MB  win=8.027 Mbps 1361.4 pkt/s  tot=8.777 Mbps 1488.7 pkt/s  late(win/tot)=81684/1071870  worst_late(win/tot)=110.847/128.330 ms  drop_timing(win/tot)=70010/748062 pkt  drop_io(win/tot)=0/0 pkt  lost_samples(win/tot)=12601800/134651160  send_errors(win/tot)=0/0
2026-04-22 15:01:40 INFO STAT  crate=6  sent=1154180 pkt  811.225 MB  win=8.088 Mbps 1371.8 pkt/s  tot=8.724 Mbps 1479.7 pkt/s  late(win/tot)=82310/1154180  worst_late(win/tot)=110.342/128.330 ms  drop_timing(win/tot)=69305/817367 pkt  drop_io(win/tot)=0/0 pkt  lost_samples(win/tot)=12474900/147126060  send_errors(win/tot)=0/0
2026-04-22 15:02:40 INFO STAT  crate=6  sent=1236302 pkt  868.945 MB  win=8.070 Mbps 1368.7 pkt/s  tot=8.678 Mbps 1471.8 pkt/s  late(win/tot)=82122/1236302  worst_late(win/tot)=116.220/128.330 ms  drop_timing(win/tot)=69559/886926 pkt  drop_io(win/tot)=0/0 pkt  lost_samples(win/tot)=12520620/159646680  send_errors(win/tot)=0/0
2026-04-22 15:03:40 INFO STAT  crate=6  sent=1318162 pkt  926.481 MB  win=8.044 Mbps 1364.3 pkt/s  tot=8.635 Mbps 1464.6 pkt/s  late(win/tot)=81860/1318162  worst_late(win/tot)=115.645/128.330 ms  drop_timing(win/tot)=69848/956774 pkt  drop_io(win/tot)=0/0 pkt  lost_samples(win/tot)=12572640/172219320  send_errors(win/tot)=0/0
2026-04-22 15:04:40 INFO STAT  crate=6  sent=1402413 pkt  985.697 MB  win=8.279 Mbps 1404.2 pkt/s  tot=8.613 Mbps 1460.8 pkt/s  late(win/tot)=84251/1402413  worst_late(win/tot)=115.526/128.330 ms  drop_timing(win/tot)=67346/1024120 pkt  drop_io(win/tot)=0/0 pkt  lost_samples(win/tot)=12122280/184341600  send_errors(win/tot)=0/0
2026-04-22 15:05:40 INFO STAT  crate=6  sent=1484260 pkt  1043.224 MB  win=8.043 Mbps 1364.1 pkt/s  tot=8.580 Mbps 1455.2 pkt/s  late(win/tot)=81847/1484260  worst_late(win/tot)=114.001/128.330 ms  drop_timing(win/tot)=69835/1093955 pkt  drop_io(win/tot)=0/0 pkt  lost_samples(win/tot)=12570300/196911900  send_errors(win/tot)=0/0
2026-04-22 15:06:40 INFO STAT  crate=6  sent=1564726 pkt  1099.780 MB  win=7.907 Mbps 1341.1 pkt/s  tot=8.542 Mbps 1448.8 pkt/s  late(win/tot)=80466/1564726  worst_late(win/tot)=114.564/128.330 ms  drop_timing(win/tot)=71221/1165176 pkt  drop_io(win/tot)=0/0 pkt  lost_samples(win/tot)=12819780/209731680  send_errors(win/tot)=0/0
2026-04-22 15:07:40 INFO STAT  crate=6  sent=1649685 pkt  1159.494 MB  win=8.349 Mbps 1416.0 pkt/s  tot=8.532 Mbps 1447.1 pkt/s  late(win/tot)=84959/1649685  worst_late(win/tot)=111.570/128.330 ms  drop_timing(win/tot)=66700/1231876 pkt  drop_io(win/tot)=0/0 pkt  lost_samples(win/tot)=12006000/221737680  send_errors(win/tot)=0/0
2026-04-22 15:08:40 INFO STAT  crate=6  sent=1734073 pkt  1218.807 MB  win=8.292 Mbps 1406.4 pkt/s  tot=8.520 Mbps 1445.1 pkt/s  late(win/tot)=84388/1734073  worst_late(win/tot)=118.084/128.330 ms  drop_timing(win/tot)=67269/1299145 pkt  drop_io(win/tot)=0/0 pkt  lost_samples(win/tot)=12108420/233846100  send_errors(win/tot)=0/0
2026-04-22 15:09:40 INFO STAT  crate=6  sent=1817364 pkt  1277.349 MB  win=8.185 Mbps 1388.3 pkt/s  tot=8.504 Mbps 1442.4 pkt/s  late(win/tot)=83291/1817364  worst_late(win/tot)=112.817/128.330 ms  drop_timing(win/tot)=68382/1367527 pkt  drop_io(win/tot)=0/0 pkt  lost_samples(win/tot)=12308760/246154860  send_errors(win/tot)=0/0
2026-04-22 15:10:40 INFO STAT  crate=6  sent=1899412 pkt  1335.017 MB  win=8.062 Mbps 1367.4 pkt/s  tot=8.484 Mbps 1438.9 pkt/s  late(win/tot)=82048/1899412  worst_late(win/tot)=117.510/128.330 ms  drop_timing(win/tot)=69593/1437120 pkt  drop_io(win/tot)=0/0 pkt  lost_samples(win/tot)=12526740/258681600  send_errors(win/tot)=0/0
2026-04-22 15:11:40 INFO STAT  crate=6  sent=1983301 pkt  1393.979 MB  win=8.243 Mbps 1398.1 pkt/s  tot=8.474 Mbps 1437.2 pkt/s  late(win/tot)=83889/1983301  worst_late(win/tot)=110.667/128.330 ms  drop_timing(win/tot)=67800/1504920 pkt  drop_io(win/tot)=0/0 pkt  lost_samples(win/tot)=12204000/270885600  send_errors(win/tot)=0/0
2026-04-22 15:12:40 INFO STAT  crate=6  sent=2065731 pkt  1451.915 MB  win=8.100 Mbps 1373.9 pkt/s  tot=8.458 Mbps 1434.5 pkt/s  late(win/tot)=82430/2065731  worst_late(win/tot)=114.479/128.330 ms  drop_timing(win/tot)=69233/1574153 pkt  drop_io(win/tot)=0/0 pkt  lost_samples(win/tot)=12461940/283347540  send_errors(win/tot)=0/0
2026-04-22 15:13:40 INFO STAT  crate=6  sent=2149647 pkt  1510.897 MB  win=8.246 Mbps 1398.6 pkt/s  tot=8.450 Mbps 1433.1 pkt/s  late(win/tot)=83916/2149647  worst_late(win/tot)=107.553/128.330 ms  drop_timing(win/tot)=67758/1641911 pkt  drop_io(win/tot)=0/0 pkt  lost_samples(win/tot)=12196440/295543980  send_errors(win/tot)=0/0
2026-04-22 15:14:40 INFO STAT  crate=6  sent=2233194 pkt  1569.618 MB  win=8.210 Mbps 1392.4 pkt/s  tot=8.440 Mbps 1431.5 pkt/s  late(win/tot)=83547/2233194  worst_late(win/tot)=119.819/128.330 ms  drop_timing(win/tot)=68161/1710072 pkt  drop_io(win/tot)=0/0 pkt  lost_samples(win/tot)=12268980/307812960  send_errors(win/tot)=0/0
2026-04-22 15:15:40 INFO STAT  crate=6  sent=2314466 pkt  1626.741 MB  win=7.986 Mbps 1354.5 pkt/s  tot=8.424 Mbps 1428.7 pkt/s  late(win/tot)=81272/2314466  worst_late(win/tot)=126.687/128.330 ms  drop_timing(win/tot)=70346/1780418 pkt  drop_io(win/tot)=0/0 pkt  lost_samples(win/tot)=12662280/320475240  send_errors(win/tot)=0/0
2026-04-22 15:16:40 INFO STAT  crate=6  sent=2398175 pkt  1685.576 MB  win=8.226 Mbps 1395.1 pkt/s  tot=8.416 Mbps 1427.5 pkt/s  late(win/tot)=83709/2398175  worst_late(win/tot)=110.117/128.330 ms  drop_timing(win/tot)=67983/1848401 pkt  drop_io(win/tot)=0/0 pkt  lost_samples(win/tot)=12236940/332712180  send_errors(win/tot)=0/0
2026-04-22 15:17:40 INFO STAT  crate=6  sent=2483116 pkt  1745.278 MB  win=8.347 Mbps 1415.7 pkt/s  tot=8.414 Mbps 1427.1 pkt/s  late(win/tot)=84941/2483116  worst_late(win/tot)=106.264/128.330 ms  drop_timing(win/tot)=66785/1915186 pkt  drop_io(win/tot)=0/0 pkt  lost_samples(win/tot)=12021300/344733480  send_errors(win/tot)=0/0
2026-04-22 15:18:40 INFO STAT  crate=6  sent=2566455 pkt  1803.853 MB  win=8.189 Mbps 1389.0 pkt/s  tot=8.407 Mbps 1425.8 pkt/s  late(win/tot)=83339/2566455  worst_late(win/tot)=116.180/128.330 ms  drop_timing(win/tot)=68330/1983516 pkt  drop_io(win/tot)=0/0 pkt  lost_samples(win/tot)=12299400/357032880  send_errors(win/tot)=0/0
2026-04-22 15:19:40 INFO STAT  crate=6  sent=2677516 pkt  1881.913 MB  win=10.914 Mbps 1851.0 pkt/s  tot=8.487 Mbps 1439.5 pkt/s  late(win/tot)=111061/2677516  worst_late(win/tot)=104.478/128.330 ms  drop_timing(win/tot)=40597/2024113 pkt  drop_io(win/tot)=0/0 pkt  lost_samples(win/tot)=7307460/364340340  send_errors(win/tot)=0/0
2026-04-22 15:20:05 INFO STAT  crate=6  sent=2730000 pkt  1918.802 MB  win=12.655 Mbps 2146.4 pkt/s  tot=8.542 Mbps 1448.7 pkt/s  late(win/tot)=52484/2730000  worst_late(win/tot)=68.836/128.330 ms  drop_timing(win/tot)=9282/2033395 pkt  drop_io(win/tot)=0/0 pkt  lost_samples(win/tot)=1670760/366011100  send_errors(win/tot)=0/0
2026-04-22 15:20:05 INFO Terminato
