2026-04-22 14:58:35 INFO Start crate=25 dst=131.154.99.225:6666
2026-04-22 14:58:35 INFO Streams=91  board=7  analog/board=12  digital_streams/board=1
2026-04-22 14:58:35 INFO Sample rate=5000 Hz  samples/pkt=180  pps/stream=27.777778  total_pps=2527.778
2026-04-22 14:58:35 INFO Packet len=737 B  expected throughput=14.904 Mbps
2026-04-22 14:58:35 INFO Analog FS=+/-10.000 V  noise_rms=0.010000 V  digital_flip_prob=0.002000
2026-04-22 14:59:35 INFO STAT  crate=25  sent=105035 pkt  73.825 MB  win=10.321 Mbps 1750.6 pkt/s  tot=10.321 Mbps 1750.6 pkt/s  late(win/tot)=105035/105035  worst_late(win/tot)=138.442/138.442 ms  drop_timing(win/tot)=46556/46556 pkt  drop_io(win/tot)=0/0 pkt  lost_samples(win/tot)=8380080/8380080  send_errors(win/tot)=0/0
2026-04-22 15:00:35 INFO STAT  crate=25  sent=211864 pkt  148.910 MB  win=10.497 Mbps 1780.4 pkt/s  tot=10.409 Mbps 1765.5 pkt/s  late(win/tot)=106829/211864  worst_late(win/tot)=122.771/138.442 ms  drop_timing(win/tot)=44828/91384 pkt  drop_io(win/tot)=0/0 pkt  lost_samples(win/tot)=8069040/16449120  send_errors(win/tot)=0/0
2026-04-22 15:01:35 INFO STAT  crate=25  sent=288448 pkt  202.738 MB  win=7.526 Mbps 1276.5 pkt/s  tot=9.448 Mbps 1602.5 pkt/s  late(win/tot)=76584/288448  worst_late(win/tot)=144.362/144.362 ms  drop_timing(win/tot)=75083/166467 pkt  drop_io(win/tot)=0/0 pkt  lost_samples(win/tot)=13514940/29964060  send_errors(win/tot)=0/0
2026-04-22 15:02:35 INFO STAT  crate=25  sent=353355 pkt  248.358 MB  win=6.378 Mbps 1081.8 pkt/s  tot=8.681 Mbps 1472.3 pkt/s  late(win/tot)=64907/353355  worst_late(win/tot)=184.427/184.427 ms  drop_timing(win/tot)=86755/253222 pkt  drop_io(win/tot)=0/0 pkt  lost_samples(win/tot)=15615900/45579960  send_errors(win/tot)=0/0
2026-04-22 15:03:35 INFO STAT  crate=25  sent=413461 pkt  290.604 MB  win=5.906 Mbps 1001.7 pkt/s  tot=8.126 Mbps 1378.2 pkt/s  late(win/tot)=60106/413461  worst_late(win/tot)=167.271/184.427 ms  drop_timing(win/tot)=91536/344758 pkt  drop_io(win/tot)=0/0 pkt  lost_samples(win/tot)=16476480/62056440  send_errors(win/tot)=0/0
2026-04-22 15:04:35 INFO STAT  crate=25  sent=472370 pkt  332.009 MB  win=5.789 Mbps 981.9 pkt/s  tot=7.736 Mbps 1312.1 pkt/s  late(win/tot)=58909/472370  worst_late(win/tot)=163.143/184.427 ms  drop_timing(win/tot)=92727/437485 pkt  drop_io(win/tot)=0/0 pkt  lost_samples(win/tot)=16690860/78747300  send_errors(win/tot)=0/0
2026-04-22 15:05:35 INFO STAT  crate=25  sent=530032 pkt  372.537 MB  win=5.666 Mbps 961.0 pkt/s  tot=7.441 Mbps 1262.0 pkt/s  late(win/tot)=57662/530032  worst_late(win/tot)=166.223/184.427 ms  drop_timing(win/tot)=94056/531541 pkt  drop_io(win/tot)=0/0 pkt  lost_samples(win/tot)=16930080/95677380  send_errors(win/tot)=0/0
2026-04-22 15:06:35 INFO STAT  crate=25  sent=595020 pkt  418.215 MB  win=6.386 Mbps 1083.1 pkt/s  tot=7.309 Mbps 1239.6 pkt/s  late(win/tot)=64988/595020  worst_late(win/tot)=165.293/184.427 ms  drop_timing(win/tot)=86637/618178 pkt  drop_io(win/tot)=0/0 pkt  lost_samples(win/tot)=15594660/111272040  send_errors(win/tot)=0/0
2026-04-22 15:07:35 INFO STAT  crate=25  sent=654643 pkt  460.121 MB  win=5.859 Mbps 993.7 pkt/s  tot=7.148 Mbps 1212.3 pkt/s  late(win/tot)=59623/654643  worst_late(win/tot)=157.391/184.427 ms  drop_timing(win/tot)=92086/710264 pkt  drop_io(win/tot)=0/0 pkt  lost_samples(win/tot)=16575480/127847520  send_errors(win/tot)=0/0
2026-04-22 15:08:35 INFO STAT  crate=25  sent=717114 pkt  504.029 MB  win=6.139 Mbps 1041.2 pkt/s  tot=7.047 Mbps 1195.2 pkt/s  late(win/tot)=62471/717114  worst_late(win/tot)=158.198/184.427 ms  drop_timing(win/tot)=89170/799434 pkt  drop_io(win/tot)=0/0 pkt  lost_samples(win/tot)=16050600/143898120  send_errors(win/tot)=0/0
2026-04-22 15:09:35 INFO STAT  crate=25  sent=776522 pkt  545.785 MB  win=5.838 Mbps 990.1 pkt/s  tot=6.937 Mbps 1176.5 pkt/s  late(win/tot)=59408/776522  worst_late(win/tot)=179.489/184.427 ms  drop_timing(win/tot)=92232/891666 pkt  drop_io(win/tot)=0/0 pkt  lost_samples(win/tot)=16601760/160499880  send_errors(win/tot)=0/0
2026-04-22 15:10:35 INFO STAT  crate=25  sent=837607 pkt  588.719 MB  win=6.003 Mbps 1018.1 pkt/s  tot=6.859 Mbps 1163.3 pkt/s  late(win/tot)=61085/837607  worst_late(win/tot)=158.319/184.427 ms  drop_timing(win/tot)=90586/982252 pkt  drop_io(win/tot)=0/0 pkt  lost_samples(win/tot)=16305480/176805360  send_errors(win/tot)=0/0
2026-04-22 15:11:35 INFO STAT  crate=25  sent=897181 pkt  630.591 MB  win=5.854 Mbps 992.9 pkt/s  tot=6.782 Mbps 1150.2 pkt/s  late(win/tot)=59574/897181  worst_late(win/tot)=190.629/190.629 ms  drop_timing(win/tot)=92145/1074397 pkt  drop_io(win/tot)=0/0 pkt  lost_samples(win/tot)=16586100/193391460  send_errors(win/tot)=0/0
2026-04-22 15:12:35 INFO STAT  crate=25  sent=956897 pkt  672.563 MB  win=5.868 Mbps 995.3 pkt/s  tot=6.716 Mbps 1139.2 pkt/s  late(win/tot)=59716/956897  worst_late(win/tot)=155.835/190.629 ms  drop_timing(win/tot)=91944/1166341 pkt  drop_io(win/tot)=0/0 pkt  lost_samples(win/tot)=16549920/209941380  send_errors(win/tot)=0/0
2026-04-22 15:13:35 INFO STAT  crate=25  sent=1017059 pkt  714.848 MB  win=5.912 Mbps 1002.7 pkt/s  tot=6.663 Mbps 1130.1 pkt/s  late(win/tot)=60162/1017059  worst_late(win/tot)=167.058/190.629 ms  drop_timing(win/tot)=91506/1257847 pkt  drop_io(win/tot)=0/0 pkt  lost_samples(win/tot)=16471080/226412460  send_errors(win/tot)=0/0
2026-04-22 15:14:35 INFO STAT  crate=25  sent=1072858 pkt  754.067 MB  win=5.483 Mbps 929.9 pkt/s  tot=6.589 Mbps 1117.6 pkt/s  late(win/tot)=55799/1072858  worst_late(win/tot)=163.438/190.629 ms  drop_timing(win/tot)=95861/1353708 pkt  drop_io(win/tot)=0/0 pkt  lost_samples(win/tot)=17254980/243667440  send_errors(win/tot)=0/0
2026-04-22 15:15:35 INFO STAT  crate=25  sent=1135320 pkt  797.969 MB  win=6.138 Mbps 1041.0 pkt/s  tot=6.563 Mbps 1113.1 pkt/s  late(win/tot)=62462/1135320  worst_late(win/tot)=159.450/190.629 ms  drop_timing(win/tot)=89161/1442869 pkt  drop_io(win/tot)=0/0 pkt  lost_samples(win/tot)=16048980/259716420  send_errors(win/tot)=0/0
2026-04-22 15:16:35 INFO STAT  crate=25  sent=1189147 pkt  835.801 MB  win=5.290 Mbps 897.2 pkt/s  tot=6.492 Mbps 1101.1 pkt/s  late(win/tot)=53827/1189147  worst_late(win/tot)=172.358/190.629 ms  drop_timing(win/tot)=97888/1540757 pkt  drop_io(win/tot)=0/0 pkt  lost_samples(win/tot)=17619840/277336260  send_errors(win/tot)=0/0
2026-04-22 15:17:35 INFO STAT  crate=25  sent=1246626 pkt  876.201 MB  win=5.648 Mbps 958.0 pkt/s  tot=6.447 Mbps 1093.5 pkt/s  late(win/tot)=57479/1246626  worst_late(win/tot)=165.525/190.629 ms  drop_timing(win/tot)=94190/1634947 pkt  drop_io(win/tot)=0/0 pkt  lost_samples(win/tot)=16954200/294290460  send_errors(win/tot)=0/0
2026-04-22 15:18:35 INFO STAT  crate=25  sent=1305093 pkt  917.295 MB  win=5.745 Mbps 974.3 pkt/s  tot=6.412 Mbps 1087.6 pkt/s  late(win/tot)=58467/1305093  worst_late(win/tot)=156.519/190.629 ms  drop_timing(win/tot)=93175/1728122 pkt  drop_io(win/tot)=0/0 pkt  lost_samples(win/tot)=16771500/311061960  send_errors(win/tot)=0/0
2026-04-22 15:19:35 INFO STAT  crate=25  sent=1363503 pkt  958.349 MB  win=5.740 Mbps 973.6 pkt/s  tot=6.380 Mbps 1082.1 pkt/s  late(win/tot)=58410/1363503  worst_late(win/tot)=171.949/190.629 ms  drop_timing(win/tot)=93289/1821411 pkt  drop_io(win/tot)=0/0 pkt  lost_samples(win/tot)=16792020/327853980  send_errors(win/tot)=0/0
2026-04-22 15:20:35 INFO STAT  crate=25  sent=1421289 pkt  998.964 MB  win=5.679 Mbps 963.1 pkt/s  tot=6.348 Mbps 1076.7 pkt/s  late(win/tot)=57786/1421289  worst_late(win/tot)=170.458/190.629 ms  drop_timing(win/tot)=93875/1915286 pkt  drop_io(win/tot)=0/0 pkt  lost_samples(win/tot)=16897500/344751480  send_errors(win/tot)=0/0
2026-04-22 15:21:35 INFO STAT  crate=25  sent=1482419 pkt  1041.930 MB  win=6.007 Mbps 1018.8 pkt/s  tot=6.334 Mbps 1074.2 pkt/s  late(win/tot)=61130/1482419  worst_late(win/tot)=159.852/190.629 ms  drop_timing(win/tot)=90509/2005795 pkt  drop_io(win/tot)=0/0 pkt  lost_samples(win/tot)=16291620/361043100  send_errors(win/tot)=0/0
2026-04-22 15:22:35 INFO STAT  crate=25  sent=1543461 pkt  1084.834 MB  win=5.999 Mbps 1017.4 pkt/s  tot=6.320 Mbps 1071.8 pkt/s  late(win/tot)=61042/1543461  worst_late(win/tot)=168.413/190.629 ms  drop_timing(win/tot)=90661/2096456 pkt  drop_io(win/tot)=0/0 pkt  lost_samples(win/tot)=16318980/377362080  send_errors(win/tot)=0/0
2026-04-22 15:23:35 INFO STAT  crate=25  sent=1604338 pkt  1127.622 MB  win=5.982 Mbps 1014.6 pkt/s  tot=6.306 Mbps 1069.6 pkt/s  late(win/tot)=60877/1604338  worst_late(win/tot)=156.097/190.629 ms  drop_timing(win/tot)=90781/2187237 pkt  drop_io(win/tot)=0/0 pkt  lost_samples(win/tot)=16340580/393702660  send_errors(win/tot)=0/0
2026-04-22 15:24:35 INFO STAT  crate=25  sent=1664003 pkt  1169.558 MB  win=5.863 Mbps 994.4 pkt/s  tot=6.289 Mbps 1066.7 pkt/s  late(win/tot)=59665/1664003  worst_late(win/tot)=152.476/190.629 ms  drop_timing(win/tot)=91960/2279197 pkt  drop_io(win/tot)=0/0 pkt  lost_samples(win/tot)=16552800/410255460  send_errors(win/tot)=0/0
2026-04-22 15:25:35 INFO STAT  crate=25  sent=1726232 pkt  1213.296 MB  win=6.115 Mbps 1037.1 pkt/s  tot=6.283 Mbps 1065.6 pkt/s  late(win/tot)=62229/1726232  worst_late(win/tot)=161.868/190.629 ms  drop_timing(win/tot)=89500/2368697 pkt  drop_io(win/tot)=0/0 pkt  lost_samples(win/tot)=16110000/426365460  send_errors(win/tot)=0/0
2026-04-22 15:26:35 INFO STAT  crate=25  sent=1790510 pkt  1258.474 MB  win=6.316 Mbps 1071.3 pkt/s  tot=6.284 Mbps 1065.8 pkt/s  late(win/tot)=64278/1790510  worst_late(win/tot)=157.543/190.629 ms  drop_timing(win/tot)=87368/2456065 pkt  drop_io(win/tot)=0/0 pkt  lost_samples(win/tot)=15726240/442091700  send_errors(win/tot)=0/0
2026-04-22 15:27:35 INFO STAT  crate=25  sent=1853562 pkt  1302.791 MB  win=6.196 Mbps 1050.9 pkt/s  tot=6.281 Mbps 1065.3 pkt/s  late(win/tot)=63052/1853562  worst_late(win/tot)=156.013/190.629 ms  drop_timing(win/tot)=88591/2544656 pkt  drop_io(win/tot)=0/0 pkt  lost_samples(win/tot)=15946380/458038080  send_errors(win/tot)=0/0
2026-04-22 15:28:35 INFO STAT  crate=25  sent=1918231 pkt  1348.244 MB  win=6.355 Mbps 1077.8 pkt/s  tot=6.283 Mbps 1065.7 pkt/s  late(win/tot)=64669/1918231  worst_late(win/tot)=194.882/194.882 ms  drop_timing(win/tot)=86979/2631635 pkt  drop_io(win/tot)=0/0 pkt  lost_samples(win/tot)=15656220/473694300  send_errors(win/tot)=0/0
2026-04-22 15:29:35 INFO STAT  crate=25  sent=1978072 pkt  1390.304 MB  win=5.879 Mbps 997.2 pkt/s  tot=6.270 Mbps 1063.5 pkt/s  late(win/tot)=59841/1978072  worst_late(win/tot)=154.381/194.882 ms  drop_timing(win/tot)=91844/2723479 pkt  drop_io(win/tot)=0/0 pkt  lost_samples(win/tot)=16531920/490226220  send_errors(win/tot)=0/0
2026-04-22 15:30:35 INFO STAT  crate=25  sent=2036800 pkt  1431.581 MB  win=5.772 Mbps 978.9 pkt/s  tot=6.255 Mbps 1060.8 pkt/s  late(win/tot)=58728/2036800  worst_late(win/tot)=149.321/194.882 ms  drop_timing(win/tot)=92945/2816424 pkt  drop_io(win/tot)=0/0 pkt  lost_samples(win/tot)=16730100/506956320  send_errors(win/tot)=0/0
2026-04-22 15:31:35 INFO STAT  crate=25  sent=2097537 pkt  1474.271 MB  win=5.968 Mbps 1012.3 pkt/s  tot=6.246 Mbps 1059.4 pkt/s  late(win/tot)=60737/2097537  worst_late(win/tot)=164.724/194.882 ms  drop_timing(win/tot)=90912/2907336 pkt  drop_io(win/tot)=0/0 pkt  lost_samples(win/tot)=16364160/523320480  send_errors(win/tot)=0/0
2026-04-22 15:32:35 INFO STAT  crate=25  sent=2157018 pkt  1516.077 MB  win=5.845 Mbps 991.3 pkt/s  tot=6.234 Mbps 1057.4 pkt/s  late(win/tot)=59481/2157018  worst_late(win/tot)=162.239/194.882 ms  drop_timing(win/tot)=92229/2999565 pkt  drop_io(win/tot)=0/0 pkt  lost_samples(win/tot)=16601220/539921700  send_errors(win/tot)=0/0
2026-04-22 15:33:35 INFO STAT  crate=25  sent=2218461 pkt  1559.263 MB  win=6.038 Mbps 1024.1 pkt/s  tot=6.229 Mbps 1056.4 pkt/s  late(win/tot)=61443/2218461  worst_late(win/tot)=156.442/194.882 ms  drop_timing(win/tot)=90227/3089792 pkt  drop_io(win/tot)=0/0 pkt  lost_samples(win/tot)=16240860/556162560  send_errors(win/tot)=0/0
2026-04-22 15:34:35 INFO STAT  crate=25  sent=2278259 pkt  1601.292 MB  win=5.876 Mbps 996.6 pkt/s  tot=6.219 Mbps 1054.7 pkt/s  late(win/tot)=59798/2278259  worst_late(win/tot)=179.873/194.882 ms  drop_timing(win/tot)=91806/3181598 pkt  drop_io(win/tot)=0/0 pkt  lost_samples(win/tot)=16525080/572687640  send_errors(win/tot)=0/0
2026-04-22 15:35:35 INFO STAT  crate=25  sent=2342851 pkt  1646.692 MB  win=6.348 Mbps 1076.6 pkt/s  tot=6.222 Mbps 1055.3 pkt/s  late(win/tot)=64592/2342851  worst_late(win/tot)=171.474/194.882 ms  drop_timing(win/tot)=87139/3268737 pkt  drop_io(win/tot)=0/0 pkt  lost_samples(win/tot)=15685020/588372660  send_errors(win/tot)=0/0
2026-04-22 15:36:35 INFO STAT  crate=25  sent=2417134 pkt  1698.902 MB  win=7.299 Mbps 1238.0 pkt/s  tot=6.251 Mbps 1060.1 pkt/s  late(win/tot)=74283/2417134  worst_late(win/tot)=148.344/194.882 ms  drop_timing(win/tot)=77372/3346109 pkt  drop_io(win/tot)=0/0 pkt  lost_samples(win/tot)=13926960/602299620  send_errors(win/tot)=0/0
2026-04-22 15:37:35 INFO STAT  crate=25  sent=2497491 pkt  1755.381 MB  win=7.897 Mbps 1339.3 pkt/s  tot=6.293 Mbps 1067.3 pkt/s  late(win/tot)=80357/2497491  worst_late(win/tot)=128.908/194.882 ms  drop_timing(win/tot)=71400/3417509 pkt  drop_io(win/tot)=0/0 pkt  lost_samples(win/tot)=12852000/615151620  send_errors(win/tot)=0/0
2026-04-22 15:38:35 INFO STAT  crate=25  sent=2607200 pkt  1832.491 MB  win=10.781 Mbps 1828.5 pkt/s  tot=6.405 Mbps 1086.3 pkt/s  late(win/tot)=109709/2607200  worst_late(win/tot)=116.331/194.882 ms  drop_timing(win/tot)=41887/3459396 pkt  drop_io(win/tot)=0/0 pkt  lost_samples(win/tot)=7539660/622691280  send_errors(win/tot)=0/0
2026-04-22 15:39:35 INFO STAT  crate=25  sent=2715071 pkt  1908.309 MB  win=10.600 Mbps 1797.8 pkt/s  tot=6.507 Mbps 1103.7 pkt/s  late(win/tot)=107871/2715071  worst_late(win/tot)=120.163/194.882 ms  drop_timing(win/tot)=43770/3503166 pkt  drop_io(win/tot)=0/0 pkt  lost_samples(win/tot)=7878600/630569880  send_errors(win/tot)=0/0
2026-04-22 15:39:45 INFO STAT  crate=25  sent=2730000 pkt  1918.802 MB  win=8.750 Mbps 1484.1 pkt/s  tot=6.516 Mbps 1105.2 pkt/s  late(win/tot)=14929/2730000  worst_late(win/tot)=105.242/194.882 ms  drop_timing(win/tot)=9601/3512767 pkt  drop_io(win/tot)=0/0 pkt  lost_samples(win/tot)=1728180/632298060  send_errors(win/tot)=0/0
2026-04-22 15:39:45 INFO Terminato
