2026-04-22 17:48:47 INFO Start crate=24 dst=131.154.99.225:6666
2026-04-22 17:48:47 INFO Streams=91  board=7  analog/board=12  digital_streams/board=1
2026-04-22 17:48:47 INFO Sample rate=5000 Hz  samples/pkt=180  pps/stream=27.777778  total_pps=2527.778
2026-04-22 17:48:47 INFO Packet len=737 B  expected throughput=14.904 Mbps
2026-04-22 17:48:47 INFO Analog FS=+/-10.000 V  noise_rms=0.010000 V  digital_flip_prob=0.002000
2026-04-22 17:49:47 INFO STAT  crate=24  sent=124578 pkt  87.561 MB  win=12.242 Mbps 2076.3 pkt/s  tot=12.242 Mbps 2076.3 pkt/s  late(win/tot)=124578/124578  worst_late(win/tot)=93.838/93.838 ms  drop_timing(win/tot)=27086/27086 pkt  drop_io(win/tot)=0/0 pkt  lost_samples(win/tot)=4875480/4875480  send_errors(win/tot)=0/0
2026-04-22 17:50:47 INFO STAT  crate=24  sent=230439 pkt  161.966 MB  win=10.403 Mbps 1764.3 pkt/s  tot=11.322 Mbps 1920.3 pkt/s  late(win/tot)=105861/230439  worst_late(win/tot)=117.255/117.255 ms  drop_timing(win/tot)=45724/72810 pkt  drop_io(win/tot)=0/0 pkt  lost_samples(win/tot)=8230320/13105800  send_errors(win/tot)=0/0
2026-04-22 17:51:47 INFO STAT  crate=24  sent=315325 pkt  221.629 MB  win=8.341 Mbps 1414.8 pkt/s  tot=10.329 Mbps 1751.8 pkt/s  late(win/tot)=84886/315325  worst_late(win/tot)=134.781/134.781 ms  drop_timing(win/tot)=66782/139592 pkt  drop_io(win/tot)=0/0 pkt  lost_samples(win/tot)=12020760/25126560  send_errors(win/tot)=0/0
2026-04-22 17:52:47 INFO STAT  crate=24  sent=395887 pkt  278.252 MB  win=7.917 Mbps 1342.7 pkt/s  tot=9.726 Mbps 1649.5 pkt/s  late(win/tot)=80562/395887  worst_late(win/tot)=134.438/134.781 ms  drop_timing(win/tot)=71142/210734 pkt  drop_io(win/tot)=0/0 pkt  lost_samples(win/tot)=12805560/37932120  send_errors(win/tot)=0/0
2026-04-22 17:53:47 INFO STAT  crate=24  sent=476141 pkt  334.659 MB  win=7.886 Mbps 1337.5 pkt/s  tot=9.358 Mbps 1587.1 pkt/s  late(win/tot)=80254/476141  worst_late(win/tot)=124.872/134.781 ms  drop_timing(win/tot)=71375/282109 pkt  drop_io(win/tot)=0/0 pkt  lost_samples(win/tot)=12847500/50779620  send_errors(win/tot)=0/0
2026-04-22 17:54:47 INFO STAT  crate=24  sent=556251 pkt  390.965 MB  win=7.873 Mbps 1335.3 pkt/s  tot=9.110 Mbps 1545.1 pkt/s  late(win/tot)=80110/556251  worst_late(win/tot)=137.943/137.943 ms  drop_timing(win/tot)=71531/353640 pkt  drop_io(win/tot)=0/0 pkt  lost_samples(win/tot)=12875580/63655200  send_errors(win/tot)=0/0
2026-04-22 17:55:47 INFO STAT  crate=24  sent=637847 pkt  448.316 MB  win=8.018 Mbps 1359.9 pkt/s  tot=8.954 Mbps 1518.7 pkt/s  late(win/tot)=81596/637847  worst_late(win/tot)=129.330/137.943 ms  drop_timing(win/tot)=70081/423721 pkt  drop_io(win/tot)=0/0 pkt  lost_samples(win/tot)=12614580/76269780  send_errors(win/tot)=0/0
2026-04-22 17:56:47 INFO STAT  crate=24  sent=720887 pkt  506.681 MB  win=8.160 Mbps 1384.1 pkt/s  tot=8.855 Mbps 1501.8 pkt/s  late(win/tot)=83040/720887  worst_late(win/tot)=124.339/137.943 ms  drop_timing(win/tot)=68649/492370 pkt  drop_io(win/tot)=0/0 pkt  lost_samples(win/tot)=12356820/88626600  send_errors(win/tot)=0/0
2026-04-22 17:57:47 INFO STAT  crate=24  sent=803760 pkt  564.929 MB  win=8.143 Mbps 1381.0 pkt/s  tot=8.776 Mbps 1488.4 pkt/s  late(win/tot)=82873/803760  worst_late(win/tot)=118.155/137.943 ms  drop_timing(win/tot)=68739/561109 pkt  drop_io(win/tot)=0/0 pkt  lost_samples(win/tot)=12373020/100999620  send_errors(win/tot)=0/0
2026-04-22 17:58:47 INFO STAT  crate=24  sent=887351 pkt  623.682 MB  win=8.215 Mbps 1393.3 pkt/s  tot=8.720 Mbps 1478.9 pkt/s  late(win/tot)=83591/887351  worst_late(win/tot)=125.153/137.943 ms  drop_timing(win/tot)=68132/629241 pkt  drop_io(win/tot)=0/0 pkt  lost_samples(win/tot)=12263760/113263380  send_errors(win/tot)=0/0
2026-04-22 17:59:47 INFO STAT  crate=24  sent=968955 pkt  681.038 MB  win=8.019 Mbps 1360.1 pkt/s  tot=8.656 Mbps 1468.1 pkt/s  late(win/tot)=81604/968955  worst_late(win/tot)=141.440/141.440 ms  drop_timing(win/tot)=70067/699308 pkt  drop_io(win/tot)=0/0 pkt  lost_samples(win/tot)=12612060/125875440  send_errors(win/tot)=0/0
2026-04-22 18:00:47 INFO STAT  crate=24  sent=1051931 pkt  739.358 MB  win=8.153 Mbps 1382.9 pkt/s  tot=8.614 Mbps 1461.0 pkt/s  late(win/tot)=82976/1051931  worst_late(win/tot)=129.352/141.440 ms  drop_timing(win/tot)=68639/767947 pkt  drop_io(win/tot)=0/0 pkt  lost_samples(win/tot)=12355020/138230460  send_errors(win/tot)=0/0
2026-04-22 18:01:47 INFO STAT  crate=24  sent=1134329 pkt  797.272 MB  win=8.097 Mbps 1373.3 pkt/s  tot=8.574 Mbps 1454.3 pkt/s  late(win/tot)=82398/1134329  worst_late(win/tot)=125.132/141.440 ms  drop_timing(win/tot)=69256/837203 pkt  drop_io(win/tot)=0/0 pkt  lost_samples(win/tot)=12466080/150696540  send_errors(win/tot)=0/0
2026-04-22 18:02:47 INFO STAT  crate=24  sent=1216375 pkt  854.939 MB  win=8.062 Mbps 1367.4 pkt/s  tot=8.538 Mbps 1448.1 pkt/s  late(win/tot)=82046/1216375  worst_late(win/tot)=119.092/141.440 ms  drop_timing(win/tot)=69676/906879 pkt  drop_io(win/tot)=0/0 pkt  lost_samples(win/tot)=12541680/163238220  send_errors(win/tot)=0/0
2026-04-22 18:03:47 INFO STAT  crate=24  sent=1298334 pkt  912.544 MB  win=8.054 Mbps 1366.0 pkt/s  tot=8.506 Mbps 1442.6 pkt/s  late(win/tot)=81959/1298334  worst_late(win/tot)=142.472/142.472 ms  drop_timing(win/tot)=69689/976568 pkt  drop_io(win/tot)=0/0 pkt  lost_samples(win/tot)=12544020/175782240  send_errors(win/tot)=0/0
2026-04-22 18:04:47 INFO STAT  crate=24  sent=1381547 pkt  971.031 MB  win=8.177 Mbps 1387.0 pkt/s  tot=8.485 Mbps 1439.1 pkt/s  late(win/tot)=83213/1381547  worst_late(win/tot)=127.886/142.472 ms  drop_timing(win/tot)=68486/1045054 pkt  drop_io(win/tot)=0/0 pkt  lost_samples(win/tot)=12327480/188109720  send_errors(win/tot)=0/0
2026-04-22 18:05:47 INFO STAT  crate=24  sent=1463336 pkt  1028.517 MB  win=8.037 Mbps 1363.2 pkt/s  tot=8.459 Mbps 1434.6 pkt/s  late(win/tot)=81789/1463336  worst_late(win/tot)=125.603/142.472 ms  drop_timing(win/tot)=69864/1114918 pkt  drop_io(win/tot)=0/0 pkt  lost_samples(win/tot)=12575520/200685240  send_errors(win/tot)=0/0
2026-04-22 18:06:47 INFO STAT  crate=24  sent=1545367 pkt  1086.174 MB  win=8.061 Mbps 1367.1 pkt/s  tot=8.437 Mbps 1430.9 pkt/s  late(win/tot)=82031/1545367  worst_late(win/tot)=129.400/142.472 ms  drop_timing(win/tot)=69629/1184547 pkt  drop_io(win/tot)=0/0 pkt  lost_samples(win/tot)=12533220/213218460  send_errors(win/tot)=0/0
2026-04-22 18:07:47 INFO STAT  crate=24  sent=1627715 pkt  1144.052 MB  win=8.092 Mbps 1372.4 pkt/s  tot=8.418 Mbps 1427.8 pkt/s  late(win/tot)=82348/1627715  worst_late(win/tot)=158.010/158.010 ms  drop_timing(win/tot)=69286/1253833 pkt  drop_io(win/tot)=0/0 pkt  lost_samples(win/tot)=12471480/225689940  send_errors(win/tot)=0/0
2026-04-22 18:08:47 INFO STAT  crate=24  sent=1708291 pkt  1200.686 MB  win=7.919 Mbps 1343.1 pkt/s  tot=8.393 Mbps 1423.6 pkt/s  late(win/tot)=80576/1708291  worst_late(win/tot)=134.748/158.010 ms  drop_timing(win/tot)=71085/1324918 pkt  drop_io(win/tot)=0/0 pkt  lost_samples(win/tot)=12795300/238485240  send_errors(win/tot)=0/0
2026-04-22 18:09:47 INFO STAT  crate=24  sent=1788002 pkt  1256.711 MB  win=7.833 Mbps 1328.5 pkt/s  tot=8.367 Mbps 1419.0 pkt/s  late(win/tot)=79711/1788002  worst_late(win/tot)=146.068/158.010 ms  drop_timing(win/tot)=72012/1396930 pkt  drop_io(win/tot)=0/0 pkt  lost_samples(win/tot)=12962160/251447400  send_errors(win/tot)=0/0
2026-04-22 18:10:47 INFO STAT  crate=24  sent=1870201 pkt  1314.486 MB  win=8.077 Mbps 1370.0 pkt/s  tot=8.354 Mbps 1416.8 pkt/s  late(win/tot)=82199/1870201  worst_late(win/tot)=137.948/158.010 ms  drop_timing(win/tot)=69488/1466418 pkt  drop_io(win/tot)=0/0 pkt  lost_samples(win/tot)=12507840/263955240  send_errors(win/tot)=0/0
2026-04-22 18:11:47 INFO STAT  crate=24  sent=1953555 pkt  1373.072 MB  win=8.191 Mbps 1389.2 pkt/s  tot=8.346 Mbps 1415.6 pkt/s  late(win/tot)=83354/1953555  worst_late(win/tot)=133.086/158.010 ms  drop_timing(win/tot)=68277/1534695 pkt  drop_io(win/tot)=0/0 pkt  lost_samples(win/tot)=12289860/276245100  send_errors(win/tot)=0/0
2026-04-22 18:12:47 INFO STAT  crate=24  sent=2036307 pkt  1431.235 MB  win=8.132 Mbps 1379.2 pkt/s  tot=8.338 Mbps 1414.1 pkt/s  late(win/tot)=82752/2036307  worst_late(win/tot)=129.322/158.010 ms  drop_timing(win/tot)=68890/1603585 pkt  drop_io(win/tot)=0/0 pkt  lost_samples(win/tot)=12400200/288645300  send_errors(win/tot)=0/0
2026-04-22 18:13:47 INFO STAT  crate=24  sent=2120616 pkt  1490.492 MB  win=8.285 Mbps 1405.2 pkt/s  tot=8.335 Mbps 1413.7 pkt/s  late(win/tot)=84309/2120616  worst_late(win/tot)=110.929/158.010 ms  drop_timing(win/tot)=67397/1670982 pkt  drop_io(win/tot)=0/0 pkt  lost_samples(win/tot)=12131460/300776760  send_errors(win/tot)=0/0
2026-04-22 18:14:47 INFO STAT  crate=24  sent=2203499 pkt  1548.747 MB  win=8.145 Mbps 1381.4 pkt/s  tot=8.328 Mbps 1412.5 pkt/s  late(win/tot)=82883/2203499  worst_late(win/tot)=137.743/158.010 ms  drop_timing(win/tot)=68785/1739767 pkt  drop_io(win/tot)=0/0 pkt  lost_samples(win/tot)=12381300/313158060  send_errors(win/tot)=0/0
2026-04-22 18:15:47 INFO STAT  crate=24  sent=2288323 pkt  1608.366 MB  win=8.335 Mbps 1413.7 pkt/s  tot=8.328 Mbps 1412.5 pkt/s  late(win/tot)=84824/2288323  worst_late(win/tot)=141.629/158.010 ms  drop_timing(win/tot)=66850/1806617 pkt  drop_io(win/tot)=0/0 pkt  lost_samples(win/tot)=12033000/325191060  send_errors(win/tot)=0/0
2026-04-22 18:16:47 INFO STAT  crate=24  sent=2374169 pkt  1668.704 MB  win=8.436 Mbps 1430.8 pkt/s  tot=8.332 Mbps 1413.2 pkt/s  late(win/tot)=85846/2374169  worst_late(win/tot)=143.507/158.010 ms  drop_timing(win/tot)=65820/1872437 pkt  drop_io(win/tot)=0/0 pkt  lost_samples(win/tot)=11847600/337038660  send_errors(win/tot)=0/0
2026-04-22 18:17:47 INFO STAT  crate=24  sent=2458524 pkt  1727.993 MB  win=8.288 Mbps 1405.7 pkt/s  tot=8.331 Mbps 1412.9 pkt/s  late(win/tot)=84355/2458524  worst_late(win/tot)=147.463/158.010 ms  drop_timing(win/tot)=67278/1939715 pkt  drop_io(win/tot)=0/0 pkt  lost_samples(win/tot)=12110040/349148700  send_errors(win/tot)=0/0
2026-04-22 18:18:47 INFO STAT  crate=24  sent=2543439 pkt  1787.676 MB  win=8.345 Mbps 1415.4 pkt/s  tot=8.331 Mbps 1413.0 pkt/s  late(win/tot)=84915/2543439  worst_late(win/tot)=132.979/158.010 ms  drop_timing(win/tot)=66781/2006496 pkt  drop_io(win/tot)=0/0 pkt  lost_samples(win/tot)=12020580/361169280  send_errors(win/tot)=0/0
2026-04-22 18:19:47 INFO STAT  crate=24  sent=2638531 pkt  1854.513 MB  win=9.345 Mbps 1584.9 pkt/s  tot=8.364 Mbps 1418.6 pkt/s  late(win/tot)=95092/2638531  worst_late(win/tot)=126.285/158.010 ms  drop_timing(win/tot)=56637/2063133 pkt  drop_io(win/tot)=0/0 pkt  lost_samples(win/tot)=10194660/371363940  send_errors(win/tot)=0/0
2026-04-22 18:20:36 INFO STAT  crate=24  sent=2730000 pkt  1918.802 MB  win=10.903 Mbps 1849.2 pkt/s  tot=8.430 Mbps 1429.7 pkt/s  late(win/tot)=91469/2730000  worst_late(win/tot)=108.241/158.010 ms  drop_timing(win/tot)=32220/2095353 pkt  drop_io(win/tot)=0/0 pkt  lost_samples(win/tot)=5799600/377163540  send_errors(win/tot)=0/0
2026-04-22 18:20:36 INFO Terminato
