2026-04-22 14:54:09 INFO Start crate=16 dst=131.154.99.225:6666
2026-04-22 14:54:09 INFO Streams=91  board=7  analog/board=12  digital_streams/board=1
2026-04-22 14:54:09 INFO Sample rate=5000 Hz  samples/pkt=180  pps/stream=27.777778  total_pps=2527.778
2026-04-22 14:54:09 INFO Packet len=737 B  expected throughput=14.904 Mbps
2026-04-22 14:54:09 INFO Analog FS=+/-10.000 V  noise_rms=0.010000 V  digital_flip_prob=0.002000
2026-04-22 14:55:09 INFO STAT  crate=16  sent=127170 pkt  89.382 MB  win=12.497 Mbps 2119.5 pkt/s  tot=12.497 Mbps 2119.5 pkt/s  late(win/tot)=127170/127170  worst_late(win/tot)=90.308/90.308 ms  drop_timing(win/tot)=24494/24494 pkt  drop_io(win/tot)=0/0 pkt  lost_samples(win/tot)=4408920/4408920  send_errors(win/tot)=0/0
2026-04-22 14:56:09 INFO STAT  crate=16  sent=235893 pkt  165.799 MB  win=10.683 Mbps 1812.0 pkt/s  tot=11.590 Mbps 1965.7 pkt/s  late(win/tot)=108723/235893  worst_late(win/tot)=115.978/115.978 ms  drop_timing(win/tot)=42865/67359 pkt  drop_io(win/tot)=0/0 pkt  lost_samples(win/tot)=7715700/12124620  send_errors(win/tot)=0/0
2026-04-22 14:57:09 INFO STAT  crate=16  sent=324409 pkt  228.013 MB  win=8.698 Mbps 1475.3 pkt/s  tot=10.626 Mbps 1802.2 pkt/s  late(win/tot)=88516/324409  worst_late(win/tot)=157.408/157.408 ms  drop_timing(win/tot)=63076/130435 pkt  drop_io(win/tot)=0/0 pkt  lost_samples(win/tot)=11353680/23478300  send_errors(win/tot)=0/0
2026-04-22 14:58:09 INFO STAT  crate=16  sent=399849 pkt  281.037 MB  win=7.414 Mbps 1257.4 pkt/s  tot=9.823 Mbps 1666.0 pkt/s  late(win/tot)=75440/399849  worst_late(win/tot)=146.791/157.408 ms  drop_timing(win/tot)=76211/206646 pkt  drop_io(win/tot)=0/0 pkt  lost_samples(win/tot)=13717980/37196280  send_errors(win/tot)=0/0
2026-04-22 14:59:09 INFO STAT  crate=16  sent=472289 pkt  331.952 MB  win=7.118 Mbps 1207.3 pkt/s  tot=9.282 Mbps 1574.3 pkt/s  late(win/tot)=72440/472289  worst_late(win/tot)=148.715/157.408 ms  drop_timing(win/tot)=79336/285982 pkt  drop_io(win/tot)=0/0 pkt  lost_samples(win/tot)=14280480/51476760  send_errors(win/tot)=0/0
2026-04-22 15:00:09 INFO STAT  crate=16  sent=544119 pkt  382.438 MB  win=7.058 Mbps 1197.0 pkt/s  tot=8.911 Mbps 1511.4 pkt/s  late(win/tot)=71830/544119  worst_late(win/tot)=175.424/175.424 ms  drop_timing(win/tot)=79789/365771 pkt  drop_io(win/tot)=0/0 pkt  lost_samples(win/tot)=14362020/65838780  send_errors(win/tot)=0/0
2026-04-22 15:01:09 INFO STAT  crate=16  sent=616456 pkt  433.281 MB  win=7.109 Mbps 1205.7 pkt/s  tot=8.654 Mbps 1467.8 pkt/s  late(win/tot)=72337/616456  worst_late(win/tot)=137.796/175.424 ms  drop_timing(win/tot)=79301/445072 pkt  drop_io(win/tot)=0/0 pkt  lost_samples(win/tot)=14274180/80112960  send_errors(win/tot)=0/0
2026-04-22 15:02:09 INFO STAT  crate=16  sent=686693 pkt  482.648 MB  win=6.902 Mbps 1170.6 pkt/s  tot=8.435 Mbps 1430.6 pkt/s  late(win/tot)=70237/686693  worst_late(win/tot)=145.854/175.424 ms  drop_timing(win/tot)=81382/526454 pkt  drop_io(win/tot)=0/0 pkt  lost_samples(win/tot)=14648760/94761720  send_errors(win/tot)=0/0
2026-04-22 15:03:09 INFO STAT  crate=16  sent=756564 pkt  531.757 MB  win=6.866 Mbps 1164.6 pkt/s  tot=8.261 Mbps 1401.0 pkt/s  late(win/tot)=69871/756564  worst_late(win/tot)=146.527/175.424 ms  drop_timing(win/tot)=81883/608337 pkt  drop_io(win/tot)=0/0 pkt  lost_samples(win/tot)=14738940/109500660  send_errors(win/tot)=0/0
2026-04-22 15:04:09 INFO STAT  crate=16  sent=826576 pkt  580.966 MB  win=6.879 Mbps 1166.7 pkt/s  tot=8.122 Mbps 1377.6 pkt/s  late(win/tot)=70012/826576  worst_late(win/tot)=154.841/175.424 ms  drop_timing(win/tot)=81593/689930 pkt  drop_io(win/tot)=0/0 pkt  lost_samples(win/tot)=14686740/124187400  send_errors(win/tot)=0/0
2026-04-22 15:05:09 INFO STAT  crate=16  sent=898386 pkt  631.438 MB  win=7.057 Mbps 1197.0 pkt/s  tot=8.026 Mbps 1361.2 pkt/s  late(win/tot)=71810/898386  worst_late(win/tot)=146.154/175.424 ms  drop_timing(win/tot)=79831/769761 pkt  drop_io(win/tot)=0/0 pkt  lost_samples(win/tot)=14369580/138556980  send_errors(win/tot)=0/0
2026-04-22 15:06:09 INFO STAT  crate=16  sent=973139 pkt  683.979 MB  win=7.345 Mbps 1245.7 pkt/s  tot=7.969 Mbps 1351.6 pkt/s  late(win/tot)=74753/973139  worst_late(win/tot)=153.990/175.424 ms  drop_timing(win/tot)=76987/846748 pkt  drop_io(win/tot)=0/0 pkt  lost_samples(win/tot)=13857660/152414640  send_errors(win/tot)=0/0
2026-04-22 15:07:09 INFO STAT  crate=16  sent=1044035 pkt  733.808 MB  win=6.967 Mbps 1181.7 pkt/s  tot=7.892 Mbps 1338.5 pkt/s  late(win/tot)=70896/1044035  worst_late(win/tot)=149.833/175.424 ms  drop_timing(win/tot)=80737/927485 pkt  drop_io(win/tot)=0/0 pkt  lost_samples(win/tot)=14532660/166947300  send_errors(win/tot)=0/0
2026-04-22 15:08:09 INFO STAT  crate=16  sent=1116377 pkt  784.654 MB  win=7.109 Mbps 1205.7 pkt/s  tot=7.836 Mbps 1329.0 pkt/s  late(win/tot)=72342/1116377  worst_late(win/tot)=139.373/175.424 ms  drop_timing(win/tot)=79368/1006853 pkt  drop_io(win/tot)=0/0 pkt  lost_samples(win/tot)=14286240/181233540  send_errors(win/tot)=0/0
2026-04-22 15:09:09 INFO STAT  crate=16  sent=1191777 pkt  837.650 MB  win=7.408 Mbps 1256.5 pkt/s  tot=7.807 Mbps 1324.2 pkt/s  late(win/tot)=75400/1191777  worst_late(win/tot)=136.626/175.424 ms  drop_timing(win/tot)=76280/1083133 pkt  drop_io(win/tot)=0/0 pkt  lost_samples(win/tot)=13730400/194963940  send_errors(win/tot)=0/0
2026-04-22 15:10:09 INFO STAT  crate=16  sent=1262337 pkt  887.244 MB  win=6.934 Mbps 1176.1 pkt/s  tot=7.753 Mbps 1314.9 pkt/s  late(win/tot)=70560/1262337  worst_late(win/tot)=144.532/175.424 ms  drop_timing(win/tot)=81092/1164225 pkt  drop_io(win/tot)=0/0 pkt  lost_samples(win/tot)=14596560/209560500  send_errors(win/tot)=0/0
2026-04-22 15:11:09 INFO STAT  crate=16  sent=1335302 pkt  938.528 MB  win=7.170 Mbps 1216.1 pkt/s  tot=7.719 Mbps 1309.1 pkt/s  late(win/tot)=72965/1335302  worst_late(win/tot)=146.295/175.424 ms  drop_timing(win/tot)=78688/1242913 pkt  drop_io(win/tot)=0/0 pkt  lost_samples(win/tot)=14163840/223724340  send_errors(win/tot)=0/0
2026-04-22 15:12:09 INFO STAT  crate=16  sent=1408257 pkt  989.805 MB  win=7.169 Mbps 1215.9 pkt/s  tot=7.688 Mbps 1303.9 pkt/s  late(win/tot)=72955/1408257  worst_late(win/tot)=138.350/175.424 ms  drop_timing(win/tot)=78722/1321635 pkt  drop_io(win/tot)=0/0 pkt  lost_samples(win/tot)=14169960/237894300  send_errors(win/tot)=0/0
2026-04-22 15:13:09 INFO STAT  crate=16  sent=1478946 pkt  1039.489 MB  win=6.946 Mbps 1178.1 pkt/s  tot=7.649 Mbps 1297.3 pkt/s  late(win/tot)=70689/1478946  worst_late(win/tot)=141.494/175.424 ms  drop_timing(win/tot)=80966/1402601 pkt  drop_io(win/tot)=0/0 pkt  lost_samples(win/tot)=14573880/252468180  send_errors(win/tot)=0/0
2026-04-22 15:14:09 INFO STAT  crate=16  sent=1552185 pkt  1090.966 MB  win=7.197 Mbps 1220.7 pkt/s  tot=7.626 Mbps 1293.5 pkt/s  late(win/tot)=73239/1552185  worst_late(win/tot)=151.946/175.424 ms  drop_timing(win/tot)=78383/1480984 pkt  drop_io(win/tot)=0/0 pkt  lost_samples(win/tot)=14108940/266577120  send_errors(win/tot)=0/0
2026-04-22 15:15:09 INFO STAT  crate=16  sent=1621044 pkt  1139.364 MB  win=6.766 Mbps 1147.6 pkt/s  tot=7.585 Mbps 1286.5 pkt/s  late(win/tot)=68859/1621044  worst_late(win/tot)=134.686/175.424 ms  drop_timing(win/tot)=82857/1563841 pkt  drop_io(win/tot)=0/0 pkt  lost_samples(win/tot)=14914260/281491380  send_errors(win/tot)=0/0
2026-04-22 15:16:09 INFO STAT  crate=16  sent=1695592 pkt  1191.760 MB  win=7.326 Mbps 1242.5 pkt/s  tot=7.574 Mbps 1284.5 pkt/s  late(win/tot)=74548/1695592  worst_late(win/tot)=144.641/175.424 ms  drop_timing(win/tot)=77095/1640936 pkt  drop_io(win/tot)=0/0 pkt  lost_samples(win/tot)=13877100/295368480  send_errors(win/tot)=0/0
2026-04-22 15:17:09 INFO STAT  crate=16  sent=1766169 pkt  1241.366 MB  win=6.935 Mbps 1176.2 pkt/s  tot=7.546 Mbps 1279.8 pkt/s  late(win/tot)=70577/1766169  worst_late(win/tot)=136.517/175.424 ms  drop_timing(win/tot)=81102/1722038 pkt  drop_io(win/tot)=0/0 pkt  lost_samples(win/tot)=14598360/309966840  send_errors(win/tot)=0/0
2026-04-22 15:18:09 INFO STAT  crate=16  sent=1839623 pkt  1292.994 MB  win=7.218 Mbps 1224.1 pkt/s  tot=7.532 Mbps 1277.5 pkt/s  late(win/tot)=73454/1839623  worst_late(win/tot)=140.405/175.424 ms  drop_timing(win/tot)=78147/1800185 pkt  drop_io(win/tot)=0/0 pkt  lost_samples(win/tot)=14066460/324033300  send_errors(win/tot)=0/0
2026-04-22 15:19:09 INFO STAT  crate=16  sent=1908802 pkt  1341.617 MB  win=6.798 Mbps 1153.0 pkt/s  tot=7.503 Mbps 1272.5 pkt/s  late(win/tot)=69179/1908802  worst_late(win/tot)=146.078/175.424 ms  drop_timing(win/tot)=82564/1882749 pkt  drop_io(win/tot)=0/0 pkt  lost_samples(win/tot)=14861520/338894820  send_errors(win/tot)=0/0
2026-04-22 15:20:09 INFO STAT  crate=16  sent=1981927 pkt  1393.013 MB  win=7.185 Mbps 1218.7 pkt/s  tot=7.491 Mbps 1270.5 pkt/s  late(win/tot)=73125/1981927  worst_late(win/tot)=147.694/175.424 ms  drop_timing(win/tot)=78524/1961273 pkt  drop_io(win/tot)=0/0 pkt  lost_samples(win/tot)=14134320/353029140  send_errors(win/tot)=0/0
2026-04-22 15:21:09 INFO STAT  crate=16  sent=2053033 pkt  1442.991 MB  win=6.988 Mbps 1185.3 pkt/s  tot=7.472 Mbps 1267.3 pkt/s  late(win/tot)=71106/2053033  worst_late(win/tot)=145.726/175.424 ms  drop_timing(win/tot)=80569/2041842 pkt  drop_io(win/tot)=0/0 pkt  lost_samples(win/tot)=14502420/367531560  send_errors(win/tot)=0/0
2026-04-22 15:22:09 INFO STAT  crate=16  sent=2125862 pkt  1494.179 MB  win=7.157 Mbps 1213.9 pkt/s  tot=7.461 Mbps 1265.4 pkt/s  late(win/tot)=72829/2125862  worst_late(win/tot)=150.176/175.424 ms  drop_timing(win/tot)=78878/2120720 pkt  drop_io(win/tot)=0/0 pkt  lost_samples(win/tot)=14198040/381729600  send_errors(win/tot)=0/0
2026-04-22 15:23:09 INFO STAT  crate=16  sent=2201920 pkt  1547.637 MB  win=7.474 Mbps 1267.6 pkt/s  tot=7.461 Mbps 1265.5 pkt/s  late(win/tot)=76058/2201920  worst_late(win/tot)=131.373/175.424 ms  drop_timing(win/tot)=75621/2196341 pkt  drop_io(win/tot)=0/0 pkt  lost_samples(win/tot)=13611780/395341380  send_errors(win/tot)=0/0
2026-04-22 15:24:09 INFO STAT  crate=16  sent=2273408 pkt  1597.883 MB  win=7.025 Mbps 1191.4 pkt/s  tot=7.447 Mbps 1263.0 pkt/s  late(win/tot)=71488/2273408  worst_late(win/tot)=148.230/175.424 ms  drop_timing(win/tot)=80168/2276509 pkt  drop_io(win/tot)=0/0 pkt  lost_samples(win/tot)=14430240/409771620  send_errors(win/tot)=0/0
2026-04-22 15:25:09 INFO STAT  crate=16  sent=2344683 pkt  1647.979 MB  win=7.004 Mbps 1188.0 pkt/s  tot=7.432 Mbps 1260.6 pkt/s  late(win/tot)=71275/2344683  worst_late(win/tot)=156.168/175.424 ms  drop_timing(win/tot)=80392/2356901 pkt  drop_io(win/tot)=0/0 pkt  lost_samples(win/tot)=14470560/424242180  send_errors(win/tot)=0/0
2026-04-22 15:26:09 INFO STAT  crate=16  sent=2414585 pkt  1697.110 MB  win=6.868 Mbps 1164.9 pkt/s  tot=7.415 Mbps 1257.6 pkt/s  late(win/tot)=69902/2414585  worst_late(win/tot)=141.014/175.424 ms  drop_timing(win/tot)=81739/2438640 pkt  drop_io(win/tot)=0/0 pkt  lost_samples(win/tot)=14713020/438955200  send_errors(win/tot)=0/0
2026-04-22 15:27:09 INFO STAT  crate=16  sent=2483830 pkt  1745.780 MB  win=6.805 Mbps 1154.2 pkt/s  tot=7.396 Mbps 1254.5 pkt/s  late(win/tot)=69245/2483830  worst_late(win/tot)=141.342/175.424 ms  drop_timing(win/tot)=82436/2521076 pkt  drop_io(win/tot)=0/0 pkt  lost_samples(win/tot)=14838480/453793680  send_errors(win/tot)=0/0
2026-04-22 15:28:09 INFO STAT  crate=16  sent=2555354 pkt  1796.051 MB  win=7.028 Mbps 1192.1 pkt/s  tot=7.385 Mbps 1252.6 pkt/s  late(win/tot)=71524/2555354  worst_late(win/tot)=149.753/175.424 ms  drop_timing(win/tot)=80155/2601231 pkt  drop_io(win/tot)=0/0 pkt  lost_samples(win/tot)=14427900/468221580  send_errors(win/tot)=0/0
2026-04-22 15:29:09 INFO STAT  crate=16  sent=2626891 pkt  1846.331 MB  win=7.030 Mbps 1192.3 pkt/s  tot=7.375 Mbps 1250.9 pkt/s  late(win/tot)=71537/2626891  worst_late(win/tot)=136.092/175.424 ms  drop_timing(win/tot)=80086/2681317 pkt  drop_io(win/tot)=0/0 pkt  lost_samples(win/tot)=14415480/482637060  send_errors(win/tot)=0/0
2026-04-22 15:30:09 INFO STAT  crate=16  sent=2717308 pkt  1909.882 MB  win=8.885 Mbps 1506.9 pkt/s  tot=7.417 Mbps 1258.0 pkt/s  late(win/tot)=90417/2717308  worst_late(win/tot)=129.314/175.424 ms  drop_timing(win/tot)=61293/2742610 pkt  drop_io(win/tot)=0/0 pkt  lost_samples(win/tot)=11032740/493669800  send_errors(win/tot)=0/0
2026-04-22 15:30:18 INFO STAT  crate=16  sent=2730000 pkt  1918.802 MB  win=8.400 Mbps 1424.7 pkt/s  tot=7.421 Mbps 1258.7 pkt/s  late(win/tot)=12692/2730000  worst_late(win/tot)=94.484/175.424 ms  drop_timing(win/tot)=9156/2751766 pkt  drop_io(win/tot)=0/0 pkt  lost_samples(win/tot)=1648080/495317880  send_errors(win/tot)=0/0
2026-04-22 15:30:18 INFO Terminato
