2026-04-22 17:50:12 INFO Start crate=27 dst=131.154.99.225:6666
2026-04-22 17:50:12 INFO Streams=91  board=7  analog/board=12  digital_streams/board=1
2026-04-22 17:50:12 INFO Sample rate=5000 Hz  samples/pkt=180  pps/stream=27.777778  total_pps=2527.778
2026-04-22 17:50:12 INFO Packet len=737 B  expected throughput=14.904 Mbps
2026-04-22 17:50:12 INFO Analog FS=+/-10.000 V  noise_rms=0.010000 V  digital_flip_prob=0.002000
2026-04-22 17:51:12 INFO STAT  crate=27  sent=82277 pkt  57.829 MB  win=8.085 Mbps 1371.3 pkt/s  tot=8.085 Mbps 1371.3 pkt/s  late(win/tot)=82277/82277  worst_late(win/tot)=137.443/137.443 ms  drop_timing(win/tot)=69327/69327 pkt  drop_io(win/tot)=0/0 pkt  lost_samples(win/tot)=12478860/12478860  send_errors(win/tot)=0/0
2026-04-22 17:52:12 INFO STAT  crate=27  sent=165836 pkt  116.559 MB  win=8.211 Mbps 1392.6 pkt/s  tot=8.148 Mbps 1381.9 pkt/s  late(win/tot)=83559/165836  worst_late(win/tot)=135.680/137.443 ms  drop_timing(win/tot)=68085/137412 pkt  drop_io(win/tot)=0/0 pkt  lost_samples(win/tot)=12255300/24734160  send_errors(win/tot)=0/0
2026-04-22 17:53:12 INFO STAT  crate=27  sent=249353 pkt  175.260 MB  win=8.207 Mbps 1392.0 pkt/s  tot=8.168 Mbps 1385.3 pkt/s  late(win/tot)=83517/249353  worst_late(win/tot)=135.510/137.443 ms  drop_timing(win/tot)=68155/205567 pkt  drop_io(win/tot)=0/0 pkt  lost_samples(win/tot)=12267900/37002060  send_errors(win/tot)=0/0
2026-04-22 17:54:12 INFO STAT  crate=27  sent=333018 pkt  234.064 MB  win=8.221 Mbps 1394.4 pkt/s  tot=8.181 Mbps 1387.6 pkt/s  late(win/tot)=83665/333018  worst_late(win/tot)=121.058/137.443 ms  drop_timing(win/tot)=68003/273570 pkt  drop_io(win/tot)=0/0 pkt  lost_samples(win/tot)=12240540/49242600  send_errors(win/tot)=0/0
2026-04-22 17:55:12 INFO STAT  crate=27  sent=415744 pkt  292.209 MB  win=8.129 Mbps 1378.7 pkt/s  tot=8.171 Mbps 1385.8 pkt/s  late(win/tot)=82726/415744  worst_late(win/tot)=130.724/137.443 ms  drop_timing(win/tot)=68933/342503 pkt  drop_io(win/tot)=0/0 pkt  lost_samples(win/tot)=12407940/61650540  send_errors(win/tot)=0/0
2026-04-22 17:56:12 INFO STAT  crate=27  sent=498177 pkt  350.148 MB  win=8.100 Mbps 1373.9 pkt/s  tot=8.159 Mbps 1383.8 pkt/s  late(win/tot)=82433/498177  worst_late(win/tot)=133.471/137.443 ms  drop_timing(win/tot)=69220/411723 pkt  drop_io(win/tot)=0/0 pkt  lost_samples(win/tot)=12459600/74110140  send_errors(win/tot)=0/0
2026-04-22 17:57:12 INFO STAT  crate=27  sent=580143 pkt  407.758 MB  win=8.055 Mbps 1366.1 pkt/s  tot=8.144 Mbps 1381.3 pkt/s  late(win/tot)=81966/580143  worst_late(win/tot)=133.058/137.443 ms  drop_timing(win/tot)=69726/481449 pkt  drop_io(win/tot)=0/0 pkt  lost_samples(win/tot)=12550680/86660820  send_errors(win/tot)=0/0
2026-04-22 17:58:12 INFO STAT  crate=27  sent=663695 pkt  466.483 MB  win=8.210 Mbps 1392.5 pkt/s  tot=8.152 Mbps 1382.7 pkt/s  late(win/tot)=83552/663695  worst_late(win/tot)=118.845/137.443 ms  drop_timing(win/tot)=68104/549553 pkt  drop_io(win/tot)=0/0 pkt  lost_samples(win/tot)=12258720/98919540  send_errors(win/tot)=0/0
2026-04-22 17:59:12 INFO STAT  crate=27  sent=746889 pkt  524.957 MB  win=8.175 Mbps 1386.6 pkt/s  tot=8.155 Mbps 1383.1 pkt/s  late(win/tot)=83194/746889  worst_late(win/tot)=113.867/137.443 ms  drop_timing(win/tot)=68493/618046 pkt  drop_io(win/tot)=0/0 pkt  lost_samples(win/tot)=12328740/111248280  send_errors(win/tot)=0/0
2026-04-22 18:00:12 INFO STAT  crate=27  sent=847389 pkt  595.594 MB  win=9.875 Mbps 1674.9 pkt/s  tot=8.327 Mbps 1412.3 pkt/s  late(win/tot)=100500/847389  worst_late(win/tot)=115.413/137.443 ms  drop_timing(win/tot)=51136/669182 pkt  drop_io(win/tot)=0/0 pkt  lost_samples(win/tot)=9204480/120452760  send_errors(win/tot)=0/0
2026-04-22 18:01:12 INFO STAT  crate=27  sent=960705 pkt  675.239 MB  win=11.135 Mbps 1888.7 pkt/s  tot=8.582 Mbps 1455.6 pkt/s  late(win/tot)=113316/960705  worst_late(win/tot)=92.510/137.443 ms  drop_timing(win/tot)=38361/707543 pkt  drop_io(win/tot)=0/0 pkt  lost_samples(win/tot)=6904980/127357740  send_errors(win/tot)=0/0
2026-04-22 18:02:12 INFO STAT  crate=27  sent=1067428 pkt  750.250 MB  win=10.487 Mbps 1778.7 pkt/s  tot=8.741 Mbps 1482.5 pkt/s  late(win/tot)=106723/1067428  worst_late(win/tot)=105.218/137.443 ms  drop_timing(win/tot)=44948/752491 pkt  drop_io(win/tot)=0/0 pkt  lost_samples(win/tot)=8090640/135448380  send_errors(win/tot)=0/0
2026-04-22 18:03:12 INFO STAT  crate=27  sent=1175960 pkt  826.533 MB  win=10.665 Mbps 1808.9 pkt/s  tot=8.889 Mbps 1507.6 pkt/s  late(win/tot)=108532/1175960  worst_late(win/tot)=118.898/137.443 ms  drop_timing(win/tot)=43216/795707 pkt  drop_io(win/tot)=0/0 pkt  lost_samples(win/tot)=7778880/143227260  send_errors(win/tot)=0/0
2026-04-22 18:04:12 INFO STAT  crate=27  sent=1286691 pkt  904.361 MB  win=10.881 Mbps 1845.5 pkt/s  tot=9.031 Mbps 1531.8 pkt/s  late(win/tot)=110731/1286691  worst_late(win/tot)=116.536/137.443 ms  drop_timing(win/tot)=40844/836551 pkt  drop_io(win/tot)=0/0 pkt  lost_samples(win/tot)=7351920/150579180  send_errors(win/tot)=0/0
2026-04-22 18:05:12 INFO STAT  crate=27  sent=1394576 pkt  980.189 MB  win=10.602 Mbps 1798.1 pkt/s  tot=9.136 Mbps 1549.5 pkt/s  late(win/tot)=107885/1394576  worst_late(win/tot)=108.293/137.443 ms  drop_timing(win/tot)=43784/880335 pkt  drop_io(win/tot)=0/0 pkt  lost_samples(win/tot)=7881120/158460300  send_errors(win/tot)=0/0
2026-04-22 18:06:12 INFO STAT  crate=27  sent=1502645 pkt  1056.146 MB  win=10.619 Mbps 1801.1 pkt/s  tot=9.229 Mbps 1565.3 pkt/s  late(win/tot)=108069/1502645  worst_late(win/tot)=110.003/137.443 ms  drop_timing(win/tot)=43606/923941 pkt  drop_io(win/tot)=0/0 pkt  lost_samples(win/tot)=7849080/166309380  send_errors(win/tot)=0/0
2026-04-22 18:07:12 INFO STAT  crate=27  sent=1610488 pkt  1131.944 MB  win=10.598 Mbps 1797.4 pkt/s  tot=9.309 Mbps 1578.9 pkt/s  late(win/tot)=107843/1610488  worst_late(win/tot)=99.750/137.443 ms  drop_timing(win/tot)=43829/967770 pkt  drop_io(win/tot)=0/0 pkt  lost_samples(win/tot)=7889220/174198600  send_errors(win/tot)=0/0
2026-04-22 18:08:12 INFO STAT  crate=27  sent=1721308 pkt  1209.835 MB  win=10.890 Mbps 1847.0 pkt/s  tot=9.397 Mbps 1593.8 pkt/s  late(win/tot)=110820/1721308  worst_late(win/tot)=92.599/137.443 ms  drop_timing(win/tot)=40913/1008683 pkt  drop_io(win/tot)=0/0 pkt  lost_samples(win/tot)=7364340/181562940  send_errors(win/tot)=0/0
2026-04-22 18:09:12 INFO STAT  crate=27  sent=1829063 pkt  1285.572 MB  win=10.589 Mbps 1795.9 pkt/s  tot=9.460 Mbps 1604.4 pkt/s  late(win/tot)=107755/1829063  worst_late(win/tot)=112.361/137.443 ms  drop_timing(win/tot)=43921/1052604 pkt  drop_io(win/tot)=0/0 pkt  lost_samples(win/tot)=7905780/189468720  send_errors(win/tot)=0/0
2026-04-22 18:10:12 INFO STAT  crate=27  sent=1947824 pkt  1369.044 MB  win=11.670 Mbps 1979.3 pkt/s  tot=9.570 Mbps 1623.2 pkt/s  late(win/tot)=118761/1947824  worst_late(win/tot)=101.604/137.443 ms  drop_timing(win/tot)=32906/1085510 pkt  drop_io(win/tot)=0/0 pkt  lost_samples(win/tot)=5923080/195391800  send_errors(win/tot)=0/0
2026-04-22 18:11:12 INFO STAT  crate=27  sent=2098899 pkt  1475.228 MB  win=14.846 Mbps 2517.9 pkt/s  tot=9.822 Mbps 1665.8 pkt/s  late(win/tot)=151075/2098899  worst_late(win/tot)=46.784/137.443 ms  drop_timing(win/tot)=591/1086101 pkt  drop_io(win/tot)=0/0 pkt  lost_samples(win/tot)=106380/195498180  send_errors(win/tot)=0/0
2026-04-22 18:12:12 INFO STAT  crate=27  sent=2250217 pkt  1581.583 MB  win=14.869 Mbps 2522.0 pkt/s  tot=10.051 Mbps 1704.7 pkt/s  late(win/tot)=151318/2250217  worst_late(win/tot)=56.291/137.443 ms  drop_timing(win/tot)=349/1086450 pkt  drop_io(win/tot)=0/0 pkt  lost_samples(win/tot)=62820/195561000  send_errors(win/tot)=0/0
2026-04-22 18:13:12 INFO STAT  crate=27  sent=2401270 pkt  1687.752 MB  win=14.843 Mbps 2517.5 pkt/s  tot=10.259 Mbps 1740.1 pkt/s  late(win/tot)=151053/2401270  worst_late(win/tot)=61.793/137.443 ms  drop_timing(win/tot)=614/1087064 pkt  drop_io(win/tot)=0/0 pkt  lost_samples(win/tot)=110520/195671520  send_errors(win/tot)=0/0
2026-04-22 18:14:12 INFO STAT  crate=27  sent=2552936 pkt  1794.351 MB  win=14.904 Mbps 2527.8 pkt/s  tot=10.453 Mbps 1772.9 pkt/s  late(win/tot)=151666/2552936  worst_late(win/tot)=27.154/137.443 ms  drop_timing(win/tot)=0/1087064 pkt  drop_io(win/tot)=0/0 pkt  lost_samples(win/tot)=0/195671520  send_errors(win/tot)=0/0
2026-04-22 18:15:12 INFO STAT  crate=27  sent=2704603 pkt  1900.952 MB  win=14.904 Mbps 2527.8 pkt/s  tot=10.631 Mbps 1803.1 pkt/s  late(win/tot)=151667/2704603  worst_late(win/tot)=22.684/137.443 ms  drop_timing(win/tot)=0/1087064 pkt  drop_io(win/tot)=0/0 pkt  lost_samples(win/tot)=0/195671520  send_errors(win/tot)=0/0
2026-04-22 18:15:23 INFO STAT  crate=27  sent=2730000 pkt  1918.802 MB  win=13.955 Mbps 2366.9 pkt/s  tot=10.655 Mbps 1807.1 pkt/s  late(win/tot)=25397/2730000  worst_late(win/tot)=19.286/137.443 ms  drop_timing(win/tot)=0/1087064 pkt  drop_io(win/tot)=0/0 pkt  lost_samples(win/tot)=0/195671520  send_errors(win/tot)=0/0
2026-04-22 18:15:23 INFO Terminato
