2026-04-22 14:46:08 INFO Start crate=1 dst=131.154.99.225:6666
2026-04-22 14:46:08 INFO Streams=91  board=7  analog/board=12  digital_streams/board=1
2026-04-22 14:46:08 INFO Sample rate=5000 Hz  samples/pkt=180  pps/stream=27.777778  total_pps=2527.778
2026-04-22 14:46:08 INFO Packet len=737 B  expected throughput=14.904 Mbps
2026-04-22 14:46:08 INFO Analog FS=+/-10.000 V  noise_rms=0.010000 V  digital_flip_prob=0.002000
2026-04-22 14:47:08 INFO STAT  crate=1  sent=131620 pkt  92.510 MB  win=12.934 Mbps 2193.7 pkt/s  tot=12.934 Mbps 2193.7 pkt/s  late(win/tot)=131620/131620  worst_late(win/tot)=80.853/80.853 ms  drop_timing(win/tot)=20020/20020 pkt  drop_io(win/tot)=0/0 pkt  lost_samples(win/tot)=3603600/3603600  send_errors(win/tot)=0/0
2026-04-22 14:48:08 INFO STAT  crate=1  sent=257464 pkt  180.961 MB  win=12.366 Mbps 2097.4 pkt/s  tot=12.650 Mbps 2145.5 pkt/s  late(win/tot)=125844/257464  worst_late(win/tot)=82.074/82.074 ms  drop_timing(win/tot)=25784/45804 pkt  drop_io(win/tot)=0/0 pkt  lost_samples(win/tot)=4641120/8244720  send_errors(win/tot)=0/0
2026-04-22 14:49:08 INFO STAT  crate=1  sent=385843 pkt  271.193 MB  win=12.615 Mbps 2139.7 pkt/s  tot=12.638 Mbps 2143.6 pkt/s  late(win/tot)=128379/385843  worst_late(win/tot)=96.036/96.036 ms  drop_timing(win/tot)=23265/69069 pkt  drop_io(win/tot)=0/0 pkt  lost_samples(win/tot)=4187700/12432420  send_errors(win/tot)=0/0
2026-04-22 14:50:08 INFO STAT  crate=1  sent=512864 pkt  360.471 MB  win=12.482 Mbps 2117.0 pkt/s  tot=12.599 Mbps 2136.9 pkt/s  late(win/tot)=127021/512864  worst_late(win/tot)=90.779/96.036 ms  drop_timing(win/tot)=24661/93730 pkt  drop_io(win/tot)=0/0 pkt  lost_samples(win/tot)=4438980/16871400  send_errors(win/tot)=0/0
2026-04-22 14:51:08 INFO STAT  crate=1  sent=641142 pkt  450.632 MB  win=12.605 Mbps 2138.0 pkt/s  tot=12.601 Mbps 2137.1 pkt/s  late(win/tot)=128278/641142  worst_late(win/tot)=73.359/96.036 ms  drop_timing(win/tot)=23387/117117 pkt  drop_io(win/tot)=0/0 pkt  lost_samples(win/tot)=4209660/21081060  send_errors(win/tot)=0/0
2026-04-22 14:52:08 INFO STAT  crate=1  sent=768611 pkt  540.224 MB  win=12.526 Mbps 2124.5 pkt/s  tot=12.588 Mbps 2135.0 pkt/s  late(win/tot)=127469/768611  worst_late(win/tot)=83.970/96.036 ms  drop_timing(win/tot)=24206/141323 pkt  drop_io(win/tot)=0/0 pkt  lost_samples(win/tot)=4357080/25438140  send_errors(win/tot)=0/0
2026-04-22 14:53:08 INFO STAT  crate=1  sent=875292 pkt  615.206 MB  win=10.483 Mbps 1778.0 pkt/s  tot=12.287 Mbps 2084.0 pkt/s  late(win/tot)=106681/875292  worst_late(win/tot)=117.021/117.021 ms  drop_timing(win/tot)=44954/186277 pkt  drop_io(win/tot)=0/0 pkt  lost_samples(win/tot)=8091720/33529860  send_errors(win/tot)=0/0
2026-04-22 14:54:08 INFO STAT  crate=1  sent=955916 pkt  671.873 MB  win=7.923 Mbps 1343.7 pkt/s  tot=11.742 Mbps 1991.5 pkt/s  late(win/tot)=80624/955916  worst_late(win/tot)=115.469/117.021 ms  drop_timing(win/tot)=71033/257310 pkt  drop_io(win/tot)=0/0 pkt  lost_samples(win/tot)=12785940/46315800  send_errors(win/tot)=0/0
2026-04-22 14:55:08 INFO STAT  crate=1  sent=1034214 pkt  726.906 MB  win=7.694 Mbps 1305.0 pkt/s  tot=11.292 Mbps 1915.2 pkt/s  late(win/tot)=78298/1034214  worst_late(win/tot)=157.648/157.648 ms  drop_timing(win/tot)=73370/330680 pkt  drop_io(win/tot)=0/0 pkt  lost_samples(win/tot)=13206600/59522400  send_errors(win/tot)=0/0
2026-04-22 14:56:08 INFO STAT  crate=1  sent=1090106 pkt  766.190 MB  win=5.492 Mbps 931.5 pkt/s  tot=10.712 Mbps 1816.8 pkt/s  late(win/tot)=55892/1090106  worst_late(win/tot)=171.757/171.757 ms  drop_timing(win/tot)=95755/426435 pkt  drop_io(win/tot)=0/0 pkt  lost_samples(win/tot)=17235900/76758300  send_errors(win/tot)=0/0
2026-04-22 14:57:08 INFO STAT  crate=1  sent=1140338 pkt  801.496 MB  win=4.936 Mbps 837.1 pkt/s  tot=10.187 Mbps 1727.8 pkt/s  late(win/tot)=50232/1140338  worst_late(win/tot)=188.414/188.414 ms  drop_timing(win/tot)=101397/527832 pkt  drop_io(win/tot)=0/0 pkt  lost_samples(win/tot)=18251460/95009760  send_errors(win/tot)=0/0
2026-04-22 14:58:08 INFO STAT  crate=1  sent=1190250 pkt  836.577 MB  win=4.905 Mbps 831.9 pkt/s  tot=9.747 Mbps 1653.1 pkt/s  late(win/tot)=49912/1190250  worst_late(win/tot)=163.446/188.414 ms  drop_timing(win/tot)=101764/629596 pkt  drop_io(win/tot)=0/0 pkt  lost_samples(win/tot)=18317520/113327280  send_errors(win/tot)=0/0
2026-04-22 14:59:08 INFO STAT  crate=1  sent=1240152 pkt  871.651 MB  win=4.904 Mbps 831.7 pkt/s  tot=9.374 Mbps 1589.9 pkt/s  late(win/tot)=49902/1240152  worst_late(win/tot)=185.431/188.414 ms  drop_timing(win/tot)=101809/731405 pkt  drop_io(win/tot)=0/0 pkt  lost_samples(win/tot)=18325620/131652900  send_errors(win/tot)=0/0
2026-04-22 15:00:08 INFO STAT  crate=1  sent=1290627 pkt  907.127 MB  win=4.960 Mbps 841.3 pkt/s  tot=9.059 Mbps 1536.5 pkt/s  late(win/tot)=50475/1290627  worst_late(win/tot)=178.402/188.414 ms  drop_timing(win/tot)=101203/832608 pkt  drop_io(win/tot)=0/0 pkt  lost_samples(win/tot)=18216540/149869440  send_errors(win/tot)=0/0
2026-04-22 15:01:08 INFO STAT  crate=1  sent=1341166 pkt  942.649 MB  win=4.966 Mbps 842.2 pkt/s  tot=8.786 Mbps 1490.2 pkt/s  late(win/tot)=50539/1341166  worst_late(win/tot)=171.949/188.414 ms  drop_timing(win/tot)=101089/933697 pkt  drop_io(win/tot)=0/0 pkt  lost_samples(win/tot)=18196020/168065460  send_errors(win/tot)=0/0
2026-04-22 15:02:08 INFO STAT  crate=1  sent=1390932 pkt  977.628 MB  win=4.891 Mbps 829.5 pkt/s  tot=8.543 Mbps 1448.9 pkt/s  late(win/tot)=49766/1390932  worst_late(win/tot)=174.983/188.414 ms  drop_timing(win/tot)=101879/1035576 pkt  drop_io(win/tot)=0/0 pkt  lost_samples(win/tot)=18338220/186403680  send_errors(win/tot)=0/0
2026-04-22 15:03:08 INFO STAT  crate=1  sent=1440556 pkt  1012.506 MB  win=4.876 Mbps 827.1 pkt/s  tot=8.327 Mbps 1412.3 pkt/s  late(win/tot)=49624/1440556  worst_late(win/tot)=176.860/188.414 ms  drop_timing(win/tot)=102044/1137620 pkt  drop_io(win/tot)=0/0 pkt  lost_samples(win/tot)=18367920/204771600  send_errors(win/tot)=0/0
2026-04-22 15:04:08 INFO STAT  crate=1  sent=1494166 pkt  1050.186 MB  win=5.268 Mbps 893.5 pkt/s  tot=8.157 Mbps 1383.5 pkt/s  late(win/tot)=53610/1494166  worst_late(win/tot)=188.898/188.898 ms  drop_timing(win/tot)=98114/1235734 pkt  drop_io(win/tot)=0/0 pkt  lost_samples(win/tot)=17660520/222432120  send_errors(win/tot)=0/0
2026-04-22 15:05:08 INFO STAT  crate=1  sent=1543292 pkt  1084.715 MB  win=4.827 Mbps 818.8 pkt/s  tot=7.982 Mbps 1353.8 pkt/s  late(win/tot)=49126/1543292  worst_late(win/tot)=177.301/188.898 ms  drop_timing(win/tot)=102504/1338238 pkt  drop_io(win/tot)=0/0 pkt  lost_samples(win/tot)=18450720/240882840  send_errors(win/tot)=0/0
2026-04-22 15:06:08 INFO STAT  crate=1  sent=1596384 pkt  1122.031 MB  win=5.217 Mbps 884.8 pkt/s  tot=7.844 Mbps 1330.3 pkt/s  late(win/tot)=53092/1596384  worst_late(win/tot)=169.269/188.898 ms  drop_timing(win/tot)=98606/1436844 pkt  drop_io(win/tot)=0/0 pkt  lost_samples(win/tot)=17749080/258631920  send_errors(win/tot)=0/0
2026-04-22 15:07:08 INFO STAT  crate=1  sent=1647384 pkt  1157.877 MB  win=5.012 Mbps 850.0 pkt/s  tot=7.709 Mbps 1307.4 pkt/s  late(win/tot)=51000/1647384  worst_late(win/tot)=177.165/188.898 ms  drop_timing(win/tot)=100630/1537474 pkt  drop_io(win/tot)=0/0 pkt  lost_samples(win/tot)=18113400/276745320  send_errors(win/tot)=0/0
2026-04-22 15:08:08 INFO STAT  crate=1  sent=1700413 pkt  1195.149 MB  win=5.211 Mbps 883.8 pkt/s  tot=7.595 Mbps 1288.2 pkt/s  late(win/tot)=53029/1700413  worst_late(win/tot)=173.705/188.898 ms  drop_timing(win/tot)=98660/1636134 pkt  drop_io(win/tot)=0/0 pkt  lost_samples(win/tot)=17758800/294504120  send_errors(win/tot)=0/0
2026-04-22 15:09:08 INFO STAT  crate=1  sent=1751757 pkt  1231.236 MB  win=5.045 Mbps 855.7 pkt/s  tot=7.484 Mbps 1269.4 pkt/s  late(win/tot)=51344/1751757  worst_late(win/tot)=167.011/188.898 ms  drop_timing(win/tot)=100340/1736474 pkt  drop_io(win/tot)=0/0 pkt  lost_samples(win/tot)=18061200/312565320  send_errors(win/tot)=0/0
2026-04-22 15:10:08 INFO STAT  crate=1  sent=1804410 pkt  1268.244 MB  win=5.174 Mbps 877.5 pkt/s  tot=7.388 Mbps 1253.1 pkt/s  late(win/tot)=52653/1804410  worst_late(win/tot)=191.426/191.426 ms  drop_timing(win/tot)=98955/1835429 pkt  drop_io(win/tot)=0/0 pkt  lost_samples(win/tot)=17811900/330377220  send_errors(win/tot)=0/0
2026-04-22 15:11:08 INFO STAT  crate=1  sent=1852833 pkt  1302.278 MB  win=4.758 Mbps 807.0 pkt/s  tot=7.283 Mbps 1235.2 pkt/s  late(win/tot)=48423/1852833  worst_late(win/tot)=185.789/191.426 ms  drop_timing(win/tot)=103250/1938679 pkt  drop_io(win/tot)=0/0 pkt  lost_samples(win/tot)=18585000/348962220  send_errors(win/tot)=0/0
2026-04-22 15:12:08 INFO STAT  crate=1  sent=1902870 pkt  1337.447 MB  win=4.917 Mbps 834.0 pkt/s  tot=7.192 Mbps 1219.8 pkt/s  late(win/tot)=50037/1902870  worst_late(win/tot)=180.831/191.426 ms  drop_timing(win/tot)=101683/2040362 pkt  drop_io(win/tot)=0/0 pkt  lost_samples(win/tot)=18302940/367265160  send_errors(win/tot)=0/0
2026-04-22 15:13:08 INFO STAT  crate=1  sent=1954296 pkt  1373.593 MB  win=5.053 Mbps 857.0 pkt/s  tot=7.113 Mbps 1206.4 pkt/s  late(win/tot)=51426/1954296  worst_late(win/tot)=173.963/191.426 ms  drop_timing(win/tot)=100188/2140550 pkt  drop_io(win/tot)=0/0 pkt  lost_samples(win/tot)=18033840/385299000  send_errors(win/tot)=0/0
2026-04-22 15:14:08 INFO STAT  crate=1  sent=2006795 pkt  1410.492 MB  win=5.159 Mbps 875.0 pkt/s  tot=7.043 Mbps 1194.5 pkt/s  late(win/tot)=52499/2006795  worst_late(win/tot)=166.845/191.426 ms  drop_timing(win/tot)=99169/2239719 pkt  drop_io(win/tot)=0/0 pkt  lost_samples(win/tot)=17850420/403149420  send_errors(win/tot)=0/0
2026-04-22 15:15:08 INFO STAT  crate=1  sent=2056427 pkt  1445.376 MB  win=4.878 Mbps 827.3 pkt/s  tot=6.968 Mbps 1181.9 pkt/s  late(win/tot)=49632/2056427  worst_late(win/tot)=195.085/195.085 ms  drop_timing(win/tot)=102053/2341772 pkt  drop_io(win/tot)=0/0 pkt  lost_samples(win/tot)=18369540/421518960  send_errors(win/tot)=0/0
2026-04-22 15:16:08 INFO STAT  crate=1  sent=2105060 pkt  1479.558 MB  win=4.779 Mbps 810.5 pkt/s  tot=6.895 Mbps 1169.5 pkt/s  late(win/tot)=48633/2105060  worst_late(win/tot)=175.333/195.085 ms  drop_timing(win/tot)=102998/2444770 pkt  drop_io(win/tot)=0/0 pkt  lost_samples(win/tot)=18539640/440058600  send_errors(win/tot)=0/0
2026-04-22 15:17:08 INFO STAT  crate=1  sent=2154278 pkt  1514.151 MB  win=4.836 Mbps 820.3 pkt/s  tot=6.829 Mbps 1158.2 pkt/s  late(win/tot)=49218/2154278  worst_late(win/tot)=167.703/195.085 ms  drop_timing(win/tot)=102520/2547290 pkt  drop_io(win/tot)=0/0 pkt  lost_samples(win/tot)=18453600/458512200  send_errors(win/tot)=0/0
2026-04-22 15:18:08 INFO STAT  crate=1  sent=2203884 pkt  1549.017 MB  win=4.875 Mbps 826.8 pkt/s  tot=6.768 Mbps 1147.9 pkt/s  late(win/tot)=49606/2203884  worst_late(win/tot)=187.603/195.085 ms  drop_timing(win/tot)=102038/2649328 pkt  drop_io(win/tot)=0/0 pkt  lost_samples(win/tot)=18366840/476879040  send_errors(win/tot)=0/0
2026-04-22 15:19:08 INFO STAT  crate=1  sent=2253321 pkt  1583.765 MB  win=4.858 Mbps 824.0 pkt/s  tot=6.710 Mbps 1138.0 pkt/s  late(win/tot)=49437/2253321  worst_late(win/tot)=174.431/195.085 ms  drop_timing(win/tot)=102239/2751567 pkt  drop_io(win/tot)=0/0 pkt  lost_samples(win/tot)=18403020/495282060  send_errors(win/tot)=0/0
2026-04-22 15:20:08 INFO STAT  crate=1  sent=2303262 pkt  1618.866 MB  win=4.907 Mbps 832.3 pkt/s  tot=6.657 Mbps 1129.0 pkt/s  late(win/tot)=49941/2303262  worst_late(win/tot)=170.050/195.085 ms  drop_timing(win/tot)=101690/2853257 pkt  drop_io(win/tot)=0/0 pkt  lost_samples(win/tot)=18304200/513586260  send_errors(win/tot)=0/0
2026-04-22 15:21:08 INFO STAT  crate=1  sent=2353851 pkt  1654.423 MB  win=4.972 Mbps 843.2 pkt/s  tot=6.609 Mbps 1120.9 pkt/s  late(win/tot)=50589/2353851  worst_late(win/tot)=171.058/195.085 ms  drop_timing(win/tot)=101108/2954365 pkt  drop_io(win/tot)=0/0 pkt  lost_samples(win/tot)=18199440/531785700  send_errors(win/tot)=0/0
2026-04-22 15:22:08 INFO STAT  crate=1  sent=2400836 pkt  1687.447 MB  win=4.617 Mbps 783.0 pkt/s  tot=6.553 Mbps 1111.5 pkt/s  late(win/tot)=46985/2400836  worst_late(win/tot)=240.858/240.858 ms  drop_timing(win/tot)=104639/3059004 pkt  drop_io(win/tot)=0/0 pkt  lost_samples(win/tot)=18835020/550620720  send_errors(win/tot)=0/0
2026-04-22 15:23:08 INFO STAT  crate=1  sent=2453322 pkt  1724.337 MB  win=5.158 Mbps 874.8 pkt/s  tot=6.516 Mbps 1105.1 pkt/s  late(win/tot)=52486/2453322  worst_late(win/tot)=165.149/240.858 ms  drop_timing(win/tot)=99224/3158228 pkt  drop_io(win/tot)=0/0 pkt  lost_samples(win/tot)=17860320/568481040  send_errors(win/tot)=0/0
2026-04-22 15:24:08 INFO STAT  crate=1  sent=2504884 pkt  1760.578 MB  win=5.067 Mbps 859.4 pkt/s  tot=6.478 Mbps 1098.6 pkt/s  late(win/tot)=51562/2504884  worst_late(win/tot)=176.618/240.858 ms  drop_timing(win/tot)=100126/3258354 pkt  drop_io(win/tot)=0/0 pkt  lost_samples(win/tot)=18022680/586503720  send_errors(win/tot)=0/0
2026-04-22 15:25:08 INFO STAT  crate=1  sent=2555377 pkt  1796.067 MB  win=4.962 Mbps 841.6 pkt/s  tot=6.439 Mbps 1092.0 pkt/s  late(win/tot)=50493/2555377  worst_late(win/tot)=177.753/240.858 ms  drop_timing(win/tot)=101111/3359465 pkt  drop_io(win/tot)=0/0 pkt  lost_samples(win/tot)=18199980/604703700  send_errors(win/tot)=0/0
2026-04-22 15:26:08 INFO STAT  crate=1  sent=2604563 pkt  1830.638 MB  win=4.833 Mbps 819.7 pkt/s  tot=6.399 Mbps 1085.2 pkt/s  late(win/tot)=49186/2604563  worst_late(win/tot)=174.682/240.858 ms  drop_timing(win/tot)=102479/3461944 pkt  drop_io(win/tot)=0/0 pkt  lost_samples(win/tot)=18446220/623149920  send_errors(win/tot)=0/0
2026-04-22 15:27:08 INFO STAT  crate=1  sent=2653091 pkt  1864.746 MB  win=4.769 Mbps 808.9 pkt/s  tot=6.359 Mbps 1078.5 pkt/s  late(win/tot)=48528/2653091  worst_late(win/tot)=179.292/240.858 ms  drop_timing(win/tot)=103130/3565074 pkt  drop_io(win/tot)=0/0 pkt  lost_samples(win/tot)=18563400/641713320  send_errors(win/tot)=0/0
2026-04-22 15:28:08 INFO STAT  crate=1  sent=2701328 pkt  1898.650 MB  win=4.740 Mbps 804.0 pkt/s  tot=6.320 Mbps 1072.0 pkt/s  late(win/tot)=48237/2701328  worst_late(win/tot)=173.777/240.858 ms  drop_timing(win/tot)=103447/3668521 pkt  drop_io(win/tot)=0/0 pkt  lost_samples(win/tot)=18620460/660333780  send_errors(win/tot)=0/0
2026-04-22 15:28:42 INFO STAT  crate=1  sent=2730000 pkt  1918.802 MB  win=5.012 Mbps 850.1 pkt/s  tot=6.303 Mbps 1069.0 pkt/s  late(win/tot)=28672/2730000  worst_late(win/tot)=166.608/240.858 ms  drop_timing(win/tot)=56568/3725089 pkt  drop_io(win/tot)=0/0 pkt  lost_samples(win/tot)=10182240/670516020  send_errors(win/tot)=0/0
2026-04-22 15:28:42 INFO Terminato
