2026-04-22 16:40:12 INFO Start crate=7 dst=131.154.99.225:6666
2026-04-22 16:40:12 INFO Streams=91  board=7  analog/board=12  digital_streams/board=1
2026-04-22 16:40:12 INFO Sample rate=5000 Hz  samples/pkt=180  pps/stream=27.777778  total_pps=2527.778
2026-04-22 16:40:12 INFO Packet len=737 B  expected throughput=14.904 Mbps
2026-04-22 16:40:12 INFO Analog FS=+/-10.000 V  noise_rms=0.010000 V  digital_flip_prob=0.002000
2026-04-22 16:41:12 INFO STAT  crate=7  sent=151667 pkt  106.600 MB  win=14.904 Mbps 2527.8 pkt/s  tot=14.904 Mbps 2527.8 pkt/s  late(win/tot)=151667/151667  worst_late(win/tot)=26.460/26.460 ms  drop_timing(win/tot)=0/0 pkt  drop_io(win/tot)=0/0 pkt  lost_samples(win/tot)=0/0  send_errors(win/tot)=0/0
2026-04-22 16:42:12 INFO STAT  crate=7  sent=303043 pkt  212.996 MB  win=14.875 Mbps 2522.9 pkt/s  tot=14.889 Mbps 2525.4 pkt/s  late(win/tot)=151376/303043  worst_late(win/tot)=43.960/43.960 ms  drop_timing(win/tot)=291/291 pkt  drop_io(win/tot)=0/0 pkt  lost_samples(win/tot)=52380/52380  send_errors(win/tot)=0/0
2026-04-22 16:43:12 INFO STAT  crate=7  sent=406388 pkt  285.633 MB  win=10.155 Mbps 1722.4 pkt/s  tot=13.311 Mbps 2257.7 pkt/s  late(win/tot)=103345/406388  worst_late(win/tot)=109.250/109.250 ms  drop_timing(win/tot)=48243/48534 pkt  drop_io(win/tot)=0/0 pkt  lost_samples(win/tot)=8683740/8736120  send_errors(win/tot)=0/0
2026-04-22 16:44:12 INFO STAT  crate=7  sent=495989 pkt  348.610 MB  win=8.804 Mbps 1493.2 pkt/s  tot=12.185 Mbps 2066.6 pkt/s  late(win/tot)=89601/495989  worst_late(win/tot)=133.224/133.224 ms  drop_timing(win/tot)=62089/110623 pkt  drop_io(win/tot)=0/0 pkt  lost_samples(win/tot)=11176020/19912140  send_errors(win/tot)=0/0
2026-04-22 16:45:12 INFO STAT  crate=7  sent=585460 pkt  411.495 MB  win=8.792 Mbps 1491.3 pkt/s  tot=11.506 Mbps 1951.5 pkt/s  late(win/tot)=89471/585460  worst_late(win/tot)=130.709/133.224 ms  drop_timing(win/tot)=62176/172799 pkt  drop_io(win/tot)=0/0 pkt  lost_samples(win/tot)=11191680/31103820  send_errors(win/tot)=0/0
2026-04-22 16:46:12 INFO STAT  crate=7  sent=675664 pkt  474.896 MB  win=8.864 Mbps 1503.4 pkt/s  tot=11.066 Mbps 1876.8 pkt/s  late(win/tot)=90204/675664  worst_late(win/tot)=116.489/133.224 ms  drop_timing(win/tot)=61462/234261 pkt  drop_io(win/tot)=0/0 pkt  lost_samples(win/tot)=11063160/42166980  send_errors(win/tot)=0/0
2026-04-22 16:47:12 INFO STAT  crate=7  sent=765461 pkt  538.010 MB  win=8.824 Mbps 1496.6 pkt/s  tot=10.746 Mbps 1822.5 pkt/s  late(win/tot)=89797/765461  worst_late(win/tot)=140.642/140.642 ms  drop_timing(win/tot)=61894/296155 pkt  drop_io(win/tot)=0/0 pkt  lost_samples(win/tot)=11140920/53307900  send_errors(win/tot)=0/0
2026-04-22 16:48:12 INFO STAT  crate=7  sent=856064 pkt  601.691 MB  win=8.903 Mbps 1510.1 pkt/s  tot=10.515 Mbps 1783.5 pkt/s  late(win/tot)=90603/856064  worst_late(win/tot)=119.901/140.642 ms  drop_timing(win/tot)=61026/357181 pkt  drop_io(win/tot)=0/0 pkt  lost_samples(win/tot)=10984680/64292580  send_errors(win/tot)=0/0
2026-04-22 16:49:12 INFO STAT  crate=7  sent=946605 pkt  665.329 MB  win=8.897 Mbps 1509.0 pkt/s  tot=10.336 Mbps 1753.0 pkt/s  late(win/tot)=90541/946605  worst_late(win/tot)=112.609/140.642 ms  drop_timing(win/tot)=61154/418335 pkt  drop_io(win/tot)=0/0 pkt  lost_samples(win/tot)=11007720/75300300  send_errors(win/tot)=0/0
2026-04-22 16:50:12 INFO STAT  crate=7  sent=1038527 pkt  729.937 MB  win=9.033 Mbps 1532.0 pkt/s  tot=10.205 Mbps 1730.9 pkt/s  late(win/tot)=91922/1038527  worst_late(win/tot)=107.931/140.642 ms  drop_timing(win/tot)=59713/478048 pkt  drop_io(win/tot)=0/0 pkt  lost_samples(win/tot)=10748340/86048640  send_errors(win/tot)=0/0
2026-04-22 16:51:12 INFO STAT  crate=7  sent=1130432 pkt  794.533 MB  win=9.031 Mbps 1531.7 pkt/s  tot=10.098 Mbps 1712.8 pkt/s  late(win/tot)=91905/1130432  worst_late(win/tot)=103.153/140.642 ms  drop_timing(win/tot)=59771/537819 pkt  drop_io(win/tot)=0/0 pkt  lost_samples(win/tot)=10758780/96807420  send_errors(win/tot)=0/0
2026-04-22 16:52:12 INFO STAT  crate=7  sent=1222565 pkt  859.290 MB  win=9.054 Mbps 1535.5 pkt/s  tot=10.011 Mbps 1698.0 pkt/s  late(win/tot)=92133/1222565  worst_late(win/tot)=113.077/140.642 ms  drop_timing(win/tot)=59557/597376 pkt  drop_io(win/tot)=0/0 pkt  lost_samples(win/tot)=10720260/107527680  send_errors(win/tot)=0/0
2026-04-22 16:53:12 INFO STAT  crate=7  sent=1314013 pkt  923.565 MB  win=8.987 Mbps 1524.2 pkt/s  tot=9.933 Mbps 1684.6 pkt/s  late(win/tot)=91448/1314013  worst_late(win/tot)=107.262/140.642 ms  drop_timing(win/tot)=60224/657600 pkt  drop_io(win/tot)=0/0 pkt  lost_samples(win/tot)=10840320/118368000  send_errors(win/tot)=0/0
2026-04-22 16:54:12 INFO STAT  crate=7  sent=1404214 pkt  986.963 MB  win=8.864 Mbps 1503.4 pkt/s  tot=9.856 Mbps 1671.7 pkt/s  late(win/tot)=90201/1404214  worst_late(win/tot)=110.236/140.642 ms  drop_timing(win/tot)=61438/719038 pkt  drop_io(win/tot)=0/0 pkt  lost_samples(win/tot)=11058840/129426840  send_errors(win/tot)=0/0
2026-04-22 16:55:12 INFO STAT  crate=7  sent=1495199 pkt  1050.913 MB  win=8.941 Mbps 1516.4 pkt/s  tot=9.795 Mbps 1661.3 pkt/s  late(win/tot)=90985/1495199  worst_late(win/tot)=131.033/140.642 ms  drop_timing(win/tot)=60670/779708 pkt  drop_io(win/tot)=0/0 pkt  lost_samples(win/tot)=10920600/140347440  send_errors(win/tot)=0/0
2026-04-22 16:56:12 INFO STAT  crate=7  sent=1585281 pkt  1114.227 MB  win=8.851 Mbps 1501.3 pkt/s  tot=9.736 Mbps 1651.3 pkt/s  late(win/tot)=90082/1585281  worst_late(win/tot)=118.445/140.642 ms  drop_timing(win/tot)=61591/841299 pkt  drop_io(win/tot)=0/0 pkt  lost_samples(win/tot)=11086380/151433820  send_errors(win/tot)=0/0
2026-04-22 16:57:12 INFO STAT  crate=7  sent=1677114 pkt  1178.773 MB  win=9.025 Mbps 1530.7 pkt/s  tot=9.694 Mbps 1644.2 pkt/s  late(win/tot)=91833/1677114  worst_late(win/tot)=121.612/140.642 ms  drop_timing(win/tot)=59860/901159 pkt  drop_io(win/tot)=0/0 pkt  lost_samples(win/tot)=10774800/162208620  send_errors(win/tot)=0/0
2026-04-22 16:58:12 INFO STAT  crate=7  sent=1766150 pkt  1241.353 MB  win=8.749 Mbps 1483.9 pkt/s  tot=9.642 Mbps 1635.3 pkt/s  late(win/tot)=89036/1766150  worst_late(win/tot)=124.993/140.642 ms  drop_timing(win/tot)=62620/963779 pkt  drop_io(win/tot)=0/0 pkt  lost_samples(win/tot)=11271600/173480220  send_errors(win/tot)=0/0
2026-04-22 16:59:12 INFO STAT  crate=7  sent=1858245 pkt  1306.082 MB  win=9.050 Mbps 1534.9 pkt/s  tot=9.611 Mbps 1630.0 pkt/s  late(win/tot)=92095/1858245  worst_late(win/tot)=107.721/140.642 ms  drop_timing(win/tot)=59572/1023351 pkt  drop_io(win/tot)=0/0 pkt  lost_samples(win/tot)=10722960/184203180  send_errors(win/tot)=0/0
2026-04-22 17:00:12 INFO STAT  crate=7  sent=1948779 pkt  1369.715 MB  win=8.896 Mbps 1508.9 pkt/s  tot=9.575 Mbps 1624.0 pkt/s  late(win/tot)=90534/1948779  worst_late(win/tot)=116.540/140.642 ms  drop_timing(win/tot)=61158/1084509 pkt  drop_io(win/tot)=0/0 pkt  lost_samples(win/tot)=11008440/195211620  send_errors(win/tot)=0/0
2026-04-22 17:01:12 INFO STAT  crate=7  sent=2038290 pkt  1432.628 MB  win=8.795 Mbps 1491.7 pkt/s  tot=9.538 Mbps 1617.7 pkt/s  late(win/tot)=89511/2038290  worst_late(win/tot)=122.602/140.642 ms  drop_timing(win/tot)=62143/1146652 pkt  drop_io(win/tot)=0/0 pkt  lost_samples(win/tot)=11185740/206397360  send_errors(win/tot)=0/0
2026-04-22 17:02:12 INFO STAT  crate=7  sent=2128505 pkt  1496.037 MB  win=8.866 Mbps 1503.7 pkt/s  tot=9.507 Mbps 1612.5 pkt/s  late(win/tot)=90215/2128505  worst_late(win/tot)=134.476/140.642 ms  drop_timing(win/tot)=61441/1208093 pkt  drop_io(win/tot)=0/0 pkt  lost_samples(win/tot)=11059380/217456740  send_errors(win/tot)=0/0
2026-04-22 17:03:12 INFO STAT  crate=7  sent=2217642 pkt  1558.687 MB  win=8.759 Mbps 1485.6 pkt/s  tot=9.475 Mbps 1607.0 pkt/s  late(win/tot)=89137/2217642  worst_late(win/tot)=111.795/140.642 ms  drop_timing(win/tot)=62492/1270585 pkt  drop_io(win/tot)=0/0 pkt  lost_samples(win/tot)=11248560/228705300  send_errors(win/tot)=0/0
2026-04-22 17:04:12 INFO STAT  crate=7  sent=2306663 pkt  1621.256 MB  win=8.747 Mbps 1483.6 pkt/s  tot=9.444 Mbps 1601.8 pkt/s  late(win/tot)=89021/2306663  worst_late(win/tot)=120.730/140.642 ms  drop_timing(win/tot)=62692/1333277 pkt  drop_io(win/tot)=0/0 pkt  lost_samples(win/tot)=11284560/239989860  send_errors(win/tot)=0/0
2026-04-22 17:05:12 INFO STAT  crate=7  sent=2396015 pkt  1684.058 MB  win=8.781 Mbps 1489.3 pkt/s  tot=9.418 Mbps 1597.3 pkt/s  late(win/tot)=89352/2396015  worst_late(win/tot)=146.835/146.835 ms  drop_timing(win/tot)=62295/1395572 pkt  drop_io(win/tot)=0/0 pkt  lost_samples(win/tot)=11213100/251202960  send_errors(win/tot)=0/0
2026-04-22 17:06:12 INFO STAT  crate=7  sent=2487551 pkt  1748.395 MB  win=8.995 Mbps 1525.6 pkt/s  tot=9.402 Mbps 1594.6 pkt/s  late(win/tot)=91536/2487551  worst_late(win/tot)=124.262/146.835 ms  drop_timing(win/tot)=60136/1455708 pkt  drop_io(win/tot)=0/0 pkt  lost_samples(win/tot)=10824480/262027440  send_errors(win/tot)=0/0
2026-04-22 17:07:12 INFO STAT  crate=7  sent=2576794 pkt  1811.120 MB  win=8.770 Mbps 1487.4 pkt/s  tot=9.378 Mbps 1590.6 pkt/s  late(win/tot)=89243/2576794  worst_late(win/tot)=118.158/146.835 ms  drop_timing(win/tot)=62385/1518093 pkt  drop_io(win/tot)=0/0 pkt  lost_samples(win/tot)=11229300/273256740  send_errors(win/tot)=0/0
2026-04-22 17:08:12 INFO STAT  crate=7  sent=2667688 pkt  1875.006 MB  win=8.932 Mbps 1514.9 pkt/s  tot=9.362 Mbps 1587.9 pkt/s  late(win/tot)=90894/2667688  worst_late(win/tot)=127.089/146.835 ms  drop_timing(win/tot)=60808/1578901 pkt  drop_io(win/tot)=0/0 pkt  lost_samples(win/tot)=10945440/284202180  send_errors(win/tot)=0/0
2026-04-22 17:08:54 INFO STAT  crate=7  sent=2730000 pkt  1918.802 MB  win=8.773 Mbps 1487.9 pkt/s  tot=9.348 Mbps 1585.5 pkt/s  late(win/tot)=62312/2730000  worst_late(win/tot)=113.495/146.835 ms  drop_timing(win/tot)=42821/1621722 pkt  drop_io(win/tot)=0/0 pkt  lost_samples(win/tot)=7707780/291909960  send_errors(win/tot)=0/0
2026-04-22 17:08:54 INFO Terminato
