2026-04-22 17:39:25 INFO Start crate=6 dst=131.154.99.225:6666
2026-04-22 17:39:25 INFO Streams=91  board=7  analog/board=12  digital_streams/board=1
2026-04-22 17:39:25 INFO Sample rate=5000 Hz  samples/pkt=180  pps/stream=27.777778  total_pps=2527.778
2026-04-22 17:39:25 INFO Packet len=737 B  expected throughput=14.904 Mbps
2026-04-22 17:39:25 INFO Analog FS=+/-10.000 V  noise_rms=0.010000 V  digital_flip_prob=0.002000
2026-04-22 17:40:25 INFO STAT  crate=6  sent=126448 pkt  88.875 MB  win=12.426 Mbps 2107.5 pkt/s  tot=12.426 Mbps 2107.5 pkt/s  late(win/tot)=126448/126448  worst_late(win/tot)=83.482/83.482 ms  drop_timing(win/tot)=25189/25189 pkt  drop_io(win/tot)=0/0 pkt  lost_samples(win/tot)=4534020/4534020  send_errors(win/tot)=0/0
2026-04-22 17:41:25 INFO STAT  crate=6  sent=247899 pkt  174.238 MB  win=11.935 Mbps 2024.2 pkt/s  tot=12.180 Mbps 2065.8 pkt/s  late(win/tot)=121451/247899  worst_late(win/tot)=101.164/101.164 ms  drop_timing(win/tot)=30153/55342 pkt  drop_io(win/tot)=0/0 pkt  lost_samples(win/tot)=5427540/9961560  send_errors(win/tot)=0/0
2026-04-22 17:42:25 INFO STAT  crate=6  sent=336549 pkt  236.546 MB  win=8.711 Mbps 1477.5 pkt/s  tot=11.024 Mbps 1869.7 pkt/s  late(win/tot)=88650/336549  worst_late(win/tot)=112.925/112.925 ms  drop_timing(win/tot)=62992/118334 pkt  drop_io(win/tot)=0/0 pkt  lost_samples(win/tot)=11338560/21300120  send_errors(win/tot)=0/0
2026-04-22 17:43:25 INFO STAT  crate=6  sent=416671 pkt  292.861 MB  win=7.873 Mbps 1335.4 pkt/s  tot=10.236 Mbps 1736.1 pkt/s  late(win/tot)=80122/416671  worst_late(win/tot)=114.260/114.260 ms  drop_timing(win/tot)=71583/189917 pkt  drop_io(win/tot)=0/0 pkt  lost_samples(win/tot)=12884940/34185060  send_errors(win/tot)=0/0
2026-04-22 17:44:25 INFO STAT  crate=6  sent=494401 pkt  347.494 MB  win=7.638 Mbps 1295.5 pkt/s  tot=9.717 Mbps 1648.0 pkt/s  late(win/tot)=77730/494401  worst_late(win/tot)=112.930/114.260 ms  drop_timing(win/tot)=73916/263833 pkt  drop_io(win/tot)=0/0 pkt  lost_samples(win/tot)=13304880/47489940  send_errors(win/tot)=0/0
2026-04-22 17:45:25 INFO STAT  crate=6  sent=583518 pkt  410.130 MB  win=8.757 Mbps 1485.3 pkt/s  tot=9.557 Mbps 1620.9 pkt/s  late(win/tot)=89117/583518  worst_late(win/tot)=112.400/114.260 ms  drop_timing(win/tot)=62542/326375 pkt  drop_io(win/tot)=0/0 pkt  lost_samples(win/tot)=11257560/58747500  send_errors(win/tot)=0/0
2026-04-22 17:46:25 INFO STAT  crate=6  sent=668628 pkt  469.951 MB  win=8.363 Mbps 1418.5 pkt/s  tot=9.386 Mbps 1592.0 pkt/s  late(win/tot)=85110/668628  worst_late(win/tot)=110.401/114.260 ms  drop_timing(win/tot)=66550/392925 pkt  drop_io(win/tot)=0/0 pkt  lost_samples(win/tot)=11979000/70726500  send_errors(win/tot)=0/0
2026-04-22 17:47:25 INFO STAT  crate=6  sent=748371 pkt  525.999 MB  win=7.836 Mbps 1329.0 pkt/s  tot=9.192 Mbps 1559.1 pkt/s  late(win/tot)=79743/748371  worst_late(win/tot)=117.070/117.070 ms  drop_timing(win/tot)=71994/464919 pkt  drop_io(win/tot)=0/0 pkt  lost_samples(win/tot)=12958920/83685420  send_errors(win/tot)=0/0
2026-04-22 17:48:25 INFO STAT  crate=6  sent=835836 pkt  587.474 MB  win=8.595 Mbps 1457.8 pkt/s  tot=9.126 Mbps 1547.8 pkt/s  late(win/tot)=87465/835836  worst_late(win/tot)=104.147/117.070 ms  drop_timing(win/tot)=64155/529074 pkt  drop_io(win/tot)=0/0 pkt  lost_samples(win/tot)=11547900/95233320  send_errors(win/tot)=0/0
2026-04-22 17:49:25 INFO STAT  crate=6  sent=924740 pkt  649.961 MB  win=8.736 Mbps 1481.7 pkt/s  tot=9.087 Mbps 1541.2 pkt/s  late(win/tot)=88904/924740  worst_late(win/tot)=111.680/117.070 ms  drop_timing(win/tot)=62742/591816 pkt  drop_io(win/tot)=0/0 pkt  lost_samples(win/tot)=11293560/106526880  send_errors(win/tot)=0/0
2026-04-22 17:50:25 INFO STAT  crate=6  sent=1007443 pkt  708.089 MB  win=8.127 Mbps 1378.4 pkt/s  tot=9.000 Mbps 1526.4 pkt/s  late(win/tot)=82703/1007443  worst_late(win/tot)=109.891/117.070 ms  drop_timing(win/tot)=69026/660842 pkt  drop_io(win/tot)=0/0 pkt  lost_samples(win/tot)=12424680/118951560  send_errors(win/tot)=0/0
2026-04-22 17:51:25 INFO STAT  crate=6  sent=1090990 pkt  766.811 MB  win=8.210 Mbps 1392.4 pkt/s  tot=8.934 Mbps 1515.3 pkt/s  late(win/tot)=83547/1090990  worst_late(win/tot)=115.439/117.070 ms  drop_timing(win/tot)=68123/728965 pkt  drop_io(win/tot)=0/0 pkt  lost_samples(win/tot)=12262140/131213700  send_errors(win/tot)=0/0
2026-04-22 17:52:25 INFO STAT  crate=6  sent=1179267 pkt  828.857 MB  win=8.674 Mbps 1471.2 pkt/s  tot=8.914 Mbps 1511.9 pkt/s  late(win/tot)=88277/1179267  worst_late(win/tot)=109.051/117.070 ms  drop_timing(win/tot)=63372/792337 pkt  drop_io(win/tot)=0/0 pkt  lost_samples(win/tot)=11406960/142620660  send_errors(win/tot)=0/0
2026-04-22 17:53:25 INFO STAT  crate=6  sent=1263175 pkt  887.833 MB  win=8.245 Mbps 1398.5 pkt/s  tot=8.866 Mbps 1503.8 pkt/s  late(win/tot)=83908/1263175  worst_late(win/tot)=112.805/117.070 ms  drop_timing(win/tot)=67724/860061 pkt  drop_io(win/tot)=0/0 pkt  lost_samples(win/tot)=12190320/154810980  send_errors(win/tot)=0/0
2026-04-22 17:54:25 INFO STAT  crate=6  sent=1345748 pkt  945.870 MB  win=8.114 Mbps 1376.2 pkt/s  tot=8.816 Mbps 1495.3 pkt/s  late(win/tot)=82573/1345748  worst_late(win/tot)=120.369/120.369 ms  drop_timing(win/tot)=69140/929201 pkt  drop_io(win/tot)=0/0 pkt  lost_samples(win/tot)=12445200/167256180  send_errors(win/tot)=0/0
2026-04-22 17:55:25 INFO STAT  crate=6  sent=1428709 pkt  1004.180 MB  win=8.152 Mbps 1382.7 pkt/s  tot=8.775 Mbps 1488.2 pkt/s  late(win/tot)=82961/1428709  worst_late(win/tot)=113.994/120.369 ms  drop_timing(win/tot)=68650/997851 pkt  drop_io(win/tot)=0/0 pkt  lost_samples(win/tot)=12357000/179613180  send_errors(win/tot)=0/0
2026-04-22 17:56:25 INFO STAT  crate=6  sent=1512501 pkt  1063.073 MB  win=8.234 Mbps 1396.5 pkt/s  tot=8.743 Mbps 1482.8 pkt/s  late(win/tot)=83792/1512501  worst_late(win/tot)=113.567/120.369 ms  drop_timing(win/tot)=67879/1065730 pkt  drop_io(win/tot)=0/0 pkt  lost_samples(win/tot)=12218220/191831400  send_errors(win/tot)=0/0
2026-04-22 17:57:25 INFO STAT  crate=6  sent=1599933 pkt  1124.526 MB  win=8.592 Mbps 1457.2 pkt/s  tot=8.734 Mbps 1481.4 pkt/s  late(win/tot)=87432/1599933  worst_late(win/tot)=112.801/120.369 ms  drop_timing(win/tot)=64308/1130038 pkt  drop_io(win/tot)=0/0 pkt  lost_samples(win/tot)=11575440/203406840  send_errors(win/tot)=0/0
2026-04-22 17:58:25 INFO STAT  crate=6  sent=1695077 pkt  1191.398 MB  win=9.349 Mbps 1585.7 pkt/s  tot=8.767 Mbps 1486.9 pkt/s  late(win/tot)=95144/1695077  worst_late(win/tot)=115.135/120.369 ms  drop_timing(win/tot)=56449/1186487 pkt  drop_io(win/tot)=0/0 pkt  lost_samples(win/tot)=10160820/213567660  send_errors(win/tot)=0/0
2026-04-22 17:59:25 INFO STAT  crate=6  sent=1779073 pkt  1250.436 MB  win=8.254 Mbps 1400.0 pkt/s  tot=8.741 Mbps 1482.6 pkt/s  late(win/tot)=83996/1779073  worst_late(win/tot)=109.423/120.369 ms  drop_timing(win/tot)=67669/1254156 pkt  drop_io(win/tot)=0/0 pkt  lost_samples(win/tot)=12180420/225748080  send_errors(win/tot)=0/0
2026-04-22 18:00:25 INFO STAT  crate=6  sent=1866791 pkt  1312.089 MB  win=8.620 Mbps 1462.0 pkt/s  tot=8.735 Mbps 1481.6 pkt/s  late(win/tot)=87718/1866791  worst_late(win/tot)=131.961/131.961 ms  drop_timing(win/tot)=63979/1318135 pkt  drop_io(win/tot)=0/0 pkt  lost_samples(win/tot)=11516220/237264300  send_errors(win/tot)=0/0
2026-04-22 18:01:25 INFO STAT  crate=6  sent=1951067 pkt  1371.323 MB  win=8.282 Mbps 1404.6 pkt/s  tot=8.715 Mbps 1478.1 pkt/s  late(win/tot)=84276/1951067  worst_late(win/tot)=117.479/131.961 ms  drop_timing(win/tot)=67431/1385566 pkt  drop_io(win/tot)=0/0 pkt  lost_samples(win/tot)=12137580/249401880  send_errors(win/tot)=0/0
2026-04-22 18:02:25 INFO STAT  crate=6  sent=2032080 pkt  1428.264 MB  win=7.961 Mbps 1350.2 pkt/s  tot=8.682 Mbps 1472.5 pkt/s  late(win/tot)=81013/2032080  worst_late(win/tot)=125.827/131.961 ms  drop_timing(win/tot)=70580/1456146 pkt  drop_io(win/tot)=0/0 pkt  lost_samples(win/tot)=12704400/262106280  send_errors(win/tot)=0/0
2026-04-22 18:03:25 INFO STAT  crate=6  sent=2113505 pkt  1485.494 MB  win=8.001 Mbps 1357.1 pkt/s  tot=8.654 Mbps 1467.7 pkt/s  late(win/tot)=81425/2113505  worst_late(win/tot)=110.053/131.961 ms  drop_timing(win/tot)=70245/1526391 pkt  drop_io(win/tot)=0/0 pkt  lost_samples(win/tot)=12644100/274750380  send_errors(win/tot)=0/0
2026-04-22 18:04:25 INFO STAT  crate=6  sent=2194312 pkt  1542.290 MB  win=7.941 Mbps 1346.8 pkt/s  tot=8.625 Mbps 1462.9 pkt/s  late(win/tot)=80807/2194312  worst_late(win/tot)=130.237/131.961 ms  drop_timing(win/tot)=70864/1597255 pkt  drop_io(win/tot)=0/0 pkt  lost_samples(win/tot)=12755520/287505900  send_errors(win/tot)=0/0
2026-04-22 18:05:25 INFO STAT  crate=6  sent=2281380 pkt  1603.486 MB  win=8.556 Mbps 1451.1 pkt/s  tot=8.622 Mbps 1462.4 pkt/s  late(win/tot)=87068/2281380  worst_late(win/tot)=111.434/131.961 ms  drop_timing(win/tot)=64586/1661841 pkt  drop_io(win/tot)=0/0 pkt  lost_samples(win/tot)=11625480/299131380  send_errors(win/tot)=0/0
2026-04-22 18:06:25 INFO STAT  crate=6  sent=2362940 pkt  1660.811 MB  win=8.015 Mbps 1359.3 pkt/s  tot=8.600 Mbps 1458.6 pkt/s  late(win/tot)=81560/2362940  worst_late(win/tot)=128.751/131.961 ms  drop_timing(win/tot)=70133/1731974 pkt  drop_io(win/tot)=0/0 pkt  lost_samples(win/tot)=12623940/311755320  send_errors(win/tot)=0/0
2026-04-22 18:07:25 INFO STAT  crate=6  sent=2445702 pkt  1718.981 MB  win=8.133 Mbps 1379.4 pkt/s  tot=8.583 Mbps 1455.8 pkt/s  late(win/tot)=82762/2445702  worst_late(win/tot)=113.332/131.961 ms  drop_timing(win/tot)=68899/1800873 pkt  drop_io(win/tot)=0/0 pkt  lost_samples(win/tot)=12401820/324157140  send_errors(win/tot)=0/0
2026-04-22 18:08:25 INFO STAT  crate=6  sent=2529071 pkt  1777.578 MB  win=8.192 Mbps 1389.5 pkt/s  tot=8.570 Mbps 1453.5 pkt/s  late(win/tot)=83369/2529071  worst_late(win/tot)=118.158/131.961 ms  drop_timing(win/tot)=68294/1869167 pkt  drop_io(win/tot)=0/0 pkt  lost_samples(win/tot)=12292920/336450060  send_errors(win/tot)=0/0
2026-04-22 18:09:25 INFO STAT  crate=6  sent=2613846 pkt  1837.162 MB  win=8.331 Mbps 1412.9 pkt/s  tot=8.562 Mbps 1452.1 pkt/s  late(win/tot)=84775/2613846  worst_late(win/tot)=120.437/131.961 ms  drop_timing(win/tot)=66883/1936050 pkt  drop_io(win/tot)=0/0 pkt  lost_samples(win/tot)=12038940/348489000  send_errors(win/tot)=0/0
2026-04-22 18:10:25 INFO STAT  crate=6  sent=2706652 pkt  1902.392 MB  win=9.120 Mbps 1546.8 pkt/s  tot=8.580 Mbps 1455.2 pkt/s  late(win/tot)=92806/2706652  worst_late(win/tot)=110.660/131.961 ms  drop_timing(win/tot)=58943/1994993 pkt  drop_io(win/tot)=0/0 pkt  lost_samples(win/tot)=10609740/359098740  send_errors(win/tot)=0/0
2026-04-22 18:10:36 INFO STAT  crate=6  sent=2730000 pkt  1918.802 MB  win=12.617 Mbps 2139.9 pkt/s  tot=8.603 Mbps 1459.2 pkt/s  late(win/tot)=23348/2730000  worst_late(win/tot)=69.115/131.961 ms  drop_timing(win/tot)=4186/1999179 pkt  drop_io(win/tot)=0/0 pkt  lost_samples(win/tot)=753480/359852220  send_errors(win/tot)=0/0
2026-04-22 18:10:36 INFO Terminato
