2026-04-22 14:57:03 INFO Start crate=22 dst=131.154.99.225:6666
2026-04-22 14:57:03 INFO Streams=91  board=7  analog/board=12  digital_streams/board=1
2026-04-22 14:57:03 INFO Sample rate=5000 Hz  samples/pkt=180  pps/stream=27.777778  total_pps=2527.778
2026-04-22 14:57:03 INFO Packet len=737 B  expected throughput=14.904 Mbps
2026-04-22 14:57:03 INFO Analog FS=+/-10.000 V  noise_rms=0.010000 V  digital_flip_prob=0.002000
2026-04-22 14:58:03 INFO STAT  crate=22  sent=151454 pkt  106.451 MB  win=14.883 Mbps 2524.2 pkt/s  tot=14.883 Mbps 2524.2 pkt/s  late(win/tot)=151454/151454  worst_late(win/tot)=42.640/42.640 ms  drop_timing(win/tot)=182/182 pkt  drop_io(win/tot)=0/0 pkt  lost_samples(win/tot)=32760/32760  send_errors(win/tot)=0/0
2026-04-22 14:59:03 INFO STAT  crate=22  sent=283555 pkt  199.299 MB  win=12.981 Mbps 2201.6 pkt/s  tot=13.932 Mbps 2362.9 pkt/s  late(win/tot)=132101/283555  worst_late(win/tot)=98.553/98.553 ms  drop_timing(win/tot)=19512/19694 pkt  drop_io(win/tot)=0/0 pkt  lost_samples(win/tot)=3512160/3544920  send_errors(win/tot)=0/0
2026-04-22 15:00:03 INFO STAT  crate=22  sent=391214 pkt  274.968 MB  win=10.580 Mbps 1794.4 pkt/s  tot=12.814 Mbps 2173.4 pkt/s  late(win/tot)=107659/391214  worst_late(win/tot)=126.935/126.935 ms  drop_timing(win/tot)=43996/63690 pkt  drop_io(win/tot)=0/0 pkt  lost_samples(win/tot)=7919280/11464200  send_errors(win/tot)=0/0
2026-04-22 15:01:03 INFO STAT  crate=22  sent=486269 pkt  341.778 MB  win=9.340 Mbps 1584.2 pkt/s  tot=11.946 Mbps 2026.1 pkt/s  late(win/tot)=95055/486269  worst_late(win/tot)=122.592/126.935 ms  drop_timing(win/tot)=56551/120241 pkt  drop_io(win/tot)=0/0 pkt  lost_samples(win/tot)=10179180/21643380  send_errors(win/tot)=0/0
2026-04-22 15:02:03 INFO STAT  crate=22  sent=564634 pkt  396.858 MB  win=7.701 Mbps 1306.1 pkt/s  tot=11.097 Mbps 1882.1 pkt/s  late(win/tot)=78365/564634  worst_late(win/tot)=133.712/133.712 ms  drop_timing(win/tot)=73318/193559 pkt  drop_io(win/tot)=0/0 pkt  lost_samples(win/tot)=13197240/34840620  send_errors(win/tot)=0/0
2026-04-22 15:03:03 INFO STAT  crate=22  sent=628044 pkt  441.426 MB  win=6.231 Mbps 1056.8 pkt/s  tot=10.286 Mbps 1744.6 pkt/s  late(win/tot)=63410/628044  worst_late(win/tot)=158.963/158.963 ms  drop_timing(win/tot)=88287/281846 pkt  drop_io(win/tot)=0/0 pkt  lost_samples(win/tot)=15891660/50732280  send_errors(win/tot)=0/0
2026-04-22 15:04:03 INFO STAT  crate=22  sent=691904 pkt  486.310 MB  win=6.275 Mbps 1064.3 pkt/s  tot=9.713 Mbps 1647.4 pkt/s  late(win/tot)=63860/691904  worst_late(win/tot)=141.226/158.963 ms  drop_timing(win/tot)=87782/369628 pkt  drop_io(win/tot)=0/0 pkt  lost_samples(win/tot)=15800760/66533040  send_errors(win/tot)=0/0
2026-04-22 15:05:03 INFO STAT  crate=22  sent=759798 pkt  534.030 MB  win=6.672 Mbps 1131.6 pkt/s  tot=9.333 Mbps 1582.9 pkt/s  late(win/tot)=67894/759798  worst_late(win/tot)=161.047/161.047 ms  drop_timing(win/tot)=83759/453387 pkt  drop_io(win/tot)=0/0 pkt  lost_samples(win/tot)=15076620/81609660  send_errors(win/tot)=0/0
2026-04-22 15:06:03 INFO STAT  crate=22  sent=826667 pkt  581.029 MB  win=6.570 Mbps 1114.4 pkt/s  tot=9.026 Mbps 1530.8 pkt/s  late(win/tot)=66869/826667  worst_late(win/tot)=156.737/161.047 ms  drop_timing(win/tot)=84812/538199 pkt  drop_io(win/tot)=0/0 pkt  lost_samples(win/tot)=15266160/96875820  send_errors(win/tot)=0/0
2026-04-22 15:07:03 INFO STAT  crate=22  sent=890334 pkt  625.778 MB  win=6.257 Mbps 1061.2 pkt/s  tot=8.749 Mbps 1483.9 pkt/s  late(win/tot)=63667/890334  worst_late(win/tot)=149.918/161.047 ms  drop_timing(win/tot)=87993/626192 pkt  drop_io(win/tot)=0/0 pkt  lost_samples(win/tot)=15838740/112714560  send_errors(win/tot)=0/0
2026-04-22 15:08:03 INFO STAT  crate=22  sent=957222 pkt  672.791 MB  win=6.573 Mbps 1114.8 pkt/s  tot=8.551 Mbps 1450.3 pkt/s  late(win/tot)=66888/957222  worst_late(win/tot)=148.263/161.047 ms  drop_timing(win/tot)=84741/710933 pkt  drop_io(win/tot)=0/0 pkt  lost_samples(win/tot)=15253380/127967940  send_errors(win/tot)=0/0
2026-04-22 15:09:03 INFO STAT  crate=22  sent=1022779 pkt  718.868 MB  win=6.442 Mbps 1092.5 pkt/s  tot=8.375 Mbps 1420.5 pkt/s  late(win/tot)=65557/1022779  worst_late(win/tot)=151.848/161.047 ms  drop_timing(win/tot)=86163/797096 pkt  drop_io(win/tot)=0/0 pkt  lost_samples(win/tot)=15509340/143477280  send_errors(win/tot)=0/0
2026-04-22 15:10:03 INFO STAT  crate=22  sent=1087211 pkt  764.155 MB  win=6.332 Mbps 1074.0 pkt/s  tot=8.218 Mbps 1393.9 pkt/s  late(win/tot)=64432/1087211  worst_late(win/tot)=146.981/161.047 ms  drop_timing(win/tot)=87210/884306 pkt  drop_io(win/tot)=0/0 pkt  lost_samples(win/tot)=15697800/159175080  send_errors(win/tot)=0/0
2026-04-22 15:11:03 INFO STAT  crate=22  sent=1153608 pkt  810.823 MB  win=6.524 Mbps 1106.6 pkt/s  tot=8.097 Mbps 1373.3 pkt/s  late(win/tot)=66397/1153608  worst_late(win/tot)=171.117/171.117 ms  drop_timing(win/tot)=85256/969562 pkt  drop_io(win/tot)=0/0 pkt  lost_samples(win/tot)=15346080/174521160  send_errors(win/tot)=0/0
2026-04-22 15:12:03 INFO STAT  crate=22  sent=1216055 pkt  854.714 MB  win=6.136 Mbps 1040.7 pkt/s  tot=7.966 Mbps 1351.2 pkt/s  late(win/tot)=62447/1216055  worst_late(win/tot)=170.759/171.117 ms  drop_timing(win/tot)=89217/1058779 pkt  drop_io(win/tot)=0/0 pkt  lost_samples(win/tot)=16059060/190580220  send_errors(win/tot)=0/0
2026-04-22 15:13:03 INFO STAT  crate=22  sent=1281016 pkt  900.372 MB  win=6.384 Mbps 1082.8 pkt/s  tot=7.868 Mbps 1334.4 pkt/s  late(win/tot)=64961/1281016  worst_late(win/tot)=156.881/171.117 ms  drop_timing(win/tot)=86730/1145509 pkt  drop_io(win/tot)=0/0 pkt  lost_samples(win/tot)=15611400/206191620  send_errors(win/tot)=0/0
2026-04-22 15:14:03 INFO STAT  crate=22  sent=1346812 pkt  946.618 MB  win=6.466 Mbps 1096.6 pkt/s  tot=7.785 Mbps 1320.4 pkt/s  late(win/tot)=65796/1346812  worst_late(win/tot)=147.265/171.117 ms  drop_timing(win/tot)=85818/1231327 pkt  drop_io(win/tot)=0/0 pkt  lost_samples(win/tot)=15447240/221638860  send_errors(win/tot)=0/0
2026-04-22 15:15:03 INFO STAT  crate=22  sent=1413250 pkt  993.314 MB  win=6.528 Mbps 1107.2 pkt/s  tot=7.715 Mbps 1308.6 pkt/s  late(win/tot)=66438/1413250  worst_late(win/tot)=217.487/217.487 ms  drop_timing(win/tot)=85269/1316596 pkt  drop_io(win/tot)=0/0 pkt  lost_samples(win/tot)=15348420/236987280  send_errors(win/tot)=0/0
2026-04-22 15:16:03 INFO STAT  crate=22  sent=1477261 pkt  1038.305 MB  win=6.291 Mbps 1067.0 pkt/s  tot=7.640 Mbps 1295.8 pkt/s  late(win/tot)=64011/1477261  worst_late(win/tot)=166.511/217.487 ms  drop_timing(win/tot)=87705/1404301 pkt  drop_io(win/tot)=0/0 pkt  lost_samples(win/tot)=15786900/252774180  send_errors(win/tot)=0/0
2026-04-22 15:17:03 INFO STAT  crate=22  sent=1540262 pkt  1082.585 MB  win=6.191 Mbps 1050.0 pkt/s  tot=7.568 Mbps 1283.6 pkt/s  late(win/tot)=63001/1540262  worst_late(win/tot)=158.180/217.487 ms  drop_timing(win/tot)=88608/1492909 pkt  drop_io(win/tot)=0/0 pkt  lost_samples(win/tot)=15949440/268723620  send_errors(win/tot)=0/0
2026-04-22 15:18:03 INFO STAT  crate=22  sent=1600471 pkt  1124.904 MB  win=5.916 Mbps 1003.4 pkt/s  tot=7.489 Mbps 1270.2 pkt/s  late(win/tot)=60209/1600471  worst_late(win/tot)=172.453/217.487 ms  drop_timing(win/tot)=91487/1584396 pkt  drop_io(win/tot)=0/0 pkt  lost_samples(win/tot)=16467660/285191280  send_errors(win/tot)=0/0
2026-04-22 15:19:03 INFO STAT  crate=22  sent=1670007 pkt  1173.778 MB  win=6.833 Mbps 1158.9 pkt/s  tot=7.459 Mbps 1265.1 pkt/s  late(win/tot)=69536/1670007  worst_late(win/tot)=168.550/217.487 ms  drop_timing(win/tot)=82115/1666511 pkt  drop_io(win/tot)=0/0 pkt  lost_samples(win/tot)=14780700/299971980  send_errors(win/tot)=0/0
2026-04-22 15:20:03 INFO STAT  crate=22  sent=1734914 pkt  1219.398 MB  win=6.378 Mbps 1081.8 pkt/s  tot=7.412 Mbps 1257.2 pkt/s  late(win/tot)=64907/1734914  worst_late(win/tot)=163.895/217.487 ms  drop_timing(win/tot)=86786/1753297 pkt  drop_io(win/tot)=0/0 pkt  lost_samples(win/tot)=15621480/315593460  send_errors(win/tot)=0/0
2026-04-22 15:21:03 INFO STAT  crate=22  sent=1799451 pkt  1264.758 MB  win=6.341 Mbps 1075.5 pkt/s  tot=7.368 Mbps 1249.6 pkt/s  late(win/tot)=64537/1799451  worst_late(win/tot)=159.733/217.487 ms  drop_timing(win/tot)=87131/1840428 pkt  drop_io(win/tot)=0/0 pkt  lost_samples(win/tot)=15683580/331277040  send_errors(win/tot)=0/0
2026-04-22 15:22:03 INFO STAT  crate=22  sent=1865037 pkt  1310.856 MB  win=6.445 Mbps 1093.2 pkt/s  tot=7.331 Mbps 1243.4 pkt/s  late(win/tot)=65586/1865037  worst_late(win/tot)=138.382/217.487 ms  drop_timing(win/tot)=86055/1926483 pkt  drop_io(win/tot)=0/0 pkt  lost_samples(win/tot)=15489900/346766940  send_errors(win/tot)=0/0
2026-04-22 15:23:03 INFO STAT  crate=22  sent=1933007 pkt  1358.629 MB  win=6.680 Mbps 1133.0 pkt/s  tot=7.306 Mbps 1239.1 pkt/s  late(win/tot)=67970/1933007  worst_late(win/tot)=150.656/217.487 ms  drop_timing(win/tot)=83704/2010187 pkt  drop_io(win/tot)=0/0 pkt  lost_samples(win/tot)=15066720/361833660  send_errors(win/tot)=0/0
2026-04-22 15:24:03 INFO STAT  crate=22  sent=2002063 pkt  1407.166 MB  win=6.786 Mbps 1150.9 pkt/s  tot=7.287 Mbps 1235.8 pkt/s  late(win/tot)=69056/2002063  worst_late(win/tot)=147.358/217.487 ms  drop_timing(win/tot)=82640/2092827 pkt  drop_io(win/tot)=0/0 pkt  lost_samples(win/tot)=14875200/376708860  send_errors(win/tot)=0/0
2026-04-22 15:25:03 INFO STAT  crate=22  sent=2066344 pkt  1452.346 MB  win=6.316 Mbps 1071.3 pkt/s  tot=7.252 Mbps 1230.0 pkt/s  late(win/tot)=64281/2066344  worst_late(win/tot)=156.945/217.487 ms  drop_timing(win/tot)=87368/2180195 pkt  drop_io(win/tot)=0/0 pkt  lost_samples(win/tot)=15726240/392435100  send_errors(win/tot)=0/0
2026-04-22 15:26:03 INFO STAT  crate=22  sent=2131842 pkt  1498.382 MB  win=6.437 Mbps 1091.8 pkt/s  tot=7.224 Mbps 1225.2 pkt/s  late(win/tot)=65498/2131842  worst_late(win/tot)=153.390/217.487 ms  drop_timing(win/tot)=86149/2266344 pkt  drop_io(win/tot)=0/0 pkt  lost_samples(win/tot)=15506820/407941920  send_errors(win/tot)=0/0
2026-04-22 15:27:03 INFO STAT  crate=22  sent=2196215 pkt  1543.627 MB  win=6.325 Mbps 1072.8 pkt/s  tot=7.194 Mbps 1220.1 pkt/s  late(win/tot)=64373/2196215  worst_late(win/tot)=162.697/217.487 ms  drop_timing(win/tot)=87332/2353676 pkt  drop_io(win/tot)=0/0 pkt  lost_samples(win/tot)=15719760/423661680  send_errors(win/tot)=0/0
2026-04-22 15:28:03 INFO STAT  crate=22  sent=2264577 pkt  1591.676 MB  win=6.719 Mbps 1139.5 pkt/s  tot=7.178 Mbps 1217.5 pkt/s  late(win/tot)=68362/2264577  worst_late(win/tot)=148.012/217.487 ms  drop_timing(win/tot)=83302/2436978 pkt  drop_io(win/tot)=0/0 pkt  lost_samples(win/tot)=14994360/438656040  send_errors(win/tot)=0/0
2026-04-22 15:29:03 INFO STAT  crate=22  sent=2328858 pkt  1636.856 MB  win=6.317 Mbps 1071.4 pkt/s  tot=7.152 Mbps 1212.9 pkt/s  late(win/tot)=64281/2328858  worst_late(win/tot)=175.060/217.487 ms  drop_timing(win/tot)=87345/2524323 pkt  drop_io(win/tot)=0/0 pkt  lost_samples(win/tot)=15722100/454378140  send_errors(win/tot)=0/0
2026-04-22 15:30:03 INFO STAT  crate=22  sent=2394075 pkt  1682.695 MB  win=6.408 Mbps 1086.9 pkt/s  tot=7.129 Mbps 1209.1 pkt/s  late(win/tot)=65217/2394075  worst_late(win/tot)=146.893/217.487 ms  drop_timing(win/tot)=86456/2610779 pkt  drop_io(win/tot)=0/0 pkt  lost_samples(win/tot)=15562080/469940220  send_errors(win/tot)=0/0
2026-04-22 15:31:03 INFO STAT  crate=22  sent=2457971 pkt  1727.605 MB  win=6.279 Mbps 1064.9 pkt/s  tot=7.104 Mbps 1204.9 pkt/s  late(win/tot)=63896/2457971  worst_late(win/tot)=152.834/217.487 ms  drop_timing(win/tot)=87708/2698487 pkt  drop_io(win/tot)=0/0 pkt  lost_samples(win/tot)=15787440/485727660  send_errors(win/tot)=0/0
2026-04-22 15:32:03 INFO STAT  crate=22  sent=2523472 pkt  1773.642 MB  win=6.437 Mbps 1091.7 pkt/s  tot=7.085 Mbps 1201.7 pkt/s  late(win/tot)=65501/2523472  worst_late(win/tot)=154.607/217.487 ms  drop_timing(win/tot)=86285/2784772 pkt  drop_io(win/tot)=0/0 pkt  lost_samples(win/tot)=15531300/501258960  send_errors(win/tot)=0/0
2026-04-22 15:33:03 INFO STAT  crate=22  sent=2587441 pkt  1818.604 MB  win=6.286 Mbps 1066.1 pkt/s  tot=7.063 Mbps 1197.9 pkt/s  late(win/tot)=63969/2587441  worst_late(win/tot)=157.570/217.487 ms  drop_timing(win/tot)=87672/2872444 pkt  drop_io(win/tot)=0/0 pkt  lost_samples(win/tot)=15780960/517039920  send_errors(win/tot)=0/0
2026-04-22 15:34:03 INFO STAT  crate=22  sent=2651876 pkt  1863.892 MB  win=6.333 Mbps 1074.0 pkt/s  tot=7.043 Mbps 1194.5 pkt/s  late(win/tot)=64435/2651876  worst_late(win/tot)=158.692/217.487 ms  drop_timing(win/tot)=87209/2959653 pkt  drop_io(win/tot)=0/0 pkt  lost_samples(win/tot)=15697620/532737540  send_errors(win/tot)=0/0
2026-04-22 15:35:03 INFO STAT  crate=22  sent=2716040 pkt  1908.990 MB  win=6.305 Mbps 1069.4 pkt/s  tot=7.024 Mbps 1191.2 pkt/s  late(win/tot)=64164/2716040  worst_late(win/tot)=171.546/217.487 ms  drop_timing(win/tot)=87469/3047122 pkt  drop_io(win/tot)=0/0 pkt  lost_samples(win/tot)=15744420/548481960  send_errors(win/tot)=0/0
2026-04-22 15:35:16 INFO STAT  crate=22  sent=2730000 pkt  1918.802 MB  win=6.008 Mbps 1019.0 pkt/s  tot=7.018 Mbps 1190.2 pkt/s  late(win/tot)=13960/2730000  worst_late(win/tot)=134.815/217.487 ms  drop_timing(win/tot)=19866/3066988 pkt  drop_io(win/tot)=0/0 pkt  lost_samples(win/tot)=3575880/552057840  send_errors(win/tot)=0/0
2026-04-22 15:35:16 INFO Terminato
