2026-04-22 17:37:12 INFO Start crate=1 dst=131.154.99.225:6666
2026-04-22 17:37:12 INFO Streams=91  board=7  analog/board=12  digital_streams/board=1
2026-04-22 17:37:12 INFO Sample rate=5000 Hz  samples/pkt=180  pps/stream=27.777778  total_pps=2527.778
2026-04-22 17:37:12 INFO Packet len=737 B  expected throughput=14.904 Mbps
2026-04-22 17:37:12 INFO Analog FS=+/-10.000 V  noise_rms=0.010000 V  digital_flip_prob=0.002000
2026-04-22 17:38:12 INFO STAT  crate=1  sent=129998 pkt  91.370 MB  win=12.774 Mbps 2166.6 pkt/s  tot=12.774 Mbps 2166.6 pkt/s  late(win/tot)=129998/129998  worst_late(win/tot)=70.470/70.470 ms  drop_timing(win/tot)=21636/21636 pkt  drop_io(win/tot)=0/0 pkt  lost_samples(win/tot)=3894480/3894480  send_errors(win/tot)=0/0
2026-04-22 17:39:12 INFO STAT  crate=1  sent=257713 pkt  181.136 MB  win=12.550 Mbps 2128.6 pkt/s  tot=12.662 Mbps 2147.6 pkt/s  late(win/tot)=127715/257713  worst_late(win/tot)=82.973/82.973 ms  drop_timing(win/tot)=23955/45591 pkt  drop_io(win/tot)=0/0 pkt  lost_samples(win/tot)=4311900/8206380  send_errors(win/tot)=0/0
2026-04-22 17:40:12 INFO STAT  crate=1  sent=385823 pkt  271.179 MB  win=12.589 Mbps 2135.2 pkt/s  tot=12.638 Mbps 2143.5 pkt/s  late(win/tot)=128110/385823  worst_late(win/tot)=81.383/82.973 ms  drop_timing(win/tot)=23569/69160 pkt  drop_io(win/tot)=0/0 pkt  lost_samples(win/tot)=4242420/12448800  send_errors(win/tot)=0/0
2026-04-22 17:41:12 INFO STAT  crate=1  sent=513634 pkt  361.012 MB  win=12.560 Mbps 2130.2 pkt/s  tot=12.618 Mbps 2140.1 pkt/s  late(win/tot)=127811/513634  worst_late(win/tot)=74.137/82.973 ms  drop_timing(win/tot)=23842/93002 pkt  drop_io(win/tot)=0/0 pkt  lost_samples(win/tot)=4291560/16740360  send_errors(win/tot)=0/0
2026-04-22 17:42:12 INFO STAT  crate=1  sent=641852 pkt  451.131 MB  win=12.600 Mbps 2137.0 pkt/s  tot=12.615 Mbps 2139.5 pkt/s  late(win/tot)=128218/641852  worst_late(win/tot)=89.462/89.462 ms  drop_timing(win/tot)=23402/116404 pkt  drop_io(win/tot)=0/0 pkt  lost_samples(win/tot)=4212360/20952720  send_errors(win/tot)=0/0
2026-04-22 17:43:12 INFO STAT  crate=1  sent=770089 pkt  541.263 MB  win=12.601 Mbps 2137.3 pkt/s  tot=12.612 Mbps 2139.1 pkt/s  late(win/tot)=128237/770089  worst_late(win/tot)=71.919/89.462 ms  drop_timing(win/tot)=23463/139867 pkt  drop_io(win/tot)=0/0 pkt  lost_samples(win/tot)=4223340/25176060  send_errors(win/tot)=0/0
2026-04-22 17:44:12 INFO STAT  crate=1  sent=863055 pkt  606.605 MB  win=9.135 Mbps 1549.4 pkt/s  tot=12.116 Mbps 2054.9 pkt/s  late(win/tot)=92966/863055  worst_late(win/tot)=116.966/116.966 ms  drop_timing(win/tot)=58695/198562 pkt  drop_io(win/tot)=0/0 pkt  lost_samples(win/tot)=10565100/35741160  send_errors(win/tot)=0/0
2026-04-22 17:45:12 INFO STAT  crate=1  sent=953831 pkt  670.408 MB  win=8.920 Mbps 1512.9 pkt/s  tot=11.716 Mbps 1987.1 pkt/s  late(win/tot)=90776/953831  worst_late(win/tot)=111.255/116.966 ms  drop_timing(win/tot)=60833/259395 pkt  drop_io(win/tot)=0/0 pkt  lost_samples(win/tot)=10949940/46691100  send_errors(win/tot)=0/0
2026-04-22 17:46:12 INFO STAT  crate=1  sent=1026761 pkt  721.667 MB  win=7.167 Mbps 1215.5 pkt/s  tot=11.211 Mbps 1901.4 pkt/s  late(win/tot)=72930/1026761  worst_late(win/tot)=133.238/133.238 ms  drop_timing(win/tot)=78735/338130 pkt  drop_io(win/tot)=0/0 pkt  lost_samples(win/tot)=14172300/60863400  send_errors(win/tot)=0/0
2026-04-22 17:47:12 INFO STAT  crate=1  sent=1078989 pkt  758.376 MB  win=5.132 Mbps 870.4 pkt/s  tot=10.603 Mbps 1798.3 pkt/s  late(win/tot)=52228/1078989  worst_late(win/tot)=210.349/210.349 ms  drop_timing(win/tot)=99441/437571 pkt  drop_io(win/tot)=0/0 pkt  lost_samples(win/tot)=17899380/78762780  send_errors(win/tot)=0/0
2026-04-22 17:48:12 INFO STAT  crate=1  sent=1129625 pkt  793.966 MB  win=4.976 Mbps 843.9 pkt/s  tot=10.091 Mbps 1711.5 pkt/s  late(win/tot)=50636/1129625  worst_late(win/tot)=163.635/210.349 ms  drop_timing(win/tot)=101028/538599 pkt  drop_io(win/tot)=0/0 pkt  lost_samples(win/tot)=18185040/96947820  send_errors(win/tot)=0/0
2026-04-22 17:49:12 INFO STAT  crate=1  sent=1181357 pkt  830.326 MB  win=5.083 Mbps 862.1 pkt/s  tot=9.674 Mbps 1640.8 pkt/s  late(win/tot)=51732/1181357  worst_late(win/tot)=192.536/210.349 ms  drop_timing(win/tot)=99898/638497 pkt  drop_io(win/tot)=0/0 pkt  lost_samples(win/tot)=17981640/114929460  send_errors(win/tot)=0/0
2026-04-22 17:50:12 INFO STAT  crate=1  sent=1230047 pkt  864.548 MB  win=4.785 Mbps 811.6 pkt/s  tot=9.298 Mbps 1577.0 pkt/s  late(win/tot)=48690/1230047  worst_late(win/tot)=179.677/210.349 ms  drop_timing(win/tot)=102950/741447 pkt  drop_io(win/tot)=0/0 pkt  lost_samples(win/tot)=18531000/133460460  send_errors(win/tot)=0/0
2026-04-22 17:51:12 INFO STAT  crate=1  sent=1280757 pkt  900.190 MB  win=4.983 Mbps 845.2 pkt/s  tot=8.990 Mbps 1524.7 pkt/s  late(win/tot)=50710/1280757  worst_late(win/tot)=163.127/210.349 ms  drop_timing(win/tot)=101014/842461 pkt  drop_io(win/tot)=0/0 pkt  lost_samples(win/tot)=18182520/151642980  send_errors(win/tot)=0/0
2026-04-22 17:52:12 INFO STAT  crate=1  sent=1334821 pkt  938.190 MB  win=5.313 Mbps 901.1 pkt/s  tot=8.745 Mbps 1483.1 pkt/s  late(win/tot)=54064/1334821  worst_late(win/tot)=178.078/210.349 ms  drop_timing(win/tot)=97554/940015 pkt  drop_io(win/tot)=0/0 pkt  lost_samples(win/tot)=17559720/169202700  send_errors(win/tot)=0/0
2026-04-22 17:53:12 INFO STAT  crate=1  sent=1384048 pkt  972.789 MB  win=4.837 Mbps 820.5 pkt/s  tot=8.500 Mbps 1441.7 pkt/s  late(win/tot)=49227/1384048  worst_late(win/tot)=179.952/210.349 ms  drop_timing(win/tot)=102498/1042513 pkt  drop_io(win/tot)=0/0 pkt  lost_samples(win/tot)=18449640/187652340  send_errors(win/tot)=0/0
2026-04-22 17:54:12 INFO STAT  crate=1  sent=1435404 pkt  1008.885 MB  win=5.047 Mbps 855.9 pkt/s  tot=8.297 Mbps 1407.3 pkt/s  late(win/tot)=51356/1435404  worst_late(win/tot)=162.606/210.349 ms  drop_timing(win/tot)=100307/1142820 pkt  drop_io(win/tot)=0/0 pkt  lost_samples(win/tot)=18055260/205707600  send_errors(win/tot)=0/0
2026-04-22 17:55:12 INFO STAT  crate=1  sent=1487608 pkt  1045.577 MB  win=5.129 Mbps 870.0 pkt/s  tot=8.121 Mbps 1377.4 pkt/s  late(win/tot)=52204/1487608  worst_late(win/tot)=172.119/210.349 ms  drop_timing(win/tot)=99415/1242235 pkt  drop_io(win/tot)=0/0 pkt  lost_samples(win/tot)=17894700/223602300  send_errors(win/tot)=0/0
2026-04-22 17:56:12 INFO STAT  crate=1  sent=1537946 pkt  1080.958 MB  win=4.947 Mbps 839.1 pkt/s  tot=7.954 Mbps 1349.1 pkt/s  late(win/tot)=50338/1537946  worst_late(win/tot)=190.032/210.349 ms  drop_timing(win/tot)=101320/1343555 pkt  drop_io(win/tot)=0/0 pkt  lost_samples(win/tot)=18237600/241839900  send_errors(win/tot)=0/0
2026-04-22 17:57:12 INFO STAT  crate=1  sent=1587852 pkt  1116.034 MB  win=4.904 Mbps 831.7 pkt/s  tot=7.802 Mbps 1323.2 pkt/s  late(win/tot)=49906/1587852  worst_late(win/tot)=186.233/210.349 ms  drop_timing(win/tot)=101802/1445357 pkt  drop_io(win/tot)=0/0 pkt  lost_samples(win/tot)=18324360/260164260  send_errors(win/tot)=0/0
2026-04-22 17:58:12 INFO STAT  crate=1  sent=1637975 pkt  1151.264 MB  win=4.925 Mbps 835.4 pkt/s  tot=7.665 Mbps 1300.0 pkt/s  late(win/tot)=50123/1637975  worst_late(win/tot)=185.399/210.349 ms  drop_timing(win/tot)=101509/1546866 pkt  drop_io(win/tot)=0/0 pkt  lost_samples(win/tot)=18271620/278435880  send_errors(win/tot)=0/0
2026-04-22 17:59:12 INFO STAT  crate=1  sent=1688975 pkt  1187.110 MB  win=5.012 Mbps 850.0 pkt/s  tot=7.544 Mbps 1279.5 pkt/s  late(win/tot)=51000/1688975  worst_late(win/tot)=183.896/210.349 ms  drop_timing(win/tot)=100678/1647544 pkt  drop_io(win/tot)=0/0 pkt  lost_samples(win/tot)=18122040/296557920  send_errors(win/tot)=0/0
2026-04-22 18:00:12 INFO STAT  crate=1  sent=1738659 pkt  1222.030 MB  win=4.882 Mbps 828.1 pkt/s  tot=7.428 Mbps 1259.9 pkt/s  late(win/tot)=49684/1738659  worst_late(win/tot)=174.920/210.349 ms  drop_timing(win/tot)=101979/1749523 pkt  drop_io(win/tot)=0/0 pkt  lost_samples(win/tot)=18356220/314914140  send_errors(win/tot)=0/0
2026-04-22 18:01:12 INFO STAT  crate=1  sent=1788591 pkt  1257.125 MB  win=4.906 Mbps 832.1 pkt/s  tot=7.323 Mbps 1242.1 pkt/s  late(win/tot)=49932/1788591  worst_late(win/tot)=174.800/210.349 ms  drop_timing(win/tot)=101771/1851294 pkt  drop_io(win/tot)=0/0 pkt  lost_samples(win/tot)=18318780/333232920  send_errors(win/tot)=0/0
2026-04-22 18:02:12 INFO STAT  crate=1  sent=1839381 pkt  1292.824 MB  win=4.991 Mbps 846.5 pkt/s  tot=7.230 Mbps 1226.2 pkt/s  late(win/tot)=50790/1839381  worst_late(win/tot)=176.729/210.349 ms  drop_timing(win/tot)=100835/1952129 pkt  drop_io(win/tot)=0/0 pkt  lost_samples(win/tot)=18150300/351383220  send_errors(win/tot)=0/0
2026-04-22 18:03:12 INFO STAT  crate=1  sent=1891922 pkt  1329.752 MB  win=5.163 Mbps 875.7 pkt/s  tot=7.150 Mbps 1212.8 pkt/s  late(win/tot)=52541/1891922  worst_late(win/tot)=188.415/210.349 ms  drop_timing(win/tot)=99120/2051249 pkt  drop_io(win/tot)=0/0 pkt  lost_samples(win/tot)=17841600/369224820  send_errors(win/tot)=0/0
2026-04-22 18:04:12 INFO STAT  crate=1  sent=1943063 pkt  1365.697 MB  win=5.025 Mbps 852.3 pkt/s  tot=7.072 Mbps 1199.4 pkt/s  late(win/tot)=51141/1943063  worst_late(win/tot)=175.086/210.349 ms  drop_timing(win/tot)=100532/2151781 pkt  drop_io(win/tot)=0/0 pkt  lost_samples(win/tot)=18095760/387320580  send_errors(win/tot)=0/0
2026-04-22 18:05:12 INFO STAT  crate=1  sent=1993816 pkt  1401.369 MB  win=4.988 Mbps 846.0 pkt/s  tot=6.997 Mbps 1186.8 pkt/s  late(win/tot)=50753/1993816  worst_late(win/tot)=178.009/210.349 ms  drop_timing(win/tot)=100921/2252702 pkt  drop_io(win/tot)=0/0 pkt  lost_samples(win/tot)=18165780/405486360  send_errors(win/tot)=0/0
2026-04-22 18:06:12 INFO STAT  crate=1  sent=2045555 pkt  1437.735 MB  win=5.084 Mbps 862.3 pkt/s  tot=6.931 Mbps 1175.6 pkt/s  late(win/tot)=51739/2045555  worst_late(win/tot)=186.969/210.349 ms  drop_timing(win/tot)=99964/2352666 pkt  drop_io(win/tot)=0/0 pkt  lost_samples(win/tot)=17993520/423479880  send_errors(win/tot)=0/0
2026-04-22 18:07:12 INFO STAT  crate=1  sent=2097085 pkt  1473.953 MB  win=5.063 Mbps 858.8 pkt/s  tot=6.869 Mbps 1165.0 pkt/s  late(win/tot)=51530/2097085  worst_late(win/tot)=176.474/210.349 ms  drop_timing(win/tot)=100077/2452743 pkt  drop_io(win/tot)=0/0 pkt  lost_samples(win/tot)=18013860/441493740  send_errors(win/tot)=0/0
2026-04-22 18:08:12 INFO STAT  crate=1  sent=2146821 pkt  1508.910 MB  win=4.887 Mbps 828.9 pkt/s  tot=6.805 Mbps 1154.2 pkt/s  late(win/tot)=49736/2146821  worst_late(win/tot)=180.169/210.349 ms  drop_timing(win/tot)=101942/2554685 pkt  drop_io(win/tot)=0/0 pkt  lost_samples(win/tot)=18349560/459843300  send_errors(win/tot)=0/0
2026-04-22 18:09:12 INFO STAT  crate=1  sent=2197805 pkt  1544.745 MB  win=5.010 Mbps 849.8 pkt/s  tot=6.749 Mbps 1144.7 pkt/s  late(win/tot)=50984/2197805  worst_late(win/tot)=180.039/210.349 ms  drop_timing(win/tot)=100677/2655362 pkt  drop_io(win/tot)=0/0 pkt  lost_samples(win/tot)=18121860/477965160  send_errors(win/tot)=0/0
2026-04-22 18:10:12 INFO STAT  crate=1  sent=2248426 pkt  1580.324 MB  win=4.974 Mbps 843.6 pkt/s  tot=6.695 Mbps 1135.6 pkt/s  late(win/tot)=50621/2248426  worst_late(win/tot)=190.407/210.349 ms  drop_timing(win/tot)=101058/2756420 pkt  drop_io(win/tot)=0/0 pkt  lost_samples(win/tot)=18190440/496155600  send_errors(win/tot)=0/0
2026-04-22 18:11:12 INFO STAT  crate=1  sent=2299632 pkt  1616.315 MB  win=5.032 Mbps 853.5 pkt/s  tot=6.646 Mbps 1127.3 pkt/s  late(win/tot)=51206/2299632  worst_late(win/tot)=181.397/210.349 ms  drop_timing(win/tot)=100496/2856916 pkt  drop_io(win/tot)=0/0 pkt  lost_samples(win/tot)=18089280/514244880  send_errors(win/tot)=0/0
2026-04-22 18:12:12 INFO STAT  crate=1  sent=2351303 pkt  1652.632 MB  win=5.078 Mbps 861.2 pkt/s  tot=6.602 Mbps 1119.7 pkt/s  late(win/tot)=51671/2351303  worst_late(win/tot)=190.907/210.349 ms  drop_timing(win/tot)=99959/2956875 pkt  drop_io(win/tot)=0/0 pkt  lost_samples(win/tot)=17992620/532237500  send_errors(win/tot)=0/0
2026-04-22 18:13:12 INFO STAT  crate=1  sent=2402232 pkt  1688.428 MB  win=5.004 Mbps 848.7 pkt/s  tot=6.557 Mbps 1112.1 pkt/s  late(win/tot)=50929/2402232  worst_late(win/tot)=181.140/210.349 ms  drop_timing(win/tot)=100739/3057614 pkt  drop_io(win/tot)=0/0 pkt  lost_samples(win/tot)=18133020/550370520  send_errors(win/tot)=0/0
2026-04-22 18:14:12 INFO STAT  crate=1  sent=2453189 pkt  1724.243 MB  win=5.008 Mbps 849.4 pkt/s  tot=6.515 Mbps 1105.0 pkt/s  late(win/tot)=50957/2453189  worst_late(win/tot)=172.197/210.349 ms  drop_timing(win/tot)=100710/3158324 pkt  drop_io(win/tot)=0/0 pkt  lost_samples(win/tot)=18127800/568498320  send_errors(win/tot)=0/0
2026-04-22 18:15:12 INFO STAT  crate=1  sent=2503979 pkt  1759.942 MB  win=4.991 Mbps 846.5 pkt/s  tot=6.475 Mbps 1098.2 pkt/s  late(win/tot)=50790/2503979  worst_late(win/tot)=187.325/210.349 ms  drop_timing(win/tot)=100939/3259263 pkt  drop_io(win/tot)=0/0 pkt  lost_samples(win/tot)=18169020/586667340  send_errors(win/tot)=0/0
2026-04-22 18:16:12 INFO STAT  crate=1  sent=2553731 pkt  1794.910 MB  win=4.889 Mbps 829.2 pkt/s  tot=6.435 Mbps 1091.3 pkt/s  late(win/tot)=49752/2553731  worst_late(win/tot)=187.359/210.349 ms  drop_timing(win/tot)=101896/3361159 pkt  drop_io(win/tot)=0/0 pkt  lost_samples(win/tot)=18341280/605008620  send_errors(win/tot)=0/0
2026-04-22 18:17:12 INFO STAT  crate=1  sent=2604827 pkt  1830.823 MB  win=5.021 Mbps 851.6 pkt/s  tot=6.399 Mbps 1085.3 pkt/s  late(win/tot)=51096/2604827  worst_late(win/tot)=179.587/210.349 ms  drop_timing(win/tot)=100578/3461737 pkt  drop_io(win/tot)=0/0 pkt  lost_samples(win/tot)=18104040/623112660  send_errors(win/tot)=0/0
2026-04-22 18:18:12 INFO STAT  crate=1  sent=2655979 pkt  1866.776 MB  win=5.027 Mbps 852.6 pkt/s  tot=6.366 Mbps 1079.7 pkt/s  late(win/tot)=51152/2655979  worst_late(win/tot)=172.999/210.349 ms  drop_timing(win/tot)=100510/3562247 pkt  drop_io(win/tot)=0/0 pkt  lost_samples(win/tot)=18091800/641204460  send_errors(win/tot)=0/0
2026-04-22 18:19:12 INFO STAT  crate=1  sent=2705748 pkt  1901.757 MB  win=4.891 Mbps 829.5 pkt/s  tot=6.331 Mbps 1073.7 pkt/s  late(win/tot)=49769/2705748  worst_late(win/tot)=172.698/210.349 ms  drop_timing(win/tot)=101850/3664097 pkt  drop_io(win/tot)=0/0 pkt  lost_samples(win/tot)=18333000/659537460  send_errors(win/tot)=0/0
2026-04-22 18:19:40 INFO STAT  crate=1  sent=2730000 pkt  1918.802 MB  win=5.040 Mbps 854.8 pkt/s  tot=6.316 Mbps 1071.3 pkt/s  late(win/tot)=24252/2730000  worst_late(win/tot)=164.864/210.349 ms  drop_timing(win/tot)=47510/3711607 pkt  drop_io(win/tot)=0/0 pkt  lost_samples(win/tot)=8551800/668089260  send_errors(win/tot)=0/0
2026-04-22 18:19:40 INFO Terminato
