2026-04-22 14:53:19 INFO Start crate=15 dst=131.154.99.225:6666
2026-04-22 14:53:19 INFO Streams=91  board=7  analog/board=12  digital_streams/board=1
2026-04-22 14:53:19 INFO Sample rate=5000 Hz  samples/pkt=180  pps/stream=27.777778  total_pps=2527.778
2026-04-22 14:53:19 INFO Packet len=737 B  expected throughput=14.904 Mbps
2026-04-22 14:53:19 INFO Analog FS=+/-10.000 V  noise_rms=0.010000 V  digital_flip_prob=0.002000
2026-04-22 14:54:19 INFO STAT  crate=15  sent=151387 pkt  106.404 MB  win=14.876 Mbps 2523.1 pkt/s  tot=14.876 Mbps 2523.1 pkt/s  late(win/tot)=151387/151387  worst_late(win/tot)=61.997/61.997 ms  drop_timing(win/tot)=273/273 pkt  drop_io(win/tot)=0/0 pkt  lost_samples(win/tot)=49140/49140  send_errors(win/tot)=0/0
2026-04-22 14:55:19 INFO STAT  crate=15  sent=302533 pkt  212.638 MB  win=14.853 Mbps 2519.1 pkt/s  tot=14.864 Mbps 2521.1 pkt/s  late(win/tot)=151146/302533  worst_late(win/tot)=46.214/61.997 ms  drop_timing(win/tot)=528/801 pkt  drop_io(win/tot)=0/0 pkt  lost_samples(win/tot)=95040/144180  send_errors(win/tot)=0/0
2026-04-22 14:56:19 INFO STAT  crate=15  sent=453704 pkt  318.889 MB  win=14.855 Mbps 2519.5 pkt/s  tot=14.861 Mbps 2520.6 pkt/s  late(win/tot)=151171/453704  worst_late(win/tot)=49.732/61.997 ms  drop_timing(win/tot)=495/1296 pkt  drop_io(win/tot)=0/0 pkt  lost_samples(win/tot)=89100/233280  send_errors(win/tot)=0/0
2026-04-22 14:57:19 INFO STAT  crate=15  sent=580456 pkt  407.978 MB  win=12.456 Mbps 2112.5 pkt/s  tot=14.260 Mbps 2418.6 pkt/s  late(win/tot)=126752/580456  worst_late(win/tot)=101.337/101.337 ms  drop_timing(win/tot)=24867/26163 pkt  drop_io(win/tot)=0/0 pkt  lost_samples(win/tot)=4476060/4709340  send_errors(win/tot)=0/0
2026-04-22 14:58:19 INFO STAT  crate=15  sent=691053 pkt  485.712 MB  win=10.868 Mbps 1843.3 pkt/s  tot=13.581 Mbps 2303.5 pkt/s  late(win/tot)=110596/691052  worst_late(win/tot)=104.263/104.263 ms  drop_timing(win/tot)=41053/67216 pkt  drop_io(win/tot)=0/0 pkt  lost_samples(win/tot)=7389540/12098880  send_errors(win/tot)=0/0
2026-04-22 14:59:19 INFO STAT  crate=15  sent=801069 pkt  563.038 MB  win=10.811 Mbps 1833.5 pkt/s  tot=13.120 Mbps 2225.2 pkt/s  late(win/tot)=110016/801068  worst_late(win/tot)=96.064/104.263 ms  drop_timing(win/tot)=41637/108853 pkt  drop_io(win/tot)=0/0 pkt  lost_samples(win/tot)=7494660/19593540  send_errors(win/tot)=0/0
2026-04-22 15:00:19 INFO STAT  crate=15  sent=897413 pkt  630.754 MB  win=9.468 Mbps 1605.8 pkt/s  tot=12.598 Mbps 2136.7 pkt/s  late(win/tot)=96344/897412  worst_late(win/tot)=123.500/123.500 ms  drop_timing(win/tot)=55313/164166 pkt  drop_io(win/tot)=0/0 pkt  lost_samples(win/tot)=9956340/29549880  send_errors(win/tot)=0/0
2026-04-22 15:01:19 INFO STAT  crate=15  sent=980759 pkt  689.334 MB  win=8.190 Mbps 1389.1 pkt/s  tot=12.047 Mbps 2043.2 pkt/s  late(win/tot)=83346/980758  worst_late(win/tot)=135.866/135.866 ms  drop_timing(win/tot)=68334/232500 pkt  drop_io(win/tot)=0/0 pkt  lost_samples(win/tot)=12300120/41850000  send_errors(win/tot)=0/0
2026-04-22 15:02:19 INFO STAT  crate=15  sent=1062684 pkt  746.916 MB  win=8.050 Mbps 1365.3 pkt/s  tot=11.603 Mbps 1967.9 pkt/s  late(win/tot)=81925/1062683  worst_late(win/tot)=129.562/135.866 ms  drop_timing(win/tot)=69708/302208 pkt  drop_io(win/tot)=0/0 pkt  lost_samples(win/tot)=12547440/54397440  send_errors(win/tot)=0/0
2026-04-22 15:03:19 INFO STAT  crate=15  sent=1128039 pkt  792.851 MB  win=6.422 Mbps 1089.2 pkt/s  tot=11.085 Mbps 1880.0 pkt/s  late(win/tot)=65355/1128038  worst_late(win/tot)=151.898/151.898 ms  drop_timing(win/tot)=86318/388526 pkt  drop_io(win/tot)=0/0 pkt  lost_samples(win/tot)=15537240/69934680  send_errors(win/tot)=0/0
2026-04-22 15:04:19 INFO STAT  crate=15  sent=1198661 pkt  842.488 MB  win=6.940 Mbps 1177.1 pkt/s  tot=10.708 Mbps 1816.2 pkt/s  late(win/tot)=70622/1198660  worst_late(win/tot)=144.671/151.898 ms  drop_timing(win/tot)=81056/469582 pkt  drop_io(win/tot)=0/0 pkt  lost_samples(win/tot)=14590080/84524760  send_errors(win/tot)=0/0
2026-04-22 15:05:19 INFO STAT  crate=15  sent=1269625 pkt  892.366 MB  win=6.973 Mbps 1182.6 pkt/s  tot=10.397 Mbps 1763.4 pkt/s  late(win/tot)=70964/1269624  worst_late(win/tot)=132.583/151.898 ms  drop_timing(win/tot)=80684/550266 pkt  drop_io(win/tot)=0/0 pkt  lost_samples(win/tot)=14523120/99047880  send_errors(win/tot)=0/0
2026-04-22 15:06:19 INFO STAT  crate=15  sent=1335423 pkt  938.613 MB  win=6.466 Mbps 1096.6 pkt/s  tot=10.094 Mbps 1712.1 pkt/s  late(win/tot)=65798/1335422  worst_late(win/tot)=155.535/155.535 ms  drop_timing(win/tot)=85872/636138 pkt  drop_io(win/tot)=0/0 pkt  lost_samples(win/tot)=15456960/114504840  send_errors(win/tot)=0/0
2026-04-22 15:07:19 INFO STAT  crate=15  sent=1403158 pkt  986.221 MB  win=6.657 Mbps 1129.0 pkt/s  tot=9.849 Mbps 1670.4 pkt/s  late(win/tot)=67735/1403157  worst_late(win/tot)=169.739/169.739 ms  drop_timing(win/tot)=83968/720106 pkt  drop_io(win/tot)=0/0 pkt  lost_samples(win/tot)=15114240/129619080  send_errors(win/tot)=0/0
2026-04-22 15:08:19 INFO STAT  crate=15  sent=1469481 pkt  1032.836 MB  win=6.517 Mbps 1105.3 pkt/s  tot=9.627 Mbps 1632.7 pkt/s  late(win/tot)=66323/1469480  worst_late(win/tot)=150.222/169.739 ms  drop_timing(win/tot)=85304/805410 pkt  drop_io(win/tot)=0/0 pkt  lost_samples(win/tot)=15354720/144973800  send_errors(win/tot)=0/0
2026-04-22 15:09:19 INFO STAT  crate=15  sent=1534315 pkt  1078.406 MB  win=6.372 Mbps 1080.7 pkt/s  tot=9.423 Mbps 1598.2 pkt/s  late(win/tot)=64834/1534314  worst_late(win/tot)=139.792/169.739 ms  drop_timing(win/tot)=86828/892238 pkt  drop_io(win/tot)=0/0 pkt  lost_samples(win/tot)=15629040/160602840  send_errors(win/tot)=0/0
2026-04-22 15:10:19 INFO STAT  crate=15  sent=1603155 pkt  1126.790 MB  win=6.765 Mbps 1147.3 pkt/s  tot=9.267 Mbps 1571.7 pkt/s  late(win/tot)=68840/1603154  worst_late(win/tot)=134.617/169.739 ms  drop_timing(win/tot)=82826/975064 pkt  drop_io(win/tot)=0/0 pkt  lost_samples(win/tot)=14908680/175511520  send_errors(win/tot)=0/0
2026-04-22 15:11:19 INFO STAT  crate=15  sent=1676167 pkt  1178.107 MB  win=7.174 Mbps 1216.8 pkt/s  tot=9.151 Mbps 1552.0 pkt/s  late(win/tot)=73012/1676166  worst_late(win/tot)=142.104/169.739 ms  drop_timing(win/tot)=78654/1053718 pkt  drop_io(win/tot)=0/0 pkt  lost_samples(win/tot)=14157720/189669240  send_errors(win/tot)=0/0
2026-04-22 15:12:19 INFO STAT  crate=15  sent=1743515 pkt  1225.443 MB  win=6.617 Mbps 1122.3 pkt/s  tot=9.017 Mbps 1529.4 pkt/s  late(win/tot)=67348/1743514  worst_late(win/tot)=158.500/169.739 ms  drop_timing(win/tot)=84350/1138068 pkt  drop_io(win/tot)=0/0 pkt  lost_samples(win/tot)=15183000/204852240  send_errors(win/tot)=0/0
2026-04-22 15:13:19 INFO STAT  crate=15  sent=1808854 pkt  1271.367 MB  win=6.422 Mbps 1089.2 pkt/s  tot=8.888 Mbps 1507.4 pkt/s  late(win/tot)=65339/1808853  worst_late(win/tot)=143.335/169.739 ms  drop_timing(win/tot)=86307/1224375 pkt  drop_io(win/tot)=0/0 pkt  lost_samples(win/tot)=15535260/220387500  send_errors(win/tot)=0/0
2026-04-22 15:14:19 INFO STAT  crate=15  sent=1873981 pkt  1317.142 MB  win=6.400 Mbps 1085.4 pkt/s  tot=8.769 Mbps 1487.3 pkt/s  late(win/tot)=65127/1873980  worst_late(win/tot)=156.711/169.739 ms  drop_timing(win/tot)=86523/1310898 pkt  drop_io(win/tot)=0/0 pkt  lost_samples(win/tot)=15574140/235961640  send_errors(win/tot)=0/0
2026-04-22 15:15:19 INFO STAT  crate=15  sent=1937726 pkt  1361.946 MB  win=6.264 Mbps 1062.4 pkt/s  tot=8.655 Mbps 1468.0 pkt/s  late(win/tot)=63745/1937725  worst_late(win/tot)=161.377/169.739 ms  drop_timing(win/tot)=87961/1398859 pkt  drop_io(win/tot)=0/0 pkt  lost_samples(win/tot)=15832980/251794620  send_errors(win/tot)=0/0
2026-04-22 15:16:19 INFO STAT  crate=15  sent=2002641 pkt  1407.572 MB  win=6.379 Mbps 1081.9 pkt/s  tot=8.556 Mbps 1451.2 pkt/s  late(win/tot)=64915/2002640  worst_late(win/tot)=166.968/169.739 ms  drop_timing(win/tot)=86747/1485606 pkt  drop_io(win/tot)=0/0 pkt  lost_samples(win/tot)=15614460/267409080  send_errors(win/tot)=0/0
2026-04-22 15:17:19 INFO STAT  crate=15  sent=2069942 pkt  1454.875 MB  win=6.613 Mbps 1121.7 pkt/s  tot=8.475 Mbps 1437.5 pkt/s  late(win/tot)=67301/2069941  worst_late(win/tot)=168.980/169.739 ms  drop_timing(win/tot)=84371/1569977 pkt  drop_io(win/tot)=0/0 pkt  lost_samples(win/tot)=15186780/282595860  send_errors(win/tot)=0/0
2026-04-22 15:18:19 INFO STAT  crate=15  sent=2136901 pkt  1501.938 MB  win=6.579 Mbps 1115.9 pkt/s  tot=8.399 Mbps 1424.6 pkt/s  late(win/tot)=66959/2136900  worst_late(win/tot)=143.748/169.739 ms  drop_timing(win/tot)=84693/1654670 pkt  drop_io(win/tot)=0/0 pkt  lost_samples(win/tot)=15244740/297840600  send_errors(win/tot)=0/0
2026-04-22 15:19:19 INFO STAT  crate=15  sent=2209066 pkt  1552.660 MB  win=7.092 Mbps 1202.8 pkt/s  tot=8.349 Mbps 1416.1 pkt/s  late(win/tot)=72165/2209065  worst_late(win/tot)=368.619/368.619 ms  drop_timing(win/tot)=79532/1734202 pkt  drop_io(win/tot)=0/0 pkt  lost_samples(win/tot)=14315760/312156360  send_errors(win/tot)=0/0
2026-04-22 15:20:19 INFO STAT  crate=15  sent=2277593 pkt  1600.824 MB  win=6.734 Mbps 1142.1 pkt/s  tot=8.289 Mbps 1405.9 pkt/s  late(win/tot)=68527/2277592  worst_late(win/tot)=193.128/368.619 ms  drop_timing(win/tot)=83118/1817320 pkt  drop_io(win/tot)=0/0 pkt  lost_samples(win/tot)=14961240/327117600  send_errors(win/tot)=0/0
2026-04-22 15:21:19 INFO STAT  crate=15  sent=2343062 pkt  1646.840 MB  win=6.433 Mbps 1091.1 pkt/s  tot=8.223 Mbps 1394.7 pkt/s  late(win/tot)=65469/2343061  worst_late(win/tot)=146.767/368.619 ms  drop_timing(win/tot)=86165/1903485 pkt  drop_io(win/tot)=0/0 pkt  lost_samples(win/tot)=15509700/342627300  send_errors(win/tot)=0/0
2026-04-22 15:22:19 INFO STAT  crate=15  sent=2409326 pkt  1693.414 MB  win=6.512 Mbps 1104.5 pkt/s  tot=8.164 Mbps 1384.7 pkt/s  late(win/tot)=66264/2409325  worst_late(win/tot)=158.533/368.619 ms  drop_timing(win/tot)=85398/1988883 pkt  drop_io(win/tot)=0/0 pkt  lost_samples(win/tot)=15371640/357998940  send_errors(win/tot)=0/0
2026-04-22 15:23:19 INFO STAT  crate=15  sent=2475112 pkt  1739.652 MB  win=6.465 Mbps 1096.5 pkt/s  tot=8.107 Mbps 1375.1 pkt/s  late(win/tot)=65786/2475111  worst_late(win/tot)=139.821/368.619 ms  drop_timing(win/tot)=85956/2074839 pkt  drop_io(win/tot)=0/0 pkt  lost_samples(win/tot)=15472080/373471020  send_errors(win/tot)=0/0
2026-04-22 15:24:19 INFO STAT  crate=15  sent=2542690 pkt  1787.150 MB  win=6.640 Mbps 1126.3 pkt/s  tot=8.060 Mbps 1367.0 pkt/s  late(win/tot)=67578/2542689  worst_late(win/tot)=136.795/368.619 ms  drop_timing(win/tot)=84014/2158853 pkt  drop_io(win/tot)=0/0 pkt  lost_samples(win/tot)=15122520/388593540  send_errors(win/tot)=0/0
2026-04-22 15:25:19 INFO STAT  crate=15  sent=2612093 pkt  1835.930 MB  win=6.820 Mbps 1156.6 pkt/s  tot=8.021 Mbps 1360.5 pkt/s  late(win/tot)=69403/2612092  worst_late(win/tot)=143.800/368.619 ms  drop_timing(win/tot)=82312/2241165 pkt  drop_io(win/tot)=0/0 pkt  lost_samples(win/tot)=14816160/403409700  send_errors(win/tot)=0/0
2026-04-22 15:26:19 INFO STAT  crate=15  sent=2680177 pkt  1883.784 MB  win=6.691 Mbps 1134.8 pkt/s  tot=7.981 Mbps 1353.6 pkt/s  late(win/tot)=68084/2680176  worst_late(win/tot)=151.012/368.619 ms  drop_timing(win/tot)=83535/2324700 pkt  drop_io(win/tot)=0/0 pkt  lost_samples(win/tot)=15036300/418446000  send_errors(win/tot)=0/0
2026-04-22 15:27:05 INFO STAT  crate=15  sent=2730000 pkt  1918.802 MB  win=6.416 Mbps 1088.2 pkt/s  tot=7.946 Mbps 1347.6 pkt/s  late(win/tot)=49823/2729999  worst_late(win/tot)=145.474/368.619 ms  drop_timing(win/tot)=65089/2389789 pkt  drop_io(win/tot)=0/0 pkt  lost_samples(win/tot)=11716020/430162020  send_errors(win/tot)=0/0
2026-04-22 15:27:05 INFO Terminato
