2026-04-22 17:47:15 INFO Start crate=21 dst=131.154.99.225:6666
2026-04-22 17:47:15 INFO Streams=91  board=7  analog/board=12  digital_streams/board=1
2026-04-22 17:47:15 INFO Sample rate=5000 Hz  samples/pkt=180  pps/stream=27.777778  total_pps=2527.778
2026-04-22 17:47:15 INFO Packet len=737 B  expected throughput=14.904 Mbps
2026-04-22 17:47:15 INFO Analog FS=+/-10.000 V  noise_rms=0.010000 V  digital_flip_prob=0.002000
2026-04-22 17:48:15 INFO STAT  crate=21  sent=110616 pkt  77.747 MB  win=10.870 Mbps 1843.6 pkt/s  tot=10.870 Mbps 1843.6 pkt/s  late(win/tot)=110616/110616  worst_late(win/tot)=111.079/111.079 ms  drop_timing(win/tot)=41051/41051 pkt  drop_io(win/tot)=0/0 pkt  lost_samples(win/tot)=7389180/7389180  send_errors(win/tot)=0/0
2026-04-22 17:49:15 INFO STAT  crate=21  sent=221982 pkt  156.022 MB  win=10.943 Mbps 1856.0 pkt/s  tot=10.906 Mbps 1849.8 pkt/s  late(win/tot)=111366/221982  worst_late(win/tot)=106.789/111.079 ms  drop_timing(win/tot)=40218/81269 pkt  drop_io(win/tot)=0/0 pkt  lost_samples(win/tot)=7239240/14628420  send_errors(win/tot)=0/0
2026-04-22 17:50:15 INFO STAT  crate=21  sent=329292 pkt  231.446 MB  win=10.545 Mbps 1788.6 pkt/s  tot=10.786 Mbps 1829.4 pkt/s  late(win/tot)=107310/329292  worst_late(win/tot)=103.926/111.079 ms  drop_timing(win/tot)=44335/125604 pkt  drop_io(win/tot)=0/0 pkt  lost_samples(win/tot)=7980300/22608720  send_errors(win/tot)=0/0
2026-04-22 17:51:15 INFO STAT  crate=21  sent=414136 pkt  291.079 MB  win=8.337 Mbps 1414.1 pkt/s  tot=10.174 Mbps 1725.6 pkt/s  late(win/tot)=84844/414136  worst_late(win/tot)=130.355/130.355 ms  drop_timing(win/tot)=66844/192448 pkt  drop_io(win/tot)=0/0 pkt  lost_samples(win/tot)=12031920/34640640  send_errors(win/tot)=0/0
2026-04-22 17:52:15 INFO STAT  crate=21  sent=498072 pkt  350.074 MB  win=8.248 Mbps 1398.9 pkt/s  tot=9.789 Mbps 1660.2 pkt/s  late(win/tot)=83936/498072  worst_late(win/tot)=131.550/131.550 ms  drop_timing(win/tot)=67723/260171 pkt  drop_io(win/tot)=0/0 pkt  lost_samples(win/tot)=12190140/46830780  send_errors(win/tot)=0/0
2026-04-22 17:53:15 INFO STAT  crate=21  sent=581313 pkt  408.580 MB  win=8.180 Mbps 1387.4 pkt/s  tot=9.521 Mbps 1614.7 pkt/s  late(win/tot)=83241/581313  worst_late(win/tot)=124.703/131.550 ms  drop_timing(win/tot)=68413/328584 pkt  drop_io(win/tot)=0/0 pkt  lost_samples(win/tot)=12314340/59145120  send_errors(win/tot)=0/0
2026-04-22 17:54:15 INFO STAT  crate=21  sent=664201 pkt  466.839 MB  win=8.145 Mbps 1381.5 pkt/s  tot=9.324 Mbps 1581.4 pkt/s  late(win/tot)=82888/664201  worst_late(win/tot)=135.533/135.533 ms  drop_timing(win/tot)=68802/397386 pkt  drop_io(win/tot)=0/0 pkt  lost_samples(win/tot)=12384360/71529480  send_errors(win/tot)=0/0
2026-04-22 17:55:15 INFO STAT  crate=21  sent=748251 pkt  525.914 MB  win=8.259 Mbps 1400.7 pkt/s  tot=9.191 Mbps 1558.8 pkt/s  late(win/tot)=84050/748251  worst_late(win/tot)=124.522/135.533 ms  drop_timing(win/tot)=67610/464996 pkt  drop_io(win/tot)=0/0 pkt  lost_samples(win/tot)=12169800/83699280  send_errors(win/tot)=0/0
2026-04-22 17:56:15 INFO STAT  crate=21  sent=831004 pkt  584.078 MB  win=8.132 Mbps 1379.3 pkt/s  tot=9.073 Mbps 1538.9 pkt/s  late(win/tot)=82753/831004  worst_late(win/tot)=129.878/135.533 ms  drop_timing(win/tot)=68920/533916 pkt  drop_io(win/tot)=0/0 pkt  lost_samples(win/tot)=12405600/96104880  send_errors(win/tot)=0/0
2026-04-22 17:57:15 INFO STAT  crate=21  sent=913940 pkt  642.370 MB  win=8.150 Mbps 1382.3 pkt/s  tot=8.981 Mbps 1523.2 pkt/s  late(win/tot)=82936/913940  worst_late(win/tot)=118.008/135.533 ms  drop_timing(win/tot)=68728/602644 pkt  drop_io(win/tot)=0/0 pkt  lost_samples(win/tot)=12371040/108475920  send_errors(win/tot)=0/0
2026-04-22 17:58:15 INFO STAT  crate=21  sent=999386 pkt  702.426 MB  win=8.396 Mbps 1424.1 pkt/s  tot=8.928 Mbps 1514.2 pkt/s  late(win/tot)=85446/999386  worst_late(win/tot)=119.904/135.533 ms  drop_timing(win/tot)=66214/668858 pkt  drop_io(win/tot)=0/0 pkt  lost_samples(win/tot)=11918520/120394440  send_errors(win/tot)=0/0
2026-04-22 17:59:15 INFO STAT  crate=21  sent=1082269 pkt  760.681 MB  win=8.145 Mbps 1381.4 pkt/s  tot=8.863 Mbps 1503.2 pkt/s  late(win/tot)=82883/1082269  worst_late(win/tot)=116.946/135.533 ms  drop_timing(win/tot)=68798/737656 pkt  drop_io(win/tot)=0/0 pkt  lost_samples(win/tot)=12383640/132778080  send_errors(win/tot)=0/0
2026-04-22 18:00:15 INFO STAT  crate=21  sent=1183245 pkt  831.653 MB  win=9.923 Mbps 1682.9 pkt/s  tot=8.944 Mbps 1517.0 pkt/s  late(win/tot)=100976/1183245  worst_late(win/tot)=112.541/135.533 ms  drop_timing(win/tot)=50688/788344 pkt  drop_io(win/tot)=0/0 pkt  lost_samples(win/tot)=9123840/141901920  send_errors(win/tot)=0/0
2026-04-22 18:01:15 INFO STAT  crate=21  sent=1295459 pkt  910.524 MB  win=11.026 Mbps 1870.1 pkt/s  tot=9.093 Mbps 1542.2 pkt/s  late(win/tot)=112214/1295459  worst_late(win/tot)=94.432/135.533 ms  drop_timing(win/tot)=39470/827814 pkt  drop_io(win/tot)=0/0 pkt  lost_samples(win/tot)=7104600/149006520  send_errors(win/tot)=0/0
2026-04-22 18:02:15 INFO STAT  crate=21  sent=1404645 pkt  987.266 MB  win=10.729 Mbps 1819.7 pkt/s  tot=9.202 Mbps 1560.7 pkt/s  late(win/tot)=109186/1404645  worst_late(win/tot)=97.357/135.533 ms  drop_timing(win/tot)=42455/870269 pkt  drop_io(win/tot)=0/0 pkt  lost_samples(win/tot)=7641900/156648420  send_errors(win/tot)=0/0
2026-04-22 18:03:15 INFO STAT  crate=21  sent=1512723 pkt  1063.229 MB  win=10.620 Mbps 1801.3 pkt/s  tot=9.291 Mbps 1575.7 pkt/s  late(win/tot)=108078/1512723  worst_late(win/tot)=106.648/135.533 ms  drop_timing(win/tot)=43644/913913 pkt  drop_io(win/tot)=0/0 pkt  lost_samples(win/tot)=7855920/164504340  send_errors(win/tot)=0/0
2026-04-22 18:04:15 INFO STAT  crate=21  sent=1618656 pkt  1137.685 MB  win=10.410 Mbps 1765.7 pkt/s  tot=9.356 Mbps 1586.9 pkt/s  late(win/tot)=105933/1618656  worst_late(win/tot)=102.350/135.533 ms  drop_timing(win/tot)=45678/959591 pkt  drop_io(win/tot)=0/0 pkt  lost_samples(win/tot)=8222040/172726380  send_errors(win/tot)=0/0
2026-04-22 18:05:15 INFO STAT  crate=21  sent=1728025 pkt  1214.556 MB  win=10.747 Mbps 1822.7 pkt/s  tot=9.434 Mbps 1600.0 pkt/s  late(win/tot)=109369/1728025  worst_late(win/tot)=92.334/135.533 ms  drop_timing(win/tot)=42313/1001904 pkt  drop_io(win/tot)=0/0 pkt  lost_samples(win/tot)=7616340/180342720  send_errors(win/tot)=0/0
2026-04-22 18:06:15 INFO STAT  crate=21  sent=1839346 pkt  1292.799 MB  win=10.940 Mbps 1855.4 pkt/s  tot=9.513 Mbps 1613.5 pkt/s  late(win/tot)=111321/1839346  worst_late(win/tot)=99.110/135.533 ms  drop_timing(win/tot)=40332/1042236 pkt  drop_io(win/tot)=0/0 pkt  lost_samples(win/tot)=7259760/187602480  send_errors(win/tot)=0/0
2026-04-22 18:07:15 INFO STAT  crate=21  sent=1949163 pkt  1369.985 MB  win=10.791 Mbps 1830.3 pkt/s  tot=9.577 Mbps 1624.3 pkt/s  late(win/tot)=109817/1949163  worst_late(win/tot)=101.574/135.533 ms  drop_timing(win/tot)=41847/1084083 pkt  drop_io(win/tot)=0/0 pkt  lost_samples(win/tot)=7532460/195134940  send_errors(win/tot)=0/0
2026-04-22 18:08:15 INFO STAT  crate=21  sent=2055059 pkt  1444.415 MB  win=10.406 Mbps 1764.9 pkt/s  tot=9.616 Mbps 1631.0 pkt/s  late(win/tot)=105896/2055059  worst_late(win/tot)=94.284/135.533 ms  drop_timing(win/tot)=45782/1129865 pkt  drop_io(win/tot)=0/0 pkt  lost_samples(win/tot)=8240760/203375700  send_errors(win/tot)=0/0
2026-04-22 18:09:15 INFO STAT  crate=21  sent=2166798 pkt  1522.951 MB  win=10.980 Mbps 1862.4 pkt/s  tot=9.678 Mbps 1641.5 pkt/s  late(win/tot)=111739/2166798  worst_late(win/tot)=111.261/135.533 ms  drop_timing(win/tot)=39912/1169777 pkt  drop_io(win/tot)=0/0 pkt  lost_samples(win/tot)=7184160/210559860  send_errors(win/tot)=0/0
2026-04-22 18:10:15 INFO STAT  crate=21  sent=2290264 pkt  1609.730 MB  win=12.133 Mbps 2057.8 pkt/s  tot=9.785 Mbps 1659.6 pkt/s  late(win/tot)=123466/2290264  worst_late(win/tot)=88.920/135.533 ms  drop_timing(win/tot)=28293/1198070 pkt  drop_io(win/tot)=0/0 pkt  lost_samples(win/tot)=5092740/215652600  send_errors(win/tot)=0/0
2026-04-22 18:11:15 INFO STAT  crate=21  sent=2441618 pkt  1716.111 MB  win=14.873 Mbps 2522.6 pkt/s  tot=9.997 Mbps 1695.6 pkt/s  late(win/tot)=151354/2441618  worst_late(win/tot)=46.024/135.533 ms  drop_timing(win/tot)=312/1198382 pkt  drop_io(win/tot)=0/0 pkt  lost_samples(win/tot)=56160/215708760  send_errors(win/tot)=0/0
2026-04-22 18:12:15 INFO STAT  crate=21  sent=2592750 pkt  1822.335 MB  win=14.851 Mbps 2518.9 pkt/s  tot=10.191 Mbps 1728.5 pkt/s  late(win/tot)=151132/2592750  worst_late(win/tot)=51.798/135.533 ms  drop_timing(win/tot)=535/1198917 pkt  drop_io(win/tot)=0/0 pkt  lost_samples(win/tot)=96300/215805060  send_errors(win/tot)=0/0
2026-04-22 18:13:10 INFO STAT  crate=21  sent=2730000 pkt  1918.802 MB  win=14.731 Mbps 2498.4 pkt/s  tot=10.352 Mbps 1755.7 pkt/s  late(win/tot)=137250/2730000  worst_late(win/tot)=51.750/135.533 ms  drop_timing(win/tot)=509/1199426 pkt  drop_io(win/tot)=0/0 pkt  lost_samples(win/tot)=91620/215896680  send_errors(win/tot)=0/0
2026-04-22 18:13:10 INFO Terminato
