2026-04-22 17:39:05 INFO Start crate=5 dst=131.154.99.225:6666
2026-04-22 17:39:05 INFO Streams=91  board=7  analog/board=12  digital_streams/board=1
2026-04-22 17:39:05 INFO Sample rate=5000 Hz  samples/pkt=180  pps/stream=27.777778  total_pps=2527.778
2026-04-22 17:39:05 INFO Packet len=737 B  expected throughput=14.904 Mbps
2026-04-22 17:39:05 INFO Analog FS=+/-10.000 V  noise_rms=0.010000 V  digital_flip_prob=0.002000
2026-04-22 17:40:04 INFO STAT  crate=5  sent=124873 pkt  87.768 MB  win=12.271 Mbps 2081.2 pkt/s  tot=12.271 Mbps 2081.2 pkt/s  late(win/tot)=124873/124873  worst_late(win/tot)=95.307/95.307 ms  drop_timing(win/tot)=26754/26754 pkt  drop_io(win/tot)=0/0 pkt  lost_samples(win/tot)=4815720/4815720  send_errors(win/tot)=0/0
2026-04-22 17:41:04 INFO STAT  crate=5  sent=211516 pkt  148.666 MB  win=8.514 Mbps 1444.0 pkt/s  tot=10.392 Mbps 1762.6 pkt/s  late(win/tot)=86643/211516  worst_late(win/tot)=109.563/109.563 ms  drop_timing(win/tot)=64974/91728 pkt  drop_io(win/tot)=0/0 pkt  lost_samples(win/tot)=11695320/16511040  send_errors(win/tot)=0/0
2026-04-22 17:42:04 INFO STAT  crate=5  sent=298381 pkt  209.719 MB  win=8.536 Mbps 1447.7 pkt/s  tot=9.774 Mbps 1657.7 pkt/s  late(win/tot)=86865/298381  worst_late(win/tot)=113.740/113.740 ms  drop_timing(win/tot)=64779/156507 pkt  drop_io(win/tot)=0/0 pkt  lost_samples(win/tot)=11660220/28171260  send_errors(win/tot)=0/0
2026-04-22 17:43:04 INFO STAT  crate=5  sent=372947 pkt  262.129 MB  win=7.327 Mbps 1242.8 pkt/s  tot=9.162 Mbps 1553.9 pkt/s  late(win/tot)=74566/372947  worst_late(win/tot)=110.842/113.740 ms  drop_timing(win/tot)=77104/233611 pkt  drop_io(win/tot)=0/0 pkt  lost_samples(win/tot)=13878720/42049980  send_errors(win/tot)=0/0
2026-04-22 17:44:04 INFO STAT  crate=5  sent=467700 pkt  328.727 MB  win=9.311 Mbps 1579.2 pkt/s  tot=9.192 Mbps 1559.0 pkt/s  late(win/tot)=94753/467700  worst_late(win/tot)=109.372/113.740 ms  drop_timing(win/tot)=56952/290563 pkt  drop_io(win/tot)=0/0 pkt  lost_samples(win/tot)=10251360/52301340  send_errors(win/tot)=0/0
2026-04-22 17:45:05 INFO STAT  crate=5  sent=550467 pkt  386.900 MB  win=8.133 Mbps 1379.4 pkt/s  tot=9.015 Mbps 1529.1 pkt/s  late(win/tot)=82767/550467  worst_late(win/tot)=117.126/117.126 ms  drop_timing(win/tot)=68865/359428 pkt  drop_io(win/tot)=0/0 pkt  lost_samples(win/tot)=12395700/64697040  send_errors(win/tot)=0/0
2026-04-22 17:46:05 INFO STAT  crate=5  sent=632049 pkt  444.241 MB  win=8.017 Mbps 1359.8 pkt/s  tot=8.873 Mbps 1504.9 pkt/s  late(win/tot)=81582/632049  worst_late(win/tot)=115.154/117.126 ms  drop_timing(win/tot)=70092/429520 pkt  drop_io(win/tot)=0/0 pkt  lost_samples(win/tot)=12616560/77313600  send_errors(win/tot)=0/0
2026-04-22 17:47:04 INFO STAT  crate=5  sent=711542 pkt  500.113 MB  win=7.812 Mbps 1324.9 pkt/s  tot=8.740 Mbps 1482.4 pkt/s  late(win/tot)=79493/711542  worst_late(win/tot)=113.850/117.126 ms  drop_timing(win/tot)=72254/501774 pkt  drop_io(win/tot)=0/0 pkt  lost_samples(win/tot)=13005720/90319320  send_errors(win/tot)=0/0
2026-04-22 17:48:04 INFO STAT  crate=5  sent=797070 pkt  560.227 MB  win=8.405 Mbps 1425.5 pkt/s  tot=8.703 Mbps 1476.1 pkt/s  late(win/tot)=85528/797070  worst_late(win/tot)=106.438/117.126 ms  drop_timing(win/tot)=66031/567805 pkt  drop_io(win/tot)=0/0 pkt  lost_samples(win/tot)=11885580/102204900  send_errors(win/tot)=0/0
2026-04-22 17:49:05 INFO STAT  crate=5  sent=873023 pkt  613.611 MB  win=7.463 Mbps 1265.8 pkt/s  tot=8.579 Mbps 1455.0 pkt/s  late(win/tot)=75953/873023  worst_late(win/tot)=118.251/118.251 ms  drop_timing(win/tot)=75705/643510 pkt  drop_io(win/tot)=0/0 pkt  lost_samples(win/tot)=13626900/115831800  send_errors(win/tot)=0/0
2026-04-22 17:50:05 INFO STAT  crate=5  sent=958576 pkt  673.743 MB  win=8.407 Mbps 1425.9 pkt/s  tot=8.563 Mbps 1452.4 pkt/s  late(win/tot)=85553/958576  worst_late(win/tot)=110.805/118.251 ms  drop_timing(win/tot)=66155/709665 pkt  drop_io(win/tot)=0/0 pkt  lost_samples(win/tot)=11907900/127739700  send_errors(win/tot)=0/0
2026-04-22 17:51:04 INFO STAT  crate=5  sent=1046936 pkt  735.847 MB  win=8.683 Mbps 1472.8 pkt/s  tot=8.573 Mbps 1454.1 pkt/s  late(win/tot)=88360/1046936  worst_late(win/tot)=112.445/118.251 ms  drop_timing(win/tot)=63284/772949 pkt  drop_io(win/tot)=0/0 pkt  lost_samples(win/tot)=11391120/139130820  send_errors(win/tot)=0/0
2026-04-22 17:52:04 INFO STAT  crate=5  sent=1124554 pkt  790.402 MB  win=7.627 Mbps 1293.6 pkt/s  tot=8.500 Mbps 1441.7 pkt/s  late(win/tot)=77618/1124554  worst_late(win/tot)=110.007/118.251 ms  drop_timing(win/tot)=74079/847028 pkt  drop_io(win/tot)=0/0 pkt  lost_samples(win/tot)=13334220/152465040  send_errors(win/tot)=0/0
2026-04-22 17:53:05 INFO STAT  crate=5  sent=1202938 pkt  845.495 MB  win=7.702 Mbps 1306.3 pkt/s  tot=8.443 Mbps 1432.1 pkt/s  late(win/tot)=78384/1202938  worst_late(win/tot)=110.483/118.251 ms  drop_timing(win/tot)=73252/920280 pkt  drop_io(win/tot)=0/0 pkt  lost_samples(win/tot)=13185360/165650400  send_errors(win/tot)=0/0
2026-04-22 17:54:04 INFO STAT  crate=5  sent=1280724 pkt  900.167 MB  win=7.644 Mbps 1296.5 pkt/s  tot=8.390 Mbps 1423.0 pkt/s  late(win/tot)=77786/1280724  worst_late(win/tot)=119.917/119.917 ms  drop_timing(win/tot)=73895/994175 pkt  drop_io(win/tot)=0/0 pkt  lost_samples(win/tot)=13301100/178951500  send_errors(win/tot)=0/0
2026-04-22 17:55:04 INFO STAT  crate=5  sent=1365103 pkt  959.474 MB  win=8.292 Mbps 1406.3 pkt/s  tot=8.384 Mbps 1422.0 pkt/s  late(win/tot)=84379/1365103  worst_late(win/tot)=113.092/119.917 ms  drop_timing(win/tot)=67293/1061468 pkt  drop_io(win/tot)=0/0 pkt  lost_samples(win/tot)=12112740/191064240  send_errors(win/tot)=0/0
2026-04-22 17:56:04 INFO STAT  crate=5  sent=1449090 pkt  1018.504 MB  win=8.253 Mbps 1399.8 pkt/s  tot=8.376 Mbps 1420.7 pkt/s  late(win/tot)=83987/1449090  worst_late(win/tot)=113.462/119.917 ms  drop_timing(win/tot)=67652/1129120 pkt  drop_io(win/tot)=0/0 pkt  lost_samples(win/tot)=12177360/203241600  send_errors(win/tot)=0/0
2026-04-22 17:57:04 INFO STAT  crate=5  sent=1532280 pkt  1076.975 MB  win=8.175 Mbps 1386.5 pkt/s  tot=8.365 Mbps 1418.8 pkt/s  late(win/tot)=83190/1532280  worst_late(win/tot)=116.279/119.917 ms  drop_timing(win/tot)=68531/1197651 pkt  drop_io(win/tot)=0/0 pkt  lost_samples(win/tot)=12335580/215577180  send_errors(win/tot)=0/0
2026-04-22 17:58:04 INFO STAT  crate=5  sent=1611874 pkt  1132.918 MB  win=7.821 Mbps 1326.6 pkt/s  tot=8.336 Mbps 1413.9 pkt/s  late(win/tot)=79594/1611874  worst_late(win/tot)=115.684/119.917 ms  drop_timing(win/tot)=72038/1269689 pkt  drop_io(win/tot)=0/0 pkt  lost_samples(win/tot)=12966840/228544020  send_errors(win/tot)=0/0
2026-04-22 17:59:05 INFO STAT  crate=5  sent=1696363 pkt  1192.302 MB  win=8.302 Mbps 1408.1 pkt/s  tot=8.335 Mbps 1413.6 pkt/s  late(win/tot)=84489/1696363  worst_late(win/tot)=106.726/119.917 ms  drop_timing(win/tot)=67169/1336858 pkt  drop_io(win/tot)=0/0 pkt  lost_samples(win/tot)=12090420/240634440  send_errors(win/tot)=0/0
2026-04-22 18:00:05 INFO STAT  crate=5  sent=1774644 pkt  1247.323 MB  win=7.692 Mbps 1304.7 pkt/s  tot=8.304 Mbps 1408.4 pkt/s  late(win/tot)=78281/1774644  worst_late(win/tot)=115.668/119.917 ms  drop_timing(win/tot)=73399/1410257 pkt  drop_io(win/tot)=0/0 pkt  lost_samples(win/tot)=13211820/253846260  send_errors(win/tot)=0/0
2026-04-22 18:01:04 INFO STAT  crate=5  sent=1862144 pkt  1308.823 MB  win=8.599 Mbps 1458.4 pkt/s  tot=8.318 Mbps 1410.7 pkt/s  late(win/tot)=87500/1862144  worst_late(win/tot)=110.998/119.917 ms  drop_timing(win/tot)=64216/1474473 pkt  drop_io(win/tot)=0/0 pkt  lost_samples(win/tot)=11558880/265405140  send_errors(win/tot)=0/0
2026-04-22 18:02:05 INFO STAT  crate=5  sent=1942943 pkt  1365.613 MB  win=7.939 Mbps 1346.6 pkt/s  tot=8.301 Mbps 1407.9 pkt/s  late(win/tot)=80799/1942943  worst_late(win/tot)=113.251/119.917 ms  drop_timing(win/tot)=70830/1545303 pkt  drop_io(win/tot)=0/0 pkt  lost_samples(win/tot)=12749400/278154540  send_errors(win/tot)=0/0
2026-04-22 18:03:05 INFO STAT  crate=5  sent=2026086 pkt  1424.051 MB  win=8.170 Mbps 1385.7 pkt/s  tot=8.296 Mbps 1407.0 pkt/s  late(win/tot)=83143/2026086  worst_late(win/tot)=150.230/150.230 ms  drop_timing(win/tot)=68516/1613819 pkt  drop_io(win/tot)=0/0 pkt  lost_samples(win/tot)=12332880/290487420  send_errors(win/tot)=0/0
2026-04-22 18:04:04 INFO STAT  crate=5  sent=2115068 pkt  1486.592 MB  win=8.745 Mbps 1483.1 pkt/s  tot=8.314 Mbps 1410.0 pkt/s  late(win/tot)=88982/2115068  worst_late(win/tot)=117.472/150.230 ms  drop_timing(win/tot)=62679/1676498 pkt  drop_io(win/tot)=0/0 pkt  lost_samples(win/tot)=11282220/301769640  send_errors(win/tot)=0/0
2026-04-22 18:05:05 INFO STAT  crate=5  sent=2201055 pkt  1547.029 MB  win=8.449 Mbps 1433.1 pkt/s  tot=8.319 Mbps 1410.9 pkt/s  late(win/tot)=85987/2201055  worst_late(win/tot)=120.763/150.230 ms  drop_timing(win/tot)=65667/1742165 pkt  drop_io(win/tot)=0/0 pkt  lost_samples(win/tot)=11820060/313589700  send_errors(win/tot)=0/0
2026-04-22 18:06:05 INFO STAT  crate=5  sent=2283911 pkt  1605.265 MB  win=8.142 Mbps 1380.9 pkt/s  tot=8.312 Mbps 1409.8 pkt/s  late(win/tot)=82856/2283911  worst_late(win/tot)=127.034/150.230 ms  drop_timing(win/tot)=68844/1811009 pkt  drop_io(win/tot)=0/0 pkt  lost_samples(win/tot)=12391920/325981620  send_errors(win/tot)=0/0
2026-04-22 18:07:04 INFO STAT  crate=5  sent=2361673 pkt  1659.921 MB  win=7.642 Mbps 1296.1 pkt/s  tot=8.288 Mbps 1405.8 pkt/s  late(win/tot)=77762/2361673  worst_late(win/tot)=119.366/150.230 ms  drop_timing(win/tot)=73952/1884961 pkt  drop_io(win/tot)=0/0 pkt  lost_samples(win/tot)=13311360/339292980  send_errors(win/tot)=0/0
2026-04-22 18:08:05 INFO STAT  crate=5  sent=2450027 pkt  1722.021 MB  win=8.682 Mbps 1472.5 pkt/s  tot=8.302 Mbps 1408.1 pkt/s  late(win/tot)=88354/2450027  worst_late(win/tot)=111.380/150.230 ms  drop_timing(win/tot)=63258/1948219 pkt  drop_io(win/tot)=0/0 pkt  lost_samples(win/tot)=11386440/350679420  send_errors(win/tot)=0/0
2026-04-22 18:09:05 INFO STAT  crate=5  sent=2531605 pkt  1779.359 MB  win=8.016 Mbps 1359.6 pkt/s  tot=8.292 Mbps 1406.4 pkt/s  late(win/tot)=81578/2531605  worst_late(win/tot)=120.334/150.230 ms  drop_timing(win/tot)=70077/2018296 pkt  drop_io(win/tot)=0/0 pkt  lost_samples(win/tot)=12613860/363293280  send_errors(win/tot)=0/0
2026-04-22 18:10:04 INFO STAT  crate=5  sent=2644318 pkt  1858.580 MB  win=11.077 Mbps 1878.7 pkt/s  tot=8.382 Mbps 1421.7 pkt/s  late(win/tot)=112713/2644318  worst_late(win/tot)=114.717/150.230 ms  drop_timing(win/tot)=39032/2057328 pkt  drop_io(win/tot)=0/0 pkt  lost_samples(win/tot)=7025760/370319040  send_errors(win/tot)=0/0
2026-04-22 18:10:45 INFO STAT  crate=5  sent=2730000 pkt  1918.802 MB  win=12.401 Mbps 2103.2 pkt/s  tot=8.468 Mbps 1436.3 pkt/s  late(win/tot)=85682/2730000  worst_late(win/tot)=76.846/150.230 ms  drop_timing(win/tot)=17290/2074618 pkt  drop_io(win/tot)=0/0 pkt  lost_samples(win/tot)=3112200/373431240  send_errors(win/tot)=0/0
2026-04-22 18:10:45 INFO Terminato
